Finished 1000 requests.

Sorted time elapsed:
 32.508 32.694 32.816 32.876 32.97 33.062 33.077 33.123 33.129 33.129 33.214 33.276 33.283 33.328 33.341 33.343 33.354 33.392 33.392 33.397 33.444 33.446 33.466 33.489 33.494 33.504 33.516 33.52 33.532 33.547 33.552 33.612 33.634 33.64 33.662 33.67 33.712 33.715 33.723 33.736 33.741 33.756 33.781 33.791 33.803 33.841 33.875 33.907 33.923 33.927 33.931 33.973 33.973 33.977 33.979 33.985 33.987 34.017 34.091 34.095 34.096 34.097 34.103 34.12 34.124 34.129 34.135 34.137 34.137 34.145 34.149 34.151 34.161 34.161 34.165 34.17 34.171 34.179 34.186 34.19 34.197 34.204 34.206 34.216 34.217 34.221 34.227 34.238 34.246 34.3 34.315 34.346 34.356 34.366 34.382 34.39 34.396 34.4 34.416 34.432 34.434 34.436 34.438 34.444 34.458 34.492 34.494 34.498 34.5 34.502 34.505 34.506 34.509 34.512 34.517 34.533 34.534 34.542 34.542 34.544 34.552 34.56 34.566 34.574 34.576 34.588 34.596 34.598 34.607 34.608 34.62 34.621 34.622 34.623 34.632 34.634 34.638 34.638 34.639 34.658 34.66 34.676 34.683 34.687 34.692 34.696 34.705 34.709 34.721 34.722 34.759 34.759 34.768 34.769 34.779 34.787 34.791 34.795 34.805 34.807 34.825 34.833 34.847 34.849 34.851 34.853 34.857 34.891 34.893 34.895 34.896 34.919 34.919 34.926 34.931 34.933 34.933 34.935 34.94 34.948 34.949 34.955 34.969 34.984 34.994 34.997 35.009 35.011 35.018 35.023 35.028 35.037 35.054 35.055 35.059 35.063 35.066 35.071 35.074 35.081 35.082 35.095 35.101 35.104 35.105 35.116 35.122 35.123 35.124 35.128 35.13 35.134 35.136 35.148 35.156 35.158 35.166 35.18 35.18 35.182 35.184 35.188 35.192 35.196 35.2 35.21 35.214 35.22 35.222 35.222 35.224 35.236 35.238 35.238 35.239 35.247 35.248 35.25 35.26 35.266 35.266 35.266 35.274 35.282 35.282 35.284 35.298 35.304 35.306 35.308 35.31 35.312 35.325 35.326 35.336 35.338 35.342 35.346 35.348 35.348 35.352 35.352 35.356 35.36 35.362 35.364 35.365 35.378 35.378 35.383 35.39 35.396 35.397 35.418 35.42 35.424 35.426 35.428 35.434 35.435 35.436 35.443 35.46 35.461 35.469 35.478 35.498 35.499 35.509 35.517 35.532 35.533 35.537 35.54 35.549 35.559 35.559 35.566 35.571 35.583 35.583 35.585 35.591 35.595 35.597 35.598 35.6 35.606 35.611 35.613 35.622 35.624 35.625 35.625 35.627 35.667 35.675 35.676 35.683 35.693 35.693 35.695 35.705 35.719 35.719 35.719 35.725 35.727 35.731 35.733 35.739 35.745 35.747 35.749 35.753 35.755 35.757 35.777 35.777 35.784 35.8 35.8 35.801 35.805 35.815 35.816 35.824 35.825 35.827 35.831 35.831 35.835 35.849 35.851 35.853 35.855 35.857 35.864 35.868 35.879 35.892 35.899 35.906 35.907 35.912 35.916 35.919 35.919 35.921 35.937 35.938 35.941 35.944 35.948 35.957 35.96 35.961 35.966 35.976 35.977 35.98 35.988 35.988 35.99 35.996 35.997 36.008 36.01 36.014 36.015 36.019 36.02 36.026 36.028 36.04 36.048 36.048 36.05 36.052 36.057 36.057 36.065 36.072 36.078 36.08 36.082 36.083 36.086 36.09 36.091 36.092 36.095 36.1 36.106 36.109 36.11 36.12 36.134 36.146 36.152 36.16 36.174 36.182 36.182 36.19 36.202 36.202 36.202 36.206 36.208 36.208 36.209 36.213 36.228 36.228 36.232 36.238 36.246 36.25 36.257 36.26 36.264 36.266 36.267 36.272 36.284 36.292 36.294 36.296 36.302 36.316 36.318 36.324 36.331 36.333 36.337 36.347 36.348 36.35 36.35 36.353 36.359 36.367 36.371 36.372 36.373 36.377 36.382 36.385 36.386 36.389 36.405 36.435 36.447 36.451 36.454 36.455 36.462 36.466 36.467 36.471 36.473 36.475 36.491 36.495 36.509 36.511 36.513 36.513 36.515 36.515 36.52 36.529 36.531 36.533 36.537 36.539 36.541 36.547 36.556 36.557 36.559 36.559 36.559 36.561 36.563 36.567 36.567 36.571 36.581 36.585 36.585 36.595 36.597 36.599 36.603 36.603 36.603 36.603 36.605 36.615 36.621 36.633 36.641 36.645 36.647 36.659 36.66 36.663 36.682 36.689 36.699 36.699 36.702 36.709 36.713 36.718 36.719 36.731 36.732 36.733 36.733 36.737 36.743 36.75 36.759 36.771 36.78 36.781 36.784 36.785 36.792 36.794 36.809 36.82 36.84 36.844 36.844 36.851 36.857 36.865 36.866 36.87 36.872 36.877 36.882 36.883 36.883 36.896 36.909 36.923 36.926 36.93 36.934 36.937 36.963 37.014 37.026 37.036 37.042 37.044 37.046 37.048 37.048 37.052 37.062 37.064 37.082 37.086 37.096 37.101 37.116 37.116 37.12 37.126 37.146 37.146 37.153 37.157 37.184 37.189 37.208 37.211 37.212 37.213 37.213 37.217 37.224 37.232 37.237 37.243 37.246 37.253 37.261 37.265 37.277 37.306 37.308 37.315 37.319 37.333 37.333 37.339 37.355 37.355 37.358 37.363 37.365 37.371 37.371 37.383 37.385 37.401 37.405 37.413 37.461 37.463 37.487 37.493 37.519 37.526 37.531 37.536 37.54 37.544 37.55 37.551 37.556 37.568 37.576 37.583 37.583 37.585 37.589 37.59 37.594 37.595 37.599 37.6 37.623 37.645 37.664 37.672 37.675 37.677 37.681 37.681 37.684 37.686 37.686 37.698 37.699 37.699 37.718 37.722 37.727 37.74 37.744 37.746 37.749 37.761 37.772 37.776 37.776 37.792 37.824 37.826 37.842 37.844 37.856 37.856 37.86 37.864 37.867 37.87 37.872 37.874 37.876 37.9 37.902 37.922 37.934 37.94 37.94 37.948 37.948 37.962 37.964 37.97 37.999 38 38.002 38.01 38.012 38.018 38.021 38.027 38.035 38.036 38.07 38.097 38.1 38.108 38.127 38.132 38.137 38.137 38.14 38.147 38.153 38.167 38.207 38.211 38.22 38.229 38.233 38.253 38.262 38.283 38.289 38.303 38.325 38.329 38.335 38.345 38.351 38.367 38.381 38.381 38.382 38.385 38.387 38.418 38.428 38.431 38.434 38.474 38.475 38.483 38.5 38.5 38.505 38.556 38.565 38.574 38.582 38.583 38.642 38.661 38.668 38.716 38.724 38.734 38.822 38.823 38.838 38.937 38.953 39.065 39.077 39.115 39.119 39.163 39.197 39.212 39.229 39.319 39.371 39.45 39.554 39.662 39.673 39.903 39.911 39.973 39.977 40.074 40.336 40.504 40.528 40.676 41.165 41.462 41.523 41.547 41.746 42.083 42.098 42.158 42.19 42.27 42.336 42.527 42.643 42.715 42.911 43.151 43.234 43.301 43.401 43.401 43.407 43.453 43.481 43.492 43.64 43.967 44.089 44.091 44.118 44.16 44.231 44.72 44.756 44.88 45.051 45.167 45.303 45.506 45.55 45.588 45.682 45.722 45.833 45.947 46.037 46.157 46.211 46.327 46.396 46.416 46.53 46.578 46.584 46.646 46.761 46.839 47.045 47.272 47.34 47.647 47.741 47.743 47.767 48.384 48.593 48.778 49.055 49.976 50.142 50.766 52.51 53.718 54.216 54.982 55.932 56.203 56.794 57.586 57.588 58.817 58.925 60.502 61.495 61.664 62.365 62.401 62.453 62.586 62.698 62.866 62.914 63.047 63.335 63.459 63.572 63.704 63.804 63.877 63.936 63.969 64.129 64.229 64.382 64.506 64.63 64.739 64.799 64.839 64.846 64.927 64.935 64.955 65.012 65.015 65.104 65.184 65.236 65.26 65.263 65.288 65.296 65.328 65.352 65.368 65.388 65.42 65.452 65.464 65.508 65.525 65.537 65.544 65.556 65.672 65.721 65.769 65.945 66.13 66.13 66.149 66.162 66.19 66.194 66.206 66.242 66.282 66.311 66.35 66.363 66.487 66.562 66.827 66.831 66.876 66.927 67.06 67.469 67.501 67.501 67.669 67.75 67.858 67.902 67.938 67.962 67.962 68.038 68.68 68.696 68.712 68.8 68.804 68.924 69.109 69.658 69.75 70.7 70.961 71.314 72.18 74.574 74.649 74.737 75.541 75.861 78.262 78.679 79.216 79.348 81.169 82.259 84.28 84.456 84.701 86.894 97.482 103.905 181.302 2975.97

Time elapsed stats:
  sum  43784.4 us
  avg  43.7844 us
  max  2975.97 us
  min  32.508 us

Removing top/bottom-5:
  sum  40175 us
  avg  40.5808 us
  max  84.701 us
  min  33.062 us

Num files at level --
  0: 9
  1: 19
  2: 12
  3: 0
  4: 0
  5: 0
  6: 0

Stats --
                               Compactions
Level  Files Size(MB) Time(sec) Read(MB) Write(MB)
--------------------------------------------------
  0        9       36         0        0         0
  1       19       36         0        0         0
  2       12       24         0        0         0

SSTables --
--- level 0 ---
 92:4124646['user10046604894068544' @ 9635 : 1 .. 'user971136347768642592' @ 9667 : 1]
 89:4205685['user1005640680888162' @ 8874 : 1 .. 'user960084102193685886' @ 8906 : 1]
 85:4204932['user1005972966029934054' @ 8047 : 1 .. 'user994579075160678783' @ 7972 : 1]
 81:4205504['user1006191281247775937' @ 7456 : 1 .. 'user982188593343599298' @ 7368 : 1]
 78:4205619['user1006532926542074502' @ 6714 : 1 .. 'user99137614613375737' @ 6928 : 1]
 83:4205080['user1018363447847013539' @ 7865 : 1 .. 'user993800799430696452' @ 7820 : 1]
 58:4205091['user1019483368871294435' @ 6367 : 1 .. 'user994360759942836900' @ 6491 : 1]
 91:4205756['user1044594160504054184' @ 9234 : 1 .. 'user95229708324090387' @ 9196 : 1]
 87:4205838['user1050400263547602761' @ 8556 : 1 .. 'user935751586290908468' @ 8619 : 1]
--- level 1 ---
 56:2107550['user1006751241759916385' @ 6221 : 1 .. 'user1498736710723774180' @ 4061 : 1]
 59:2107519['user1499296671235914628' @ 2800 : 1 .. 'user1940937226857796243' @ 3609 : 1]
 60:2107462['user1941497187369936691' @ 3402 : 1 .. 'user2429916395338807701' @ 3442 : 1]
 61:2107602['user2430134710556649584' @ 4885 : 1 .. 'user2893101481598462280' @ 4780 : 1]
 62:2107507['user2895889466863466734' @ 3822 : 1 .. 'user3335631825731085122' @ 5111 : 1]
 63:2107680['user3336191786243225570' @ 5762 : 1 .. 'user3810210802859994972' @ 2664 : 1]
 64:2107439['user3810429118077836855' @ 3175 : 1 .. 'user4256537540501144268' @ 6053 : 1]
 65:2107572['user4257097501013284716' @ 5270 : 1 .. 'user4760135215552099217' @ 2697 : 1]
 66:2107491['user4764821397571366898' @ 2517 : 1 .. 'user5211708095724656642' @ 5413 : 1]
 67:2107613['user5212049741018955207' @ 5233 : 1 .. 'user5623208460573458061' @ 4765 : 1]
 68:2107496['user5623768421085598509' @ 6064 : 1 .. 'user6131835534764733457' @ 4229 : 1]
 69:2107420['user6132395495276873905' @ 5110 : 1 .. 'user6533061929768560501' @ 3508 : 1]
 70:2107414['user65420917376365171' @ 3918 : 1 .. 'user7021699452955273394' @ 6015 : 1]
 71:2107611['user7030293541263826425' @ 5829 : 1 .. 'user7488014169774230992' @ 3403 : 1]
 72:1895765['user7488232484992072875' @ 4916 : 1 .. 'user7891251846139834360' @ 4796 : 1]
 73:2107521['user7900965855472668287' @ 4966 : 1 .. 'user8384575551345814934' @ 3899 : 1]
 74:2107482['user8384917196640113499' @ 2579 : 1 .. 'user8794955995170335457' @ 5853 : 1]
 75:2107295['user8795515955682475905' @ 5104 : 1 .. 'user979960568590735292' @ 3463 : 1]
 76:121025['user982748553855739746' @ 5015 : 1 .. 'user997378877721381023' @ 3797 : 1]
--- level 2 ---
 36:2107527['user1000385178204227360' @ 6 : 1 .. 'user1715321609418666813' @ 1633 : 1]
 45:2107432['user1715539924636508696' @ 2150 : 1 .. 'user2419424110275991443' @ 2320 : 1]
 46:2107346['user2422430410758837780' @ 1503 : 1 .. 'user3111914405046218919' @ 615 : 1]
 47:2107429['user3112132720264060802' @ 104 : 1 .. 'user3832315294009908384' @ 2078 : 1]
 48:2107491['user3835881555004895169' @ 1024 : 1 .. 'user4515091579447301933' @ 169 : 1]
 49:2107419['user4515651539959442381' @ 922 : 1 .. 'user5219194080304626563' @ 398 : 1]
 50:2107468['user5223101986593911913' @ 1398 : 1 .. 'user5911684375074854039' @ 2219 : 1]
 51:2107281['user5912804296099134935' @ 713 : 1 .. 'user6525357629970748697' @ 1972 : 1]
 52:2107377['user6525917590482889145' @ 67 : 1 .. 'user7230580051852354223' @ 1081 : 1]
 53:2107438['user7230798367070196106' @ 1614 : 1 .. 'user789388067335041421' @ 1243 : 1]
 54:2107349['user7908110194758339643' @ 1689 : 1 .. 'user8637323487248424022' @ 309 : 1]
 55:2046806['user8637665132542722587' @ 97 : 1 .. 'user996258956697100127' @ 1207 : 1]
--- level 3 ---
--- level 4 ---
--- level 5 ---
--- level 6 ---

