Finished 1000 requests.

Sorted time elapsed:
 25.522 25.792 25.911 25.956 25.956 25.988 26.023 26.061 26.075 26.137 26.144 26.165 26.171 26.241 26.247 26.301 26.315 26.326 26.347 26.361 26.368 26.372 26.427 26.479 26.522 26.577 26.608 26.634 26.644 26.652 26.654 26.656 26.682 26.686 26.708 26.71 26.728 26.73 26.732 26.74 26.742 26.744 26.744 26.748 26.755 26.762 26.768 26.795 26.797 26.82 26.839 26.847 26.848 26.861 26.868 26.869 26.872 26.875 26.88 26.887 26.892 26.899 26.925 26.928 26.935 26.94 26.944 26.961 26.967 26.977 26.996 26.997 27 27.007 27.009 27.025 27.026 27.047 27.057 27.059 27.073 27.073 27.081 27.087 27.129 27.132 27.135 27.179 27.2 27.213 27.215 27.219 27.219 27.233 27.245 27.269 27.289 27.295 27.304 27.315 27.325 27.347 27.35 27.37 27.396 27.406 27.422 27.423 27.442 27.484 27.49 27.504 27.51 27.514 27.514 27.516 27.518 27.529 27.552 27.562 27.57 27.572 27.58 27.584 27.586 27.602 27.603 27.612 27.616 27.62 27.623 27.635 27.636 27.638 27.642 27.665 27.668 27.684 27.685 27.686 27.693 27.703 27.718 27.762 27.769 27.777 27.792 27.799 27.804 27.816 27.819 27.819 27.829 27.841 27.845 27.865 27.867 27.868 27.872 27.875 27.876 27.894 27.903 27.909 27.909 27.919 27.925 27.929 27.933 27.943 27.949 27.953 27.953 27.959 27.961 27.969 27.979 27.983 27.985 27.989 27.991 28.001 28.005 28.015 28.017 28.022 28.065 28.069 28.071 28.072 28.084 28.097 28.104 28.139 28.139 28.14 28.143 28.144 28.169 28.169 28.173 28.183 28.192 28.192 28.193 28.193 28.195 28.198 28.2 28.203 28.214 28.223 28.225 28.24 28.246 28.252 28.28 28.288 28.302 28.312 28.312 28.32 28.33 28.34 28.348 28.348 28.352 28.354 28.354 28.376 28.404 28.408 28.412 28.412 28.412 28.46 28.464 28.49 28.494 28.496 28.524 28.532 28.536 28.536 28.547 28.55 28.556 28.562 28.571 28.599 28.602 28.604 28.61 28.613 28.625 28.65 28.652 28.658 28.659 28.664 28.686 28.693 28.699 28.703 28.731 28.736 28.743 28.745 28.751 28.756 28.758 28.779 28.789 28.801 28.803 28.807 28.809 28.813 28.827 28.837 28.837 28.859 28.861 28.878 28.891 28.895 28.897 28.905 28.909 28.92 28.925 28.931 28.934 28.941 28.943 28.943 28.95 28.953 28.957 28.976 28.992 29.001 29.004 29.006 29.009 29.03 29.047 29.059 29.062 29.064 29.072 29.077 29.094 29.096 29.114 29.116 29.122 29.13 29.132 29.133 29.14 29.148 29.163 29.164 29.17 29.173 29.174 29.178 29.182 29.185 29.2 29.204 29.206 29.212 29.216 29.244 29.244 29.244 29.266 29.268 29.27 29.28 29.308 29.314 29.316 29.324 29.326 29.33 29.33 29.331 29.337 29.346 29.356 29.374 29.374 29.374 29.376 29.38 29.383 29.388 29.397 29.398 29.4 29.409 29.411 29.416 29.417 29.442 29.445 29.447 29.448 29.45 29.452 29.453 29.468 29.473 29.477 29.487 29.506 29.506 29.512 29.526 29.527 29.529 29.531 29.539 29.558 29.57 29.571 29.575 29.581 29.589 29.593 29.594 29.595 29.595 29.597 29.602 29.603 29.605 29.605 29.613 29.621 29.622 29.625 29.625 29.629 29.632 29.635 29.641 29.643 29.645 29.655 29.663 29.665 29.689 29.697 29.701 29.701 29.703 29.709 29.715 29.719 29.721 29.725 29.726 29.731 29.737 29.737 29.738 29.741 29.755 29.759 29.771 29.772 29.779 29.781 29.783 29.785 29.787 29.787 29.796 29.803 29.805 29.81 29.813 29.821 29.822 29.826 29.828 29.834 29.835 29.848 29.852 29.855 29.857 29.857 29.871 29.883 29.885 29.89 29.893 29.894 29.896 29.905 29.91 29.916 29.918 29.919 29.922 29.926 29.931 29.938 29.951 29.954 29.954 29.958 29.959 29.97 29.97 29.981 29.988 29.991 29.992 29.992 29.994 29.998 30 30.002 30.004 30.013 30.014 30.016 30.018 30.02 30.02 30.024 30.03 30.03 30.032 30.034 30.036 30.042 30.05 30.054 30.054 30.056 30.06 30.06 30.062 30.066 30.066 30.08 30.082 30.085 30.09 30.09 30.092 30.098 30.102 30.108 30.116 30.122 30.124 30.126 30.126 30.128 30.128 30.136 30.136 30.14 30.142 30.144 30.154 30.156 30.166 30.167 30.168 30.169 30.17 30.172 30.174 30.183 30.189 30.192 30.193 30.203 30.204 30.212 30.215 30.216 30.218 30.226 30.23 30.242 30.25 30.254 30.256 30.265 30.266 30.268 30.274 30.281 30.312 30.327 30.327 30.327 30.331 30.335 30.34 30.348 30.349 30.353 30.355 30.361 30.364 30.366 30.37 30.373 30.379 30.387 30.388 30.389 30.394 30.397 30.425 30.425 30.431 30.44 30.441 30.465 30.467 30.469 30.487 30.489 30.491 30.495 30.499 30.505 30.505 30.517 30.521 30.529 30.531 30.535 30.543 30.549 30.551 30.557 30.577 30.579 30.581 30.587 30.589 30.591 30.6 30.613 30.617 30.629 30.642 30.649 30.649 30.667 30.669 30.689 30.691 30.7 30.703 30.71 30.71 30.711 30.73 30.73 30.734 30.741 30.745 30.759 30.783 30.787 30.788 30.793 30.8 30.8 30.807 30.845 30.845 30.866 30.868 30.87 30.877 30.898 30.909 30.916 30.924 30.938 30.946 30.948 30.962 30.974 30.978 30.99 30.998 31.006 31.016 31.02 31.041 31.042 31.044 31.047 31.048 31.062 31.066 31.068 31.094 31.102 31.11 31.138 31.181 31.182 31.19 31.198 31.202 31.221 31.222 31.223 31.225 31.233 31.237 31.255 31.26 31.277 31.283 31.292 31.319 31.351 31.365 31.383 31.409 31.413 31.423 31.429 31.435 31.437 31.439 31.461 31.475 31.507 31.525 31.553 31.573 31.586 31.6 31.602 31.617 31.634 31.647 31.693 31.703 31.732 31.738 31.745 31.752 31.76 31.8 31.8 31.816 31.824 31.89 31.914 31.917 31.928 31.958 32.013 32.03 32.043 32.071 32.103 32.111 32.112 32.132 32.132 32.132 32.135 32.167 32.185 32.186 32.227 32.229 32.237 32.237 32.242 32.247 32.261 32.271 32.289 32.299 32.305 32.309 32.319 32.355 32.394 32.419 32.429 32.437 32.443 32.461 32.501 32.514 32.515 32.516 32.548 32.55 32.553 32.584 32.6 32.61 32.614 32.624 32.66 32.67 32.676 32.722 32.728 32.736 32.766 32.768 32.804 32.881 32.937 32.941 32.952 32.982 33.056 33.123 33.131 33.303 33.347 33.37 33.374 33.409 33.419 33.446 33.564 33.586 33.598 33.602 33.742 33.881 33.897 33.989 34.093 34.21 34.402 34.438 34.883 34.887 34.948 35.164 35.276 35.308 35.473 35.843 36 36.094 36.28 36.388 36.388 36.419 36.579 36.698 36.99 37.058 37.142 37.205 37.206 37.257 37.355 37.477 37.544 37.728 37.89 37.926 37.934 38.117 38.355 38.393 38.466 38.872 39.005 39.046 39.636 39.7 39.728 39.779 39.814 40.639 40.765 41.446 41.847 44.629 45.124 46.55 46.721 47.586 47.59 49.515 49.527 49.735 49.759 49.904 49.916 50.011 50.429 50.477 50.482 50.537 50.562 50.597 50.661 50.923 50.987 50.999 51.159 51.183 51.207 51.283 51.316 51.355 51.363 51.376 51.411 51.46 51.488 51.516 51.528 51.568 51.652 51.684 51.828 51.836 52.053 52.257 52.446 52.686 52.686 52.771 53.011 53.111 53.196 53.212 53.292 53.324 53.348 53.368 53.384 53.429 53.497 53.604 53.608 53.684 53.858 53.897 53.913 54.178 54.214 54.282 54.306 54.339 54.511 54.559 54.867 54.916 54.943 54.948 55.064 55.104 55.197 55.248 55.332 55.509 55.537 55.702 55.713 55.749 55.794 55.974 56.031 56.075 56.227 56.416 56.648 56.696 56.728 56.76 56.893 56.908 57.065 57.124 57.317 57.461 57.566 57.598 57.632 57.915 58.039 58.039 58.312 58.315 58.781 58.857 59.15 59.446 59.498 59.979 60.023 60.288 60.316 60.461 60.581 61.034 61.258 61.619 63.151 63.211 64.205 64.959 67.818 68.146 69.826 71.523 73.387 75.435 75.648 82.468 87.287 88.891 92.347 94.179 146.392 2315.15

Time elapsed stats:
  sum  36045.6 us
  avg  36.0456 us
  max  2315.15 us
  min  25.522 us

Removing top/bottom-5:
  sum  33179.5 us
  avg  33.5147 us
  max  87.287 us
  min  25.988 us

Num files at level --
  0: 9
  1: 19
  2: 12
  3: 0
  4: 0
  5: 0
  6: 0

Stats --
                               Compactions
Level  Files Size(MB) Time(sec) Read(MB) Write(MB)
--------------------------------------------------
  0        9       36         0        0         0
  1       19       36         0        0         0
  2       12       24         0        0         0

SSTables --
--- level 0 ---
 92:4124646['user10046604894068544' @ 9635 : 1 .. 'user971136347768642592' @ 9667 : 1]
 89:4205685['user1005640680888162' @ 8874 : 1 .. 'user960084102193685886' @ 8906 : 1]
 85:4204932['user1005972966029934054' @ 8047 : 1 .. 'user994579075160678783' @ 7972 : 1]
 81:4205504['user1006191281247775937' @ 7456 : 1 .. 'user982188593343599298' @ 7368 : 1]
 78:4205619['user1006532926542074502' @ 6714 : 1 .. 'user99137614613375737' @ 6928 : 1]
 83:4205080['user1018363447847013539' @ 7865 : 1 .. 'user993800799430696452' @ 7820 : 1]
 58:4205091['user1019483368871294435' @ 6367 : 1 .. 'user994360759942836900' @ 6491 : 1]
 91:4205756['user1044594160504054184' @ 9234 : 1 .. 'user95229708324090387' @ 9196 : 1]
 87:4205838['user1050400263547602761' @ 8556 : 1 .. 'user935751586290908468' @ 8619 : 1]
--- level 1 ---
 56:2107550['user1006751241759916385' @ 6221 : 1 .. 'user1498736710723774180' @ 4061 : 1]
 59:2107519['user1499296671235914628' @ 2800 : 1 .. 'user1940937226857796243' @ 3609 : 1]
 60:2107462['user1941497187369936691' @ 3402 : 1 .. 'user2429916395338807701' @ 3442 : 1]
 61:2107602['user2430134710556649584' @ 4885 : 1 .. 'user2893101481598462280' @ 4780 : 1]
 62:2107507['user2895889466863466734' @ 3822 : 1 .. 'user3335631825731085122' @ 5111 : 1]
 63:2107680['user3336191786243225570' @ 5762 : 1 .. 'user3810210802859994972' @ 2664 : 1]
 64:2107439['user3810429118077836855' @ 3175 : 1 .. 'user4256537540501144268' @ 6053 : 1]
 65:2107572['user4257097501013284716' @ 5270 : 1 .. 'user4760135215552099217' @ 2697 : 1]
 66:2107491['user4764821397571366898' @ 2517 : 1 .. 'user5211708095724656642' @ 5413 : 1]
 67:2107613['user5212049741018955207' @ 5233 : 1 .. 'user5623208460573458061' @ 4765 : 1]
 68:2107496['user5623768421085598509' @ 6064 : 1 .. 'user6131835534764733457' @ 4229 : 1]
 69:2107420['user6132395495276873905' @ 5110 : 1 .. 'user6533061929768560501' @ 3508 : 1]
 70:2107414['user65420917376365171' @ 3918 : 1 .. 'user7021699452955273394' @ 6015 : 1]
 71:2107611['user7030293541263826425' @ 5829 : 1 .. 'user7488014169774230992' @ 3403 : 1]
 72:1895765['user7488232484992072875' @ 4916 : 1 .. 'user7891251846139834360' @ 4796 : 1]
 73:2107521['user7900965855472668287' @ 4966 : 1 .. 'user8384575551345814934' @ 3899 : 1]
 74:2107482['user8384917196640113499' @ 2579 : 1 .. 'user8794955995170335457' @ 5853 : 1]
 75:2107295['user8795515955682475905' @ 5104 : 1 .. 'user979960568590735292' @ 3463 : 1]
 76:121025['user982748553855739746' @ 5015 : 1 .. 'user997378877721381023' @ 3797 : 1]
--- level 2 ---
 36:2107527['user1000385178204227360' @ 6 : 1 .. 'user1715321609418666813' @ 1633 : 1]
 45:2107432['user1715539924636508696' @ 2150 : 1 .. 'user2419424110275991443' @ 2320 : 1]
 46:2107346['user2422430410758837780' @ 1503 : 1 .. 'user3111914405046218919' @ 615 : 1]
 47:2107429['user3112132720264060802' @ 104 : 1 .. 'user3832315294009908384' @ 2078 : 1]
 48:2107491['user3835881555004895169' @ 1024 : 1 .. 'user4515091579447301933' @ 169 : 1]
 49:2107419['user4515651539959442381' @ 922 : 1 .. 'user5219194080304626563' @ 398 : 1]
 50:2107468['user5223101986593911913' @ 1398 : 1 .. 'user5911684375074854039' @ 2219 : 1]
 51:2107281['user5912804296099134935' @ 713 : 1 .. 'user6525357629970748697' @ 1972 : 1]
 52:2107377['user6525917590482889145' @ 67 : 1 .. 'user7230580051852354223' @ 1081 : 1]
 53:2107438['user7230798367070196106' @ 1614 : 1 .. 'user789388067335041421' @ 1243 : 1]
 54:2107349['user7908110194758339643' @ 1689 : 1 .. 'user8637323487248424022' @ 309 : 1]
 55:2046806['user8637665132542722587' @ 97 : 1 .. 'user996258956697100127' @ 1207 : 1]
--- level 3 ---
--- level 4 ---
--- level 5 ---
--- level 6 ---

