Finished 1000 requests.

Sorted time elapsed:
 18.239 18.473 18.567 18.584 18.591 18.633 18.646 18.653 18.673 18.704 18.722 18.726 18.78 18.794 18.804 18.814 18.842 18.844 18.852 18.862 18.872 18.916 18.916 18.92 18.93 18.932 18.934 18.97 18.971 18.992 19.028 19.042 19.101 19.105 19.11 19.115 19.139 19.143 19.146 19.169 19.172 19.209 19.219 19.241 19.242 19.267 19.28 19.321 19.321 19.337 19.355 19.399 19.409 19.457 19.464 19.483 19.489 19.502 19.506 19.521 19.533 19.542 19.547 19.547 19.556 19.56 19.588 19.589 19.594 19.596 19.597 19.618 19.627 19.636 19.639 19.652 19.669 19.671 19.679 19.682 19.69 19.695 19.696 19.696 19.703 19.708 19.71 19.71 19.718 19.724 19.73 19.738 19.748 19.76 19.772 19.774 19.776 19.776 19.78 19.788 19.79 19.792 19.809 19.818 19.82 19.822 19.824 19.824 19.834 19.842 19.849 19.858 19.86 19.865 19.866 19.868 19.869 19.876 19.877 19.878 19.878 19.878 19.878 19.88 19.882 19.886 19.89 19.894 19.898 19.904 19.904 19.905 19.907 19.908 19.909 19.91 19.91 19.916 19.92 19.924 19.928 19.928 19.932 19.935 19.936 19.939 19.941 19.942 19.947 19.952 19.959 19.962 19.969 19.977 19.98 19.986 19.987 19.997 20.002 20.01 20.011 20.013 20.022 20.022 20.023 20.023 20.029 20.029 20.032 20.033 20.035 20.036 20.041 20.046 20.048 20.049 20.049 20.052 20.053 20.057 20.058 20.074 20.077 20.086 20.087 20.087 20.088 20.089 20.094 20.098 20.1 20.104 20.109 20.111 20.112 20.115 20.121 20.125 20.129 20.133 20.139 20.139 20.141 20.141 20.149 20.151 20.152 20.165 20.173 20.179 20.185 20.189 20.191 20.195 20.197 20.203 20.211 20.213 20.215 20.215 20.217 20.221 20.223 20.223 20.227 20.233 20.235 20.246 20.249 20.253 20.257 20.263 20.264 20.269 20.269 20.285 20.287 20.293 20.312 20.316 20.316 20.325 20.327 20.328 20.339 20.344 20.352 20.373 20.375 20.376 20.379 20.381 20.383 20.395 20.397 20.403 20.412 20.415 20.428 20.429 20.437 20.437 20.438 20.439 20.443 20.443 20.452 20.467 20.486 20.496 20.505 20.51 20.515 20.531 20.538 20.54 20.545 20.55 20.561 20.564 20.58 20.587 20.592 20.604 20.604 20.604 20.618 20.624 20.642 20.644 20.644 20.646 20.646 20.656 20.662 20.664 20.682 20.684 20.688 20.69 20.697 20.712 20.722 20.722 20.752 20.763 20.764 20.777 20.778 20.788 20.796 20.798 20.804 20.824 20.825 20.826 20.838 20.841 20.847 20.855 20.856 20.861 20.861 20.873 20.874 20.884 20.888 20.89 20.891 20.897 20.898 20.903 20.911 20.918 20.929 20.94 20.944 20.95 20.959 20.963 20.965 20.975 20.975 20.979 20.981 20.985 20.985 20.988 20.991 20.995 21.001 21.013 21.015 21.023 21.023 21.029 21.043 21.047 21.049 21.049 21.049 21.051 21.065 21.073 21.073 21.075 21.079 21.079 21.081 21.081 21.081 21.081 21.083 21.092 21.093 21.097 21.097 21.101 21.105 21.107 21.107 21.107 21.109 21.109 21.111 21.113 21.12 21.121 21.125 21.128 21.129 21.129 21.13 21.133 21.134 21.136 21.143 21.147 21.149 21.151 21.153 21.157 21.157 21.165 21.167 21.171 21.177 21.18 21.187 21.189 21.189 21.193 21.194 21.195 21.197 21.198 21.2 21.204 21.205 21.206 21.214 21.215 21.216 21.229 21.232 21.233 21.234 21.244 21.249 21.25 21.254 21.267 21.274 21.276 21.278 21.279 21.281 21.283 21.284 21.287 21.288 21.29 21.293 21.295 21.303 21.313 21.322 21.322 21.327 21.335 21.337 21.34 21.341 21.342 21.343 21.35 21.352 21.354 21.364 21.367 21.368 21.373 21.381 21.382 21.382 21.384 21.386 21.388 21.391 21.395 21.4 21.402 21.402 21.404 21.407 21.408 21.409 21.41 21.412 21.415 21.416 21.416 21.42 21.426 21.427 21.434 21.446 21.446 21.446 21.456 21.456 21.458 21.462 21.462 21.468 21.47 21.471 21.478 21.48 21.48 21.482 21.492 21.492 21.494 21.498 21.506 21.512 21.52 21.522 21.528 21.53 21.532 21.536 21.552 21.552 21.552 21.56 21.564 21.566 21.57 21.58 21.58 21.584 21.584 21.59 21.598 21.598 21.606 21.606 21.608 21.62 21.62 21.628 21.632 21.632 21.632 21.634 21.64 21.65 21.659 21.668 21.669 21.671 21.678 21.687 21.699 21.703 21.705 21.716 21.718 21.731 21.731 21.741 21.744 21.746 21.746 21.749 21.751 21.754 21.759 21.761 21.778 21.778 21.781 21.789 21.792 21.792 21.794 21.803 21.803 21.806 21.81 21.814 21.821 21.823 21.826 21.827 21.829 21.831 21.838 21.84 21.84 21.843 21.845 21.847 21.849 21.849 21.851 21.853 21.854 21.855 21.859 21.865 21.866 21.87 21.873 21.877 21.879 21.879 21.881 21.892 21.901 21.903 21.919 21.925 21.929 21.951 21.959 21.963 21.965 21.973 21.979 21.984 21.985 21.986 21.996 21.997 21.999 21.999 22.011 22.019 22.021 22.032 22.037 22.041 22.051 22.052 22.055 22.059 22.06 22.068 22.071 22.073 22.086 22.101 22.124 22.126 22.129 22.139 22.14 22.145 22.148 22.154 22.159 22.162 22.167 22.178 22.182 22.188 22.204 22.21 22.232 22.234 22.236 22.24 22.247 22.257 22.271 22.274 22.285 22.294 22.304 22.32 22.324 22.332 22.346 22.346 22.348 22.354 22.4 22.402 22.422 22.448 22.45 22.453 22.462 22.468 22.478 22.486 22.488 22.514 22.529 22.537 22.552 22.593 22.596 22.602 22.613 22.62 22.642 22.649 22.678 22.692 22.705 22.743 22.753 22.754 22.761 22.768 22.775 22.781 22.805 22.807 22.817 22.821 22.825 22.847 22.905 22.917 22.925 22.926 22.948 22.957 22.976 23.029 23.03 23.042 23.057 23.06 23.061 23.066 23.082 23.092 23.137 23.162 23.172 23.174 23.175 23.252 23.3 23.339 23.345 23.352 23.353 23.372 23.396 23.413 23.43 23.452 23.463 23.477 23.482 23.493 23.511 23.521 23.525 23.534 23.552 23.573 23.585 23.591 23.611 23.615 23.621 23.671 23.677 23.683 23.707 23.707 23.746 23.775 23.787 23.811 23.821 23.834 23.837 24.032 24.042 24.042 24.064 24.096 24.118 24.126 24.134 24.16 24.202 24.292 24.325 24.338 24.387 24.513 24.521 24.59 24.679 24.768 25.002 25.033 25.295 25.856 25.924 26.169 26.389 26.448 26.503 27.06 27.063 27.147 27.167 27.178 27.38 27.604 27.768 28.001 28.271 28.51 28.525 28.62 28.682 28.691 28.92 29.076 29.148 29.221 29.228 29.236 29.611 29.669 29.733 29.739 29.79 29.866 30.435 30.818 30.826 30.898 30.915 30.916 31.009 31.099 31.1 31.115 31.182 31.357 31.379 31.413 31.447 31.581 31.67 31.7 31.772 31.781 31.818 31.884 31.957 31.97 31.972 32.051 32.099 32.111 32.127 32.172 32.215 32.238 32.308 32.389 32.418 32.442 32.493 32.522 32.589 32.599 32.603 32.632 32.639 32.64 32.723 32.743 32.759 32.772 32.776 32.801 32.807 32.836 32.88 32.907 32.909 32.926 33.023 33.114 33.121 33.18 33.184 33.217 33.276 33.355 33.437 33.441 33.45 33.474 33.478 33.508 33.508 33.532 33.585 33.612 33.652 33.658 33.671 33.688 33.702 33.714 33.783 33.834 33.931 34.029 34.032 34.049 34.083 34.09 34.132 34.152 34.227 34.229 34.243 34.243 34.25 34.276 34.334 34.354 34.471 34.557 34.56 34.607 34.631 34.657 34.66 34.688 34.745 34.781 34.878 34.974 34.991 35.022 35.075 35.078 35.122 35.174 35.202 35.242 35.272 35.275 35.392 35.395 35.409 35.422 35.426 35.432 35.432 35.472 35.516 35.529 35.538 35.562 35.57 35.59 35.669 35.683 35.686 35.689 35.786 35.803 35.803 35.823 35.87 35.887 35.93 35.963 35.974 36.007 36.074 36.081 36.084 36.13 36.264 36.328 36.409 36.434 36.649 38.017 38.138 39.79 40.303 40.353 41.052 41.14 41.183 42.21 42.551 43.477 43.762 44.389 44.901 47.647 49.031 53.238 60.701 69.614 94.139 152.984 2275.18

Time elapsed stats:
  sum  26280.5 us
  avg  26.2805 us
  max  2275.18 us
  min  18.239 us

Removing top/bottom-5:
  sum  23535.4 us
  avg  23.7731 us
  max  53.238 us
  min  18.633 us

Num files at level --
  0: 9
  1: 19
  2: 12
  3: 0
  4: 0
  5: 0
  6: 0

Stats --
                               Compactions
Level  Files Size(MB) Time(sec) Read(MB) Write(MB)
--------------------------------------------------
  0        9       36         0        0         0
  1       19       36         0        0         0
  2       12       24         0        0         0

SSTables --
--- level 0 ---
 92:4124646['user10046604894068544' @ 9635 : 1 .. 'user971136347768642592' @ 9667 : 1]
 89:4205685['user1005640680888162' @ 8874 : 1 .. 'user960084102193685886' @ 8906 : 1]
 85:4204932['user1005972966029934054' @ 8047 : 1 .. 'user994579075160678783' @ 7972 : 1]
 81:4205504['user1006191281247775937' @ 7456 : 1 .. 'user982188593343599298' @ 7368 : 1]
 78:4205619['user1006532926542074502' @ 6714 : 1 .. 'user99137614613375737' @ 6928 : 1]
 83:4205080['user1018363447847013539' @ 7865 : 1 .. 'user993800799430696452' @ 7820 : 1]
 58:4205091['user1019483368871294435' @ 6367 : 1 .. 'user994360759942836900' @ 6491 : 1]
 91:4205756['user1044594160504054184' @ 9234 : 1 .. 'user95229708324090387' @ 9196 : 1]
 87:4205838['user1050400263547602761' @ 8556 : 1 .. 'user935751586290908468' @ 8619 : 1]
--- level 1 ---
 56:2107550['user1006751241759916385' @ 6221 : 1 .. 'user1498736710723774180' @ 4061 : 1]
 59:2107519['user1499296671235914628' @ 2800 : 1 .. 'user1940937226857796243' @ 3609 : 1]
 60:2107462['user1941497187369936691' @ 3402 : 1 .. 'user2429916395338807701' @ 3442 : 1]
 61:2107602['user2430134710556649584' @ 4885 : 1 .. 'user2893101481598462280' @ 4780 : 1]
 62:2107507['user2895889466863466734' @ 3822 : 1 .. 'user3335631825731085122' @ 5111 : 1]
 63:2107680['user3336191786243225570' @ 5762 : 1 .. 'user3810210802859994972' @ 2664 : 1]
 64:2107439['user3810429118077836855' @ 3175 : 1 .. 'user4256537540501144268' @ 6053 : 1]
 65:2107572['user4257097501013284716' @ 5270 : 1 .. 'user4760135215552099217' @ 2697 : 1]
 66:2107491['user4764821397571366898' @ 2517 : 1 .. 'user5211708095724656642' @ 5413 : 1]
 67:2107613['user5212049741018955207' @ 5233 : 1 .. 'user5623208460573458061' @ 4765 : 1]
 68:2107496['user5623768421085598509' @ 6064 : 1 .. 'user6131835534764733457' @ 4229 : 1]
 69:2107420['user6132395495276873905' @ 5110 : 1 .. 'user6533061929768560501' @ 3508 : 1]
 70:2107414['user65420917376365171' @ 3918 : 1 .. 'user7021699452955273394' @ 6015 : 1]
 71:2107611['user7030293541263826425' @ 5829 : 1 .. 'user7488014169774230992' @ 3403 : 1]
 72:1895765['user7488232484992072875' @ 4916 : 1 .. 'user7891251846139834360' @ 4796 : 1]
 73:2107521['user7900965855472668287' @ 4966 : 1 .. 'user8384575551345814934' @ 3899 : 1]
 74:2107482['user8384917196640113499' @ 2579 : 1 .. 'user8794955995170335457' @ 5853 : 1]
 75:2107295['user8795515955682475905' @ 5104 : 1 .. 'user979960568590735292' @ 3463 : 1]
 76:121025['user982748553855739746' @ 5015 : 1 .. 'user997378877721381023' @ 3797 : 1]
--- level 2 ---
 36:2107527['user1000385178204227360' @ 6 : 1 .. 'user1715321609418666813' @ 1633 : 1]
 45:2107432['user1715539924636508696' @ 2150 : 1 .. 'user2419424110275991443' @ 2320 : 1]
 46:2107346['user2422430410758837780' @ 1503 : 1 .. 'user3111914405046218919' @ 615 : 1]
 47:2107429['user3112132720264060802' @ 104 : 1 .. 'user3832315294009908384' @ 2078 : 1]
 48:2107491['user3835881555004895169' @ 1024 : 1 .. 'user4515091579447301933' @ 169 : 1]
 49:2107419['user4515651539959442381' @ 922 : 1 .. 'user5219194080304626563' @ 398 : 1]
 50:2107468['user5223101986593911913' @ 1398 : 1 .. 'user5911684375074854039' @ 2219 : 1]
 51:2107281['user5912804296099134935' @ 713 : 1 .. 'user6525357629970748697' @ 1972 : 1]
 52:2107377['user6525917590482889145' @ 67 : 1 .. 'user7230580051852354223' @ 1081 : 1]
 53:2107438['user7230798367070196106' @ 1614 : 1 .. 'user789388067335041421' @ 1243 : 1]
 54:2107349['user7908110194758339643' @ 1689 : 1 .. 'user8637323487248424022' @ 309 : 1]
 55:2046806['user8637665132542722587' @ 97 : 1 .. 'user996258956697100127' @ 1207 : 1]
--- level 3 ---
--- level 4 ---
--- level 5 ---
--- level 6 ---

