Finished 1000 requests.

Sorted time elapsed:
 44.478 44.76 44.888 44.96 45.022 45.042 45.066 45.115 45.127 45.142 45.313 45.328 45.385 45.416 45.443 45.495 45.578 45.593 45.607 45.628 45.674 45.687 45.701 45.758 45.847 45.856 45.861 45.895 45.9 45.936 45.964 46.065 46.071 46.083 46.089 46.107 46.13 46.149 46.181 46.183 46.184 46.209 46.209 46.235 46.245 46.266 46.279 46.304 46.31 46.326 46.342 46.396 46.399 46.422 46.444 46.45 46.456 46.506 46.54 46.544 46.546 46.558 46.616 46.62 46.627 46.633 46.677 46.684 46.696 46.715 46.728 46.76 46.781 46.801 46.805 46.813 46.839 46.859 46.861 46.903 46.911 46.929 46.945 46.959 46.961 46.967 46.969 47.005 47.013 47.042 47.057 47.065 47.122 47.123 47.13 47.13 47.138 47.144 47.15 47.168 47.174 47.185 47.186 47.186 47.187 47.19 47.226 47.27 47.278 47.282 47.296 47.298 47.32 47.332 47.334 47.338 47.348 47.364 47.37 47.414 47.418 47.42 47.43 47.434 47.447 47.453 47.464 47.468 47.488 47.498 47.506 47.527 47.533 47.537 47.564 47.566 47.567 47.575 47.577 47.584 47.588 47.6 47.605 47.607 47.619 47.626 47.64 47.645 47.655 47.671 47.68 47.701 47.707 47.713 47.721 47.721 47.721 47.723 47.733 47.761 47.763 47.773 47.785 47.785 47.791 47.807 47.808 47.817 47.819 47.826 47.841 47.851 47.851 47.861 47.873 47.874 47.889 47.895 47.896 47.899 47.951 47.955 47.99 48.004 48.009 48.024 48.032 48.034 48.058 48.059 48.061 48.071 48.072 48.076 48.108 48.115 48.118 48.124 48.127 48.136 48.136 48.138 48.16 48.162 48.166 48.188 48.188 48.19 48.19 48.204 48.208 48.216 48.231 48.259 48.261 48.294 48.294 48.31 48.32 48.326 48.336 48.34 48.346 48.348 48.356 48.358 48.382 48.388 48.404 48.406 48.407 48.41 48.412 48.417 48.42 48.433 48.444 48.465 48.475 48.495 48.511 48.532 48.537 48.537 48.541 48.547 48.552 48.563 48.579 48.585 48.629 48.643 48.661 48.662 48.673 48.677 48.679 48.695 48.697 48.697 48.715 48.721 48.725 48.73 48.731 48.735 48.739 48.745 48.755 48.763 48.767 48.787 48.79 48.792 48.797 48.798 48.803 48.822 48.843 48.87 48.874 48.905 48.908 48.922 48.954 48.958 48.958 48.969 48.972 48.976 48.976 48.991 48.996 49.002 49.009 49.018 49.02 49.023 49.028 49.038 49.042 49.046 49.048 49.054 49.056 49.056 49.056 49.066 49.08 49.084 49.092 49.096 49.096 49.099 49.105 49.108 49.114 49.12 49.128 49.135 49.14 49.142 49.142 49.144 49.15 49.157 49.159 49.164 49.172 49.18 49.181 49.182 49.182 49.182 49.201 49.202 49.21 49.214 49.218 49.235 49.24 49.242 49.243 49.246 49.248 49.251 49.254 49.255 49.259 49.264 49.283 49.284 49.287 49.29 49.304 49.31 49.311 49.319 49.322 49.331 49.333 49.333 49.347 49.349 49.371 49.375 49.383 49.388 49.4 49.401 49.405 49.419 49.421 49.429 49.434 49.437 49.449 49.451 49.452 49.453 49.453 49.457 49.459 49.465 49.475 49.475 49.479 49.481 49.483 49.487 49.489 49.493 49.493 49.497 49.499 49.503 49.503 49.505 49.52 49.529 49.533 49.549 49.555 49.567 49.575 49.577 49.581 49.583 49.593 49.597 49.61 49.629 49.641 49.645 49.645 49.654 49.66 49.67 49.681 49.696 49.721 49.736 49.737 49.744 49.75 49.766 49.778 49.782 49.794 49.812 49.813 49.814 49.823 49.823 49.825 49.83 49.842 49.852 49.86 49.868 49.87 49.872 49.882 49.886 49.902 49.904 49.908 49.916 49.918 49.932 49.96 49.977 49.986 50 50 50.009 50.012 50.015 50.02 50.042 50.048 50.051 50.052 50.06 50.078 50.079 50.093 50.098 50.102 50.109 50.112 50.113 50.119 50.151 50.151 50.157 50.167 50.182 50.182 50.188 50.188 50.195 50.199 50.2 50.209 50.218 50.242 50.255 50.277 50.277 50.279 50.285 50.289 50.289 50.309 50.309 50.321 50.325 50.327 50.333 50.337 50.353 50.387 50.399 50.416 50.421 50.423 50.433 50.435 50.44 50.455 50.49 50.536 50.549 50.557 50.558 50.576 50.579 50.583 50.584 50.597 50.601 50.628 50.644 50.646 50.648 50.649 50.65 50.658 50.676 50.677 50.68 50.682 50.683 50.684 50.689 50.694 50.703 50.704 50.724 50.738 50.748 50.766 50.77 50.812 50.816 50.842 50.845 50.861 50.862 50.892 50.894 50.897 50.898 50.902 50.903 50.92 50.923 50.924 50.934 50.949 50.958 50.966 50.973 50.973 50.974 50.982 50.998 51.002 51.004 51.008 51.015 51.022 51.022 51.023 51.042 51.043 51.044 51.05 51.054 51.068 51.077 51.09 51.101 51.147 51.151 51.17 51.199 51.201 51.219 51.223 51.237 51.249 51.258 51.264 51.267 51.293 51.327 51.333 51.338 51.343 51.362 51.368 51.373 51.383 51.393 51.397 51.406 51.415 51.43 51.442 51.451 51.464 51.488 51.495 51.548 51.558 51.573 51.58 51.6 51.601 51.616 51.63 51.656 51.668 51.668 51.698 51.712 51.732 51.742 51.77 51.774 51.788 51.805 51.832 51.834 51.86 51.88 51.927 51.935 51.935 51.945 51.957 51.975 51.977 51.997 52.005 52.009 52.023 52.029 52.039 52.049 52.049 52.051 52.055 52.08 52.093 52.101 52.106 52.115 52.131 52.133 52.167 52.214 52.217 52.223 52.224 52.23 52.248 52.258 52.275 52.294 52.294 52.328 52.35 52.361 52.376 52.394 52.398 52.403 52.418 52.419 52.436 52.44 52.451 52.462 52.49 52.508 52.518 52.534 52.538 52.558 52.602 52.652 52.658 52.66 52.664 52.676 52.694 52.699 52.775 52.782 52.807 52.807 52.809 52.814 52.854 52.861 52.897 52.903 52.903 52.921 52.921 52.931 52.931 52.939 52.939 52.941 52.947 52.992 52.996 52.997 53.007 53.007 53.057 53.085 53.09 53.132 53.134 53.148 53.153 53.25 53.255 53.282 53.306 53.318 53.368 53.378 53.42 53.448 53.457 53.46 53.466 53.483 53.486 53.524 53.557 53.589 53.6 53.605 53.665 53.694 53.7 53.706 53.724 53.729 53.775 53.795 53.823 53.831 53.835 53.86 53.861 53.911 53.942 53.953 53.977 54.041 54.059 54.066 54.114 54.121 54.139 54.17 54.186 54.236 54.236 54.256 54.264 54.296 54.346 54.346 54.351 54.358 54.373 54.395 54.435 54.476 54.498 54.543 54.55 54.564 54.573 54.591 54.599 54.607 54.645 54.685 54.724 54.78 54.842 54.845 54.872 54.946 54.984 54.994 54.999 55.11 55.165 55.237 55.288 55.324 55.353 55.359 55.44 55.451 55.489 55.509 55.601 55.653 55.722 55.796 55.806 55.808 55.821 55.836 55.852 55.862 55.908 55.928 55.938 55.938 55.952 55.958 55.972 56.062 56.076 56.076 56.191 56.219 56.323 56.341 56.345 56.415 56.543 56.624 56.854 56.918 56.96 56.965 57.059 57.079 57.11 57.288 57.343 57.345 57.427 57.432 57.517 57.548 57.55 57.57 57.662 57.672 57.774 57.787 57.934 57.943 57.947 58.036 58.182 58.267 58.404 58.476 58.633 58.689 58.696 58.739 58.863 58.874 58.977 59.001 59.011 59.035 59.226 59.251 59.29 59.305 59.34 59.342 59.362 59.504 59.508 59.564 59.693 59.749 59.831 59.945 60.216 60.224 60.266 60.442 60.503 60.671 60.961 61.02 61.056 61.178 61.272 61.402 61.415 61.966 62.016 62.542 62.567 62.663 62.696 62.814 62.846 62.922 63.301 63.411 63.48 63.834 63.915 64.176 64.444 64.684 64.807 64.993 65.21 65.217 65.537 66.302 68.221 68.439 68.61 68.66 68.998 69.078 70.378 70.538 70.927 71.465 71.821 72.083 72.456 72.588 73.788 75.271 77.725 91.958 93.573 95.142 95.654 96.103 96.42 96.91 97.442 97.631 97.679 97.779 97.816 97.908 98.196 98.22 98.313 98.324 98.336 98.513 98.886 98.922 99.56 99.595 99.8 100.029 100.041 100.413 100.674 100.874 100.967 101.68 101.708 102.563 103.3 103.974 105.453 105.694 106.291 112.101 113.856 114.161 114.234 115.942 117.212 117.697 138.842 262.186 288.59 3908.65

Time elapsed stats:
  sum  58066.8 us
  avg  58.0668 us
  max  3908.65 us
  min  44.478 us

Removing top/bottom-5:
  sum  53126.8 us
  avg  53.6634 us
  max  117.212 us
  min  45.042 us

Num files at level --
  0: 9
  1: 19
  2: 12
  3: 0
  4: 0
  5: 0
  6: 0

Stats --
                               Compactions
Level  Files Size(MB) Time(sec) Read(MB) Write(MB)
--------------------------------------------------
  0        9       36         0        0         0
  1       19       36         0        0         0
  2       12       24         0        0         0

SSTables --
--- level 0 ---
 92:4124646['user10046604894068544' @ 9635 : 1 .. 'user971136347768642592' @ 9667 : 1]
 89:4205685['user1005640680888162' @ 8874 : 1 .. 'user960084102193685886' @ 8906 : 1]
 85:4204932['user1005972966029934054' @ 8047 : 1 .. 'user994579075160678783' @ 7972 : 1]
 81:4205504['user1006191281247775937' @ 7456 : 1 .. 'user982188593343599298' @ 7368 : 1]
 78:4205619['user1006532926542074502' @ 6714 : 1 .. 'user99137614613375737' @ 6928 : 1]
 83:4205080['user1018363447847013539' @ 7865 : 1 .. 'user993800799430696452' @ 7820 : 1]
 58:4205091['user1019483368871294435' @ 6367 : 1 .. 'user994360759942836900' @ 6491 : 1]
 91:4205756['user1044594160504054184' @ 9234 : 1 .. 'user95229708324090387' @ 9196 : 1]
 87:4205838['user1050400263547602761' @ 8556 : 1 .. 'user935751586290908468' @ 8619 : 1]
--- level 1 ---
 56:2107550['user1006751241759916385' @ 6221 : 1 .. 'user1498736710723774180' @ 4061 : 1]
 59:2107519['user1499296671235914628' @ 2800 : 1 .. 'user1940937226857796243' @ 3609 : 1]
 60:2107462['user1941497187369936691' @ 3402 : 1 .. 'user2429916395338807701' @ 3442 : 1]
 61:2107602['user2430134710556649584' @ 4885 : 1 .. 'user2893101481598462280' @ 4780 : 1]
 62:2107507['user2895889466863466734' @ 3822 : 1 .. 'user3335631825731085122' @ 5111 : 1]
 63:2107680['user3336191786243225570' @ 5762 : 1 .. 'user3810210802859994972' @ 2664 : 1]
 64:2107439['user3810429118077836855' @ 3175 : 1 .. 'user4256537540501144268' @ 6053 : 1]
 65:2107572['user4257097501013284716' @ 5270 : 1 .. 'user4760135215552099217' @ 2697 : 1]
 66:2107491['user4764821397571366898' @ 2517 : 1 .. 'user5211708095724656642' @ 5413 : 1]
 67:2107613['user5212049741018955207' @ 5233 : 1 .. 'user5623208460573458061' @ 4765 : 1]
 68:2107496['user5623768421085598509' @ 6064 : 1 .. 'user6131835534764733457' @ 4229 : 1]
 69:2107420['user6132395495276873905' @ 5110 : 1 .. 'user6533061929768560501' @ 3508 : 1]
 70:2107414['user65420917376365171' @ 3918 : 1 .. 'user7021699452955273394' @ 6015 : 1]
 71:2107611['user7030293541263826425' @ 5829 : 1 .. 'user7488014169774230992' @ 3403 : 1]
 72:1895765['user7488232484992072875' @ 4916 : 1 .. 'user7891251846139834360' @ 4796 : 1]
 73:2107521['user7900965855472668287' @ 4966 : 1 .. 'user8384575551345814934' @ 3899 : 1]
 74:2107482['user8384917196640113499' @ 2579 : 1 .. 'user8794955995170335457' @ 5853 : 1]
 75:2107295['user8795515955682475905' @ 5104 : 1 .. 'user979960568590735292' @ 3463 : 1]
 76:121025['user982748553855739746' @ 5015 : 1 .. 'user997378877721381023' @ 3797 : 1]
--- level 2 ---
 36:2107527['user1000385178204227360' @ 6 : 1 .. 'user1715321609418666813' @ 1633 : 1]
 45:2107432['user1715539924636508696' @ 2150 : 1 .. 'user2419424110275991443' @ 2320 : 1]
 46:2107346['user2422430410758837780' @ 1503 : 1 .. 'user3111914405046218919' @ 615 : 1]
 47:2107429['user3112132720264060802' @ 104 : 1 .. 'user3832315294009908384' @ 2078 : 1]
 48:2107491['user3835881555004895169' @ 1024 : 1 .. 'user4515091579447301933' @ 169 : 1]
 49:2107419['user4515651539959442381' @ 922 : 1 .. 'user5219194080304626563' @ 398 : 1]
 50:2107468['user5223101986593911913' @ 1398 : 1 .. 'user5911684375074854039' @ 2219 : 1]
 51:2107281['user5912804296099134935' @ 713 : 1 .. 'user6525357629970748697' @ 1972 : 1]
 52:2107377['user6525917590482889145' @ 67 : 1 .. 'user7230580051852354223' @ 1081 : 1]
 53:2107438['user7230798367070196106' @ 1614 : 1 .. 'user789388067335041421' @ 1243 : 1]
 54:2107349['user7908110194758339643' @ 1689 : 1 .. 'user8637323487248424022' @ 309 : 1]
 55:2046806['user8637665132542722587' @ 97 : 1 .. 'user996258956697100127' @ 1207 : 1]
--- level 3 ---
--- level 4 ---
--- level 5 ---
--- level 6 ---

