Finished 1000 requests.

Sorted time elapsed:
 23.899 24.035 24.092 24.114 24.186 24.204 24.27 24.292 24.292 24.311 24.315 24.353 24.37 24.387 24.387 24.395 24.399 24.429 24.433 24.437 24.44 24.449 24.495 24.517 24.527 24.537 24.545 24.561 24.585 24.593 24.605 24.617 24.633 24.639 24.643 24.664 24.665 24.665 24.683 24.684 24.685 24.687 24.703 24.711 24.717 24.738 24.743 24.745 24.758 24.758 24.76 24.764 24.765 24.767 24.792 24.8 24.826 24.828 24.876 24.876 24.878 24.886 24.922 24.954 24.97 25.006 25.016 25.02 25.03 25.032 25.06 25.137 25.139 25.147 25.165 25.176 25.19 25.196 25.204 25.224 25.245 25.256 25.257 25.261 25.269 25.276 25.277 25.28 25.293 25.302 25.335 25.335 25.347 25.355 25.367 25.377 25.387 25.391 25.397 25.405 25.407 25.411 25.425 25.425 25.427 25.427 25.433 25.445 25.451 25.453 25.465 25.473 25.475 25.475 25.477 25.478 25.485 25.488 25.489 25.491 25.498 25.503 25.518 25.519 25.521 25.522 25.524 25.525 25.525 25.526 25.557 25.559 25.576 25.579 25.597 25.614 25.617 25.668 25.668 25.683 25.683 25.69 25.696 25.698 25.706 25.714 25.718 25.732 25.736 25.736 25.741 25.744 25.746 25.752 25.778 25.786 25.79 25.802 25.808 25.812 25.814 25.816 25.826 25.84 25.854 25.866 25.88 25.882 25.889 25.897 25.898 25.904 25.904 25.912 25.924 25.93 25.932 25.94 25.956 25.968 25.988 25.991 25.994 25.997 26.003 26.031 26.037 26.074 26.077 26.079 26.107 26.113 26.134 26.141 26.143 26.167 26.172 26.201 26.203 26.205 26.213 26.229 26.235 26.241 26.257 26.265 26.277 26.287 26.325 26.326 26.333 26.339 26.343 26.344 26.353 26.362 26.365 26.365 26.367 26.371 26.388 26.393 26.401 26.41 26.412 26.421 26.425 26.427 26.437 26.438 26.448 26.45 26.451 26.452 26.471 26.474 26.476 26.477 26.487 26.501 26.507 26.512 26.522 26.53 26.53 26.546 26.548 26.55 26.552 26.554 26.556 26.56 26.56 26.581 26.585 26.586 26.596 26.597 26.598 26.601 26.602 26.614 26.616 26.626 26.629 26.63 26.63 26.632 26.634 26.636 26.652 26.654 26.658 26.66 26.668 26.672 26.674 26.674 26.674 26.676 26.68 26.686 26.694 26.698 26.706 26.706 26.708 26.71 26.712 26.72 26.72 26.722 26.734 26.74 26.742 26.746 26.75 26.752 26.758 26.758 26.76 26.764 26.765 26.776 26.78 26.803 26.806 26.814 26.824 26.826 26.829 26.831 26.84 26.84 26.842 26.844 26.858 26.873 26.873 26.885 26.885 26.885 26.886 26.901 26.916 26.922 26.924 26.926 26.927 26.927 26.928 26.932 26.939 26.949 26.95 26.956 26.959 26.959 26.96 26.961 26.968 26.969 26.975 26.979 26.985 26.985 26.985 26.987 26.987 26.989 26.991 26.995 27.002 27.006 27.006 27.016 27.021 27.023 27.035 27.035 27.035 27.037 27.039 27.043 27.045 27.045 27.051 27.053 27.053 27.071 27.073 27.079 27.081 27.085 27.085 27.091 27.095 27.099 27.099 27.101 27.119 27.119 27.119 27.128 27.135 27.139 27.15 27.157 27.159 27.159 27.16 27.165 27.177 27.177 27.181 27.183 27.185 27.193 27.199 27.199 27.208 27.209 27.212 27.213 27.214 27.224 27.228 27.229 27.238 27.241 27.242 27.245 27.245 27.255 27.261 27.265 27.265 27.265 27.27 27.276 27.28 27.284 27.296 27.296 27.3 27.3 27.302 27.306 27.307 27.309 27.315 27.319 27.324 27.327 27.327 27.331 27.332 27.337 27.337 27.347 27.356 27.356 27.367 27.374 27.382 27.387 27.397 27.41 27.412 27.414 27.422 27.426 27.432 27.45 27.452 27.454 27.46 27.46 27.462 27.467 27.47 27.478 27.482 27.484 27.484 27.486 27.487 27.488 27.488 27.492 27.494 27.496 27.496 27.498 27.51 27.514 27.516 27.53 27.538 27.538 27.541 27.542 27.548 27.55 27.558 27.562 27.572 27.574 27.576 27.584 27.584 27.584 27.59 27.602 27.604 27.608 27.61 27.618 27.619 27.624 27.628 27.629 27.638 27.644 27.649 27.65 27.653 27.654 27.663 27.666 27.667 27.673 27.684 27.699 27.7 27.701 27.701 27.712 27.716 27.718 27.718 27.718 27.723 27.729 27.732 27.742 27.75 27.757 27.768 27.773 27.776 27.782 27.786 27.787 27.788 27.795 27.796 27.802 27.813 27.815 27.822 27.84 27.841 27.843 27.853 27.855 27.859 27.863 27.871 27.873 27.889 27.893 27.907 27.909 27.923 27.929 27.929 27.933 27.933 27.937 27.971 27.979 27.983 27.983 27.987 27.987 27.997 28 28.007 28.013 28.016 28.017 28.023 28.027 28.029 28.029 28.031 28.043 28.053 28.057 28.059 28.065 28.083 28.1 28.103 28.111 28.124 28.156 28.166 28.195 28.197 28.199 28.2 28.201 28.202 28.214 28.226 28.242 28.261 28.272 28.276 28.28 28.29 28.307 28.322 28.329 28.356 28.388 28.388 28.39 28.398 28.412 28.418 28.424 28.424 28.426 28.446 28.45 28.46 28.47 28.472 28.476 28.485 28.488 28.489 28.497 28.522 28.524 28.526 28.526 28.536 28.541 28.548 28.556 28.557 28.558 28.581 28.584 28.597 28.6 28.616 28.626 28.627 28.628 28.653 28.673 28.674 28.68 28.713 28.719 28.725 28.731 28.733 28.735 28.743 28.745 28.749 28.769 28.771 28.779 28.789 28.795 28.797 28.799 28.801 28.807 28.821 28.833 28.837 28.839 28.845 28.859 28.867 28.873 28.913 28.917 28.925 28.926 28.931 28.935 28.935 28.942 28.943 28.951 28.959 28.968 28.993 28.996 28.996 29.001 29.012 29.028 29.029 29.049 29.051 29.061 29.073 29.092 29.097 29.097 29.1 29.1 29.108 29.113 29.129 29.146 29.151 29.154 29.158 29.202 29.208 29.22 29.224 29.244 29.254 29.278 29.284 29.291 29.296 29.332 29.335 29.343 29.359 29.382 29.384 29.388 29.419 29.432 29.439 29.44 29.46 29.485 29.489 29.494 29.494 29.509 29.522 29.545 29.547 29.549 29.551 29.559 29.579 29.586 29.607 29.619 29.631 29.659 29.663 29.681 29.687 29.687 29.711 29.711 29.745 29.778 29.831 29.839 29.876 29.904 29.913 29.925 29.95 29.962 29.986 30.004 30.009 30.04 30.082 30.112 30.112 30.132 30.15 30.186 30.216 30.232 30.246 30.268 30.293 30.31 30.313 30.321 30.347 30.363 30.369 30.371 30.382 30.405 30.409 30.439 30.442 30.458 30.459 30.513 30.623 30.781 30.794 30.847 31.016 31.13 31.353 32.137 32.199 32.293 32.447 32.63 32.826 33.337 33.79 33.983 34.083 34.208 34.248 34.251 34.27 34.288 34.536 34.705 34.737 34.795 34.815 34.845 34.955 35.166 35.2 35.233 35.384 35.418 35.455 35.525 35.733 35.862 36.062 36.72 36.818 36.89 36.901 36.942 37.23 37.439 37.505 37.578 37.798 37.962 38.062 38.1 38.183 38.201 38.271 38.832 39.45 39.498 39.525 39.624 40.143 40.635 42.306 43.301 43.6 43.725 44.621 44.823 45.093 45.257 45.374 45.566 45.57 45.574 45.65 45.778 46.035 46.043 46.224 46.343 46.348 46.404 46.585 46.901 46.957 47.055 47.142 47.285 47.322 47.542 47.615 47.659 47.784 47.972 48.003 48.172 48.208 48.236 48.324 48.429 48.484 48.533 48.613 48.722 48.81 48.882 48.958 49.126 49.143 49.202 49.218 49.27 49.271 49.286 49.299 49.303 49.363 49.391 49.539 49.539 49.547 49.611 49.652 49.668 49.704 49.763 49.768 49.768 49.776 49.784 49.815 49.977 50.008 50.021 50.145 50.189 50.794 50.906 50.934 50.954 50.983 51.071 51.131 51.163 51.167 51.292 51.392 51.415 51.728 51.748 51.756 51.76 51.772 51.828 51.832 51.969 51.969 52.037 52.093 52.101 52.265 52.277 52.322 52.35 52.382 52.446 52.59 52.59 52.63 52.647 52.699 52.791 52.907 52.927 52.959 53.027 53.156 53.2 53.204 53.376 53.388 53.448 53.886 53.889 53.901 53.933 54.587 54.844 55.02 55.381 56.363 58.348 59.699 59.884 63.035 63.087 64.61 67.475 68.147 73.274 74.12 74.902 93.377 140.76 321.202 2396.53

Time elapsed stats:
  sum  33905.9 us
  avg  33.9059 us
  max  2396.53 us
  min  23.899 us

Removing top/bottom-5:
  sum  30758.8 us
  avg  31.0695 us
  max  74.12 us
  min  24.204 us

Num files at level --
  0: 9
  1: 19
  2: 12
  3: 0
  4: 0
  5: 0
  6: 0

Stats --
                               Compactions
Level  Files Size(MB) Time(sec) Read(MB) Write(MB)
--------------------------------------------------
  0        9       36         0        0         0
  1       19       36         0        0         0
  2       12       24         0        0         0

SSTables --
--- level 0 ---
 92:4124646['user10046604894068544' @ 9635 : 1 .. 'user971136347768642592' @ 9667 : 1]
 89:4205685['user1005640680888162' @ 8874 : 1 .. 'user960084102193685886' @ 8906 : 1]
 85:4204932['user1005972966029934054' @ 8047 : 1 .. 'user994579075160678783' @ 7972 : 1]
 81:4205504['user1006191281247775937' @ 7456 : 1 .. 'user982188593343599298' @ 7368 : 1]
 78:4205619['user1006532926542074502' @ 6714 : 1 .. 'user99137614613375737' @ 6928 : 1]
 83:4205080['user1018363447847013539' @ 7865 : 1 .. 'user993800799430696452' @ 7820 : 1]
 58:4205091['user1019483368871294435' @ 6367 : 1 .. 'user994360759942836900' @ 6491 : 1]
 91:4205756['user1044594160504054184' @ 9234 : 1 .. 'user95229708324090387' @ 9196 : 1]
 87:4205838['user1050400263547602761' @ 8556 : 1 .. 'user935751586290908468' @ 8619 : 1]
--- level 1 ---
 56:2107550['user1006751241759916385' @ 6221 : 1 .. 'user1498736710723774180' @ 4061 : 1]
 59:2107519['user1499296671235914628' @ 2800 : 1 .. 'user1940937226857796243' @ 3609 : 1]
 60:2107462['user1941497187369936691' @ 3402 : 1 .. 'user2429916395338807701' @ 3442 : 1]
 61:2107602['user2430134710556649584' @ 4885 : 1 .. 'user2893101481598462280' @ 4780 : 1]
 62:2107507['user2895889466863466734' @ 3822 : 1 .. 'user3335631825731085122' @ 5111 : 1]
 63:2107680['user3336191786243225570' @ 5762 : 1 .. 'user3810210802859994972' @ 2664 : 1]
 64:2107439['user3810429118077836855' @ 3175 : 1 .. 'user4256537540501144268' @ 6053 : 1]
 65:2107572['user4257097501013284716' @ 5270 : 1 .. 'user4760135215552099217' @ 2697 : 1]
 66:2107491['user4764821397571366898' @ 2517 : 1 .. 'user5211708095724656642' @ 5413 : 1]
 67:2107613['user5212049741018955207' @ 5233 : 1 .. 'user5623208460573458061' @ 4765 : 1]
 68:2107496['user5623768421085598509' @ 6064 : 1 .. 'user6131835534764733457' @ 4229 : 1]
 69:2107420['user6132395495276873905' @ 5110 : 1 .. 'user6533061929768560501' @ 3508 : 1]
 70:2107414['user65420917376365171' @ 3918 : 1 .. 'user7021699452955273394' @ 6015 : 1]
 71:2107611['user7030293541263826425' @ 5829 : 1 .. 'user7488014169774230992' @ 3403 : 1]
 72:1895765['user7488232484992072875' @ 4916 : 1 .. 'user7891251846139834360' @ 4796 : 1]
 73:2107521['user7900965855472668287' @ 4966 : 1 .. 'user8384575551345814934' @ 3899 : 1]
 74:2107482['user8384917196640113499' @ 2579 : 1 .. 'user8794955995170335457' @ 5853 : 1]
 75:2107295['user8795515955682475905' @ 5104 : 1 .. 'user979960568590735292' @ 3463 : 1]
 76:121025['user982748553855739746' @ 5015 : 1 .. 'user997378877721381023' @ 3797 : 1]
--- level 2 ---
 36:2107527['user1000385178204227360' @ 6 : 1 .. 'user1715321609418666813' @ 1633 : 1]
 45:2107432['user1715539924636508696' @ 2150 : 1 .. 'user2419424110275991443' @ 2320 : 1]
 46:2107346['user2422430410758837780' @ 1503 : 1 .. 'user3111914405046218919' @ 615 : 1]
 47:2107429['user3112132720264060802' @ 104 : 1 .. 'user3832315294009908384' @ 2078 : 1]
 48:2107491['user3835881555004895169' @ 1024 : 1 .. 'user4515091579447301933' @ 169 : 1]
 49:2107419['user4515651539959442381' @ 922 : 1 .. 'user5219194080304626563' @ 398 : 1]
 50:2107468['user5223101986593911913' @ 1398 : 1 .. 'user5911684375074854039' @ 2219 : 1]
 51:2107281['user5912804296099134935' @ 713 : 1 .. 'user6525357629970748697' @ 1972 : 1]
 52:2107377['user6525917590482889145' @ 67 : 1 .. 'user7230580051852354223' @ 1081 : 1]
 53:2107438['user7230798367070196106' @ 1614 : 1 .. 'user789388067335041421' @ 1243 : 1]
 54:2107349['user7908110194758339643' @ 1689 : 1 .. 'user8637323487248424022' @ 309 : 1]
 55:2046806['user8637665132542722587' @ 97 : 1 .. 'user996258956697100127' @ 1207 : 1]
--- level 3 ---
--- level 4 ---
--- level 5 ---
--- level 6 ---

