Finished 1000 requests.

Sorted time elapsed:
 14.865 14.965 14.969 15.001 15.003 15.011 15.021 15.029 15.051 15.097 15.101 15.103 15.115 15.135 15.153 15.203 15.212 15.223 15.225 15.246 15.265 15.268 15.272 15.272 15.283 15.319 15.32 15.322 15.34 15.365 15.384 15.386 15.406 15.416 15.474 15.498 15.512 15.563 15.829 15.897 15.943 15.959 15.959 15.996 16.015 16.022 16.035 16.039 16.043 16.045 16.079 16.091 16.114 16.115 16.129 16.148 16.149 16.149 16.151 16.16 16.169 16.187 16.194 16.199 16.201 16.21 16.21 16.212 16.212 16.216 16.22 16.227 16.234 16.234 16.238 16.239 16.242 16.243 16.248 16.259 16.26 16.268 16.274 16.28 16.281 16.284 16.294 16.306 16.309 16.322 16.326 16.326 16.328 16.334 16.338 16.362 16.365 16.368 16.376 16.382 16.39 16.394 16.4 16.404 16.412 16.438 16.482 16.484 16.492 16.514 16.516 16.518 16.605 16.617 16.643 16.669 16.671 16.674 16.703 16.711 16.718 16.723 16.731 16.737 16.753 16.755 16.755 16.763 16.767 16.777 16.791 16.797 16.804 16.805 16.807 16.817 16.829 16.833 16.833 16.853 16.853 16.857 16.865 16.867 16.869 16.872 16.876 16.877 16.879 16.879 16.893 16.898 16.904 16.904 16.905 16.906 16.911 16.929 16.929 16.933 16.935 16.947 16.955 16.966 16.969 16.969 16.974 16.985 16.99 16.992 16.995 16.998 17.002 17.004 17.005 17.006 17.007 17.01 17.019 17.024 17.028 17.028 17.028 17.029 17.03 17.031 17.032 17.044 17.047 17.06 17.06 17.067 17.068 17.073 17.08 17.082 17.084 17.085 17.086 17.089 17.09 17.092 17.094 17.095 17.096 17.098 17.101 17.109 17.11 17.111 17.113 17.114 17.115 17.118 17.119 17.122 17.122 17.124 17.129 17.134 17.135 17.139 17.15 17.156 17.158 17.158 17.16 17.162 17.172 17.172 17.178 17.178 17.18 17.186 17.19 17.198 17.204 17.204 17.208 17.216 17.218 17.226 17.226 17.226 17.234 17.252 17.255 17.258 17.276 17.278 17.278 17.29 17.292 17.298 17.343 17.395 17.411 17.422 17.425 17.433 17.44 17.446 17.485 17.485 17.541 17.541 17.59 17.607 17.614 17.688 17.708 17.711 17.731 17.747 17.769 17.799 17.815 17.823 17.823 17.832 17.85 17.853 17.857 17.892 17.908 17.92 17.922 17.924 17.929 17.93 17.93 17.931 17.96 17.968 17.969 17.982 17.986 17.986 17.994 17.996 17.998 18 18.008 18.008 18.008 18.01 18.016 18.022 18.03 18.036 18.036 18.046 18.054 18.056 18.056 18.068 18.07 18.076 18.085 18.088 18.088 18.093 18.098 18.098 18.1 18.1 18.106 18.11 18.114 18.12 18.121 18.123 18.126 18.132 18.136 18.137 18.138 18.14 18.146 18.147 18.156 18.156 18.181 18.186 18.2 18.202 18.202 18.209 18.214 18.218 18.221 18.227 18.228 18.228 18.232 18.235 18.237 18.24 18.24 18.242 18.243 18.251 18.252 18.256 18.261 18.273 18.279 18.292 18.296 18.296 18.299 18.3 18.303 18.304 18.304 18.309 18.318 18.32 18.334 18.342 18.348 18.352 18.357 18.363 18.385 18.399 18.439 18.465 18.485 18.493 18.493 18.537 18.547 18.549 18.559 18.566 18.566 18.573 18.581 18.585 18.616 18.617 18.619 18.629 18.639 18.649 18.669 18.669 18.669 18.672 18.693 18.695 18.699 18.707 18.721 18.726 18.735 18.74 18.749 18.752 18.753 18.756 18.763 18.766 18.767 18.771 18.771 18.772 18.772 18.776 18.778 18.778 18.779 18.785 18.788 18.791 18.792 18.798 18.801 18.806 18.811 18.814 18.817 18.818 18.824 18.836 18.838 18.842 18.842 18.844 18.844 18.845 18.846 18.848 18.852 18.852 18.853 18.854 18.854 18.856 18.856 18.857 18.858 18.862 18.862 18.864 18.866 18.866 18.866 18.868 18.868 18.868 18.87 18.87 18.872 18.88 18.88 18.882 18.884 18.884 18.887 18.89 18.89 18.904 18.904 18.908 18.91 18.912 18.92 18.936 18.936 18.942 18.942 18.942 18.952 18.954 18.958 18.958 18.958 18.966 18.968 18.968 18.972 18.972 18.974 18.976 18.976 18.976 18.98 18.98 18.988 18.988 18.991 18.992 18.998 18.999 19 19.003 19.004 19.005 19.008 19.014 19.014 19.016 19.018 19.031 19.04 19.054 19.056 19.058 19.068 19.074 19.095 19.128 19.147 19.169 19.183 19.211 19.225 19.235 19.61 19.766 19.776 19.853 19.866 19.878 19.932 19.939 19.941 19.982 20.001 20.007 20.024 20.026 20.044 20.055 20.057 20.059 20.072 20.074 20.085 20.086 20.094 20.099 20.111 20.119 20.121 20.132 20.134 20.137 20.147 20.152 20.154 20.157 20.167 20.197 20.211 20.212 20.227 20.255 20.267 20.277 20.297 20.309 20.325 20.388 20.395 20.467 21.018 21.029 21.054 21.129 21.146 21.157 21.182 21.185 21.186 21.189 21.199 21.202 21.224 21.232 21.234 21.239 21.242 21.244 21.257 21.262 21.267 21.27 21.277 21.282 21.287 21.289 21.292 21.297 21.3 21.307 21.307 21.307 21.315 21.317 21.33 21.33 21.332 21.339 21.34 21.34 21.347 21.352 21.362 21.363 21.372 21.385 21.389 21.392 21.399 21.4 21.4 21.4 21.415 21.415 21.417 21.425 21.428 21.442 21.46 21.479 21.483 21.497 21.502 21.51 21.558 21.58 21.603 21.625 21.65 21.781 22.119 22.126 22.156 22.167 22.179 22.187 22.187 22.187 22.194 22.2 22.224 22.226 22.23 22.231 22.234 22.242 22.247 22.249 22.254 22.261 22.262 22.267 22.269 22.272 22.274 22.277 22.279 22.281 22.284 22.289 22.297 22.297 22.302 22.309 22.309 22.315 22.324 22.326 22.327 22.332 22.334 22.342 22.354 22.354 22.365 22.372 22.385 22.389 22.392 22.402 22.407 22.417 22.417 22.42 22.427 22.434 22.437 22.44 22.442 22.442 22.445 22.447 22.465 22.469 22.474 22.477 22.498 22.517 22.518 22.52 22.522 22.524 22.525 22.525 22.528 22.543 22.545 22.547 22.555 22.568 22.572 22.577 22.585 22.59 22.595 22.598 22.605 22.612 22.615 22.628 22.635 22.65 22.652 22.66 22.672 22.683 22.685 22.7 22.703 22.718 22.721 22.748 22.75 22.786 22.788 22.79 22.8 22.81 22.823 22.901 22.906 22.916 22.921 23.041 23.108 23.15 23.309 23.412 23.455 23.49 23.525 23.535 23.575 23.585 23.592 23.6 23.705 23.707 23.708 23.725 23.753 23.758 23.768 23.77 23.795 23.807 23.813 23.825 23.833 23.878 23.898 23.898 23.903 23.908 23.91 23.945 23.958 23.963 23.976 23.98 23.995 24.004 24.031 24.049 24.064 24.066 24.069 24.078 24.099 24.111 24.116 24.121 24.251 24.251 24.426 24.429 24.431 24.442 24.447 24.456 24.46 24.467 24.469 24.479 24.482 24.502 24.502 24.517 24.52 24.522 24.524 24.54 24.544 24.545 24.55 24.55 24.552 24.554 24.564 24.567 24.597 24.612 24.617 24.637 24.643 24.65 24.653 24.665 24.678 24.682 24.752 24.76 24.765 24.775 24.792 24.807 24.836 24.852 24.906 24.938 24.99 25.001 25.003 25.005 25.046 25.192 25.492 25.572 25.637 25.72 26.364 26.477 26.642 26.913 27.071 27.073 27.213 27.475 27.776 28.176 28.634 28.637 28.653 28.706 28.747 28.82 28.82 28.911 29.428 29.87 29.89 30.03 30.043 30.059 30.074 30.077 30.098 30.103 30.136 30.166 30.201 30.208 30.227 30.24 30.248 30.257 30.274 30.289 30.296 30.387 30.408 30.438 30.442 30.455 30.478 30.511 30.565 30.605 30.66 30.73 30.752 30.798 30.945 30.988 31.037 31.069 31.424 31.583 31.605 31.656 31.66 31.663 31.69 31.703 31.72 31.728 31.787 31.79 31.801 31.818 31.885 31.937 31.963 31.987 32.016 32.217 32.234 32.265 32.267 32.858 33.077 33.117 33.153 33.194 33.201 33.224 33.262 33.277 33.278 33.292 33.293 33.299 33.305 33.307 33.31 33.314 33.314 33.321 33.398 33.415 33.434 33.434 33.434 33.451 33.457 33.474 33.518 33.518 33.623 33.729 33.773 33.922 34.637 35.219 37.816 39.534 40.517 44.651 46.456 65.746 68.045 2413.09

Time elapsed stats:
  sum  23385 us
  avg  23.385 us
  max  2413.09 us
  min  14.865 us

Removing top/bottom-5:
  sum  20672.2 us
  avg  20.881 us
  max  40.517 us
  min  15.011 us

Num files at level --
  0: 9
  1: 19
  2: 12
  3: 0
  4: 0
  5: 0
  6: 0

Stats --
                               Compactions
Level  Files Size(MB) Time(sec) Read(MB) Write(MB)
--------------------------------------------------
  0        9       36         0        0         0
  1       19       36         0        0         0
  2       12       24         0        0         0

SSTables --
--- level 0 ---
 92:4124646['user10046604894068544' @ 9635 : 1 .. 'user971136347768642592' @ 9667 : 1]
 89:4205685['user1005640680888162' @ 8874 : 1 .. 'user960084102193685886' @ 8906 : 1]
 85:4204932['user1005972966029934054' @ 8047 : 1 .. 'user994579075160678783' @ 7972 : 1]
 81:4205504['user1006191281247775937' @ 7456 : 1 .. 'user982188593343599298' @ 7368 : 1]
 78:4205619['user1006532926542074502' @ 6714 : 1 .. 'user99137614613375737' @ 6928 : 1]
 83:4205080['user1018363447847013539' @ 7865 : 1 .. 'user993800799430696452' @ 7820 : 1]
 58:4205091['user1019483368871294435' @ 6367 : 1 .. 'user994360759942836900' @ 6491 : 1]
 91:4205756['user1044594160504054184' @ 9234 : 1 .. 'user95229708324090387' @ 9196 : 1]
 87:4205838['user1050400263547602761' @ 8556 : 1 .. 'user935751586290908468' @ 8619 : 1]
--- level 1 ---
 56:2107550['user1006751241759916385' @ 6221 : 1 .. 'user1498736710723774180' @ 4061 : 1]
 59:2107519['user1499296671235914628' @ 2800 : 1 .. 'user1940937226857796243' @ 3609 : 1]
 60:2107462['user1941497187369936691' @ 3402 : 1 .. 'user2429916395338807701' @ 3442 : 1]
 61:2107602['user2430134710556649584' @ 4885 : 1 .. 'user2893101481598462280' @ 4780 : 1]
 62:2107507['user2895889466863466734' @ 3822 : 1 .. 'user3335631825731085122' @ 5111 : 1]
 63:2107680['user3336191786243225570' @ 5762 : 1 .. 'user3810210802859994972' @ 2664 : 1]
 64:2107439['user3810429118077836855' @ 3175 : 1 .. 'user4256537540501144268' @ 6053 : 1]
 65:2107572['user4257097501013284716' @ 5270 : 1 .. 'user4760135215552099217' @ 2697 : 1]
 66:2107491['user4764821397571366898' @ 2517 : 1 .. 'user5211708095724656642' @ 5413 : 1]
 67:2107613['user5212049741018955207' @ 5233 : 1 .. 'user5623208460573458061' @ 4765 : 1]
 68:2107496['user5623768421085598509' @ 6064 : 1 .. 'user6131835534764733457' @ 4229 : 1]
 69:2107420['user6132395495276873905' @ 5110 : 1 .. 'user6533061929768560501' @ 3508 : 1]
 70:2107414['user65420917376365171' @ 3918 : 1 .. 'user7021699452955273394' @ 6015 : 1]
 71:2107611['user7030293541263826425' @ 5829 : 1 .. 'user7488014169774230992' @ 3403 : 1]
 72:1895765['user7488232484992072875' @ 4916 : 1 .. 'user7891251846139834360' @ 4796 : 1]
 73:2107521['user7900965855472668287' @ 4966 : 1 .. 'user8384575551345814934' @ 3899 : 1]
 74:2107482['user8384917196640113499' @ 2579 : 1 .. 'user8794955995170335457' @ 5853 : 1]
 75:2107295['user8795515955682475905' @ 5104 : 1 .. 'user979960568590735292' @ 3463 : 1]
 76:121025['user982748553855739746' @ 5015 : 1 .. 'user997378877721381023' @ 3797 : 1]
--- level 2 ---
 36:2107527['user1000385178204227360' @ 6 : 1 .. 'user1715321609418666813' @ 1633 : 1]
 45:2107432['user1715539924636508696' @ 2150 : 1 .. 'user2419424110275991443' @ 2320 : 1]
 46:2107346['user2422430410758837780' @ 1503 : 1 .. 'user3111914405046218919' @ 615 : 1]
 47:2107429['user3112132720264060802' @ 104 : 1 .. 'user3832315294009908384' @ 2078 : 1]
 48:2107491['user3835881555004895169' @ 1024 : 1 .. 'user4515091579447301933' @ 169 : 1]
 49:2107419['user4515651539959442381' @ 922 : 1 .. 'user5219194080304626563' @ 398 : 1]
 50:2107468['user5223101986593911913' @ 1398 : 1 .. 'user5911684375074854039' @ 2219 : 1]
 51:2107281['user5912804296099134935' @ 713 : 1 .. 'user6525357629970748697' @ 1972 : 1]
 52:2107377['user6525917590482889145' @ 67 : 1 .. 'user7230580051852354223' @ 1081 : 1]
 53:2107438['user7230798367070196106' @ 1614 : 1 .. 'user789388067335041421' @ 1243 : 1]
 54:2107349['user7908110194758339643' @ 1689 : 1 .. 'user8637323487248424022' @ 309 : 1]
 55:2046806['user8637665132542722587' @ 97 : 1 .. 'user996258956697100127' @ 1207 : 1]
--- level 3 ---
--- level 4 ---
--- level 5 ---
--- level 6 ---

