Finished 1000 requests.

Sorted time elapsed:
 52.49 52.973 53.017 53.131 53.205 53.222 53.482 53.482 53.491 53.504 53.575 53.601 53.644 53.66 53.838 53.842 53.845 53.852 53.887 53.923 53.937 53.961 53.996 54.044 54.05 54.078 54.08 54.104 54.126 54.136 54.176 54.184 54.196 54.206 54.22 54.282 54.284 54.33 54.346 54.35 54.354 54.379 54.397 54.491 54.493 54.494 54.499 54.538 54.589 54.607 54.617 54.627 54.629 54.637 54.661 54.667 54.679 54.689 54.705 54.707 54.711 54.731 54.736 54.737 54.755 54.775 54.793 54.799 54.818 54.837 54.839 54.854 54.873 54.875 54.891 54.926 54.937 54.958 54.976 54.996 55.006 55.01 55.014 55.024 55.04 55.064 55.074 55.09 55.092 55.135 55.159 55.162 55.206 55.21 55.232 55.237 55.239 55.252 55.273 55.285 55.337 55.349 55.351 55.353 55.391 55.4 55.407 55.475 55.475 55.499 55.505 55.507 55.523 55.529 55.533 55.549 55.556 55.571 55.583 55.583 55.589 55.591 55.601 55.636 55.637 55.638 55.64 55.646 55.663 55.671 55.672 55.677 55.69 55.695 55.709 55.733 55.739 55.754 55.77 55.77 55.774 55.776 55.783 55.787 55.798 55.804 55.806 55.812 55.846 55.848 55.853 55.854 55.874 55.882 55.886 55.894 55.896 55.898 55.902 55.922 55.922 55.93 55.932 55.95 55.96 55.961 55.97 55.994 55.994 55.994 55.997 56.018 56.02 56.022 56.03 56.038 56.048 56.052 56.059 56.063 56.063 56.081 56.083 56.097 56.106 56.11 56.129 56.131 56.15 56.155 56.176 56.186 56.195 56.203 56.203 56.205 56.208 56.216 56.219 56.22 56.228 56.229 56.245 56.249 56.255 56.261 56.281 56.283 56.289 56.292 56.311 56.315 56.315 56.321 56.327 56.329 56.343 56.373 56.393 56.403 56.409 56.413 56.419 56.426 56.427 56.427 56.431 56.435 56.439 56.442 56.443 56.446 56.449 56.457 56.459 56.463 56.471 56.475 56.481 56.481 56.485 56.488 56.493 56.497 56.497 56.499 56.509 56.523 56.53 56.531 56.549 56.553 56.564 56.571 56.573 56.576 56.602 56.613 56.625 56.625 56.627 56.641 56.644 56.644 56.651 56.664 56.676 56.682 56.684 56.685 56.696 56.698 56.7 56.7 56.736 56.74 56.744 56.754 56.754 56.759 56.762 56.774 56.78 56.784 56.808 56.814 56.818 56.83 56.848 56.852 56.861 56.861 56.862 56.867 56.87 56.875 56.883 56.884 56.902 56.905 56.908 56.91 56.911 56.955 56.972 56.98 56.984 56.99 56.999 57.001 57.008 57.017 57.018 57.021 57.021 57.023 57.027 57.033 57.061 57.068 57.071 57.081 57.086 57.088 57.097 57.099 57.113 57.129 57.131 57.131 57.153 57.177 57.177 57.177 57.185 57.195 57.207 57.211 57.223 57.225 57.259 57.269 57.281 57.293 57.306 57.321 57.331 57.338 57.351 57.353 57.358 57.379 57.385 57.387 57.387 57.396 57.409 57.413 57.415 57.416 57.426 57.426 57.431 57.443 57.457 57.468 57.471 57.473 57.474 57.502 57.505 57.509 57.51 57.525 57.528 57.529 57.538 57.56 57.562 57.562 57.562 57.563 57.563 57.57 57.586 57.596 57.6 57.62 57.632 57.636 57.638 57.648 57.654 57.668 57.67 57.67 57.672 57.724 57.725 57.738 57.738 57.748 57.764 57.781 57.782 57.801 57.802 57.805 57.805 57.822 57.835 57.847 57.866 57.868 57.881 57.883 57.884 57.887 57.894 57.899 57.906 57.907 57.919 57.929 57.933 57.949 57.959 57.981 57.989 57.996 58.002 58.018 58.031 58.031 58.031 58.075 58.105 58.119 58.142 58.143 58.145 58.161 58.173 58.195 58.22 58.241 58.246 58.249 58.262 58.269 58.282 58.29 58.301 58.305 58.312 58.32 58.33 58.339 58.356 58.373 58.378 58.408 58.412 58.416 58.428 58.45 58.462 58.482 58.504 58.504 58.512 58.534 58.534 58.541 58.55 58.56 58.59 58.59 58.597 58.609 58.61 58.616 58.624 58.628 58.642 58.643 58.654 58.66 58.665 58.672 58.689 58.696 58.702 58.709 58.711 58.727 58.736 58.753 58.755 58.773 58.78 58.789 58.793 58.798 58.827 58.832 58.839 58.863 58.865 58.877 58.879 58.885 58.885 58.905 58.907 58.919 58.941 58.967 58.967 58.979 58.981 58.985 58.993 58.995 58.996 58.997 59.007 59.037 59.045 59.053 59.058 59.059 59.063 59.071 59.129 59.149 59.155 59.247 59.262 59.3 59.306 59.329 59.334 59.344 59.352 59.384 59.412 59.42 59.432 59.434 59.444 59.445 59.466 59.476 59.487 59.491 59.5 59.508 59.516 59.54 59.542 59.543 59.605 59.618 59.62 59.631 59.64 59.668 59.685 59.698 59.745 59.767 59.777 59.779 59.807 59.903 59.922 59.955 59.973 59.977 59.988 60.014 60.047 60.054 60.064 60.088 60.114 60.149 60.158 60.185 60.208 60.21 60.234 60.294 60.362 60.391 60.403 60.438 60.502 60.633 60.671 60.673 60.695 60.783 60.905 60.98 61.307 61.433 61.621 61.676 61.725 61.754 61.759 61.79 61.807 61.822 61.91 62.009 62.287 62.365 62.477 62.603 62.767 62.776 62.836 62.854 63.032 63.077 63.078 63.207 63.275 63.409 63.413 63.652 63.662 64.004 64.023 64.059 64.061 64.091 64.119 64.119 64.182 64.212 64.272 64.436 64.437 64.52 64.53 64.536 64.554 64.648 64.78 64.895 64.953 64.971 65.055 65.187 65.203 65.256 65.288 65.29 65.318 65.344 65.534 65.541 65.592 65.61 65.759 65.801 65.815 65.891 65.921 66.021 66.067 66.306 66.587 66.609 66.725 66.775 66.831 66.846 66.978 67.06 67.116 67.22 67.247 67.297 67.44 67.492 67.569 67.597 67.68 67.688 67.721 67.843 67.85 67.858 67.88 67.885 67.89 67.988 68.108 68.123 68.152 68.193 68.349 68.439 68.483 68.489 68.514 68.539 68.63 68.672 68.677 68.762 68.895 68.968 68.993 69.045 69.061 69.075 69.078 69.086 69.125 69.144 69.209 69.226 69.259 69.263 69.303 69.353 69.423 69.551 69.592 69.6 69.627 69.639 69.762 69.835 69.868 69.89 69.905 69.93 69.987 69.988 70.068 70.176 70.211 70.224 70.406 70.459 70.489 70.522 70.577 70.629 70.646 70.652 70.668 70.672 70.696 70.71 70.777 70.782 70.825 70.837 70.849 70.983 70.985 70.992 71.038 71.04 71.109 71.138 71.148 71.183 71.216 71.223 71.228 71.238 71.242 71.274 71.313 71.344 71.431 71.541 71.591 71.627 71.634 71.644 71.667 71.674 71.737 71.75 71.767 71.772 71.864 71.889 71.893 71.947 71.947 71.997 72.128 72.147 72.15 72.178 72.226 72.228 72.27 72.283 72.285 72.305 72.559 72.578 72.591 72.649 72.721 72.749 72.762 72.802 72.887 72.897 72.91 72.967 72.972 73.068 73.13 73.145 73.193 73.206 73.352 73.456 73.501 73.876 73.898 74.17 74.177 74.198 74.254 74.401 74.443 74.533 74.666 75.074 75.159 75.163 75.297 75.298 75.694 75.837 75.929 76.001 76.147 76.618 77.011 77.132 77.405 77.433 77.492 77.835 78.107 78.32 78.576 78.66 78.911 79.035 79.984 80.124 80.156 80.285 80.339 80.347 80.477 80.734 80.963 81.163 81.372 81.625 82.439 84.75 85.076 86.213 86.885 88.118 88.355 89.368 96.035 96.522 101.568 108.547 111.069 111.587 111.836 111.876 112.466 112.63 112.742 112.858 112.862 113.111 114.069 114.198 114.21 114.51 114.659 115.32 115.657 115.918 115.95 116.202 116.246 116.335 116.443 116.491 116.499 116.631 116.727 116.843 117.177 117.261 117.626 117.698 117.769 117.85 117.858 117.962 118.071 118.091 118.239 118.584 118.619 118.724 119.161 119.177 119.214 120.043 120.24 120.841 121.719 122.529 125.151 126.558 127.948 128.555 128.68 129.12 129.256 129.661 129.711 129.792 130.323 130.82 131.521 132.271 132.673 133.109 133.245 133.265 133.391 133.69 134.172 134.998 135.034 135.179 135.299 136.327 136.623 136.793 136.83 137.093 137.349 138.331 138.402 138.578 139.595 139.82 140.611 140.695 143.213 144.706 144.766 145.168 145.187 147.077 147.163 147.636 151.142 152.579 153.136 154.574 155.201 155.532 157.827 168.837 169.724 177.237 256.205 338.352 511.026 4555.02

Time elapsed stats:
  sum  73953.2 us
  avg  73.9532 us
  max  4555.02 us
  min  52.49 us

Removing top/bottom-5:
  sum  67850.6 us
  avg  68.5359 us
  max  169.724 us
  min  53.222 us

Num files at level --
  0: 9
  1: 19
  2: 12
  3: 0
  4: 0
  5: 0
  6: 0

Stats --
                               Compactions
Level  Files Size(MB) Time(sec) Read(MB) Write(MB)
--------------------------------------------------
  0        9       36         0        0         0
  1       19       36         0        0         0
  2       12       24         0        0         0

SSTables --
--- level 0 ---
 92:4124646['user10046604894068544' @ 9635 : 1 .. 'user971136347768642592' @ 9667 : 1]
 89:4205685['user1005640680888162' @ 8874 : 1 .. 'user960084102193685886' @ 8906 : 1]
 85:4204932['user1005972966029934054' @ 8047 : 1 .. 'user994579075160678783' @ 7972 : 1]
 81:4205504['user1006191281247775937' @ 7456 : 1 .. 'user982188593343599298' @ 7368 : 1]
 78:4205619['user1006532926542074502' @ 6714 : 1 .. 'user99137614613375737' @ 6928 : 1]
 83:4205080['user1018363447847013539' @ 7865 : 1 .. 'user993800799430696452' @ 7820 : 1]
 58:4205091['user1019483368871294435' @ 6367 : 1 .. 'user994360759942836900' @ 6491 : 1]
 91:4205756['user1044594160504054184' @ 9234 : 1 .. 'user95229708324090387' @ 9196 : 1]
 87:4205838['user1050400263547602761' @ 8556 : 1 .. 'user935751586290908468' @ 8619 : 1]
--- level 1 ---
 56:2107550['user1006751241759916385' @ 6221 : 1 .. 'user1498736710723774180' @ 4061 : 1]
 59:2107519['user1499296671235914628' @ 2800 : 1 .. 'user1940937226857796243' @ 3609 : 1]
 60:2107462['user1941497187369936691' @ 3402 : 1 .. 'user2429916395338807701' @ 3442 : 1]
 61:2107602['user2430134710556649584' @ 4885 : 1 .. 'user2893101481598462280' @ 4780 : 1]
 62:2107507['user2895889466863466734' @ 3822 : 1 .. 'user3335631825731085122' @ 5111 : 1]
 63:2107680['user3336191786243225570' @ 5762 : 1 .. 'user3810210802859994972' @ 2664 : 1]
 64:2107439['user3810429118077836855' @ 3175 : 1 .. 'user4256537540501144268' @ 6053 : 1]
 65:2107572['user4257097501013284716' @ 5270 : 1 .. 'user4760135215552099217' @ 2697 : 1]
 66:2107491['user4764821397571366898' @ 2517 : 1 .. 'user5211708095724656642' @ 5413 : 1]
 67:2107613['user5212049741018955207' @ 5233 : 1 .. 'user5623208460573458061' @ 4765 : 1]
 68:2107496['user5623768421085598509' @ 6064 : 1 .. 'user6131835534764733457' @ 4229 : 1]
 69:2107420['user6132395495276873905' @ 5110 : 1 .. 'user6533061929768560501' @ 3508 : 1]
 70:2107414['user65420917376365171' @ 3918 : 1 .. 'user7021699452955273394' @ 6015 : 1]
 71:2107611['user7030293541263826425' @ 5829 : 1 .. 'user7488014169774230992' @ 3403 : 1]
 72:1895765['user7488232484992072875' @ 4916 : 1 .. 'user7891251846139834360' @ 4796 : 1]
 73:2107521['user7900965855472668287' @ 4966 : 1 .. 'user8384575551345814934' @ 3899 : 1]
 74:2107482['user8384917196640113499' @ 2579 : 1 .. 'user8794955995170335457' @ 5853 : 1]
 75:2107295['user8795515955682475905' @ 5104 : 1 .. 'user979960568590735292' @ 3463 : 1]
 76:121025['user982748553855739746' @ 5015 : 1 .. 'user997378877721381023' @ 3797 : 1]
--- level 2 ---
 36:2107527['user1000385178204227360' @ 6 : 1 .. 'user1715321609418666813' @ 1633 : 1]
 45:2107432['user1715539924636508696' @ 2150 : 1 .. 'user2419424110275991443' @ 2320 : 1]
 46:2107346['user2422430410758837780' @ 1503 : 1 .. 'user3111914405046218919' @ 615 : 1]
 47:2107429['user3112132720264060802' @ 104 : 1 .. 'user3832315294009908384' @ 2078 : 1]
 48:2107491['user3835881555004895169' @ 1024 : 1 .. 'user4515091579447301933' @ 169 : 1]
 49:2107419['user4515651539959442381' @ 922 : 1 .. 'user5219194080304626563' @ 398 : 1]
 50:2107468['user5223101986593911913' @ 1398 : 1 .. 'user5911684375074854039' @ 2219 : 1]
 51:2107281['user5912804296099134935' @ 713 : 1 .. 'user6525357629970748697' @ 1972 : 1]
 52:2107377['user6525917590482889145' @ 67 : 1 .. 'user7230580051852354223' @ 1081 : 1]
 53:2107438['user7230798367070196106' @ 1614 : 1 .. 'user789388067335041421' @ 1243 : 1]
 54:2107349['user7908110194758339643' @ 1689 : 1 .. 'user8637323487248424022' @ 309 : 1]
 55:2046806['user8637665132542722587' @ 97 : 1 .. 'user996258956697100127' @ 1207 : 1]
--- level 3 ---
--- level 4 ---
--- level 5 ---
--- level 6 ---

