Finished 1000 requests.

Sorted time elapsed:
 47.616 47.636 47.879 47.947 48.003 48.015 48.036 48.038 48.046 48.152 48.208 48.258 48.301 48.337 48.341 48.346 48.351 48.352 48.361 48.376 48.463 48.466 48.483 48.573 48.603 48.621 48.655 48.676 48.687 48.693 48.707 48.755 48.757 48.757 48.767 48.791 48.805 48.807 48.835 48.848 48.873 48.907 48.911 48.916 48.94 48.974 48.988 49.002 49.042 49.054 49.096 49.096 49.102 49.112 49.137 49.137 49.2 49.201 49.208 49.214 49.22 49.224 49.234 49.236 49.268 49.329 49.333 49.357 49.365 49.371 49.373 49.383 49.387 49.389 49.397 49.397 49.469 49.485 49.495 49.541 49.543 49.553 49.563 49.574 49.587 49.587 49.595 49.597 49.602 49.626 49.633 49.642 49.651 49.656 49.661 49.663 49.671 49.734 49.763 49.79 49.796 49.798 49.798 49.808 49.811 49.829 49.831 49.835 49.866 49.872 49.89 49.892 49.896 49.92 49.938 49.94 49.94 49.952 49.962 49.984 49.984 49.986 50.014 50.024 50.03 50.036 50.05 50.059 50.063 50.074 50.076 50.079 50.085 50.093 50.101 50.136 50.167 50.169 50.17 50.178 50.181 50.184 50.191 50.193 50.196 50.205 50.213 50.221 50.233 50.239 50.239 50.242 50.257 50.258 50.265 50.269 50.297 50.299 50.299 50.299 50.311 50.325 50.353 50.365 50.373 50.38 50.381 50.421 50.425 50.427 50.435 50.439 50.445 50.457 50.463 50.47 50.471 50.476 50.478 50.478 50.479 50.487 50.489 50.498 50.502 50.505 50.519 50.528 50.528 50.529 50.538 50.541 50.541 50.544 50.549 50.551 50.559 50.564 50.565 50.573 50.586 50.599 50.605 50.608 50.608 50.614 50.626 50.639 50.64 50.656 50.656 50.66 50.661 50.664 50.666 50.67 50.677 50.678 50.678 50.68 50.682 50.716 50.718 50.724 50.726 50.738 50.746 50.748 50.75 50.754 50.756 50.766 50.768 50.776 50.78 50.802 50.81 50.822 50.834 50.834 50.852 50.854 50.872 50.874 50.876 50.888 50.9 50.904 50.915 50.915 50.929 50.932 50.934 50.935 50.935 50.939 50.941 50.944 50.947 50.956 50.966 50.97 50.972 50.972 50.974 50.998 50.999 51.007 51.008 51.011 51.011 51.011 51.015 51.025 51.033 51.055 51.063 51.065 51.069 51.083 51.085 51.085 51.087 51.098 51.099 51.103 51.105 51.113 51.113 51.115 51.118 51.131 51.141 51.147 51.149 51.155 51.162 51.163 51.165 51.169 51.169 51.179 51.189 51.189 51.193 51.203 51.207 51.211 51.215 51.215 51.217 51.221 51.231 51.241 51.243 51.249 51.249 51.253 51.257 51.259 51.264 51.272 51.273 51.292 51.295 51.297 51.299 51.313 51.323 51.325 51.337 51.337 51.35 51.379 51.379 51.381 51.403 51.405 51.422 51.442 51.445 51.452 51.46 51.48 51.486 51.506 51.526 51.53 51.548 51.549 51.556 51.578 51.58 51.584 51.588 51.597 51.614 51.616 51.618 51.626 51.64 51.646 51.658 51.66 51.66 51.672 51.674 51.678 51.68 51.696 51.698 51.705 51.73 51.732 51.736 51.74 51.757 51.774 51.793 51.796 51.8 51.802 51.803 51.807 51.811 51.821 51.822 51.826 51.83 51.833 51.835 51.838 51.872 51.873 51.873 51.876 51.889 51.891 51.9 51.903 51.912 51.923 51.937 51.939 51.947 51.95 51.953 51.954 51.957 51.965 51.989 51.998 52.007 52.009 52.015 52.033 52.039 52.083 52.099 52.101 52.103 52.118 52.119 52.123 52.129 52.129 52.146 52.151 52.154 52.16 52.16 52.182 52.183 52.185 52.205 52.208 52.21 52.222 52.222 52.223 52.24 52.244 52.251 52.254 52.275 52.281 52.29 52.291 52.311 52.315 52.319 52.328 52.333 52.338 52.344 52.347 52.35 52.351 52.351 52.357 52.36 52.361 52.366 52.37 52.374 52.406 52.41 52.418 52.418 52.422 52.435 52.45 52.458 52.458 52.472 52.474 52.486 52.488 52.488 52.492 52.492 52.498 52.51 52.518 52.53 52.534 52.536 52.536 52.544 52.55 52.552 52.554 52.557 52.564 52.568 52.58 52.58 52.584 52.588 52.59 52.592 52.596 52.6 52.6 52.608 52.618 52.631 52.641 52.651 52.656 52.661 52.676 52.677 52.68 52.688 52.7 52.702 52.702 52.71 52.715 52.722 52.723 52.724 52.727 52.73 52.732 52.733 52.733 52.735 52.749 52.75 52.753 52.763 52.767 52.771 52.772 52.792 52.803 52.887 52.901 52.914 52.915 52.919 52.935 52.951 52.961 52.963 52.969 52.969 52.971 52.973 52.977 52.977 52.977 52.987 52.989 52.995 52.997 53.012 53.021 53.021 53.026 53.029 53.044 53.059 53.062 53.078 53.091 53.096 53.114 53.13 53.15 53.151 53.156 53.159 53.164 53.164 53.173 53.179 53.184 53.189 53.189 53.198 53.201 53.218 53.227 53.256 53.26 53.272 53.277 53.29 53.292 53.293 53.302 53.308 53.32 53.322 53.328 53.366 53.366 53.374 53.384 53.386 53.39 53.39 53.392 53.396 53.402 53.412 53.426 53.436 53.442 53.445 53.447 53.452 53.454 53.454 53.459 53.464 53.468 53.472 53.496 53.504 53.508 53.511 53.512 53.518 53.548 53.548 53.557 53.558 53.572 53.579 53.581 53.581 53.583 53.591 53.591 53.598 53.6 53.609 53.617 53.621 53.629 53.631 53.651 53.657 53.666 53.681 53.699 53.709 53.727 53.755 53.761 53.771 53.777 53.789 53.797 53.805 53.811 53.821 53.823 53.831 53.835 53.839 53.859 53.899 53.899 53.903 53.905 53.905 53.919 53.921 53.935 53.939 53.953 53.966 54.012 54.018 54.028 54.04 54.078 54.088 54.094 54.1 54.105 54.106 54.106 54.129 54.148 54.15 54.152 54.154 54.192 54.214 54.218 54.222 54.234 54.262 54.262 54.264 54.282 54.306 54.31 54.41 54.425 54.433 54.436 54.444 54.454 54.459 54.461 54.469 54.482 54.489 54.491 54.491 54.509 54.513 54.518 54.535 54.543 54.568 54.585 54.619 54.625 54.626 54.649 54.663 54.667 54.671 54.673 54.673 54.702 54.747 54.787 54.853 54.868 54.888 54.892 54.919 54.932 54.94 54.94 54.948 54.954 54.958 54.958 54.966 54.974 54.98 55.012 55.048 55.058 55.072 55.092 55.144 55.186 55.24 55.275 55.28 55.303 55.373 55.451 55.455 55.493 55.501 55.503 55.513 55.551 55.559 55.559 55.567 55.568 55.601 55.699 55.708 55.721 55.733 55.838 55.838 55.844 55.932 55.958 55.969 56.006 56.086 56.092 56.149 56.16 56.355 56.383 56.425 56.458 56.459 56.47 56.502 56.525 56.536 56.549 56.591 56.61 56.629 56.663 56.738 56.784 56.786 56.82 56.911 56.958 56.978 57.051 57.079 57.098 57.113 57.139 57.249 57.321 57.391 57.4 57.448 57.553 57.628 57.731 57.746 57.806 57.838 57.859 57.876 57.885 57.901 57.906 57.913 57.987 58.067 58.123 58.129 58.133 58.278 58.307 58.31 58.318 58.414 58.466 58.494 58.537 58.57 58.615 58.663 58.718 58.719 58.961 59.131 59.195 59.274 59.284 59.342 59.422 59.49 59.494 59.591 59.635 59.656 59.753 59.801 59.981 59.989 60.194 60.232 60.278 60.443 60.471 60.527 60.573 60.581 60.584 60.599 60.679 60.775 60.889 60.91 60.978 61.175 61.243 61.267 61.276 61.305 61.365 61.376 61.398 61.56 61.678 61.684 61.928 61.958 62.032 62.243 62.495 62.557 62.707 62.8 62.81 62.848 62.89 62.903 62.906 62.948 62.952 62.983 63.061 63.172 63.229 63.361 63.43 63.491 63.57 63.603 63.724 63.967 64.033 64.049 64.243 64.347 64.733 64.873 66.202 66.324 66.589 66.769 66.828 66.968 67.254 67.295 68.04 68.179 68.743 69.183 69.537 69.845 69.851 70.4 70.518 71.051 71.52 71.855 71.857 72.08 72.212 72.984 73.346 74.425 75.327 76.021 76.42 80.132 80.192 83.197 83.666 93.176 100.405 100.958 101.717 101.752 104.026 105.032 105.942 106.051 106.367 106.516 106.604 106.652 106.74 106.873 107.069 107.979 108.588 108.99 109.507 110.313 110.649 111.519 111.816 112.037 112.694 113.697 113.848 113.973 116.29 117.517 121.327 121.879 124.153 125.095 125.784 128.956 130.543 146.841 163.035 303.125 4246.44

Time elapsed stats:
  sum  60528 us
  avg  60.528 us
  max  4246.44 us
  min  47.616 us

Removing top/bottom-5:
  sum  55298.9 us
  avg  55.8575 us
  max  128.956 us
  min  48.015 us

Num files at level --
  0: 9
  1: 19
  2: 12
  3: 0
  4: 0
  5: 0
  6: 0

Stats --
                               Compactions
Level  Files Size(MB) Time(sec) Read(MB) Write(MB)
--------------------------------------------------
  0        9       36         0        0         0
  1       19       36         0        0         0
  2       12       24         0        0         0

SSTables --
--- level 0 ---
 92:4124646['user10046604894068544' @ 9635 : 1 .. 'user971136347768642592' @ 9667 : 1]
 89:4205685['user1005640680888162' @ 8874 : 1 .. 'user960084102193685886' @ 8906 : 1]
 85:4204932['user1005972966029934054' @ 8047 : 1 .. 'user994579075160678783' @ 7972 : 1]
 81:4205504['user1006191281247775937' @ 7456 : 1 .. 'user982188593343599298' @ 7368 : 1]
 78:4205619['user1006532926542074502' @ 6714 : 1 .. 'user99137614613375737' @ 6928 : 1]
 83:4205080['user1018363447847013539' @ 7865 : 1 .. 'user993800799430696452' @ 7820 : 1]
 58:4205091['user1019483368871294435' @ 6367 : 1 .. 'user994360759942836900' @ 6491 : 1]
 91:4205756['user1044594160504054184' @ 9234 : 1 .. 'user95229708324090387' @ 9196 : 1]
 87:4205838['user1050400263547602761' @ 8556 : 1 .. 'user935751586290908468' @ 8619 : 1]
--- level 1 ---
 56:2107550['user1006751241759916385' @ 6221 : 1 .. 'user1498736710723774180' @ 4061 : 1]
 59:2107519['user1499296671235914628' @ 2800 : 1 .. 'user1940937226857796243' @ 3609 : 1]
 60:2107462['user1941497187369936691' @ 3402 : 1 .. 'user2429916395338807701' @ 3442 : 1]
 61:2107602['user2430134710556649584' @ 4885 : 1 .. 'user2893101481598462280' @ 4780 : 1]
 62:2107507['user2895889466863466734' @ 3822 : 1 .. 'user3335631825731085122' @ 5111 : 1]
 63:2107680['user3336191786243225570' @ 5762 : 1 .. 'user3810210802859994972' @ 2664 : 1]
 64:2107439['user3810429118077836855' @ 3175 : 1 .. 'user4256537540501144268' @ 6053 : 1]
 65:2107572['user4257097501013284716' @ 5270 : 1 .. 'user4760135215552099217' @ 2697 : 1]
 66:2107491['user4764821397571366898' @ 2517 : 1 .. 'user5211708095724656642' @ 5413 : 1]
 67:2107613['user5212049741018955207' @ 5233 : 1 .. 'user5623208460573458061' @ 4765 : 1]
 68:2107496['user5623768421085598509' @ 6064 : 1 .. 'user6131835534764733457' @ 4229 : 1]
 69:2107420['user6132395495276873905' @ 5110 : 1 .. 'user6533061929768560501' @ 3508 : 1]
 70:2107414['user65420917376365171' @ 3918 : 1 .. 'user7021699452955273394' @ 6015 : 1]
 71:2107611['user7030293541263826425' @ 5829 : 1 .. 'user7488014169774230992' @ 3403 : 1]
 72:1895765['user7488232484992072875' @ 4916 : 1 .. 'user7891251846139834360' @ 4796 : 1]
 73:2107521['user7900965855472668287' @ 4966 : 1 .. 'user8384575551345814934' @ 3899 : 1]
 74:2107482['user8384917196640113499' @ 2579 : 1 .. 'user8794955995170335457' @ 5853 : 1]
 75:2107295['user8795515955682475905' @ 5104 : 1 .. 'user979960568590735292' @ 3463 : 1]
 76:121025['user982748553855739746' @ 5015 : 1 .. 'user997378877721381023' @ 3797 : 1]
--- level 2 ---
 36:2107527['user1000385178204227360' @ 6 : 1 .. 'user1715321609418666813' @ 1633 : 1]
 45:2107432['user1715539924636508696' @ 2150 : 1 .. 'user2419424110275991443' @ 2320 : 1]
 46:2107346['user2422430410758837780' @ 1503 : 1 .. 'user3111914405046218919' @ 615 : 1]
 47:2107429['user3112132720264060802' @ 104 : 1 .. 'user3832315294009908384' @ 2078 : 1]
 48:2107491['user3835881555004895169' @ 1024 : 1 .. 'user4515091579447301933' @ 169 : 1]
 49:2107419['user4515651539959442381' @ 922 : 1 .. 'user5219194080304626563' @ 398 : 1]
 50:2107468['user5223101986593911913' @ 1398 : 1 .. 'user5911684375074854039' @ 2219 : 1]
 51:2107281['user5912804296099134935' @ 713 : 1 .. 'user6525357629970748697' @ 1972 : 1]
 52:2107377['user6525917590482889145' @ 67 : 1 .. 'user7230580051852354223' @ 1081 : 1]
 53:2107438['user7230798367070196106' @ 1614 : 1 .. 'user789388067335041421' @ 1243 : 1]
 54:2107349['user7908110194758339643' @ 1689 : 1 .. 'user8637323487248424022' @ 309 : 1]
 55:2046806['user8637665132542722587' @ 97 : 1 .. 'user996258956697100127' @ 1207 : 1]
--- level 3 ---
--- level 4 ---
--- level 5 ---
--- level 6 ---

