Finished 1000 requests.

Sorted time elapsed:
 18.681 18.803 18.886 18.956 18.958 18.984 19.002 19.021 19.054 19.068 19.074 19.09 19.106 19.129 19.137 19.141 19.166 19.176 19.185 19.193 19.229 19.238 19.265 19.265 19.283 19.293 19.319 19.337 19.341 19.345 19.353 19.353 19.395 19.399 19.399 19.401 19.441 19.448 19.449 19.461 19.477 19.493 19.521 19.538 19.551 19.565 19.568 19.57 19.594 19.619 19.638 19.656 19.696 19.717 19.744 19.746 19.824 19.85 19.872 19.882 19.892 19.907 19.929 19.935 19.944 19.961 19.995 19.998 19.999 20.001 20.005 20.018 20.024 20.043 20.054 20.063 20.091 20.105 20.113 20.117 20.127 20.134 20.139 20.143 20.145 20.147 20.147 20.156 20.158 20.163 20.175 20.179 20.181 20.181 20.191 20.195 20.211 20.211 20.213 20.219 20.225 20.226 20.227 20.229 20.231 20.243 20.258 20.262 20.269 20.271 20.275 20.281 20.293 20.295 20.301 20.308 20.315 20.327 20.332 20.337 20.339 20.339 20.352 20.355 20.373 20.375 20.375 20.375 20.403 20.41 20.412 20.412 20.415 20.426 20.427 20.432 20.446 20.447 20.454 20.457 20.457 20.466 20.47 20.47 20.477 20.493 20.494 20.495 20.502 20.503 20.514 20.525 20.526 20.551 20.552 20.554 20.57 20.586 20.59 20.612 20.63 20.632 20.638 20.64 20.642 20.65 20.656 20.68 20.684 20.688 20.692 20.696 20.704 20.708 20.72 20.732 20.74 20.756 20.758 20.772 20.773 20.774 20.782 20.79 20.79 20.792 20.794 20.796 20.818 20.82 20.823 20.827 20.831 20.836 20.836 20.837 20.843 20.846 20.849 20.849 20.855 20.856 20.865 20.868 20.877 20.877 20.879 20.883 20.886 20.888 20.905 20.907 20.909 20.911 20.913 20.918 20.921 20.937 20.951 20.954 20.956 20.963 20.966 20.978 20.983 20.983 20.985 20.989 20.997 21.001 21.002 21.021 21.022 21.025 21.026 21.029 21.041 21.041 21.041 21.045 21.051 21.051 21.061 21.061 21.067 21.069 21.069 21.069 21.071 21.083 21.083 21.089 21.089 21.099 21.107 21.111 21.113 21.113 21.113 21.117 21.118 21.119 21.123 21.125 21.127 21.127 21.129 21.129 21.129 21.131 21.139 21.139 21.143 21.144 21.148 21.153 21.157 21.159 21.161 21.163 21.165 21.167 21.173 21.176 21.177 21.178 21.185 21.186 21.187 21.187 21.196 21.199 21.201 21.202 21.21 21.211 21.211 21.213 21.219 21.22 21.224 21.227 21.232 21.237 21.237 21.24 21.242 21.251 21.255 21.256 21.257 21.261 21.267 21.271 21.273 21.275 21.282 21.283 21.283 21.289 21.292 21.296 21.301 21.305 21.305 21.31 21.319 21.324 21.324 21.328 21.331 21.341 21.342 21.348 21.354 21.363 21.368 21.368 21.37 21.376 21.397 21.398 21.4 21.412 21.423 21.43 21.43 21.44 21.45 21.46 21.464 21.466 21.468 21.472 21.476 21.48 21.486 21.49 21.49 21.492 21.504 21.512 21.512 21.518 21.524 21.532 21.534 21.548 21.568 21.578 21.582 21.59 21.594 21.596 21.6 21.61 21.618 21.619 21.623 21.632 21.636 21.64 21.647 21.653 21.656 21.658 21.66 21.664 21.674 21.679 21.683 21.695 21.7 21.704 21.71 21.711 21.712 21.712 21.713 21.721 21.727 21.731 21.732 21.738 21.74 21.74 21.746 21.757 21.758 21.759 21.768 21.774 21.779 21.786 21.789 21.793 21.831 21.837 21.841 21.842 21.845 21.855 21.858 21.863 21.865 21.865 21.867 21.883 21.889 21.889 21.891 21.893 21.893 21.895 21.896 21.909 21.911 21.911 21.915 21.92 21.921 21.921 21.925 21.927 21.929 21.935 21.939 21.943 21.945 21.945 21.951 21.952 21.953 21.967 21.971 21.977 21.979 21.985 21.991 21.997 22.001 22.005 22.005 22.015 22.019 22.022 22.023 22.049 22.053 22.058 22.066 22.07 22.072 22.073 22.077 22.08 22.082 22.086 22.087 22.091 22.095 22.095 22.105 22.107 22.116 22.129 22.136 22.149 22.151 22.156 22.158 22.162 22.171 22.181 22.181 22.191 22.198 22.198 22.199 22.204 22.213 22.214 22.214 22.216 22.226 22.228 22.236 22.243 22.246 22.248 22.251 22.257 22.257 22.26 22.26 22.272 22.274 22.275 22.278 22.279 22.28 22.289 22.29 22.29 22.3 22.312 22.316 22.322 22.328 22.33 22.332 22.334 22.34 22.342 22.35 22.35 22.352 22.352 22.354 22.356 22.358 22.362 22.368 22.37 22.37 22.372 22.372 22.376 22.384 22.388 22.398 22.402 22.408 22.412 22.42 22.433 22.44 22.44 22.449 22.462 22.462 22.464 22.474 22.486 22.486 22.486 22.493 22.505 22.508 22.547 22.55 22.552 22.557 22.557 22.564 22.564 22.567 22.571 22.582 22.583 22.59 22.592 22.596 22.611 22.614 22.615 22.621 22.622 22.622 22.626 22.629 22.638 22.66 22.66 22.678 22.682 22.683 22.689 22.709 22.745 22.751 22.753 22.755 22.767 22.767 22.769 22.775 22.787 22.811 22.819 22.849 22.855 22.859 22.863 22.867 22.869 22.885 22.885 22.889 22.9 22.911 22.919 22.922 22.928 22.943 22.945 22.954 22.959 22.959 22.969 22.97 22.972 22.976 22.979 22.997 22.998 23 23.007 23.008 23.017 23.023 23.023 23.024 23.033 23.036 23.052 23.054 23.056 23.066 23.068 23.076 23.092 23.092 23.098 23.101 23.106 23.107 23.111 23.119 23.136 23.14 23.142 23.148 23.15 23.15 23.152 23.152 23.153 23.153 23.16 23.16 23.166 23.192 23.194 23.2 23.2 23.214 23.218 23.222 23.222 23.23 23.236 23.238 23.24 23.24 23.254 23.266 23.27 23.283 23.29 23.292 23.296 23.296 23.314 23.318 23.318 23.328 23.34 23.342 23.378 23.383 23.391 23.394 23.402 23.416 23.416 23.417 23.457 23.459 23.478 23.489 23.492 23.493 23.497 23.499 23.511 23.513 23.522 23.533 23.548 23.549 23.569 23.57 23.571 23.577 23.577 23.585 23.587 23.587 23.603 23.603 23.665 23.689 23.701 23.739 23.751 23.762 23.793 23.821 23.843 23.855 23.866 23.871 23.888 23.929 23.934 23.936 23.95 23.966 23.98 24 24.074 24.11 24.128 24.143 24.152 24.201 24.246 24.283 24.297 24.304 24.319 24.419 24.487 24.519 24.648 24.696 24.746 24.758 25.046 25.088 25.993 26.652 26.861 26.933 27.115 27.466 27.728 27.771 28.001 28.037 28.236 28.364 28.424 28.488 28.55 28.696 28.993 29.085 29.545 29.745 29.842 29.886 29.918 30.369 30.68 30.807 30.826 30.875 31.411 32.573 32.861 34.171 35.819 38.411 38.61 38.69 39.067 39.139 39.187 39.204 39.208 39.239 39.269 39.271 39.275 39.296 39.412 39.459 39.576 39.676 40.66 40.742 40.847 40.879 40.915 40.923 40.923 40.975 40.979 40.983 41.008 41.019 41.04 41.071 41.083 41.096 41.099 41.104 41.111 41.159 41.191 41.296 41.3 41.304 41.329 41.336 41.349 41.352 41.356 41.356 41.368 41.393 41.42 41.461 41.476 41.512 41.52 41.541 41.561 41.568 41.648 41.709 41.717 41.721 41.733 41.797 41.986 42.014 42.046 42.114 42.219 42.251 42.419 42.768 42.92 42.924 42.931 42.967 42.975 43.04 43.216 43.229 43.236 43.237 43.253 43.321 43.337 43.361 43.368 43.369 43.389 43.393 43.4 43.413 43.413 43.429 43.437 43.541 43.629 43.669 43.681 43.701 43.702 43.782 43.798 43.838 43.846 43.938 43.942 44.014 44.031 44.043 44.262 44.303 44.548 44.579 44.596 44.824 44.916 44.92 44.993 44.996 45.04 45.081 45.185 45.237 45.249 45.254 45.261 45.274 45.313 45.333 45.334 45.37 45.402 45.406 45.413 45.441 45.506 45.51 45.51 45.566 45.922 45.959 46.053 46.211 46.388 46.688 47.07 47.09 47.094 47.294 47.342 47.37 47.442 47.474 47.555 47.599 47.631 47.655 47.819 47.835 48.112 48.12 49.163 49.643 49.856 49.948 50.073 50.105 50.626 50.77 51.131 51.263 51.383 51.66 51.904 51.949 51.993 52.133 52.177 52.603 53.696 54.009 55.625 56.042 56.163 57.425 60.011 60.77 62.152 62.458 62.967 64.658 72.6 85.253 106.223 306.873 1928.93

Time elapsed stats:
  sum  28750.7 us
  avg  28.7507 us
  max  1928.93 us
  min  18.681 us

Removing top/bottom-5:
  sum  26156.5 us
  avg  26.4207 us
  max  64.658 us
  min  18.984 us

Num files at level --
  0: 9
  1: 19
  2: 12
  3: 0
  4: 0
  5: 0
  6: 0

Stats --
                               Compactions
Level  Files Size(MB) Time(sec) Read(MB) Write(MB)
--------------------------------------------------
  0        9       36         0        0         0
  1       19       36         0        0         0
  2       12       24         0        0         0

SSTables --
--- level 0 ---
 92:4124646['user10046604894068544' @ 9635 : 1 .. 'user971136347768642592' @ 9667 : 1]
 89:4205685['user1005640680888162' @ 8874 : 1 .. 'user960084102193685886' @ 8906 : 1]
 85:4204932['user1005972966029934054' @ 8047 : 1 .. 'user994579075160678783' @ 7972 : 1]
 81:4205504['user1006191281247775937' @ 7456 : 1 .. 'user982188593343599298' @ 7368 : 1]
 78:4205619['user1006532926542074502' @ 6714 : 1 .. 'user99137614613375737' @ 6928 : 1]
 83:4205080['user1018363447847013539' @ 7865 : 1 .. 'user993800799430696452' @ 7820 : 1]
 58:4205091['user1019483368871294435' @ 6367 : 1 .. 'user994360759942836900' @ 6491 : 1]
 91:4205756['user1044594160504054184' @ 9234 : 1 .. 'user95229708324090387' @ 9196 : 1]
 87:4205838['user1050400263547602761' @ 8556 : 1 .. 'user935751586290908468' @ 8619 : 1]
--- level 1 ---
 56:2107550['user1006751241759916385' @ 6221 : 1 .. 'user1498736710723774180' @ 4061 : 1]
 59:2107519['user1499296671235914628' @ 2800 : 1 .. 'user1940937226857796243' @ 3609 : 1]
 60:2107462['user1941497187369936691' @ 3402 : 1 .. 'user2429916395338807701' @ 3442 : 1]
 61:2107602['user2430134710556649584' @ 4885 : 1 .. 'user2893101481598462280' @ 4780 : 1]
 62:2107507['user2895889466863466734' @ 3822 : 1 .. 'user3335631825731085122' @ 5111 : 1]
 63:2107680['user3336191786243225570' @ 5762 : 1 .. 'user3810210802859994972' @ 2664 : 1]
 64:2107439['user3810429118077836855' @ 3175 : 1 .. 'user4256537540501144268' @ 6053 : 1]
 65:2107572['user4257097501013284716' @ 5270 : 1 .. 'user4760135215552099217' @ 2697 : 1]
 66:2107491['user4764821397571366898' @ 2517 : 1 .. 'user5211708095724656642' @ 5413 : 1]
 67:2107613['user5212049741018955207' @ 5233 : 1 .. 'user5623208460573458061' @ 4765 : 1]
 68:2107496['user5623768421085598509' @ 6064 : 1 .. 'user6131835534764733457' @ 4229 : 1]
 69:2107420['user6132395495276873905' @ 5110 : 1 .. 'user6533061929768560501' @ 3508 : 1]
 70:2107414['user65420917376365171' @ 3918 : 1 .. 'user7021699452955273394' @ 6015 : 1]
 71:2107611['user7030293541263826425' @ 5829 : 1 .. 'user7488014169774230992' @ 3403 : 1]
 72:1895765['user7488232484992072875' @ 4916 : 1 .. 'user7891251846139834360' @ 4796 : 1]
 73:2107521['user7900965855472668287' @ 4966 : 1 .. 'user8384575551345814934' @ 3899 : 1]
 74:2107482['user8384917196640113499' @ 2579 : 1 .. 'user8794955995170335457' @ 5853 : 1]
 75:2107295['user8795515955682475905' @ 5104 : 1 .. 'user979960568590735292' @ 3463 : 1]
 76:121025['user982748553855739746' @ 5015 : 1 .. 'user997378877721381023' @ 3797 : 1]
--- level 2 ---
 36:2107527['user1000385178204227360' @ 6 : 1 .. 'user1715321609418666813' @ 1633 : 1]
 45:2107432['user1715539924636508696' @ 2150 : 1 .. 'user2419424110275991443' @ 2320 : 1]
 46:2107346['user2422430410758837780' @ 1503 : 1 .. 'user3111914405046218919' @ 615 : 1]
 47:2107429['user3112132720264060802' @ 104 : 1 .. 'user3832315294009908384' @ 2078 : 1]
 48:2107491['user3835881555004895169' @ 1024 : 1 .. 'user4515091579447301933' @ 169 : 1]
 49:2107419['user4515651539959442381' @ 922 : 1 .. 'user5219194080304626563' @ 398 : 1]
 50:2107468['user5223101986593911913' @ 1398 : 1 .. 'user5911684375074854039' @ 2219 : 1]
 51:2107281['user5912804296099134935' @ 713 : 1 .. 'user6525357629970748697' @ 1972 : 1]
 52:2107377['user6525917590482889145' @ 67 : 1 .. 'user7230580051852354223' @ 1081 : 1]
 53:2107438['user7230798367070196106' @ 1614 : 1 .. 'user789388067335041421' @ 1243 : 1]
 54:2107349['user7908110194758339643' @ 1689 : 1 .. 'user8637323487248424022' @ 309 : 1]
 55:2046806['user8637665132542722587' @ 97 : 1 .. 'user996258956697100127' @ 1207 : 1]
--- level 3 ---
--- level 4 ---
--- level 5 ---
--- level 6 ---

