Finished 1000 requests.

Sorted time elapsed:
 44.606 45.719 45.821 45.973 46.043 46.343 46.356 46.867 47.035 47.117 47.348 47.5 47.638 47.703 47.863 47.883 48.006 48.354 48.461 48.529 48.786 49.004 49.649 49.73 49.956 49.96 49.962 49.981 50.028 50.05 50.066 50.144 50.169 50.186 50.255 50.313 50.399 50.409 50.447 50.475 50.48 50.499 50.639 50.72 50.752 50.756 50.8 50.836 50.876 50.93 50.965 51.031 51.04 51.052 51.173 51.173 51.173 51.193 51.213 51.239 51.29 51.344 51.359 51.37 51.381 51.389 51.408 51.434 51.447 51.567 51.584 51.76 51.789 51.807 51.81 51.814 51.815 51.824 51.839 51.849 51.901 51.931 51.937 51.969 51.993 52.045 52.055 52.065 52.075 52.077 52.085 52.123 52.174 52.195 52.21 52.237 52.243 52.26 52.366 52.378 52.398 52.422 52.462 52.609 52.616 52.622 52.725 52.728 52.783 52.82 52.821 52.846 52.87 52.881 52.973 52.983 53.009 53.039 53.04 53.083 53.129 53.153 53.159 53.206 53.254 53.285 53.324 53.326 53.352 53.366 53.388 53.396 53.42 53.467 53.472 53.476 53.489 53.492 53.505 53.529 53.548 53.57 53.579 53.655 53.67 53.721 53.727 53.737 53.753 53.785 53.828 53.859 53.92 53.967 53.991 54.025 54.039 54.046 54.107 54.142 54.174 54.178 54.184 54.226 54.24 54.252 54.258 54.313 54.329 54.347 54.449 54.451 54.49 54.587 54.605 54.621 54.717 54.757 54.789 54.845 54.966 54.984 55.056 55.182 55.194 55.214 55.239 55.244 55.339 55.344 55.348 55.387 55.398 55.47 55.499 55.515 55.515 55.551 55.579 55.756 55.798 55.8 55.813 55.817 55.846 56.091 56.132 56.313 56.341 56.618 56.628 56.722 56.736 56.794 56.812 56.822 56.822 56.826 57.408 57.44 57.469 58.179 58.221 58.648 59.208 59.318 59.358 59.896 60.222 60.474 60.587 60.783 60.835 61.066 61.267 61.298 61.662 61.784 62.531 62.585 62.772 63.061 63.31 63.389 63.746 64.121 64.143 66.154 66.479 66.685 67.26 67.294 68.606 70.183 74.736 74.736 75.133 81.369 81.482 81.698 82.127 82.255 82.672 83.37 83.923 84.039 84.155 84.729 84.729 84.989 85.05 85.447 85.519 85.856 86.048 86.152 86.173 86.581 87.019 87.692 88.06 88.197 88.337 88.369 88.618 89.095 89.38 89.545 89.609 89.653 89.809 89.841 90.266 90.298 90.903 91.585 91.669 92.287 93.084 98.645 98.826 99.459 100.128 100.198 100.253 100.288 100.343 100.384 100.519 100.524 100.584 100.654 100.684 100.684 100.694 100.719 100.729 100.784 100.99 101.02 101.045 101.055 101.065 101.07 101.105 101.115 101.165 101.266 101.276 101.326 101.416 101.456 101.461 101.47 101.511 101.526 101.571 101.596 101.616 101.616 101.667 101.722 101.727 101.767 101.771 101.806 101.812 101.821 101.917 101.977 102.062 102.077 102.148 102.158 102.168 102.172 102.181 102.223 102.308 102.378 102.403 102.413 102.418 102.474 102.578 102.584 102.734 102.754 102.849 102.914 102.929 102.935 102.94 102.943 103.08 103.095 103.13 103.145 103.185 103.205 103.209 103.245 103.25 103.255 103.26 103.29 103.34 103.34 103.345 103.4 103.455 103.476 103.56 103.576 103.591 103.591 103.601 103.616 103.616 103.631 103.686 103.711 103.746 103.751 103.821 103.87 103.881 103.897 103.931 103.954 103.997 104.012 104.022 104.042 104.057 104.057 104.077 104.127 104.132 104.142 104.152 104.187 104.237 104.237 104.242 104.298 104.388 104.407 104.423 104.433 104.438 104.443 104.477 104.478 104.508 104.508 104.513 104.553 104.568 104.613 104.733 104.768 104.798 104.829 104.838 104.844 105.044 105.074 105.105 105.134 105.174 105.179 105.185 105.185 105.215 105.234 105.345 105.355 105.365 105.405 105.44 105.47 105.48 105.495 105.5 105.51 105.551 105.566 105.57 105.635 105.641 105.686 105.691 105.696 105.756 105.761 105.771 105.786 105.811 105.821 105.831 105.846 105.876 105.911 105.951 105.971 105.987 106.007 106.022 106.031 106.041 106.041 106.042 106.042 106.067 106.072 106.082 106.097 106.101 106.137 106.142 106.142 106.147 106.157 106.172 106.181 106.197 106.207 106.212 106.212 106.217 106.232 106.252 106.302 106.338 106.368 106.408 106.412 106.412 106.428 106.443 106.458 106.493 106.493 106.532 106.543 106.552 106.558 106.562 106.568 106.568 106.577 106.578 106.593 106.603 106.623 106.628 106.633 106.668 106.673 106.673 106.683 106.688 106.693 106.698 106.703 106.718 106.729 106.784 106.893 106.898 106.898 106.908 106.949 106.964 106.973 106.998 107.009 107.019 107.049 107.089 107.099 107.109 107.121 107.129 107.184 107.189 107.204 107.209 107.225 107.229 107.229 107.249 107.289 107.299 107.33 107.344 107.379 107.38 107.385 107.385 107.394 107.395 107.405 107.409 107.41 107.414 107.419 107.42 107.42 107.43 107.445 107.45 107.485 107.52 107.53 107.535 107.555 107.56 107.575 107.605 107.605 107.625 107.625 107.65 107.681 107.69 107.701 107.701 107.735 107.735 107.761 107.761 107.771 107.776 107.821 107.826 107.881 107.886 107.886 107.901 107.916 107.916 107.916 107.931 107.946 107.951 107.966 107.981 107.991 108.002 108.011 108.011 108.016 108.036 108.046 108.056 108.076 108.076 108.092 108.121 108.121 108.121 108.146 108.166 108.176 108.177 108.231 108.232 108.267 108.276 108.282 108.291 108.302 108.322 108.332 108.382 108.387 108.392 108.402 108.417 108.422 108.447 108.452 108.452 108.452 108.467 108.472 108.477 108.487 108.507 108.512 108.517 108.517 108.523 108.528 108.532 108.532 108.547 108.598 108.602 108.602 108.613 108.648 108.662 108.668 108.678 108.723 108.733 108.738 108.763 108.768 108.798 108.808 108.813 108.818 108.858 108.888 108.893 108.898 108.898 108.914 108.978 108.983 109.014 109.043 109.053 109.059 109.089 109.098 109.099 109.114 109.139 109.149 109.149 109.179 109.264 109.294 109.319 109.344 109.37 109.429 109.459 109.489 109.489 109.53 109.544 109.59 109.595 109.635 109.675 109.74 109.741 109.745 109.805 109.816 109.82 109.85 109.851 109.885 109.895 109.951 109.97 110.061 110.071 110.076 110.096 110.151 110.181 110.316 110.341 110.412 110.417 110.466 110.467 110.477 110.487 110.497 110.552 110.557 110.592 110.622 110.637 110.682 110.692 110.702 110.707 110.747 110.787 110.793 110.912 110.943 110.963 110.968 111.003 111.113 111.129 111.134 111.168 111.168 111.203 111.208 111.214 111.219 111.244 111.269 111.293 111.334 111.344 111.364 111.394 111.394 111.414 111.444 111.479 111.5 111.519 111.521 111.535 111.56 111.569 111.589 111.609 111.63 111.655 111.674 111.725 111.735 111.84 111.84 111.955 111.965 111.985 112.005 112.016 112.041 112.051 112.086 112.116 112.126 112.141 112.155 112.211 112.241 112.256 112.261 112.271 112.316 112.341 112.351 112.381 112.466 112.526 112.561 112.566 112.567 112.602 112.657 112.707 112.727 112.737 112.737 112.797 112.827 112.842 112.842 112.863 112.882 112.892 112.968 112.988 113.043 113.053 113.148 113.198 113.228 113.274 113.464 113.479 113.534 113.559 113.589 113.654 113.709 113.744 113.774 113.96 114.121 114.215 114.401 114.431 114.446 114.767 114.796 114.816 114.817 114.847 114.937 115.058 115.097 115.147 115.158 115.318 115.534 115.554 115.739 115.84 116.11 116.621 116.637 116.886 116.912 116.942 117.172 117.543 117.769 117.894 118.275 118.315 118.701 119.257 119.342 119.563 119.633 119.819 119.863 119.904 119.984 120.284 120.4 120.52 120.525 120.586 120.741 120.761 120.761 120.932 121.012 121.081 121.092 121.232 121.412 121.568 121.638 121.758 122.154 122.209 122.325 122.63 122.675 122.8 123.046 123.573 123.612 123.657 123.963 124.099 124.218 124.361 124.439 124.55 124.77 124.83 124.895 125.031 125.041 125.382 125.441 125.532 125.622 125.878 125.963 126.208 126.329 126.489 126.759 126.76 126.805 126.835 126.849 126.86 126.91 127.015 127.601 128.329 128.88 129.116 129.316 129.686 129.736 130.337 130.889 131.792 132.263 132.373 132.768 133.029 133.034 134.382 136.182 137.369 138.788 139.69 142.281 143.314 144.711 144.812 144.947 145.714 146.325 148.896 148.961 150.365 155.386 157.551 158.704 159.165 248.702 471.747 3770.69

Time elapsed stats:
  sum  99250.7 us
  avg  99.2507 us
  max  3770.69 us
  min  44.606 us

Removing top/bottom-5:
  sum  94213.5 us
  avg  95.1651 us
  max  157.551 us
  min  46.343 us

Num files at level --
  0: 9
  1: 19
  2: 12
  3: 0
  4: 0
  5: 0
  6: 0

Stats --
                               Compactions
Level  Files Size(MB) Time(sec) Read(MB) Write(MB)
--------------------------------------------------
  0        9       36         0        0         0
  1       19       36         0        0         0
  2       12       24         0        0         0

SSTables --
--- level 0 ---
 92:4124646['user10046604894068544' @ 9635 : 1 .. 'user971136347768642592' @ 9667 : 1]
 89:4205685['user1005640680888162' @ 8874 : 1 .. 'user960084102193685886' @ 8906 : 1]
 85:4204932['user1005972966029934054' @ 8047 : 1 .. 'user994579075160678783' @ 7972 : 1]
 81:4205504['user1006191281247775937' @ 7456 : 1 .. 'user982188593343599298' @ 7368 : 1]
 78:4205619['user1006532926542074502' @ 6714 : 1 .. 'user99137614613375737' @ 6928 : 1]
 83:4205080['user1018363447847013539' @ 7865 : 1 .. 'user993800799430696452' @ 7820 : 1]
 58:4205091['user1019483368871294435' @ 6367 : 1 .. 'user994360759942836900' @ 6491 : 1]
 91:4205756['user1044594160504054184' @ 9234 : 1 .. 'user95229708324090387' @ 9196 : 1]
 87:4205838['user1050400263547602761' @ 8556 : 1 .. 'user935751586290908468' @ 8619 : 1]
--- level 1 ---
 56:2107550['user1006751241759916385' @ 6221 : 1 .. 'user1498736710723774180' @ 4061 : 1]
 59:2107519['user1499296671235914628' @ 2800 : 1 .. 'user1940937226857796243' @ 3609 : 1]
 60:2107462['user1941497187369936691' @ 3402 : 1 .. 'user2429916395338807701' @ 3442 : 1]
 61:2107602['user2430134710556649584' @ 4885 : 1 .. 'user2893101481598462280' @ 4780 : 1]
 62:2107507['user2895889466863466734' @ 3822 : 1 .. 'user3335631825731085122' @ 5111 : 1]
 63:2107680['user3336191786243225570' @ 5762 : 1 .. 'user3810210802859994972' @ 2664 : 1]
 64:2107439['user3810429118077836855' @ 3175 : 1 .. 'user4256537540501144268' @ 6053 : 1]
 65:2107572['user4257097501013284716' @ 5270 : 1 .. 'user4760135215552099217' @ 2697 : 1]
 66:2107491['user4764821397571366898' @ 2517 : 1 .. 'user5211708095724656642' @ 5413 : 1]
 67:2107613['user5212049741018955207' @ 5233 : 1 .. 'user5623208460573458061' @ 4765 : 1]
 68:2107496['user5623768421085598509' @ 6064 : 1 .. 'user6131835534764733457' @ 4229 : 1]
 69:2107420['user6132395495276873905' @ 5110 : 1 .. 'user6533061929768560501' @ 3508 : 1]
 70:2107414['user65420917376365171' @ 3918 : 1 .. 'user7021699452955273394' @ 6015 : 1]
 71:2107611['user7030293541263826425' @ 5829 : 1 .. 'user7488014169774230992' @ 3403 : 1]
 72:1895765['user7488232484992072875' @ 4916 : 1 .. 'user7891251846139834360' @ 4796 : 1]
 73:2107521['user7900965855472668287' @ 4966 : 1 .. 'user8384575551345814934' @ 3899 : 1]
 74:2107482['user8384917196640113499' @ 2579 : 1 .. 'user8794955995170335457' @ 5853 : 1]
 75:2107295['user8795515955682475905' @ 5104 : 1 .. 'user979960568590735292' @ 3463 : 1]
 76:121025['user982748553855739746' @ 5015 : 1 .. 'user997378877721381023' @ 3797 : 1]
--- level 2 ---
 36:2107527['user1000385178204227360' @ 6 : 1 .. 'user1715321609418666813' @ 1633 : 1]
 45:2107432['user1715539924636508696' @ 2150 : 1 .. 'user2419424110275991443' @ 2320 : 1]
 46:2107346['user2422430410758837780' @ 1503 : 1 .. 'user3111914405046218919' @ 615 : 1]
 47:2107429['user3112132720264060802' @ 104 : 1 .. 'user3832315294009908384' @ 2078 : 1]
 48:2107491['user3835881555004895169' @ 1024 : 1 .. 'user4515091579447301933' @ 169 : 1]
 49:2107419['user4515651539959442381' @ 922 : 1 .. 'user5219194080304626563' @ 398 : 1]
 50:2107468['user5223101986593911913' @ 1398 : 1 .. 'user5911684375074854039' @ 2219 : 1]
 51:2107281['user5912804296099134935' @ 713 : 1 .. 'user6525357629970748697' @ 1972 : 1]
 52:2107377['user6525917590482889145' @ 67 : 1 .. 'user7230580051852354223' @ 1081 : 1]
 53:2107438['user7230798367070196106' @ 1614 : 1 .. 'user789388067335041421' @ 1243 : 1]
 54:2107349['user7908110194758339643' @ 1689 : 1 .. 'user8637323487248424022' @ 309 : 1]
 55:2046806['user8637665132542722587' @ 97 : 1 .. 'user996258956697100127' @ 1207 : 1]
--- level 3 ---
--- level 4 ---
--- level 5 ---
--- level 6 ---

