Finished 1000 requests.

Sorted time elapsed:
 41.733 42.197 42.226 42.232 42.334 42.406 42.533 42.589 42.607 42.611 42.627 42.675 42.69 42.695 42.695 42.723 42.795 42.84 42.842 42.853 42.861 42.871 42.885 42.892 42.903 42.911 42.921 42.956 42.958 42.975 42.978 42.998 43.014 43.049 43.094 43.096 43.134 43.138 43.138 43.148 43.165 43.167 43.168 43.174 43.207 43.213 43.218 43.25 43.256 43.268 43.303 43.303 43.321 43.327 43.329 43.339 43.339 43.343 43.349 43.355 43.358 43.363 43.365 43.366 43.369 43.375 43.391 43.395 43.396 43.403 43.411 43.443 43.449 43.449 43.451 43.451 43.489 43.517 43.521 43.53 43.537 43.551 43.58 43.601 43.603 43.607 43.634 43.638 43.643 43.647 43.65 43.655 43.671 43.678 43.693 43.716 43.726 43.73 43.751 43.752 43.755 43.756 43.763 43.788 43.794 43.798 43.808 43.82 43.822 43.842 43.852 43.86 43.862 43.868 43.894 43.894 43.9 43.906 43.906 43.908 43.922 43.926 43.926 43.95 43.962 43.972 43.981 43.984 43.986 43.991 43.994 43.997 44.003 44.019 44.021 44.025 44.026 44.036 44.037 44.041 44.042 44.055 44.056 44.058 44.063 44.071 44.075 44.083 44.092 44.094 44.139 44.145 44.146 44.151 44.157 44.157 44.163 44.163 44.163 44.174 44.189 44.189 44.213 44.227 44.246 44.249 44.251 44.253 44.267 44.289 44.295 44.295 44.303 44.307 44.313 44.313 44.325 44.329 44.329 44.331 44.331 44.339 44.341 44.345 44.363 44.367 44.371 44.374 44.399 44.4 44.407 44.409 44.415 44.421 44.427 44.433 44.437 44.457 44.479 44.481 44.488 44.495 44.501 44.508 44.512 44.553 44.556 44.558 44.572 44.574 44.6 44.603 44.605 44.611 44.611 44.612 44.62 44.624 44.634 44.638 44.642 44.659 44.672 44.675 44.68 44.702 44.708 44.724 44.728 44.742 44.75 44.754 44.76 44.762 44.786 44.786 44.79 44.798 44.798 44.804 44.812 44.812 44.822 44.825 44.835 44.836 44.846 44.854 44.862 44.876 44.877 44.889 44.892 44.897 44.904 44.912 44.919 44.929 44.934 44.941 44.943 44.947 44.951 44.958 44.965 44.967 44.971 44.976 44.985 44.992 45 45.011 45.018 45.021 45.022 45.025 45.031 45.031 45.033 45.039 45.041 45.067 45.071 45.077 45.081 45.095 45.095 45.098 45.1 45.105 45.107 45.107 45.113 45.125 45.131 45.131 45.132 45.143 45.145 45.157 45.157 45.183 45.187 45.191 45.195 45.201 45.201 45.207 45.211 45.213 45.215 45.227 45.241 45.242 45.252 45.255 45.269 45.273 45.275 45.281 45.283 45.286 45.303 45.303 45.309 45.309 45.327 45.339 45.353 45.357 45.363 45.372 45.373 45.379 45.384 45.4 45.408 45.408 45.418 45.433 45.438 45.45 45.45 45.454 45.476 45.492 45.495 45.5 45.502 45.504 45.51 45.51 45.518 45.518 45.522 45.536 45.536 45.542 45.548 45.556 45.56 45.562 45.564 45.565 45.568 45.574 45.586 45.59 45.596 45.6 45.6 45.614 45.618 45.62 45.624 45.63 45.638 45.644 45.644 45.646 45.648 45.65 45.654 45.664 45.666 45.666 45.667 45.684 45.696 45.697 45.698 45.705 45.718 45.72 45.724 45.731 45.738 45.744 45.793 45.795 45.81 45.81 45.816 45.817 45.824 45.829 45.829 45.838 45.845 45.852 45.855 45.863 45.87 45.875 45.877 45.883 45.885 45.889 45.894 45.901 45.905 45.917 45.919 45.928 45.935 45.937 45.937 45.955 45.957 45.959 45.962 45.963 45.963 45.969 45.971 45.973 45.993 45.995 45.995 46.015 46.019 46.031 46.039 46.043 46.048 46.055 46.075 46.077 46.083 46.087 46.089 46.093 46.099 46.109 46.117 46.127 46.129 46.129 46.13 46.139 46.143 46.144 46.145 46.168 46.169 46.181 46.195 46.205 46.207 46.208 46.209 46.211 46.215 46.215 46.215 46.216 46.221 46.222 46.223 46.225 46.252 46.253 46.267 46.275 46.275 46.275 46.278 46.28 46.288 46.296 46.309 46.309 46.312 46.312 46.322 46.332 46.342 46.346 46.346 46.348 46.356 46.364 46.366 46.376 46.376 46.38 46.38 46.388 46.39 46.404 46.418 46.42 46.426 46.426 46.43 46.448 46.45 46.456 46.469 46.47 46.47 46.472 46.48 46.492 46.496 46.512 46.518 46.526 46.53 46.53 46.532 46.535 46.536 46.54 46.568 46.568 46.57 46.572 46.58 46.581 46.586 46.591 46.592 46.596 46.598 46.604 46.606 46.608 46.612 46.615 46.618 46.64 46.646 46.655 46.664 46.666 46.668 46.669 46.675 46.675 46.676 46.683 46.687 46.71 46.712 46.714 46.716 46.717 46.727 46.731 46.739 46.741 46.744 46.747 46.747 46.753 46.768 46.773 46.777 46.795 46.821 46.825 46.837 46.845 46.847 46.879 46.881 46.897 46.897 46.901 46.907 46.919 46.933 46.937 46.945 46.947 46.979 46.989 47.001 47.074 47.079 47.092 47.098 47.113 47.115 47.122 47.124 47.13 47.164 47.181 47.188 47.188 47.213 47.244 47.256 47.258 47.266 47.268 47.272 47.282 47.288 47.29 47.292 47.312 47.324 47.326 47.334 47.336 47.342 47.363 47.368 47.398 47.426 47.434 47.434 47.446 47.468 47.468 47.475 47.514 47.524 47.556 47.559 47.572 47.605 47.625 47.65 47.693 47.729 47.739 47.751 47.781 47.796 47.807 47.813 47.823 47.831 47.861 47.867 47.871 47.872 47.873 47.881 47.895 47.905 47.912 47.921 47.926 47.929 47.936 47.939 47.944 47.951 47.984 48.045 48.078 48.082 48.109 48.116 48.116 48.134 48.148 48.166 48.176 48.184 48.214 48.242 48.248 48.276 48.276 48.28 48.369 48.39 48.401 48.466 48.481 48.485 48.492 48.513 48.513 48.525 48.541 48.555 48.593 48.594 48.627 48.637 48.643 48.645 48.663 48.663 48.681 48.737 48.741 48.765 48.812 48.819 48.88 48.888 48.888 48.89 48.926 48.926 48.964 49.004 49.046 49.06 49.08 49.176 49.176 49.249 49.274 49.277 49.282 49.389 49.421 49.424 49.443 49.481 49.499 49.585 49.606 49.626 49.653 49.834 50.022 50.084 50.136 50.325 50.343 50.384 50.443 50.621 50.698 50.802 50.82 50.894 50.947 51.087 51.111 51.113 51.133 51.149 51.273 51.456 51.618 51.622 51.734 51.837 51.865 51.969 52.013 52.085 52.149 52.262 52.281 52.472 52.49 52.492 52.52 52.626 52.717 52.787 52.809 52.925 52.995 53.023 53.118 53.128 53.129 53.232 53.252 53.307 53.319 53.416 53.418 53.42 53.496 53.534 53.547 53.571 53.593 53.596 53.597 53.935 54.025 54.118 54.173 54.188 54.236 54.244 54.264 54.309 54.473 54.548 54.729 54.759 54.802 54.875 54.906 54.954 55.011 55.096 55.216 55.227 55.229 55.258 55.266 55.299 55.329 55.333 55.519 55.585 55.631 55.72 55.721 55.775 55.822 55.894 56.112 56.554 56.59 56.628 56.656 56.657 56.86 57.08 57.221 57.518 57.52 57.56 57.823 57.857 58.354 58.358 58.659 59.03 59.204 59.426 59.779 60.012 60.039 61.87 62.695 63.331 63.602 63.799 63.838 63.919 64.271 64.635 64.726 66.441 66.863 67.098 67.489 67.702 67.712 69.181 71.711 72.354 72.372 72.815 72.907 73.468 73.827 74.318 74.443 74.631 74.643 74.868 75.058 75.164 75.232 75.328 75.367 75.418 75.433 75.605 75.721 75.795 75.795 75.831 75.87 76.073 76.132 76.163 76.184 76.198 76.214 76.254 76.257 76.338 76.397 76.606 76.614 76.815 77.179 77.192 77.194 77.242 77.242 77.27 77.329 77.445 77.493 77.53 77.57 77.603 77.608 77.843 78.008 78.014 78.066 78.079 78.112 78.215 78.218 78.248 78.477 78.506 78.568 78.6 78.615 78.663 78.67 78.788 78.892 78.928 78.935 79.023 79.125 79.148 79.239 79.296 79.322 79.461 79.916 79.966 80.12 80.251 80.861 80.908 80.934 81.079 81.193 82.428 82.647 82.763 83.102 83.638 83.652 84.63 84.637 84.717 84.866 85.242 86.379 86.389 88.922 89.619 89.751 90.086 90.194 90.794 91.901 92.27 92.648 94.543 94.763 95.167 96.361 96.427 98.919 103.893 111.603 122.664 181.064 230.466 3709.71

Time elapsed stats:
  sum  55108.7 us
  avg  55.1087 us
  max  3709.71 us
  min  41.733 us

Removing top/bottom-5:
  sum  50542.5 us
  avg  51.053 us
  max  103.893 us
  min  42.406 us

Num files at level --
  0: 9
  1: 19
  2: 12
  3: 0
  4: 0
  5: 0
  6: 0

Stats --
                               Compactions
Level  Files Size(MB) Time(sec) Read(MB) Write(MB)
--------------------------------------------------
  0        9       36         0        0         0
  1       19       36         0        0         0
  2       12       24         0        0         0

SSTables --
--- level 0 ---
 92:4124646['user10046604894068544' @ 9635 : 1 .. 'user971136347768642592' @ 9667 : 1]
 89:4205685['user1005640680888162' @ 8874 : 1 .. 'user960084102193685886' @ 8906 : 1]
 85:4204932['user1005972966029934054' @ 8047 : 1 .. 'user994579075160678783' @ 7972 : 1]
 81:4205504['user1006191281247775937' @ 7456 : 1 .. 'user982188593343599298' @ 7368 : 1]
 78:4205619['user1006532926542074502' @ 6714 : 1 .. 'user99137614613375737' @ 6928 : 1]
 83:4205080['user1018363447847013539' @ 7865 : 1 .. 'user993800799430696452' @ 7820 : 1]
 58:4205091['user1019483368871294435' @ 6367 : 1 .. 'user994360759942836900' @ 6491 : 1]
 91:4205756['user1044594160504054184' @ 9234 : 1 .. 'user95229708324090387' @ 9196 : 1]
 87:4205838['user1050400263547602761' @ 8556 : 1 .. 'user935751586290908468' @ 8619 : 1]
--- level 1 ---
 56:2107550['user1006751241759916385' @ 6221 : 1 .. 'user1498736710723774180' @ 4061 : 1]
 59:2107519['user1499296671235914628' @ 2800 : 1 .. 'user1940937226857796243' @ 3609 : 1]
 60:2107462['user1941497187369936691' @ 3402 : 1 .. 'user2429916395338807701' @ 3442 : 1]
 61:2107602['user2430134710556649584' @ 4885 : 1 .. 'user2893101481598462280' @ 4780 : 1]
 62:2107507['user2895889466863466734' @ 3822 : 1 .. 'user3335631825731085122' @ 5111 : 1]
 63:2107680['user3336191786243225570' @ 5762 : 1 .. 'user3810210802859994972' @ 2664 : 1]
 64:2107439['user3810429118077836855' @ 3175 : 1 .. 'user4256537540501144268' @ 6053 : 1]
 65:2107572['user4257097501013284716' @ 5270 : 1 .. 'user4760135215552099217' @ 2697 : 1]
 66:2107491['user4764821397571366898' @ 2517 : 1 .. 'user5211708095724656642' @ 5413 : 1]
 67:2107613['user5212049741018955207' @ 5233 : 1 .. 'user5623208460573458061' @ 4765 : 1]
 68:2107496['user5623768421085598509' @ 6064 : 1 .. 'user6131835534764733457' @ 4229 : 1]
 69:2107420['user6132395495276873905' @ 5110 : 1 .. 'user6533061929768560501' @ 3508 : 1]
 70:2107414['user65420917376365171' @ 3918 : 1 .. 'user7021699452955273394' @ 6015 : 1]
 71:2107611['user7030293541263826425' @ 5829 : 1 .. 'user7488014169774230992' @ 3403 : 1]
 72:1895765['user7488232484992072875' @ 4916 : 1 .. 'user7891251846139834360' @ 4796 : 1]
 73:2107521['user7900965855472668287' @ 4966 : 1 .. 'user8384575551345814934' @ 3899 : 1]
 74:2107482['user8384917196640113499' @ 2579 : 1 .. 'user8794955995170335457' @ 5853 : 1]
 75:2107295['user8795515955682475905' @ 5104 : 1 .. 'user979960568590735292' @ 3463 : 1]
 76:121025['user982748553855739746' @ 5015 : 1 .. 'user997378877721381023' @ 3797 : 1]
--- level 2 ---
 36:2107527['user1000385178204227360' @ 6 : 1 .. 'user1715321609418666813' @ 1633 : 1]
 45:2107432['user1715539924636508696' @ 2150 : 1 .. 'user2419424110275991443' @ 2320 : 1]
 46:2107346['user2422430410758837780' @ 1503 : 1 .. 'user3111914405046218919' @ 615 : 1]
 47:2107429['user3112132720264060802' @ 104 : 1 .. 'user3832315294009908384' @ 2078 : 1]
 48:2107491['user3835881555004895169' @ 1024 : 1 .. 'user4515091579447301933' @ 169 : 1]
 49:2107419['user4515651539959442381' @ 922 : 1 .. 'user5219194080304626563' @ 398 : 1]
 50:2107468['user5223101986593911913' @ 1398 : 1 .. 'user5911684375074854039' @ 2219 : 1]
 51:2107281['user5912804296099134935' @ 713 : 1 .. 'user6525357629970748697' @ 1972 : 1]
 52:2107377['user6525917590482889145' @ 67 : 1 .. 'user7230580051852354223' @ 1081 : 1]
 53:2107438['user7230798367070196106' @ 1614 : 1 .. 'user789388067335041421' @ 1243 : 1]
 54:2107349['user7908110194758339643' @ 1689 : 1 .. 'user8637323487248424022' @ 309 : 1]
 55:2046806['user8637665132542722587' @ 97 : 1 .. 'user996258956697100127' @ 1207 : 1]
--- level 3 ---
--- level 4 ---
--- level 5 ---
--- level 6 ---

