Finished 1000 requests.

Sorted time elapsed:
 26.245 26.418 26.536 26.65 26.712 26.75 26.756 26.787 26.819 26.823 26.833 26.847 26.887 26.889 26.914 26.92 26.927 26.936 26.946 26.958 26.965 26.974 26.985 26.987 26.993 26.997 26.999 27.003 27.033 27.051 27.053 27.055 27.063 27.067 27.099 27.115 27.131 27.135 27.137 27.137 27.155 27.179 27.181 27.197 27.201 27.217 27.239 27.247 27.255 27.275 27.293 27.297 27.302 27.302 27.355 27.386 27.39 27.392 27.411 27.415 27.419 27.422 27.427 27.428 27.446 27.459 27.46 27.462 27.462 27.472 27.492 27.498 27.514 27.532 27.532 27.559 27.564 27.584 27.59 27.596 27.6 27.605 27.635 27.662 27.666 27.668 27.676 27.676 27.686 27.694 27.695 27.716 27.723 27.732 27.735 27.739 27.739 27.744 27.753 27.755 27.758 27.776 27.781 27.799 27.816 27.819 27.82 27.822 27.823 27.833 27.833 27.836 27.837 27.849 27.881 27.891 27.891 27.897 27.901 27.917 27.923 27.923 27.929 27.939 27.941 27.949 27.965 28.017 28.019 28.022 28.025 28.037 28.049 28.054 28.061 28.099 28.099 28.101 28.108 28.118 28.126 28.131 28.132 28.133 28.14 28.147 28.172 28.177 28.178 28.18 28.184 28.187 28.188 28.199 28.206 28.216 28.227 28.248 28.259 28.26 28.274 28.286 28.29 28.292 28.294 28.31 28.316 28.336 28.346 28.35 28.354 28.358 28.372 28.376 28.384 28.39 28.414 28.416 28.424 28.438 28.438 28.452 28.464 28.464 28.468 28.476 28.479 28.486 28.492 28.5 28.502 28.504 28.512 28.524 28.526 28.549 28.552 28.552 28.56 28.563 28.568 28.61 28.611 28.618 28.627 28.635 28.651 28.666 28.667 28.68 28.697 28.715 28.727 28.731 28.743 28.751 28.753 28.757 28.774 28.777 28.787 28.789 28.791 28.803 28.835 28.841 28.845 28.847 28.847 28.847 28.848 28.851 28.855 28.857 28.873 28.875 28.875 28.877 28.895 28.897 28.901 28.903 28.915 28.917 28.92 28.925 28.937 28.943 28.943 28.951 28.958 28.959 28.967 28.967 29.007 29.007 29.018 29.023 29.032 29.034 29.036 29.041 29.046 29.05 29.057 29.071 29.077 29.09 29.091 29.1 29.102 29.106 29.11 29.12 29.123 29.142 29.144 29.144 29.149 29.153 29.17 29.17 29.172 29.176 29.181 29.186 29.193 29.196 29.198 29.2 29.21 29.214 29.216 29.22 29.224 29.226 29.228 29.234 29.236 29.244 29.254 29.254 29.262 29.266 29.272 29.272 29.282 29.288 29.291 29.308 29.314 29.318 29.318 29.318 29.322 29.325 29.342 29.346 29.347 29.347 29.355 29.356 29.359 29.362 29.364 29.368 29.386 29.395 29.408 29.416 29.418 29.425 29.431 29.434 29.437 29.437 29.447 29.455 29.456 29.456 29.458 29.47 29.473 29.476 29.477 29.478 29.499 29.503 29.503 29.511 29.517 29.518 29.518 29.519 29.521 29.525 29.531 29.534 29.535 29.537 29.538 29.545 29.545 29.554 29.555 29.557 29.563 29.564 29.565 29.565 29.567 29.569 29.569 29.572 29.573 29.577 29.585 29.591 29.597 29.598 29.599 29.611 29.613 29.615 29.618 29.621 29.633 29.641 29.643 29.645 29.647 29.653 29.653 29.655 29.659 29.659 29.661 29.667 29.671 29.685 29.699 29.701 29.719 29.721 29.727 29.729 29.733 29.736 29.739 29.745 29.757 29.765 29.765 29.766 29.767 29.769 29.786 29.794 29.799 29.824 29.83 29.842 29.843 29.847 29.847 29.855 29.856 29.857 29.859 29.867 29.873 29.881 29.887 29.89 29.895 29.895 29.901 29.92 29.923 29.924 29.926 29.927 29.928 29.928 29.934 29.946 29.946 29.952 29.954 29.959 29.962 29.964 29.968 29.973 29.98 29.996 30.001 30.004 30.006 30.006 30.006 30.008 30.012 30.022 30.022 30.024 30.026 30.028 30.034 30.034 30.036 30.036 30.038 30.044 30.062 30.066 30.066 30.072 30.076 30.084 30.086 30.088 30.09 30.09 30.098 30.104 30.116 30.122 30.124 30.132 30.136 30.14 30.142 30.148 30.154 30.165 30.166 30.172 30.174 30.201 30.204 30.204 30.21 30.21 30.212 30.214 30.214 30.216 30.217 30.218 30.22 30.226 30.237 30.244 30.248 30.25 30.254 30.27 30.27 30.271 30.287 30.29 30.302 30.305 30.308 30.313 30.322 30.342 30.344 30.348 30.351 30.352 30.353 30.359 30.37 30.373 30.376 30.381 30.395 30.399 30.402 30.403 30.407 30.429 30.433 30.444 30.451 30.454 30.467 30.468 30.475 30.481 30.483 30.505 30.515 30.521 30.539 30.547 30.555 30.563 30.565 30.567 30.569 30.571 30.573 30.577 30.602 30.607 30.609 30.611 30.611 30.611 30.629 30.629 30.637 30.669 30.677 30.678 30.681 30.69 30.691 30.727 30.733 30.741 30.792 30.796 30.803 30.804 30.818 30.825 30.833 30.834 30.84 30.84 30.85 30.85 30.852 30.853 30.878 30.881 30.885 30.888 30.912 30.926 30.932 30.942 30.948 30.988 30.99 30.996 30.998 31.002 31.014 31.026 31.03 31.031 31.038 31.04 31.048 31.049 31.05 31.068 31.068 31.07 31.072 31.097 31.11 31.112 31.118 31.12 31.13 31.139 31.143 31.148 31.153 31.156 31.157 31.203 31.218 31.22 31.229 31.234 31.237 31.238 31.247 31.266 31.269 31.27 31.271 31.272 31.285 31.292 31.305 31.309 31.317 31.324 31.324 31.334 31.337 31.357 31.373 31.375 31.403 31.417 31.425 31.427 31.439 31.441 31.445 31.445 31.453 31.453 31.459 31.467 31.47 31.495 31.509 31.529 31.532 31.535 31.537 31.54 31.54 31.54 31.541 31.541 31.544 31.551 31.581 31.591 31.595 31.602 31.607 31.607 31.613 31.613 31.624 31.625 31.631 31.643 31.649 31.656 31.672 31.688 31.689 31.702 31.707 31.709 31.712 31.714 31.74 31.745 31.747 31.749 31.75 31.756 31.76 31.768 31.778 31.78 31.78 31.792 31.796 31.812 31.812 31.814 31.814 31.826 31.826 31.842 31.846 31.852 31.856 31.862 31.891 31.902 31.912 31.924 31.938 31.958 31.967 31.985 32.032 32.05 32.058 32.079 32.115 32.118 32.145 32.163 32.207 32.243 32.243 32.265 32.267 32.291 32.291 32.315 32.335 32.339 32.347 32.391 32.393 32.415 32.442 32.536 32.538 32.542 32.542 32.566 32.576 32.576 32.616 32.634 32.636 32.66 32.668 32.702 32.704 32.708 32.754 32.762 32.836 32.915 32.959 33.111 33.209 33.327 33.335 33.343 33.612 33.708 33.734 33.827 33.861 33.897 34.889 35.045 35.178 35.234 35.358 35.415 35.468 35.729 36.126 36.316 36.408 36.513 36.571 36.675 36.699 36.913 36.954 36.967 37.124 37.198 37.232 37.563 37.579 37.705 37.728 37.736 37.77 37.979 38.111 38.311 38.321 38.646 38.722 38.742 38.8 38.995 39.103 39.472 39.53 39.61 39.622 39.696 39.862 40.36 40.737 41.008 41.296 42.583 43.02 45.64 45.687 45.727 45.87 45.877 45.892 45.938 45.947 46.001 46.104 46.137 46.223 46.725 46.883 46.905 47.025 47.046 47.22 47.354 47.507 47.547 47.554 47.594 47.645 47.722 47.737 47.762 47.798 47.805 47.812 47.814 47.992 48.035 48.184 48.265 48.293 48.457 48.487 48.652 48.669 48.705 48.721 48.731 48.775 48.837 48.888 49.13 49.161 49.257 49.407 49.442 49.446 49.475 49.489 49.561 49.566 49.574 49.596 49.621 49.672 49.7 49.72 49.789 49.999 50.171 50.221 50.301 50.36 50.371 50.438 50.477 50.535 50.554 50.59 50.614 50.634 50.655 50.671 50.692 50.758 50.868 50.875 50.914 50.922 50.926 50.988 51.006 51.021 51.028 51.064 51.199 51.223 51.4 51.407 51.508 51.586 51.766 51.778 52.217 52.299 52.675 52.755 52.825 52.907 52.923 53.094 53.143 53.299 53.313 53.382 53.491 53.505 53.52 53.587 53.612 53.654 53.685 53.864 53.969 53.977 53.988 54.042 54.122 54.202 54.52 54.622 54.673 54.825 55.259 55.34 55.427 55.576 55.606 56.978 57.497 57.745 59.685 59.979 60.252 60.624 60.831 60.968 61.529 61.7 61.787 62.141 62.296 64.817 65.135 67.156 70.207 85.817 87.63 129.865 2490.15

Time elapsed stats:
  sum  36110.1 us
  avg  36.1101 us
  max  2490.15 us
  min  26.245 us

Removing top/bottom-5:
  sum  33113.8 us
  avg  33.4483 us
  max  67.156 us
  min  26.75 us

Num files at level --
  0: 9
  1: 19
  2: 12
  3: 0
  4: 0
  5: 0
  6: 0

Stats --
                               Compactions
Level  Files Size(MB) Time(sec) Read(MB) Write(MB)
--------------------------------------------------
  0        9       36         0        0         0
  1       19       36         0        0         0
  2       12       24         0        0         0

SSTables --
--- level 0 ---
 92:4124646['user10046604894068544' @ 9635 : 1 .. 'user971136347768642592' @ 9667 : 1]
 89:4205685['user1005640680888162' @ 8874 : 1 .. 'user960084102193685886' @ 8906 : 1]
 85:4204932['user1005972966029934054' @ 8047 : 1 .. 'user994579075160678783' @ 7972 : 1]
 81:4205504['user1006191281247775937' @ 7456 : 1 .. 'user982188593343599298' @ 7368 : 1]
 78:4205619['user1006532926542074502' @ 6714 : 1 .. 'user99137614613375737' @ 6928 : 1]
 83:4205080['user1018363447847013539' @ 7865 : 1 .. 'user993800799430696452' @ 7820 : 1]
 58:4205091['user1019483368871294435' @ 6367 : 1 .. 'user994360759942836900' @ 6491 : 1]
 91:4205756['user1044594160504054184' @ 9234 : 1 .. 'user95229708324090387' @ 9196 : 1]
 87:4205838['user1050400263547602761' @ 8556 : 1 .. 'user935751586290908468' @ 8619 : 1]
--- level 1 ---
 56:2107550['user1006751241759916385' @ 6221 : 1 .. 'user1498736710723774180' @ 4061 : 1]
 59:2107519['user1499296671235914628' @ 2800 : 1 .. 'user1940937226857796243' @ 3609 : 1]
 60:2107462['user1941497187369936691' @ 3402 : 1 .. 'user2429916395338807701' @ 3442 : 1]
 61:2107602['user2430134710556649584' @ 4885 : 1 .. 'user2893101481598462280' @ 4780 : 1]
 62:2107507['user2895889466863466734' @ 3822 : 1 .. 'user3335631825731085122' @ 5111 : 1]
 63:2107680['user3336191786243225570' @ 5762 : 1 .. 'user3810210802859994972' @ 2664 : 1]
 64:2107439['user3810429118077836855' @ 3175 : 1 .. 'user4256537540501144268' @ 6053 : 1]
 65:2107572['user4257097501013284716' @ 5270 : 1 .. 'user4760135215552099217' @ 2697 : 1]
 66:2107491['user4764821397571366898' @ 2517 : 1 .. 'user5211708095724656642' @ 5413 : 1]
 67:2107613['user5212049741018955207' @ 5233 : 1 .. 'user5623208460573458061' @ 4765 : 1]
 68:2107496['user5623768421085598509' @ 6064 : 1 .. 'user6131835534764733457' @ 4229 : 1]
 69:2107420['user6132395495276873905' @ 5110 : 1 .. 'user6533061929768560501' @ 3508 : 1]
 70:2107414['user65420917376365171' @ 3918 : 1 .. 'user7021699452955273394' @ 6015 : 1]
 71:2107611['user7030293541263826425' @ 5829 : 1 .. 'user7488014169774230992' @ 3403 : 1]
 72:1895765['user7488232484992072875' @ 4916 : 1 .. 'user7891251846139834360' @ 4796 : 1]
 73:2107521['user7900965855472668287' @ 4966 : 1 .. 'user8384575551345814934' @ 3899 : 1]
 74:2107482['user8384917196640113499' @ 2579 : 1 .. 'user8794955995170335457' @ 5853 : 1]
 75:2107295['user8795515955682475905' @ 5104 : 1 .. 'user979960568590735292' @ 3463 : 1]
 76:121025['user982748553855739746' @ 5015 : 1 .. 'user997378877721381023' @ 3797 : 1]
--- level 2 ---
 36:2107527['user1000385178204227360' @ 6 : 1 .. 'user1715321609418666813' @ 1633 : 1]
 45:2107432['user1715539924636508696' @ 2150 : 1 .. 'user2419424110275991443' @ 2320 : 1]
 46:2107346['user2422430410758837780' @ 1503 : 1 .. 'user3111914405046218919' @ 615 : 1]
 47:2107429['user3112132720264060802' @ 104 : 1 .. 'user3832315294009908384' @ 2078 : 1]
 48:2107491['user3835881555004895169' @ 1024 : 1 .. 'user4515091579447301933' @ 169 : 1]
 49:2107419['user4515651539959442381' @ 922 : 1 .. 'user5219194080304626563' @ 398 : 1]
 50:2107468['user5223101986593911913' @ 1398 : 1 .. 'user5911684375074854039' @ 2219 : 1]
 51:2107281['user5912804296099134935' @ 713 : 1 .. 'user6525357629970748697' @ 1972 : 1]
 52:2107377['user6525917590482889145' @ 67 : 1 .. 'user7230580051852354223' @ 1081 : 1]
 53:2107438['user7230798367070196106' @ 1614 : 1 .. 'user789388067335041421' @ 1243 : 1]
 54:2107349['user7908110194758339643' @ 1689 : 1 .. 'user8637323487248424022' @ 309 : 1]
 55:2046806['user8637665132542722587' @ 97 : 1 .. 'user996258956697100127' @ 1207 : 1]
--- level 3 ---
--- level 4 ---
--- level 5 ---
--- level 6 ---

