Finished 1000 requests.

Sorted time elapsed:
 61.728 61.737 61.742 61.751 61.866 61.872 61.929 62.112 62.149 62.183 62.188 62.217 62.287 62.355 62.359 62.377 62.461 62.538 62.573 62.584 62.609 62.623 62.631 62.674 62.743 62.82 62.828 62.93 62.973 62.986 63.002 63.109 63.115 63.179 63.191 63.2 63.207 63.219 63.231 63.241 63.249 63.265 63.271 63.297 63.303 63.323 63.335 63.381 63.387 63.391 63.401 63.419 63.428 63.437 63.474 63.512 63.53 63.55 63.576 63.578 63.598 63.618 63.621 63.622 63.624 63.632 63.635 63.672 63.68 63.68 63.7 63.722 63.724 63.74 63.8 63.809 63.814 63.835 63.869 63.89 63.891 63.896 63.91 63.91 63.918 63.919 63.935 63.937 63.955 63.975 63.998 64.002 64.013 64.015 64.053 64.071 64.077 64.083 64.101 64.101 64.121 64.129 64.143 64.151 64.171 64.173 64.201 64.229 64.236 64.239 64.245 64.256 64.288 64.311 64.334 64.37 64.38 64.387 64.403 64.414 64.416 64.434 64.436 64.438 64.454 64.476 64.482 64.494 64.496 64.498 64.502 64.52 64.544 64.546 64.556 64.56 64.562 64.57 64.597 64.598 64.63 64.63 64.722 64.731 64.732 64.733 64.734 64.74 64.746 64.749 64.752 64.753 64.756 64.773 64.787 64.795 64.801 64.859 64.861 64.863 64.863 64.869 64.872 64.877 64.877 64.885 64.891 64.9 64.911 64.923 64.954 64.971 64.979 64.989 65.011 65.013 65.013 65.017 65.025 65.043 65.053 65.055 65.073 65.086 65.11 65.115 65.15 65.163 65.165 65.174 65.189 65.2 65.202 65.203 65.241 65.253 65.254 65.257 65.266 65.284 65.304 65.316 65.316 65.336 65.338 65.352 65.362 65.37 65.378 65.39 65.392 65.395 65.408 65.412 65.444 65.454 65.458 65.463 65.474 65.492 65.5 65.504 65.508 65.512 65.534 65.554 65.572 65.576 65.586 65.587 65.588 65.591 65.619 65.625 65.628 65.63 65.636 65.649 65.652 65.662 65.671 65.683 65.713 65.717 65.727 65.733 65.741 65.756 65.762 65.765 65.789 65.791 65.793 65.797 65.801 65.805 65.811 65.819 65.825 65.835 65.845 65.849 65.849 65.869 65.873 65.875 65.882 65.885 65.903 65.93 65.957 65.959 65.969 65.997 65.998 66.003 66.029 66.029 66.031 66.034 66.037 66.037 66.042 66.044 66.077 66.107 66.116 66.118 66.143 66.166 66.182 66.182 66.196 66.206 66.234 66.236 66.244 66.276 66.288 66.29 66.318 66.322 66.334 66.351 66.353 66.386 66.388 66.404 66.43 66.434 66.438 66.438 66.46 66.475 66.489 66.492 66.511 66.521 66.539 66.541 66.547 66.554 66.585 66.607 66.611 66.621 66.625 66.659 66.675 66.695 66.719 66.728 66.729 66.749 66.757 66.77 66.775 66.785 66.793 66.795 66.843 66.857 66.865 66.89 66.897 66.913 66.914 66.922 66.936 66.956 66.96 66.963 66.968 66.984 66.985 67.014 67.032 67.036 67.046 67.054 67.132 67.144 67.162 67.182 67.216 67.236 67.269 67.288 67.31 67.311 67.348 67.348 67.367 67.383 67.383 67.397 67.413 67.454 67.471 67.479 67.511 67.547 67.571 67.591 67.605 67.624 67.657 67.673 67.683 67.684 67.711 67.729 67.737 67.851 67.854 67.864 67.874 67.882 67.886 67.888 67.908 68.061 68.078 68.088 68.092 68.122 68.128 68.139 68.258 68.267 68.292 68.341 68.357 68.359 68.389 68.401 68.409 68.437 68.439 68.471 68.475 68.488 68.531 68.562 68.622 68.634 68.64 68.663 68.698 68.71 68.754 68.818 68.822 68.846 68.93 68.982 69.033 69.193 69.197 69.225 69.365 69.423 69.498 69.514 69.518 69.638 69.746 69.8 69.919 69.952 69.959 70.033 70.141 70.41 70.508 70.688 70.746 70.765 70.859 70.889 71.059 71.141 71.15 71.16 71.165 71.308 71.314 71.366 71.513 71.73 71.763 71.915 71.989 72.092 72.325 72.432 72.552 72.643 72.693 72.845 72.96 72.974 73.098 73.152 73.154 73.178 73.178 73.18 73.184 73.489 73.507 73.547 73.589 73.597 73.751 73.765 73.813 73.817 73.863 73.946 74 74.004 74.018 74.096 74.253 74.752 75.259 75.329 75.381 75.503 75.758 75.915 75.916 76.143 76.197 76.33 76.46 76.725 76.773 77.122 77.573 77.682 77.955 77.994 79.613 80.014 80.592 80.611 80.704 80.859 81.122 81.7 82.099 82.109 82.275 82.328 82.494 82.612 82.748 82.94 83.223 83.83 83.98 84.621 85.837 87.117 88.469 89.458 90.082 91.064 91.313 91.342 91.347 91.791 91.825 91.829 91.923 91.956 92.005 92.02 92.044 92.082 92.636 92.96 93.177 93.179 93.193 93.389 93.454 93.546 93.666 93.671 93.692 93.719 93.821 93.824 93.873 93.956 93.981 94.099 94.136 94.142 94.333 94.548 94.587 94.724 94.737 94.75 94.809 94.845 94.897 95.021 95.147 95.23 95.385 95.48 95.59 95.751 95.758 95.77 95.928 95.934 96.011 96.066 96.172 96.292 96.322 96.474 96.625 96.937 96.988 97.106 97.171 97.223 97.294 97.454 97.97 98.432 98.491 98.771 98.987 99.366 99.44 99.659 100.251 101.334 101.898 103.598 103.792 103.958 104.033 104.346 104.936 105.054 105.134 105.27 105.341 105.748 107.31 108.532 108.986 109.377 109.432 110.284 110.877 114.583 114.763 115.025 115.031 115.119 115.124 115.268 115.425 115.444 115.777 115.849 116.009 116.07 116.142 116.242 116.342 116.523 116.587 116.627 116.655 116.683 116.739 116.851 116.864 116.984 117.229 117.285 117.289 117.361 117.369 117.377 117.392 117.437 117.445 117.513 117.526 117.665 117.666 117.738 117.77 117.774 117.786 117.83 117.842 117.85 117.87 117.93 118.01 118.014 118.031 118.05 118.055 118.059 118.074 118.111 118.131 118.198 118.199 118.38 118.44 118.451 118.479 118.572 118.612 118.636 118.728 118.796 118.796 118.829 118.868 118.936 118.989 118.992 119.02 119.033 119.073 119.077 119.149 119.149 119.165 119.205 119.225 119.233 119.237 119.245 119.297 119.329 119.369 119.381 119.413 119.474 119.486 119.506 119.529 119.53 119.622 119.635 119.642 119.678 119.826 119.875 119.979 120.019 120.023 120.027 120.076 120.123 120.124 120.131 120.151 120.163 120.219 120.275 120.275 120.284 120.307 120.363 120.408 120.416 120.439 120.44 120.472 120.513 120.576 120.581 120.585 120.613 120.629 120.693 120.713 120.721 120.744 120.744 120.752 120.869 120.873 120.909 120.909 120.933 120.974 121.017 121.029 121.029 121.069 121.093 121.145 121.177 121.186 121.19 121.201 121.246 121.258 121.278 121.326 121.35 121.362 121.362 121.37 121.375 121.406 121.455 121.506 121.554 121.57 121.591 121.615 121.622 121.631 121.639 121.643 121.659 121.755 121.783 121.803 121.811 121.846 121.859 121.895 121.9 121.939 121.964 121.979 121.995 122.024 122.043 122.143 122.24 122.264 122.308 122.325 122.333 122.368 122.405 122.409 122.437 122.468 122.577 122.613 122.613 122.653 122.657 122.662 122.709 122.762 122.782 122.877 122.905 122.906 122.925 122.987 123.034 123.086 123.102 123.11 123.227 123.318 123.319 123.334 123.371 123.375 123.447 123.519 123.531 123.551 123.632 123.635 123.8 123.872 123.948 123.968 123.976 123.988 124.024 124.049 124.085 124.153 124.204 124.241 124.309 124.365 124.377 124.433 124.437 124.453 124.461 124.546 124.566 124.586 124.626 124.754 124.774 124.834 124.875 124.998 125.111 125.123 125.171 125.199 125.291 125.295 125.327 125.399 125.42 125.447 125.484 125.54 125.676 125.704 125.773 125.8 125.801 125.909 126.093 126.097 126.105 126.289 126.523 126.611 126.787 126.795 126.835 127.063 127.091 127.163 127.581 127.641 128.065 128.699 128.879 128.999 129.129 129.429 129.705 130.299 130.299 130.539 131.08 131.281 131.506 132.159 132.64 132.713 132.889 133.43 133.466 133.478 133.503 133.614 133.715 133.803 133.923 134.444 134.513 134.585 134.629 134.665 134.818 134.873 135.146 135.579 135.673 135.731 135.839 135.984 136.634 137.267 137.572 138.009 138.145 138.502 138.574 139.456 140.166 140.507 141.116 143.217 145.053 145.614 145.895 146.007 146.409 147.387 147.868 147.932 148.693 149.002 149.323 149.671 149.797 150.783 164.005 219.859 303.811 423.541 4923

Time elapsed stats:
  sum  95802.3 us
  avg  95.8023 us
  max  4923 us
  min  61.728 us

Removing top/bottom-5:
  sum  89459.3 us
  avg  90.3629 us
  max  150.783 us
  min  61.872 us

Num files at level --
  0: 9
  1: 19
  2: 12
  3: 0
  4: 0
  5: 0
  6: 0

Stats --
                               Compactions
Level  Files Size(MB) Time(sec) Read(MB) Write(MB)
--------------------------------------------------
  0        9       36         0        0         0
  1       19       36         0        0         0
  2       12       24         0        0         0

SSTables --
--- level 0 ---
 92:4124646['user10046604894068544' @ 9635 : 1 .. 'user971136347768642592' @ 9667 : 1]
 89:4205685['user1005640680888162' @ 8874 : 1 .. 'user960084102193685886' @ 8906 : 1]
 85:4204932['user1005972966029934054' @ 8047 : 1 .. 'user994579075160678783' @ 7972 : 1]
 81:4205504['user1006191281247775937' @ 7456 : 1 .. 'user982188593343599298' @ 7368 : 1]
 78:4205619['user1006532926542074502' @ 6714 : 1 .. 'user99137614613375737' @ 6928 : 1]
 83:4205080['user1018363447847013539' @ 7865 : 1 .. 'user993800799430696452' @ 7820 : 1]
 58:4205091['user1019483368871294435' @ 6367 : 1 .. 'user994360759942836900' @ 6491 : 1]
 91:4205756['user1044594160504054184' @ 9234 : 1 .. 'user95229708324090387' @ 9196 : 1]
 87:4205838['user1050400263547602761' @ 8556 : 1 .. 'user935751586290908468' @ 8619 : 1]
--- level 1 ---
 56:2107550['user1006751241759916385' @ 6221 : 1 .. 'user1498736710723774180' @ 4061 : 1]
 59:2107519['user1499296671235914628' @ 2800 : 1 .. 'user1940937226857796243' @ 3609 : 1]
 60:2107462['user1941497187369936691' @ 3402 : 1 .. 'user2429916395338807701' @ 3442 : 1]
 61:2107602['user2430134710556649584' @ 4885 : 1 .. 'user2893101481598462280' @ 4780 : 1]
 62:2107507['user2895889466863466734' @ 3822 : 1 .. 'user3335631825731085122' @ 5111 : 1]
 63:2107680['user3336191786243225570' @ 5762 : 1 .. 'user3810210802859994972' @ 2664 : 1]
 64:2107439['user3810429118077836855' @ 3175 : 1 .. 'user4256537540501144268' @ 6053 : 1]
 65:2107572['user4257097501013284716' @ 5270 : 1 .. 'user4760135215552099217' @ 2697 : 1]
 66:2107491['user4764821397571366898' @ 2517 : 1 .. 'user5211708095724656642' @ 5413 : 1]
 67:2107613['user5212049741018955207' @ 5233 : 1 .. 'user5623208460573458061' @ 4765 : 1]
 68:2107496['user5623768421085598509' @ 6064 : 1 .. 'user6131835534764733457' @ 4229 : 1]
 69:2107420['user6132395495276873905' @ 5110 : 1 .. 'user6533061929768560501' @ 3508 : 1]
 70:2107414['user65420917376365171' @ 3918 : 1 .. 'user7021699452955273394' @ 6015 : 1]
 71:2107611['user7030293541263826425' @ 5829 : 1 .. 'user7488014169774230992' @ 3403 : 1]
 72:1895765['user7488232484992072875' @ 4916 : 1 .. 'user7891251846139834360' @ 4796 : 1]
 73:2107521['user7900965855472668287' @ 4966 : 1 .. 'user8384575551345814934' @ 3899 : 1]
 74:2107482['user8384917196640113499' @ 2579 : 1 .. 'user8794955995170335457' @ 5853 : 1]
 75:2107295['user8795515955682475905' @ 5104 : 1 .. 'user979960568590735292' @ 3463 : 1]
 76:121025['user982748553855739746' @ 5015 : 1 .. 'user997378877721381023' @ 3797 : 1]
--- level 2 ---
 36:2107527['user1000385178204227360' @ 6 : 1 .. 'user1715321609418666813' @ 1633 : 1]
 45:2107432['user1715539924636508696' @ 2150 : 1 .. 'user2419424110275991443' @ 2320 : 1]
 46:2107346['user2422430410758837780' @ 1503 : 1 .. 'user3111914405046218919' @ 615 : 1]
 47:2107429['user3112132720264060802' @ 104 : 1 .. 'user3832315294009908384' @ 2078 : 1]
 48:2107491['user3835881555004895169' @ 1024 : 1 .. 'user4515091579447301933' @ 169 : 1]
 49:2107419['user4515651539959442381' @ 922 : 1 .. 'user5219194080304626563' @ 398 : 1]
 50:2107468['user5223101986593911913' @ 1398 : 1 .. 'user5911684375074854039' @ 2219 : 1]
 51:2107281['user5912804296099134935' @ 713 : 1 .. 'user6525357629970748697' @ 1972 : 1]
 52:2107377['user6525917590482889145' @ 67 : 1 .. 'user7230580051852354223' @ 1081 : 1]
 53:2107438['user7230798367070196106' @ 1614 : 1 .. 'user789388067335041421' @ 1243 : 1]
 54:2107349['user7908110194758339643' @ 1689 : 1 .. 'user8637323487248424022' @ 309 : 1]
 55:2046806['user8637665132542722587' @ 97 : 1 .. 'user996258956697100127' @ 1207 : 1]
--- level 3 ---
--- level 4 ---
--- level 5 ---
--- level 6 ---

