Finished 1000 requests.

Sorted time elapsed:
 28.095 28.129 28.19 28.227 28.23 28.252 28.27 28.299 28.317 28.322 28.326 28.33 28.362 28.372 28.384 28.386 28.392 28.398 28.4 28.402 28.402 28.408 28.412 28.424 28.43 28.444 28.448 28.452 28.456 28.458 28.478 28.49 28.49 28.494 28.494 28.514 28.518 28.52 28.524 28.536 28.54 28.546 28.548 28.553 28.561 28.564 28.572 28.577 28.585 28.601 28.603 28.618 28.651 28.658 28.781 28.847 28.849 28.999 29.005 29.033 29.098 29.23 29.236 29.25 29.254 29.343 29.343 29.351 29.358 29.364 29.371 29.374 29.394 29.424 29.44 29.442 29.444 29.448 29.449 29.45 29.456 29.456 29.466 29.498 29.509 29.511 29.516 29.524 29.528 29.531 29.545 29.551 29.551 29.555 29.559 29.565 29.567 29.573 29.576 29.593 29.615 29.615 29.623 29.636 29.645 29.653 29.661 29.661 29.661 29.673 29.679 29.683 29.699 29.714 29.719 29.721 29.723 29.742 29.745 29.755 29.765 29.77 29.781 29.783 29.793 29.81 29.817 29.831 29.845 29.846 29.848 29.869 29.88 29.883 29.897 29.912 29.93 29.938 29.971 29.974 29.986 29.992 30 30.01 30.01 30.012 30.013 30.014 30.028 30.028 30.05 30.063 30.064 30.066 30.07 30.074 30.076 30.08 30.08 30.082 30.084 30.106 30.108 30.118 30.118 30.126 30.13 30.136 30.138 30.14 30.14 30.14 30.146 30.146 30.148 30.156 30.158 30.16 30.161 30.162 30.162 30.164 30.166 30.166 30.168 30.168 30.17 30.172 30.172 30.176 30.177 30.184 30.186 30.188 30.188 30.196 30.196 30.201 30.21 30.216 30.223 30.225 30.231 30.234 30.235 30.238 30.246 30.25 30.25 30.25 30.254 30.256 30.258 30.258 30.262 30.276 30.279 30.283 30.287 30.288 30.289 30.29 30.291 30.292 30.292 30.292 30.297 30.3 30.302 30.303 30.307 30.312 30.316 30.32 30.323 30.323 30.338 30.34 30.343 30.346 30.348 30.35 30.351 30.355 30.36 30.362 30.363 30.371 30.38 30.381 30.386 30.388 30.389 30.389 30.39 30.403 30.407 30.408 30.409 30.419 30.421 30.425 30.439 30.439 30.441 30.443 30.451 30.451 30.457 30.471 30.491 30.497 30.507 30.509 30.513 30.513 30.522 30.527 30.527 30.529 30.541 30.559 30.561 30.565 30.567 30.578 30.587 30.591 30.591 30.603 30.621 30.625 30.629 30.647 30.649 30.655 30.66 30.669 30.672 30.682 30.685 30.685 30.687 30.697 30.705 30.712 30.716 30.723 30.738 30.743 30.747 30.752 30.759 30.775 30.779 30.787 30.801 30.814 30.826 30.828 30.836 30.842 30.846 30.852 30.859 30.862 30.868 30.874 30.876 30.9 30.902 30.906 30.91 30.922 30.938 30.944 30.95 30.951 30.962 30.968 30.97 30.972 30.982 31 31.02 31.022 31.042 31.058 31.076 31.084 31.116 31.125 31.126 31.132 31.153 31.156 31.163 31.179 31.199 31.213 31.233 31.238 31.253 31.257 31.266 31.267 31.268 31.272 31.277 31.289 31.291 31.298 31.303 31.303 31.313 31.315 31.317 31.319 31.322 31.329 31.333 31.333 31.335 31.335 31.353 31.365 31.365 31.377 31.389 31.395 31.403 31.405 31.405 31.417 31.417 31.421 31.423 31.425 31.425 31.429 31.437 31.439 31.447 31.449 31.459 31.461 31.461 31.461 31.463 31.465 31.467 31.467 31.467 31.473 31.475 31.492 31.493 31.495 31.509 31.511 31.517 31.523 31.537 31.542 31.544 31.545 31.551 31.557 31.563 31.564 31.567 31.595 31.602 31.607 31.61 31.614 31.621 31.623 31.631 31.636 31.636 31.652 31.653 31.655 31.658 31.658 31.66 31.666 31.668 31.668 31.67 31.671 31.677 31.688 31.692 31.699 31.699 31.702 31.708 31.714 31.718 31.732 31.74 31.743 31.75 31.757 31.758 31.759 31.762 31.77 31.78 31.782 31.784 31.785 31.786 31.794 31.796 31.802 31.804 31.808 31.81 31.812 31.814 31.826 31.838 31.838 31.842 31.845 31.852 31.852 31.858 31.858 31.859 31.87 31.872 31.874 31.886 31.892 31.9 31.908 31.916 31.92 31.928 31.93 31.932 31.933 31.934 31.934 31.942 31.945 31.949 31.958 31.962 31.966 31.967 31.97 31.971 31.98 31.985 31.986 31.986 31.99 31.992 31.993 31.994 31.996 31.996 32.003 32.004 32.01 32.014 32.016 32.016 32.018 32.023 32.026 32.027 32.028 32.029 32.03 32.033 32.034 32.041 32.046 32.048 32.049 32.051 32.051 32.053 32.053 32.058 32.065 32.066 32.066 32.07 32.072 32.073 32.075 32.081 32.083 32.088 32.089 32.092 32.094 32.095 32.096 32.098 32.098 32.099 32.101 32.103 32.104 32.107 32.108 32.123 32.125 32.127 32.128 32.131 32.131 32.132 32.135 32.136 32.149 32.149 32.15 32.151 32.155 32.157 32.157 32.157 32.157 32.16 32.162 32.165 32.166 32.166 32.179 32.181 32.181 32.181 32.185 32.191 32.191 32.193 32.193 32.195 32.197 32.197 32.199 32.203 32.205 32.209 32.213 32.215 32.22 32.233 32.241 32.243 32.247 32.253 32.255 32.259 32.261 32.263 32.271 32.271 32.275 32.275 32.277 32.279 32.303 32.306 32.311 32.317 32.323 32.333 32.339 32.342 32.353 32.353 32.355 32.357 32.365 32.365 32.367 32.375 32.388 32.405 32.415 32.416 32.423 32.427 32.433 32.434 32.436 32.439 32.444 32.449 32.451 32.459 32.461 32.461 32.464 32.466 32.466 32.472 32.472 32.472 32.484 32.485 32.486 32.488 32.495 32.502 32.502 32.503 32.507 32.512 32.542 32.554 32.558 32.572 32.576 32.578 32.58 32.592 32.593 32.598 32.606 32.614 32.638 32.644 32.696 32.708 32.746 32.768 32.77 32.77 32.782 32.787 32.787 32.793 32.802 32.805 32.809 32.812 32.817 32.836 32.848 32.856 32.868 32.872 32.88 32.913 32.913 32.919 32.947 32.979 32.992 32.996 33.013 33.023 33.029 33.029 33.039 33.049 33.065 33.091 33.094 33.103 33.111 33.115 33.121 33.129 33.135 33.135 33.159 33.161 33.169 33.173 33.177 33.221 33.224 33.231 33.239 33.243 33.249 33.25 33.264 33.267 33.272 33.276 33.277 33.328 33.331 33.349 33.352 33.363 33.367 33.384 33.391 33.391 33.392 33.395 33.395 33.408 33.409 33.412 33.431 33.438 33.44 33.442 33.472 33.496 33.502 33.509 33.518 33.56 33.566 33.576 33.621 33.628 33.646 33.652 33.656 33.68 33.686 33.692 33.698 33.699 33.702 33.706 33.707 33.719 33.744 33.752 33.764 33.767 33.767 33.773 33.785 33.794 33.796 33.813 33.815 33.825 33.826 33.829 33.832 33.837 33.861 33.866 33.879 33.885 33.885 33.919 33.919 33.921 33.928 33.933 33.937 33.937 33.939 33.943 33.965 33.967 33.975 33.979 33.987 33.993 33.999 33.999 34.001 34.001 34.017 34.019 34.029 34.031 34.035 34.039 34.039 34.042 34.047 34.049 34.067 34.073 34.075 34.081 34.085 34.086 34.091 34.098 34.101 34.119 34.137 34.138 34.145 34.145 34.172 34.205 34.211 34.215 34.218 34.224 34.225 34.23 34.231 34.234 34.236 34.237 34.248 34.265 34.28 34.29 34.324 34.33 34.34 34.364 34.38 34.42 34.422 34.44 34.464 34.468 34.498 34.524 34.563 34.631 34.677 34.688 34.698 34.743 34.773 34.786 34.863 34.893 34.894 34.903 34.979 35.015 35.048 35.25 35.52 35.709 35.807 35.993 36.146 38.537 39.68 41.152 42.535 45.891 48.407 49.874 50.864 60.425 60.481 60.553 60.593 60.629 60.633 60.649 60.729 60.729 61.02 61.082 61.13 61.912 62.365 62.369 62.377 62.477 62.573 62.646 62.654 62.714 62.742 62.746 63.476 63.512 63.94 64.121 64.254 64.378 64.378 64.394 64.453 64.489 64.494 64.51 64.51 64.526 64.538 64.578 64.627 64.634 64.638 64.642 64.686 64.847 64.867 64.871 64.931 65.108 65.163 65.247 65.508 65.709 66.795 67.164 67.83 67.998 67.998 68.459 68.491 68.512 68.544 68.696 68.804 69.602 69.774 70.147 70.287 70.364 72.368 72.649 73.736 74.465 76.425 76.854 79.184 85.715 86.625 97.919 100.197 101.688 103.689 132.869 4238.95

Time elapsed stats:
  sum  38959.9 us
  avg  38.9599 us
  max  4238.95 us
  min  28.095 us

Removing top/bottom-5:
  sum  34141.7 us
  avg  34.4865 us
  max  97.919 us
  min  28.252 us

Num files at level --
  0: 9
  1: 19
  2: 12
  3: 0
  4: 0
  5: 0
  6: 0

Stats --
                               Compactions
Level  Files Size(MB) Time(sec) Read(MB) Write(MB)
--------------------------------------------------
  0        9       36         0        0         0
  1       19       36         0        0         0
  2       12       24         0        0         0

SSTables --
--- level 0 ---
 92:4124646['user10046604894068544' @ 9635 : 1 .. 'user971136347768642592' @ 9667 : 1]
 89:4205685['user1005640680888162' @ 8874 : 1 .. 'user960084102193685886' @ 8906 : 1]
 85:4204932['user1005972966029934054' @ 8047 : 1 .. 'user994579075160678783' @ 7972 : 1]
 81:4205504['user1006191281247775937' @ 7456 : 1 .. 'user982188593343599298' @ 7368 : 1]
 78:4205619['user1006532926542074502' @ 6714 : 1 .. 'user99137614613375737' @ 6928 : 1]
 83:4205080['user1018363447847013539' @ 7865 : 1 .. 'user993800799430696452' @ 7820 : 1]
 58:4205091['user1019483368871294435' @ 6367 : 1 .. 'user994360759942836900' @ 6491 : 1]
 91:4205756['user1044594160504054184' @ 9234 : 1 .. 'user95229708324090387' @ 9196 : 1]
 87:4205838['user1050400263547602761' @ 8556 : 1 .. 'user935751586290908468' @ 8619 : 1]
--- level 1 ---
 56:2107550['user1006751241759916385' @ 6221 : 1 .. 'user1498736710723774180' @ 4061 : 1]
 59:2107519['user1499296671235914628' @ 2800 : 1 .. 'user1940937226857796243' @ 3609 : 1]
 60:2107462['user1941497187369936691' @ 3402 : 1 .. 'user2429916395338807701' @ 3442 : 1]
 61:2107602['user2430134710556649584' @ 4885 : 1 .. 'user2893101481598462280' @ 4780 : 1]
 62:2107507['user2895889466863466734' @ 3822 : 1 .. 'user3335631825731085122' @ 5111 : 1]
 63:2107680['user3336191786243225570' @ 5762 : 1 .. 'user3810210802859994972' @ 2664 : 1]
 64:2107439['user3810429118077836855' @ 3175 : 1 .. 'user4256537540501144268' @ 6053 : 1]
 65:2107572['user4257097501013284716' @ 5270 : 1 .. 'user4760135215552099217' @ 2697 : 1]
 66:2107491['user4764821397571366898' @ 2517 : 1 .. 'user5211708095724656642' @ 5413 : 1]
 67:2107613['user5212049741018955207' @ 5233 : 1 .. 'user5623208460573458061' @ 4765 : 1]
 68:2107496['user5623768421085598509' @ 6064 : 1 .. 'user6131835534764733457' @ 4229 : 1]
 69:2107420['user6132395495276873905' @ 5110 : 1 .. 'user6533061929768560501' @ 3508 : 1]
 70:2107414['user65420917376365171' @ 3918 : 1 .. 'user7021699452955273394' @ 6015 : 1]
 71:2107611['user7030293541263826425' @ 5829 : 1 .. 'user7488014169774230992' @ 3403 : 1]
 72:1895765['user7488232484992072875' @ 4916 : 1 .. 'user7891251846139834360' @ 4796 : 1]
 73:2107521['user7900965855472668287' @ 4966 : 1 .. 'user8384575551345814934' @ 3899 : 1]
 74:2107482['user8384917196640113499' @ 2579 : 1 .. 'user8794955995170335457' @ 5853 : 1]
 75:2107295['user8795515955682475905' @ 5104 : 1 .. 'user979960568590735292' @ 3463 : 1]
 76:121025['user982748553855739746' @ 5015 : 1 .. 'user997378877721381023' @ 3797 : 1]
--- level 2 ---
 36:2107527['user1000385178204227360' @ 6 : 1 .. 'user1715321609418666813' @ 1633 : 1]
 45:2107432['user1715539924636508696' @ 2150 : 1 .. 'user2419424110275991443' @ 2320 : 1]
 46:2107346['user2422430410758837780' @ 1503 : 1 .. 'user3111914405046218919' @ 615 : 1]
 47:2107429['user3112132720264060802' @ 104 : 1 .. 'user3832315294009908384' @ 2078 : 1]
 48:2107491['user3835881555004895169' @ 1024 : 1 .. 'user4515091579447301933' @ 169 : 1]
 49:2107419['user4515651539959442381' @ 922 : 1 .. 'user5219194080304626563' @ 398 : 1]
 50:2107468['user5223101986593911913' @ 1398 : 1 .. 'user5911684375074854039' @ 2219 : 1]
 51:2107281['user5912804296099134935' @ 713 : 1 .. 'user6525357629970748697' @ 1972 : 1]
 52:2107377['user6525917590482889145' @ 67 : 1 .. 'user7230580051852354223' @ 1081 : 1]
 53:2107438['user7230798367070196106' @ 1614 : 1 .. 'user789388067335041421' @ 1243 : 1]
 54:2107349['user7908110194758339643' @ 1689 : 1 .. 'user8637323487248424022' @ 309 : 1]
 55:2046806['user8637665132542722587' @ 97 : 1 .. 'user996258956697100127' @ 1207 : 1]
--- level 3 ---
--- level 4 ---
--- level 5 ---
--- level 6 ---

