Finished 1000 requests.

Sorted time elapsed:
 46.779 47.084 47.324 47.521 47.524 47.547 47.573 47.683 47.691 47.717 47.847 47.852 47.859 47.868 47.875 47.883 47.897 47.932 47.955 47.984 47.988 47.99 47.997 48.02 48.022 48.062 48.098 48.188 48.188 48.19 48.202 48.208 48.23 48.236 48.248 48.258 48.27 48.31 48.316 48.326 48.348 48.35 48.354 48.358 48.37 48.377 48.378 48.392 48.393 48.406 48.407 48.421 48.434 48.438 48.439 48.461 48.471 48.476 48.485 48.491 48.509 48.525 48.541 48.547 48.557 48.579 48.593 48.595 48.629 48.635 48.635 48.647 48.654 48.655 48.661 48.685 48.693 48.695 48.697 48.744 48.752 48.753 48.764 48.764 48.767 48.769 48.771 48.773 48.773 48.779 48.782 48.787 48.788 48.789 48.793 48.797 48.8 48.812 48.817 48.826 48.835 48.838 48.847 48.848 48.902 48.903 48.907 48.912 48.922 48.93 48.934 48.946 48.948 48.96 48.965 48.968 48.976 48.988 48.99 49 49.01 49.016 49.032 49.038 49.042 49.052 49.058 49.084 49.098 49.102 49.11 49.122 49.138 49.142 49.148 49.163 49.163 49.182 49.19 49.196 49.204 49.211 49.229 49.236 49.255 49.257 49.259 49.264 49.266 49.274 49.287 49.291 49.304 49.323 49.327 49.336 49.344 49.353 49.372 49.375 49.377 49.389 49.389 49.401 49.407 49.409 49.411 49.411 49.414 49.433 49.437 49.439 49.445 49.457 49.46 49.467 49.469 49.477 49.493 49.503 49.509 49.521 49.525 49.533 49.537 49.561 49.565 49.567 49.569 49.584 49.587 49.591 49.597 49.605 49.607 49.611 49.611 49.612 49.636 49.642 49.649 49.667 49.672 49.675 49.677 49.677 49.678 49.681 49.682 49.694 49.696 49.698 49.703 49.707 49.714 49.731 49.738 49.743 49.755 49.758 49.765 49.772 49.774 49.788 49.788 49.791 49.798 49.8 49.808 49.81 49.814 49.814 49.816 49.828 49.84 49.846 49.846 49.854 49.858 49.858 49.86 49.862 49.866 49.878 49.884 49.884 49.89 49.898 49.904 49.912 49.914 49.922 49.926 49.926 49.926 49.932 49.934 49.942 49.946 49.948 49.95 49.952 49.956 49.958 49.967 49.968 49.976 49.981 49.991 49.992 50.004 50.01 50.014 50.016 50.016 50.026 50.034 50.035 50.036 50.038 50.042 50.042 50.05 50.055 50.062 50.063 50.068 50.08 50.092 50.096 50.096 50.098 50.111 50.118 50.122 50.125 50.138 50.139 50.143 50.153 50.154 50.162 50.165 50.166 50.173 50.178 50.182 50.185 50.192 50.193 50.2 50.202 50.217 50.218 50.221 50.249 50.257 50.259 50.261 50.295 50.295 50.319 50.331 50.331 50.345 50.349 50.349 50.353 50.355 50.359 50.367 50.367 50.381 50.383 50.389 50.411 50.413 50.419 50.419 50.425 50.425 50.445 50.456 50.463 50.476 50.483 50.486 50.503 50.505 50.511 50.514 50.52 50.528 50.537 50.539 50.54 50.546 50.547 50.548 50.551 50.556 50.556 50.556 50.558 50.562 50.563 50.57 50.574 50.578 50.585 50.586 50.59 50.603 50.606 50.614 50.615 50.615 50.616 50.616 50.618 50.621 50.626 50.628 50.64 50.644 50.644 50.644 50.656 50.658 50.664 50.671 50.672 50.672 50.683 50.688 50.69 50.698 50.716 50.72 50.726 50.73 50.734 50.736 50.748 50.768 50.772 50.776 50.782 50.818 50.818 50.821 50.824 50.828 50.834 50.834 50.835 50.84 50.856 50.86 50.868 50.873 50.88 50.888 50.894 50.895 50.904 50.916 50.92 50.92 50.921 50.93 50.933 50.934 50.937 50.94 50.944 50.947 50.953 50.954 50.956 50.956 50.957 50.957 50.966 50.978 50.989 51.008 51.018 51.02 51.022 51.028 51.044 51.048 51.05 51.051 51.051 51.055 51.055 51.061 51.073 51.077 51.089 51.101 51.107 51.113 51.117 51.121 51.125 51.143 51.143 51.151 51.153 51.155 51.155 51.159 51.181 51.185 51.197 51.197 51.201 51.205 51.207 51.213 51.213 51.215 51.215 51.235 51.237 51.239 51.241 51.247 51.257 51.267 51.267 51.267 51.277 51.277 51.282 51.291 51.309 51.32 51.333 51.337 51.345 51.358 51.361 51.378 51.387 51.389 51.39 51.393 51.395 51.408 51.418 51.421 51.426 51.428 51.431 51.439 51.447 51.449 51.459 51.48 51.482 51.488 51.494 51.499 51.53 51.53 51.531 51.532 51.537 51.539 51.558 51.568 51.568 51.58 51.582 51.596 51.6 51.614 51.616 51.618 51.62 51.632 51.638 51.64 51.642 51.646 51.65 51.654 51.656 51.666 51.676 51.676 51.678 51.68 51.682 51.682 51.684 51.696 51.705 51.723 51.738 51.75 51.752 51.754 51.761 51.774 51.774 51.775 51.783 51.798 51.798 51.81 51.811 51.838 51.845 51.846 51.85 51.889 51.892 51.894 51.911 51.911 51.916 51.923 51.929 51.933 51.935 51.94 51.951 51.953 51.957 51.967 51.969 51.971 51.977 51.991 51.993 51.999 52.012 52.015 52.019 52.035 52.037 52.045 52.046 52.049 52.059 52.079 52.082 52.083 52.087 52.089 52.091 52.097 52.097 52.113 52.115 52.135 52.145 52.148 52.153 52.165 52.176 52.183 52.184 52.187 52.191 52.198 52.206 52.228 52.254 52.27 52.278 52.3 52.309 52.311 52.318 52.342 52.365 52.395 52.404 52.406 52.414 52.43 52.43 52.442 52.446 52.452 52.468 52.476 52.48 52.51 52.514 52.524 52.528 52.531 52.54 52.542 52.542 52.546 52.546 52.566 52.57 52.58 52.582 52.586 52.6 52.6 52.615 52.618 52.622 52.644 52.702 52.706 52.708 52.715 52.718 52.749 52.759 52.761 52.771 52.786 52.818 52.839 52.843 52.85 52.863 52.865 52.867 52.879 52.881 52.882 52.885 52.897 52.911 52.915 52.925 52.945 52.967 52.986 52.991 52.999 53.003 53.012 53.027 53.037 53.053 53.073 53.076 53.093 53.102 53.129 53.135 53.138 53.147 53.206 53.21 53.267 53.312 53.316 53.322 53.326 53.34 53.368 53.381 53.436 53.446 53.506 53.509 53.529 53.532 53.555 53.593 53.604 53.634 53.648 53.659 53.693 53.729 53.731 53.741 53.741 53.743 53.763 53.787 53.801 53.835 53.847 53.897 53.915 53.936 53.999 54.004 54.035 54.079 54.098 54.118 54.152 54.204 54.318 54.325 54.326 54.379 54.385 54.425 54.427 54.486 54.487 54.519 54.575 54.627 54.641 54.663 54.681 54.699 54.703 54.775 55.114 55.17 55.186 55.218 55.219 55.282 55.366 55.423 55.439 55.446 55.495 55.497 55.573 55.609 55.645 55.664 55.665 55.711 55.762 55.778 55.822 56.054 56.083 56.112 56.132 56.135 56.149 56.158 56.386 56.459 56.476 56.488 56.495 56.619 56.624 56.778 56.888 56.96 57.085 57.129 57.155 57.197 57.215 57.351 57.433 57.446 57.464 57.592 57.602 57.62 57.702 57.706 57.738 57.761 57.794 57.834 57.945 57.955 57.993 58.035 58.049 58.071 58.153 58.181 58.196 58.247 58.387 58.494 58.516 58.592 58.618 58.664 58.679 58.738 58.758 58.801 58.802 58.832 58.859 58.893 58.899 59.191 59.195 59.25 59.27 59.486 59.625 59.643 59.769 59.865 59.929 59.936 59.955 60.02 60.03 60.091 60.13 60.186 60.585 60.639 60.651 60.731 60.753 60.873 60.998 61.191 61.329 61.391 61.395 61.473 61.689 61.728 61.794 61.83 61.854 61.892 62.016 62.02 62.188 62.224 62.373 62.493 62.511 62.586 62.631 62.722 63.084 63.429 63.954 64.295 64.368 64.37 64.418 64.67 65.051 65.061 65.083 65.941 67.178 67.198 67.385 67.797 68.417 68.862 70.676 72.489 72.637 78.719 83.109 100.048 101.468 101.901 102.077 102.35 102.494 102.522 102.602 102.763 102.815 102.843 102.891 102.915 102.915 102.991 103.336 103.601 103.633 103.99 104.174 104.25 104.25 104.323 104.331 104.354 104.467 104.623 104.78 105.125 105.156 105.205 105.433 105.613 105.786 106.202 106.202 106.271 106.275 106.467 106.52 106.604 106.66 106.84 107.069 107.093 107.101 107.109 107.53 107.895 108.127 108.504 108.616 109.086 109.591 109.775 110.229 113.464 114.487 115.196 116.888 117.658 118.347 118.893 119.855 121.089 123.287 129.561 131.87 170.256 287.749 3899.95

Time elapsed stats:
  sum  60214 us
  avg  60.214 us
  max  3899.95 us
  min  46.779 us

Removing top/bottom-5:
  sum  55358.4 us
  avg  55.9176 us
  max  123.287 us
  min  47.547 us

Num files at level --
  0: 9
  1: 19
  2: 12
  3: 0
  4: 0
  5: 0
  6: 0

Stats --
                               Compactions
Level  Files Size(MB) Time(sec) Read(MB) Write(MB)
--------------------------------------------------
  0        9       36         0        0         0
  1       19       36         0        0         0
  2       12       24         0        0         0

SSTables --
--- level 0 ---
 92:4124646['user10046604894068544' @ 9635 : 1 .. 'user971136347768642592' @ 9667 : 1]
 89:4205685['user1005640680888162' @ 8874 : 1 .. 'user960084102193685886' @ 8906 : 1]
 85:4204932['user1005972966029934054' @ 8047 : 1 .. 'user994579075160678783' @ 7972 : 1]
 81:4205504['user1006191281247775937' @ 7456 : 1 .. 'user982188593343599298' @ 7368 : 1]
 78:4205619['user1006532926542074502' @ 6714 : 1 .. 'user99137614613375737' @ 6928 : 1]
 83:4205080['user1018363447847013539' @ 7865 : 1 .. 'user993800799430696452' @ 7820 : 1]
 58:4205091['user1019483368871294435' @ 6367 : 1 .. 'user994360759942836900' @ 6491 : 1]
 91:4205756['user1044594160504054184' @ 9234 : 1 .. 'user95229708324090387' @ 9196 : 1]
 87:4205838['user1050400263547602761' @ 8556 : 1 .. 'user935751586290908468' @ 8619 : 1]
--- level 1 ---
 56:2107550['user1006751241759916385' @ 6221 : 1 .. 'user1498736710723774180' @ 4061 : 1]
 59:2107519['user1499296671235914628' @ 2800 : 1 .. 'user1940937226857796243' @ 3609 : 1]
 60:2107462['user1941497187369936691' @ 3402 : 1 .. 'user2429916395338807701' @ 3442 : 1]
 61:2107602['user2430134710556649584' @ 4885 : 1 .. 'user2893101481598462280' @ 4780 : 1]
 62:2107507['user2895889466863466734' @ 3822 : 1 .. 'user3335631825731085122' @ 5111 : 1]
 63:2107680['user3336191786243225570' @ 5762 : 1 .. 'user3810210802859994972' @ 2664 : 1]
 64:2107439['user3810429118077836855' @ 3175 : 1 .. 'user4256537540501144268' @ 6053 : 1]
 65:2107572['user4257097501013284716' @ 5270 : 1 .. 'user4760135215552099217' @ 2697 : 1]
 66:2107491['user4764821397571366898' @ 2517 : 1 .. 'user5211708095724656642' @ 5413 : 1]
 67:2107613['user5212049741018955207' @ 5233 : 1 .. 'user5623208460573458061' @ 4765 : 1]
 68:2107496['user5623768421085598509' @ 6064 : 1 .. 'user6131835534764733457' @ 4229 : 1]
 69:2107420['user6132395495276873905' @ 5110 : 1 .. 'user6533061929768560501' @ 3508 : 1]
 70:2107414['user65420917376365171' @ 3918 : 1 .. 'user7021699452955273394' @ 6015 : 1]
 71:2107611['user7030293541263826425' @ 5829 : 1 .. 'user7488014169774230992' @ 3403 : 1]
 72:1895765['user7488232484992072875' @ 4916 : 1 .. 'user7891251846139834360' @ 4796 : 1]
 73:2107521['user7900965855472668287' @ 4966 : 1 .. 'user8384575551345814934' @ 3899 : 1]
 74:2107482['user8384917196640113499' @ 2579 : 1 .. 'user8794955995170335457' @ 5853 : 1]
 75:2107295['user8795515955682475905' @ 5104 : 1 .. 'user979960568590735292' @ 3463 : 1]
 76:121025['user982748553855739746' @ 5015 : 1 .. 'user997378877721381023' @ 3797 : 1]
--- level 2 ---
 36:2107527['user1000385178204227360' @ 6 : 1 .. 'user1715321609418666813' @ 1633 : 1]
 45:2107432['user1715539924636508696' @ 2150 : 1 .. 'user2419424110275991443' @ 2320 : 1]
 46:2107346['user2422430410758837780' @ 1503 : 1 .. 'user3111914405046218919' @ 615 : 1]
 47:2107429['user3112132720264060802' @ 104 : 1 .. 'user3832315294009908384' @ 2078 : 1]
 48:2107491['user3835881555004895169' @ 1024 : 1 .. 'user4515091579447301933' @ 169 : 1]
 49:2107419['user4515651539959442381' @ 922 : 1 .. 'user5219194080304626563' @ 398 : 1]
 50:2107468['user5223101986593911913' @ 1398 : 1 .. 'user5911684375074854039' @ 2219 : 1]
 51:2107281['user5912804296099134935' @ 713 : 1 .. 'user6525357629970748697' @ 1972 : 1]
 52:2107377['user6525917590482889145' @ 67 : 1 .. 'user7230580051852354223' @ 1081 : 1]
 53:2107438['user7230798367070196106' @ 1614 : 1 .. 'user789388067335041421' @ 1243 : 1]
 54:2107349['user7908110194758339643' @ 1689 : 1 .. 'user8637323487248424022' @ 309 : 1]
 55:2046806['user8637665132542722587' @ 97 : 1 .. 'user996258956697100127' @ 1207 : 1]
--- level 3 ---
--- level 4 ---
--- level 5 ---
--- level 6 ---

