Finished 1000 requests.

Sorted time elapsed:
 7.782 7.814 7.816 7.824 7.833 7.833 7.87 7.87 7.894 7.895 7.913 7.914 7.914 7.92 7.94 7.953 7.966 7.972 7.983 7.984 7.986 7.99 7.996 8.006 8.014 8.015 8.023 8.032 8.041 8.049 8.059 8.061 8.067 8.075 8.096 8.097 8.101 8.112 8.113 8.121 8.139 8.139 8.141 8.155 8.163 8.169 8.181 8.183 8.199 8.201 8.201 8.233 8.237 8.237 8.241 8.259 8.267 8.272 8.285 8.29 8.335 8.357 8.388 8.394 8.434 8.482 8.5 8.554 8.66 8.783 8.837 8.847 8.872 8.874 8.876 8.89 8.905 8.938 8.964 8.997 9.005 9.009 9.027 9.033 9.039 9.039 9.045 9.051 9.057 9.057 9.063 9.063 9.065 9.069 9.079 9.089 9.095 9.105 9.121 9.134 9.139 9.142 9.145 9.149 9.157 9.159 9.167 9.169 9.183 9.188 9.19 9.19 9.19 9.2 9.239 9.239 9.241 9.242 9.247 9.263 9.266 9.268 9.278 9.283 9.29 9.296 9.296 9.296 9.302 9.308 9.31 9.317 9.328 9.332 9.35 9.354 9.358 9.358 9.38 9.389 9.392 9.402 9.426 9.43 9.44 9.446 9.454 9.462 9.468 9.476 9.483 9.484 9.485 9.516 9.528 9.536 9.57 9.615 9.636 9.646 9.664 9.668 9.671 9.677 9.681 9.686 9.696 9.701 9.702 9.712 9.714 9.715 9.718 9.722 9.729 9.732 9.733 9.755 9.759 9.761 9.767 9.769 9.775 9.777 9.782 9.787 9.789 9.791 9.793 9.794 9.797 9.801 9.801 9.803 9.803 9.809 9.813 9.813 9.815 9.815 9.821 9.825 9.827 9.827 9.831 9.833 9.836 9.837 9.838 9.843 9.849 9.851 9.852 9.853 9.853 9.855 9.859 9.867 9.871 9.871 9.873 9.877 9.881 9.883 9.884 9.885 9.889 9.889 9.903 9.907 9.907 9.907 9.911 9.913 9.913 9.915 9.915 9.917 9.917 9.921 9.923 9.925 9.927 9.927 9.931 9.935 9.935 9.949 9.951 9.951 9.953 9.953 9.953 9.957 9.957 9.957 9.958 9.959 9.961 9.963 9.965 9.98 9.981 9.983 9.985 9.988 9.991 9.992 9.993 9.994 9.994 9.994 9.999 10.003 10.005 10.007 10.008 10.01 10.013 10.015 10.015 10.016 10.021 10.023 10.027 10.03 10.035 10.038 10.041 10.048 10.07 10.074 10.08 10.084 10.087 10.092 10.095 10.104 10.108 10.118 10.118 10.119 10.119 10.121 10.122 10.136 10.142 10.144 10.146 10.152 10.153 10.154 10.158 10.159 10.168 10.17 10.172 10.174 10.175 10.183 10.188 10.19 10.21 10.218 10.223 10.226 10.229 10.238 10.25 10.258 10.261 10.268 10.274 10.29 10.292 10.293 10.3 10.308 10.312 10.312 10.316 10.326 10.338 10.352 10.366 10.366 10.368 10.37 10.384 10.402 10.408 10.444 10.45 10.451 10.465 10.468 10.509 10.53 10.532 10.535 10.566 10.671 10.677 10.681 10.715 10.725 10.741 10.751 10.767 10.795 10.813 10.816 10.833 10.873 10.891 10.895 10.9 10.907 10.907 10.942 10.952 10.979 10.98 10.986 10.991 11.003 11.008 11.012 11.015 11.034 11.062 11.094 11.094 11.11 11.122 11.126 11.128 11.14 11.146 11.148 11.149 11.154 11.158 11.168 11.17 11.172 11.182 11.21 11.21 11.23 11.232 11.252 11.256 11.264 11.279 11.296 11.326 11.326 11.336 11.348 11.377 11.398 11.401 11.404 11.407 11.408 11.426 11.447 11.484 11.541 11.544 11.544 11.551 11.553 11.563 11.577 11.607 11.611 11.617 11.625 11.637 11.649 11.651 11.66 11.665 11.669 11.671 11.671 11.677 11.689 11.698 11.707 11.725 11.727 11.733 11.733 11.743 11.747 11.753 11.756 11.769 11.772 11.789 11.792 11.792 11.793 11.795 11.809 11.812 11.813 11.819 11.823 11.835 11.839 11.868 11.87 11.872 11.892 11.892 11.896 11.897 11.906 11.911 11.918 11.919 11.924 11.928 11.928 11.928 11.936 11.944 11.968 11.973 11.974 11.976 12.012 12.034 12.05 12.076 12.078 12.08 12.084 12.118 12.168 12.204 12.227 12.445 12.465 12.529 12.549 12.82 12.833 12.924 12.972 12.976 12.99 13.024 13.171 13.2 13.201 13.268 13.291 13.291 13.301 13.314 13.315 13.341 13.431 13.491 13.497 13.577 13.603 13.768 14.183 14.587 14.6 14.604 14.624 14.634 14.716 14.734 14.758 14.804 14.823 14.824 14.895 14.911 14.927 14.932 14.938 14.958 14.962 14.968 14.989 14.999 15.048 15.105 15.125 15.126 15.159 15.168 15.177 15.179 15.182 15.196 15.229 15.232 15.391 15.401 15.813 15.816 15.854 15.877 15.894 15.947 15.993 15.998 16.067 16.067 16.071 16.125 16.138 16.164 16.175 16.197 16.198 16.212 16.235 16.258 16.272 16.284 16.285 16.294 16.302 16.308 16.332 16.338 16.351 16.351 16.368 16.375 16.381 16.421 16.431 16.432 16.452 16.455 16.459 16.464 16.468 16.468 16.475 16.489 16.491 16.555 16.616 16.765 16.819 16.907 17.288 17.297 17.42 17.494 17.521 17.534 17.571 17.598 17.647 17.654 17.681 17.687 17.688 17.691 17.714 17.715 17.754 17.771 17.792 17.829 17.831 17.838 17.852 17.915 17.948 17.965 17.982 17.998 18.039 18.072 18.195 18.38 18.506 18.553 18.644 18.669 18.724 18.908 18.934 18.937 18.964 18.982 19.007 19.01 19.024 19.034 19.037 19.061 19.089 19.091 19.112 19.154 19.155 19.185 19.215 19.229 19.245 19.27 19.291 19.295 19.305 19.31 19.325 19.378 19.4 19.418 19.418 19.493 19.5 19.506 19.525 19.545 19.545 19.601 19.601 19.606 19.621 19.656 19.73 19.746 19.806 19.896 19.927 20.007 20.067 20.333 20.794 20.957 21.566 21.57 21.59 21.61 21.615 21.69 21.7 21.701 21.73 21.736 21.746 21.76 21.771 21.771 21.771 21.781 21.786 21.795 21.795 21.83 21.876 21.885 21.901 21.906 21.926 21.936 21.941 21.941 21.946 21.951 21.986 21.986 22.006 22.041 22.047 22.056 22.071 22.076 22.086 22.091 22.106 22.136 22.142 22.142 22.146 22.146 22.151 22.151 22.156 22.167 22.192 22.197 22.216 22.216 22.217 22.247 22.261 22.262 22.262 22.297 22.307 22.312 22.361 22.362 22.382 22.407 22.407 22.412 22.417 22.423 22.437 22.492 22.497 22.508 22.547 22.558 22.572 22.627 22.638 22.683 22.692 22.728 22.918 23.033 23.033 23.279 23.289 23.379 23.385 23.414 23.429 23.48 23.5 23.515 23.52 23.524 23.54 23.59 23.599 23.625 23.625 23.635 23.645 23.645 23.65 23.655 23.685 23.695 23.695 23.695 23.706 23.716 23.72 23.735 23.795 23.811 23.825 23.826 23.831 23.831 23.835 23.846 23.86 23.861 23.87 23.876 23.9 23.91 23.911 23.915 23.925 23.931 23.931 23.935 23.956 23.961 24.001 24.046 24.061 24.071 24.101 24.136 24.171 24.172 24.231 24.256 24.276 24.282 24.327 24.341 24.342 24.377 24.377 24.396 24.437 24.437 24.451 24.492 24.494 24.497 24.507 24.512 24.592 24.602 24.627 24.632 24.667 24.673 24.678 24.762 24.807 24.823 24.878 24.903 24.998 25.038 25.154 25.204 25.219 25.339 25.349 25.359 25.409 25.474 25.529 25.584 25.614 25.619 25.705 25.73 25.815 25.835 25.85 25.925 25.931 25.935 25.945 25.945 25.961 26.081 26.091 26.115 26.156 26.196 26.201 26.231 26.241 26.256 26.276 26.296 26.351 26.362 26.386 26.416 26.417 26.421 26.422 26.441 26.491 26.506 26.516 26.572 26.587 26.592 26.632 26.642 26.652 26.677 26.677 26.727 26.773 26.813 26.852 26.857 26.877 26.887 26.933 26.973 27.253 27.489 27.63 27.645 27.724 27.725 27.844 27.885 27.895 27.9 27.93 27.94 27.99 28.105 28.166 28.216 28.256 28.296 28.311 28.356 28.366 28.381 28.436 28.456 28.547 28.676 28.701 28.752 28.883 28.902 28.962 29.012 29.123 29.128 29.504 29.579 29.614 29.795 29.899 30.315 30.456 30.571 30.947 31.007 31.628 32.185 32.576 34.414 40.654 40.789 41.116 65.752 72.064 441.807 997.733

Time elapsed stats:
  sum  17219.5 us
  avg  17.2195 us
  max  997.733 us
  min  7.782 us

Removing top/bottom-5:
  sum  15561.9 us
  avg  15.7191 us
  max  40.789 us
  min  7.833 us

Num files at level --
  0: 9
  1: 19
  2: 12
  3: 0
  4: 0
  5: 0
  6: 0

Stats --
                               Compactions
Level  Files Size(MB) Time(sec) Read(MB) Write(MB)
--------------------------------------------------
  0        9       36         0        0         0
  1       19       36         0        0         0
  2       12       24         0        0         0

SSTables --
--- level 0 ---
 92:4124646['user10046604894068544' @ 9635 : 1 .. 'user971136347768642592' @ 9667 : 1]
 89:4205685['user1005640680888162' @ 8874 : 1 .. 'user960084102193685886' @ 8906 : 1]
 85:4204932['user1005972966029934054' @ 8047 : 1 .. 'user994579075160678783' @ 7972 : 1]
 81:4205504['user1006191281247775937' @ 7456 : 1 .. 'user982188593343599298' @ 7368 : 1]
 78:4205619['user1006532926542074502' @ 6714 : 1 .. 'user99137614613375737' @ 6928 : 1]
 83:4205080['user1018363447847013539' @ 7865 : 1 .. 'user993800799430696452' @ 7820 : 1]
 58:4205091['user1019483368871294435' @ 6367 : 1 .. 'user994360759942836900' @ 6491 : 1]
 91:4205756['user1044594160504054184' @ 9234 : 1 .. 'user95229708324090387' @ 9196 : 1]
 87:4205838['user1050400263547602761' @ 8556 : 1 .. 'user935751586290908468' @ 8619 : 1]
--- level 1 ---
 56:2107550['user1006751241759916385' @ 6221 : 1 .. 'user1498736710723774180' @ 4061 : 1]
 59:2107519['user1499296671235914628' @ 2800 : 1 .. 'user1940937226857796243' @ 3609 : 1]
 60:2107462['user1941497187369936691' @ 3402 : 1 .. 'user2429916395338807701' @ 3442 : 1]
 61:2107602['user2430134710556649584' @ 4885 : 1 .. 'user2893101481598462280' @ 4780 : 1]
 62:2107507['user2895889466863466734' @ 3822 : 1 .. 'user3335631825731085122' @ 5111 : 1]
 63:2107680['user3336191786243225570' @ 5762 : 1 .. 'user3810210802859994972' @ 2664 : 1]
 64:2107439['user3810429118077836855' @ 3175 : 1 .. 'user4256537540501144268' @ 6053 : 1]
 65:2107572['user4257097501013284716' @ 5270 : 1 .. 'user4760135215552099217' @ 2697 : 1]
 66:2107491['user4764821397571366898' @ 2517 : 1 .. 'user5211708095724656642' @ 5413 : 1]
 67:2107613['user5212049741018955207' @ 5233 : 1 .. 'user5623208460573458061' @ 4765 : 1]
 68:2107496['user5623768421085598509' @ 6064 : 1 .. 'user6131835534764733457' @ 4229 : 1]
 69:2107420['user6132395495276873905' @ 5110 : 1 .. 'user6533061929768560501' @ 3508 : 1]
 70:2107414['user65420917376365171' @ 3918 : 1 .. 'user7021699452955273394' @ 6015 : 1]
 71:2107611['user7030293541263826425' @ 5829 : 1 .. 'user7488014169774230992' @ 3403 : 1]
 72:1895765['user7488232484992072875' @ 4916 : 1 .. 'user7891251846139834360' @ 4796 : 1]
 73:2107521['user7900965855472668287' @ 4966 : 1 .. 'user8384575551345814934' @ 3899 : 1]
 74:2107482['user8384917196640113499' @ 2579 : 1 .. 'user8794955995170335457' @ 5853 : 1]
 75:2107295['user8795515955682475905' @ 5104 : 1 .. 'user979960568590735292' @ 3463 : 1]
 76:121025['user982748553855739746' @ 5015 : 1 .. 'user997378877721381023' @ 3797 : 1]
--- level 2 ---
 36:2107527['user1000385178204227360' @ 6 : 1 .. 'user1715321609418666813' @ 1633 : 1]
 45:2107432['user1715539924636508696' @ 2150 : 1 .. 'user2419424110275991443' @ 2320 : 1]
 46:2107346['user2422430410758837780' @ 1503 : 1 .. 'user3111914405046218919' @ 615 : 1]
 47:2107429['user3112132720264060802' @ 104 : 1 .. 'user3832315294009908384' @ 2078 : 1]
 48:2107491['user3835881555004895169' @ 1024 : 1 .. 'user4515091579447301933' @ 169 : 1]
 49:2107419['user4515651539959442381' @ 922 : 1 .. 'user5219194080304626563' @ 398 : 1]
 50:2107468['user5223101986593911913' @ 1398 : 1 .. 'user5911684375074854039' @ 2219 : 1]
 51:2107281['user5912804296099134935' @ 713 : 1 .. 'user6525357629970748697' @ 1972 : 1]
 52:2107377['user6525917590482889145' @ 67 : 1 .. 'user7230580051852354223' @ 1081 : 1]
 53:2107438['user7230798367070196106' @ 1614 : 1 .. 'user789388067335041421' @ 1243 : 1]
 54:2107349['user7908110194758339643' @ 1689 : 1 .. 'user8637323487248424022' @ 309 : 1]
 55:2046806['user8637665132542722587' @ 97 : 1 .. 'user996258956697100127' @ 1207 : 1]
--- level 3 ---
--- level 4 ---
--- level 5 ---
--- level 6 ---

