Finished 1000 requests.

Sorted time elapsed:
 70.049 70.199 70.242 70.25 70.277 70.347 70.394 70.427 70.489 70.502 70.7 70.801 70.832 70.835 70.907 70.913 70.916 70.93 70.963 71.051 71.113 71.154 71.184 71.196 71.266 71.31 71.334 71.342 71.358 71.368 71.39 71.416 71.434 71.434 71.448 71.484 71.488 71.505 71.506 71.554 71.578 71.592 71.731 71.737 71.79 71.791 71.795 71.806 71.847 71.903 71.97 71.974 71.981 71.983 72.037 72.04 72.057 72.061 72.098 72.128 72.175 72.21 72.252 72.254 72.304 72.378 72.395 72.4 72.462 72.468 72.493 72.493 72.501 72.512 72.542 72.543 72.555 72.564 72.564 72.589 72.605 72.622 72.641 72.671 72.673 72.681 72.721 72.753 72.786 72.801 72.834 72.847 72.875 72.892 72.896 72.9 72.906 72.915 72.924 72.924 72.961 72.968 72.98 73.025 73.033 73.04 73.056 73.057 73.071 73.08 73.09 73.112 73.132 73.156 73.17 73.172 73.188 73.203 73.204 73.21 73.247 73.262 73.276 73.281 73.301 73.309 73.35 73.373 73.394 73.421 73.438 73.439 73.455 73.461 73.465 73.471 73.475 73.481 73.487 73.507 73.511 73.515 73.543 73.573 73.585 73.599 73.611 73.645 73.663 73.707 73.712 73.728 73.736 73.747 73.747 73.761 73.816 73.819 73.826 73.835 73.89 73.918 73.924 73.956 73.976 73.982 73.99 73.994 74.014 74.016 74.016 74.06 74.066 74.068 74.07 74.08 74.097 74.098 74.138 74.15 74.166 74.18 74.181 74.198 74.201 74.217 74.217 74.225 74.233 74.267 74.277 74.297 74.311 74.333 74.357 74.365 74.375 74.379 74.385 74.385 74.411 74.435 74.447 74.449 74.457 74.461 74.479 74.499 74.519 74.53 74.534 74.539 74.54 74.551 74.571 74.572 74.58 74.585 74.631 74.633 74.634 74.655 74.671 74.693 74.756 74.773 74.8 74.802 74.802 74.844 74.856 74.858 74.898 74.912 74.934 74.934 74.946 74.952 74.96 74.975 74.983 75.004 75.01 75.023 75.023 75.031 75.036 75.036 75.038 75.044 75.078 75.083 75.093 75.136 75.147 75.171 75.178 75.18 75.199 75.205 75.235 75.239 75.295 75.299 75.305 75.329 75.335 75.337 75.355 75.357 75.361 75.371 75.379 75.383 75.393 75.417 75.434 75.459 75.486 75.49 75.512 75.534 75.596 75.605 75.631 75.652 75.686 75.686 75.692 75.718 75.75 75.764 75.784 75.788 75.788 75.801 75.806 75.847 75.866 75.872 75.89 75.907 75.942 75.95 75.953 75.958 75.999 75.999 76.053 76.056 76.063 76.105 76.157 76.161 76.208 76.255 76.271 76.305 76.32 76.322 76.35 76.355 76.394 76.407 76.428 76.451 76.451 76.496 76.508 76.508 76.54 76.544 76.558 76.568 76.582 76.608 76.618 76.627 76.641 76.656 76.676 76.692 76.712 76.746 76.753 76.76 76.791 76.795 76.807 76.836 76.847 76.859 76.871 76.889 76.899 76.9 76.926 76.929 76.947 76.951 76.964 76.989 76.995 77.011 77.066 77.075 77.087 77.097 77.104 77.112 77.133 77.134 77.157 77.178 77.196 77.219 77.256 77.264 77.272 77.272 77.328 77.367 77.39 77.44 77.495 77.552 77.568 77.622 77.681 77.695 77.726 77.743 77.752 77.758 77.781 77.817 77.905 77.907 77.913 77.925 77.993 78.017 78.037 78.092 78.094 78.132 78.14 78.143 78.146 78.16 78.19 78.288 78.306 78.326 78.342 78.474 78.504 78.518 78.54 78.545 78.557 78.562 78.579 78.583 78.646 78.657 78.661 78.663 78.687 78.716 78.719 78.727 78.749 78.757 78.781 78.865 78.927 78.934 78.949 78.956 78.985 78.997 78.997 79.003 79.005 79.076 79.088 79.101 79.162 79.168 79.234 79.246 79.344 79.391 79.401 79.401 79.429 79.483 79.575 79.603 79.627 79.647 79.681 79.724 79.767 79.855 79.866 79.88 79.91 79.934 79.942 79.942 80.09 80.146 80.148 80.154 80.164 80.266 80.291 80.293 80.328 80.437 80.443 80.495 80.539 80.543 80.605 80.64 80.669 80.687 80.757 80.772 80.773 80.868 80.888 80.983 81.081 81.191 81.241 81.285 81.293 81.331 81.616 81.708 81.818 81.922 82.022 82.165 82.191 82.219 82.229 82.269 82.335 82.39 82.393 82.393 82.548 82.672 82.674 82.9 82.939 82.973 83.031 83.234 83.43 83.758 83.771 83.857 83.897 84.125 84.266 84.278 84.288 84.441 84.543 84.603 84.713 84.733 84.801 85.001 85.116 85.413 85.524 85.565 85.597 85.737 85.763 85.791 85.875 85.972 86.098 86.309 86.323 86.519 86.655 86.932 86.936 87.359 87.441 87.886 88.063 88.099 88.67 88.885 89.404 90.225 90.258 90.344 90.831 91.565 91.844 92.29 92.683 94.091 94.772 94.974 95.413 95.81 96.835 96.915 97.2 97.347 98.545 98.596 98.986 99.738 101.045 105.754 106.343 109.959 117.526 122.321 123.466 124.235 124.263 124.792 124.898 125.031 125.491 125.922 126.097 127.044 127.289 127.399 127.635 127.713 132.008 132.806 134.833 134.837 137.065 137.353 139.083 139.295 141.9 156.812 160.312 162.528 162.709 163.42 163.706 163.775 163.791 164.021 164.036 164.247 164.262 164.398 164.472 164.497 164.527 164.618 164.663 164.673 164.723 164.768 164.778 164.778 164.783 164.793 164.828 164.943 165.029 165.089 165.089 165.118 165.133 165.174 165.193 165.274 165.279 165.299 165.339 165.45 165.45 165.475 165.55 165.55 165.575 165.6 165.6 165.62 165.71 165.875 165.92 165.956 165.975 166.001 166.056 166.151 166.267 166.281 166.302 166.316 166.352 166.357 166.367 166.392 166.392 166.442 166.447 166.497 166.708 166.777 166.793 166.818 166.848 166.878 166.882 166.898 166.948 166.973 166.978 167.003 167.018 167.033 167.098 167.144 167.214 167.238 167.239 167.259 167.264 167.274 167.359 167.394 167.409 167.415 167.429 167.439 167.439 167.459 167.469 167.55 167.604 167.665 167.709 167.74 167.75 167.75 167.75 167.825 167.85 167.93 167.99 168.011 168.035 168.061 168.201 168.236 168.236 168.246 168.301 168.312 168.467 168.472 168.477 168.527 168.547 168.567 168.657 168.687 168.701 168.723 168.728 168.732 168.738 168.798 168.807 168.837 168.913 168.927 168.928 168.947 168.953 169.078 169.138 169.143 169.168 169.173 169.223 169.268 169.273 169.388 169.418 169.459 169.463 169.494 169.504 169.529 169.589 169.589 169.625 169.634 169.694 169.734 169.744 169.745 169.76 169.819 169.835 169.88 169.909 169.915 169.915 169.945 169.976 169.98 169.99 170.015 170.095 170.161 170.161 170.161 170.19 170.191 170.235 170.261 170.285 170.291 170.306 170.356 170.381 170.391 170.476 170.476 170.501 170.596 170.601 170.651 170.661 170.672 170.702 170.802 170.822 170.827 170.857 170.863 170.867 170.874 170.878 171.093 171.118 171.132 171.163 171.188 171.208 171.223 171.293 171.293 171.308 171.398 171.399 171.409 171.423 171.423 171.438 171.479 171.493 171.559 171.589 171.619 171.644 171.679 171.709 171.754 171.784 171.829 171.864 171.889 171.894 171.99 172.01 172.045 172.07 172.2 172.206 172.24 172.26 172.27 172.286 172.406 172.601 172.616 172.641 172.677 172.717 172.721 172.741 172.751 172.822 172.852 172.877 172.942 172.942 172.983 173.007 173.157 173.484 173.663 173.744 174.045 174.115 174.13 174.26 174.285 174.29 174.786 174.816 174.831 174.912 174.972 175.011 175.107 175.278 175.728 175.748 176.119 176.209 176.465 176.711 176.751 176.906 177.142 178.195 178.235 178.42 178.63 178.676 178.715 178.76 178.876 178.926 178.936 178.981 179.211 179.232 179.247 179.467 179.823 179.878 179.923 179.958 180.349 180.735 180.961 180.991 181.061 181.411 181.411 181.477 181.713 182.399 182.455 182.524 182.529 182.675 182.865 182.965 183.121 183.667 183.882 184.414 184.453 184.619 184.694 185.08 185.285 185.416 185.456 185.466 185.676 186.002 186.213 186.368 186.373 186.529 187.205 187.591 187.952 188.117 188.258 188.383 188.793 188.999 189.345 189.651 190.227 190.663 190.869 190.954 190.994 191.009 192.292 192.698 193.394 193.46 193.545 193.63 195.019 196.492 197.439 197.459 198.291 200.311 201.223 202.696 203.348 204.505 206.61 207.708 209.722 210.329 230.766 230.792 241.326 256.266 277.197 367.869 4975.13

Time elapsed stats:
  sum  120946 us
  avg  120.946 us
  max  4975.13 us
  min  70.049 us

Removing top/bottom-5:
  sum  114477 us
  avg  115.633 us
  max  230.792 us
  min  70.347 us

Num files at level --
  0: 9
  1: 19
  2: 12
  3: 0
  4: 0
  5: 0
  6: 0

Stats --
                               Compactions
Level  Files Size(MB) Time(sec) Read(MB) Write(MB)
--------------------------------------------------
  0        9       36         0        0         0
  1       19       36         0        0         0
  2       12       24         0        0         0

SSTables --
--- level 0 ---
 92:4124646['user10046604894068544' @ 9635 : 1 .. 'user971136347768642592' @ 9667 : 1]
 89:4205685['user1005640680888162' @ 8874 : 1 .. 'user960084102193685886' @ 8906 : 1]
 85:4204932['user1005972966029934054' @ 8047 : 1 .. 'user994579075160678783' @ 7972 : 1]
 81:4205504['user1006191281247775937' @ 7456 : 1 .. 'user982188593343599298' @ 7368 : 1]
 78:4205619['user1006532926542074502' @ 6714 : 1 .. 'user99137614613375737' @ 6928 : 1]
 83:4205080['user1018363447847013539' @ 7865 : 1 .. 'user993800799430696452' @ 7820 : 1]
 58:4205091['user1019483368871294435' @ 6367 : 1 .. 'user994360759942836900' @ 6491 : 1]
 91:4205756['user1044594160504054184' @ 9234 : 1 .. 'user95229708324090387' @ 9196 : 1]
 87:4205838['user1050400263547602761' @ 8556 : 1 .. 'user935751586290908468' @ 8619 : 1]
--- level 1 ---
 56:2107550['user1006751241759916385' @ 6221 : 1 .. 'user1498736710723774180' @ 4061 : 1]
 59:2107519['user1499296671235914628' @ 2800 : 1 .. 'user1940937226857796243' @ 3609 : 1]
 60:2107462['user1941497187369936691' @ 3402 : 1 .. 'user2429916395338807701' @ 3442 : 1]
 61:2107602['user2430134710556649584' @ 4885 : 1 .. 'user2893101481598462280' @ 4780 : 1]
 62:2107507['user2895889466863466734' @ 3822 : 1 .. 'user3335631825731085122' @ 5111 : 1]
 63:2107680['user3336191786243225570' @ 5762 : 1 .. 'user3810210802859994972' @ 2664 : 1]
 64:2107439['user3810429118077836855' @ 3175 : 1 .. 'user4256537540501144268' @ 6053 : 1]
 65:2107572['user4257097501013284716' @ 5270 : 1 .. 'user4760135215552099217' @ 2697 : 1]
 66:2107491['user4764821397571366898' @ 2517 : 1 .. 'user5211708095724656642' @ 5413 : 1]
 67:2107613['user5212049741018955207' @ 5233 : 1 .. 'user5623208460573458061' @ 4765 : 1]
 68:2107496['user5623768421085598509' @ 6064 : 1 .. 'user6131835534764733457' @ 4229 : 1]
 69:2107420['user6132395495276873905' @ 5110 : 1 .. 'user6533061929768560501' @ 3508 : 1]
 70:2107414['user65420917376365171' @ 3918 : 1 .. 'user7021699452955273394' @ 6015 : 1]
 71:2107611['user7030293541263826425' @ 5829 : 1 .. 'user7488014169774230992' @ 3403 : 1]
 72:1895765['user7488232484992072875' @ 4916 : 1 .. 'user7891251846139834360' @ 4796 : 1]
 73:2107521['user7900965855472668287' @ 4966 : 1 .. 'user8384575551345814934' @ 3899 : 1]
 74:2107482['user8384917196640113499' @ 2579 : 1 .. 'user8794955995170335457' @ 5853 : 1]
 75:2107295['user8795515955682475905' @ 5104 : 1 .. 'user979960568590735292' @ 3463 : 1]
 76:121025['user982748553855739746' @ 5015 : 1 .. 'user997378877721381023' @ 3797 : 1]
--- level 2 ---
 36:2107527['user1000385178204227360' @ 6 : 1 .. 'user1715321609418666813' @ 1633 : 1]
 45:2107432['user1715539924636508696' @ 2150 : 1 .. 'user2419424110275991443' @ 2320 : 1]
 46:2107346['user2422430410758837780' @ 1503 : 1 .. 'user3111914405046218919' @ 615 : 1]
 47:2107429['user3112132720264060802' @ 104 : 1 .. 'user3832315294009908384' @ 2078 : 1]
 48:2107491['user3835881555004895169' @ 1024 : 1 .. 'user4515091579447301933' @ 169 : 1]
 49:2107419['user4515651539959442381' @ 922 : 1 .. 'user5219194080304626563' @ 398 : 1]
 50:2107468['user5223101986593911913' @ 1398 : 1 .. 'user5911684375074854039' @ 2219 : 1]
 51:2107281['user5912804296099134935' @ 713 : 1 .. 'user6525357629970748697' @ 1972 : 1]
 52:2107377['user6525917590482889145' @ 67 : 1 .. 'user7230580051852354223' @ 1081 : 1]
 53:2107438['user7230798367070196106' @ 1614 : 1 .. 'user789388067335041421' @ 1243 : 1]
 54:2107349['user7908110194758339643' @ 1689 : 1 .. 'user8637323487248424022' @ 309 : 1]
 55:2046806['user8637665132542722587' @ 97 : 1 .. 'user996258956697100127' @ 1207 : 1]
--- level 3 ---
--- level 4 ---
--- level 5 ---
--- level 6 ---

