Finished 1000 requests.

Sorted time elapsed:
 64.873 64.875 65.176 65.187 65.235 65.287 65.3 65.57 65.813 65.839 65.909 65.929 65.949 65.95 65.958 66.023 66.031 66.172 66.232 66.24 66.244 66.258 66.272 66.366 66.382 66.405 66.41 66.418 66.463 66.465 66.479 66.488 66.497 66.501 66.533 66.572 66.597 66.611 66.711 66.713 66.761 66.777 66.791 66.831 66.835 66.841 66.846 66.855 66.868 66.871 66.887 66.892 66.896 66.92 66.926 66.948 66.977 67.026 67.032 67.048 67.054 67.075 67.079 67.11 67.138 67.19 67.19 67.236 67.24 67.25 67.268 67.294 67.341 67.342 67.347 67.349 67.355 67.36 67.381 67.391 67.415 67.431 67.433 67.442 67.457 67.457 67.467 67.467 67.472 67.481 67.491 67.493 67.511 67.543 67.569 67.587 67.605 67.607 67.619 67.631 67.638 67.639 67.642 67.69 67.702 67.709 67.711 67.73 67.758 67.781 67.813 67.814 67.837 67.843 67.849 67.862 67.88 67.891 67.894 67.894 67.902 67.915 67.918 67.922 67.932 67.94 67.94 67.968 67.97 67.978 67.98 67.982 67.984 67.986 67.998 68.01 68.018 68.02 68.032 68.038 68.044 68.065 68.082 68.093 68.099 68.104 68.118 68.13 68.134 68.137 68.14 68.16 68.166 68.171 68.176 68.178 68.191 68.199 68.201 68.216 68.246 68.249 68.251 68.273 68.275 68.281 68.285 68.299 68.303 68.307 68.322 68.327 68.337 68.349 68.363 68.383 68.387 68.397 68.399 68.455 68.457 68.483 68.497 68.511 68.511 68.55 68.557 68.563 68.564 68.564 68.568 68.569 68.575 68.581 68.612 68.614 68.641 68.646 68.647 68.648 68.649 68.688 68.694 68.695 68.696 68.701 68.708 68.713 68.714 68.735 68.742 68.757 68.766 68.776 68.788 68.814 68.818 68.828 68.846 68.856 68.86 68.897 68.904 68.908 68.912 68.918 68.918 68.939 68.94 68.947 68.962 68.98 68.981 68.986 69.008 69.027 69.038 69.051 69.061 69.061 69.061 69.1 69.104 69.112 69.115 69.119 69.124 69.125 69.125 69.136 69.137 69.139 69.163 69.189 69.191 69.201 69.203 69.207 69.217 69.225 69.235 69.235 69.237 69.243 69.263 69.267 69.271 69.275 69.285 69.291 69.291 69.329 69.334 69.337 69.347 69.351 69.357 69.363 69.369 69.379 69.391 69.392 69.411 69.412 69.427 69.451 69.452 69.454 69.457 69.47 69.472 69.483 69.502 69.519 69.52 69.527 69.536 69.576 69.58 69.582 69.585 69.62 69.62 69.622 69.624 69.644 69.656 69.677 69.686 69.692 69.694 69.712 69.72 69.724 69.779 69.781 69.786 69.788 69.792 69.812 69.812 69.816 69.822 69.826 69.827 69.828 69.829 69.831 69.849 69.85 69.856 69.86 69.868 69.87 69.872 69.876 69.878 69.879 69.89 69.894 69.908 69.912 69.915 69.917 69.92 69.929 69.945 69.946 69.951 69.979 69.999 70.005 70.006 70.017 70.023 70.027 70.027 70.028 70.035 70.039 70.049 70.049 70.051 70.053 70.057 70.059 70.089 70.089 70.093 70.093 70.097 70.107 70.109 70.115 70.119 70.123 70.133 70.135 70.147 70.149 70.165 70.167 70.169 70.179 70.199 70.201 70.204 70.221 70.222 70.245 70.251 70.257 70.263 70.263 70.273 70.273 70.274 70.285 70.289 70.291 70.294 70.295 70.296 70.315 70.334 70.358 70.36 70.367 70.418 70.422 70.43 70.433 70.436 70.438 70.446 70.471 70.472 70.482 70.497 70.51 70.512 70.52 70.526 70.552 70.552 70.558 70.56 70.56 70.56 70.56 70.568 70.576 70.61 70.614 70.624 70.636 70.643 70.646 70.663 70.668 70.672 70.678 70.692 70.702 70.703 70.707 70.71 70.713 70.715 70.728 70.73 70.732 70.753 70.755 70.755 70.755 70.777 70.782 70.79 70.79 70.79 70.8 70.825 70.83 70.833 70.849 70.851 70.875 70.889 70.892 70.905 70.917 70.919 70.932 70.933 70.933 70.933 70.951 70.955 70.983 70.985 70.991 70.999 71.001 71.001 71.015 71.021 71.043 71.063 71.071 71.077 71.102 71.104 71.109 71.118 71.123 71.127 71.155 71.158 71.158 71.201 71.201 71.21 71.226 71.233 71.243 71.248 71.249 71.256 71.257 71.272 71.276 71.311 71.318 71.332 71.343 71.356 71.366 71.366 71.392 71.398 71.426 71.434 71.446 71.462 71.494 71.498 71.507 71.538 71.56 71.567 71.57 71.574 71.588 71.594 71.601 71.618 71.621 71.63 71.649 71.681 71.687 71.697 71.711 71.72 71.749 71.757 71.768 71.801 71.801 71.801 71.805 71.835 71.851 71.875 71.875 71.877 71.881 71.889 71.895 71.915 71.915 71.921 71.921 71.93 71.983 72.004 72.023 72.038 72.082 72.082 72.085 72.085 72.088 72.093 72.094 72.114 72.136 72.144 72.148 72.15 72.172 72.172 72.205 72.234 72.25 72.29 72.292 72.3 72.307 72.31 72.321 72.356 72.363 72.395 72.396 72.4 72.402 72.416 72.425 72.429 72.456 72.48 72.482 72.493 72.502 72.506 72.511 72.524 72.54 72.544 72.547 72.564 72.687 72.755 72.761 72.781 72.813 72.813 72.841 72.856 72.871 72.912 72.943 72.944 72.95 72.986 73.014 73.026 73.04 73.082 73.094 73.138 73.162 73.173 73.193 73.257 73.283 73.286 73.298 73.307 73.32 73.363 73.368 73.385 73.385 73.389 73.402 73.425 73.447 73.453 73.454 73.495 73.496 73.561 73.567 73.605 73.635 73.65 73.703 73.738 73.741 73.786 73.82 73.829 73.852 73.852 73.856 73.881 73.9 73.954 73.986 74.05 74.05 74.134 74.14 74.144 74.152 74.187 74.218 74.228 74.234 74.251 74.266 74.298 74.355 74.358 74.407 74.423 74.445 74.459 74.459 74.519 74.527 74.538 74.551 74.576 74.583 74.61 74.615 74.634 74.675 74.686 74.695 74.726 74.745 74.802 74.812 74.818 74.866 74.898 74.924 74.96 74.962 74.986 75.011 75.035 75.235 75.323 75.345 75.377 75.431 75.457 75.468 75.488 75.496 75.578 75.588 75.674 75.678 75.808 75.881 75.886 75.902 75.91 75.976 76.058 76.069 76.088 76.097 76.205 76.229 76.241 76.263 76.272 76.307 76.311 76.316 76.325 76.332 76.333 76.381 76.381 76.382 76.452 76.486 76.512 76.526 76.542 76.558 76.576 76.683 76.698 76.8 76.831 76.846 76.916 76.981 77.041 77.084 77.089 77.091 77.138 77.175 77.28 77.288 77.288 77.488 77.555 77.565 77.582 77.587 77.642 77.673 77.72 77.779 77.786 77.875 77.883 77.913 77.935 77.939 77.939 78.012 78.019 78.083 78.133 78.158 78.185 78.238 78.304 78.312 78.318 78.352 78.356 78.414 78.491 78.561 78.575 78.586 78.596 78.597 78.613 78.674 78.675 78.681 78.685 78.695 78.715 78.765 78.803 78.835 79.026 79.178 79.18 79.25 79.304 79.373 79.404 79.457 79.499 79.506 79.573 79.668 79.695 79.705 79.741 79.763 79.793 79.803 79.813 79.821 79.895 79.937 80.03 80.135 80.144 80.159 80.192 80.245 80.353 80.365 80.431 80.499 80.646 80.704 80.843 80.958 81.044 81.223 81.291 81.678 81.886 81.992 82.372 82.532 82.538 82.576 82.696 82.698 82.719 82.969 83.366 83.41 83.753 83.963 84.136 84.318 84.426 84.552 84.592 84.791 84.996 85.144 85.271 85.314 85.724 85.748 85.917 86.204 86.332 86.411 87.179 87.303 87.555 87.696 87.718 88.35 88.416 88.694 88.82 89.366 91.161 91.178 92.787 92.942 94.967 95.095 95.672 96.464 96.713 98.183 99.665 106.889 107.111 107.126 107.269 107.601 108.339 108.619 109.218 109.254 109.268 109.274 109.291 109.387 109.474 109.584 110.242 110.249 110.343 110.36 110.413 110.47 110.517 110.827 110.838 110.921 110.975 111.078 111.453 111.866 111.89 111.974 112.111 112.198 112.381 112.404 112.792 112.902 113.016 113.47 113.474 113.758 114.126 114.275 114.483 114.576 115.242 115.261 115.549 115.779 116.316 116.839 116.992 117.018 117.787 118.078 118.085 118.278 119.809 119.872 120.426 120.744 121.67 122.024 122.374 122.485 122.956 123.637 123.985 124.105 125.12 126.58 127.286 127.874 128.732 130.88 131.95 133.594 133.653 135.415 136.327 136.785 143.517 145.054 152.088 155.368 296.061 5657.12

Time elapsed stats:
  sum  82001.5 us
  avg  82.0015 us
  max  5657.12 us
  min  64.873 us

Removing top/bottom-5:
  sum  75270.5 us
  avg  76.0308 us
  max  143.517 us
  min  65.287 us

Num files at level --
  0: 9
  1: 19
  2: 12
  3: 0
  4: 0
  5: 0
  6: 0

Stats --
                               Compactions
Level  Files Size(MB) Time(sec) Read(MB) Write(MB)
--------------------------------------------------
  0        9       36         0        0         0
  1       19       36         0        0         0
  2       12       24         0        0         0

SSTables --
--- level 0 ---
 92:4124646['user10046604894068544' @ 9635 : 1 .. 'user971136347768642592' @ 9667 : 1]
 89:4205685['user1005640680888162' @ 8874 : 1 .. 'user960084102193685886' @ 8906 : 1]
 85:4204932['user1005972966029934054' @ 8047 : 1 .. 'user994579075160678783' @ 7972 : 1]
 81:4205504['user1006191281247775937' @ 7456 : 1 .. 'user982188593343599298' @ 7368 : 1]
 78:4205619['user1006532926542074502' @ 6714 : 1 .. 'user99137614613375737' @ 6928 : 1]
 83:4205080['user1018363447847013539' @ 7865 : 1 .. 'user993800799430696452' @ 7820 : 1]
 58:4205091['user1019483368871294435' @ 6367 : 1 .. 'user994360759942836900' @ 6491 : 1]
 91:4205756['user1044594160504054184' @ 9234 : 1 .. 'user95229708324090387' @ 9196 : 1]
 87:4205838['user1050400263547602761' @ 8556 : 1 .. 'user935751586290908468' @ 8619 : 1]
--- level 1 ---
 56:2107550['user1006751241759916385' @ 6221 : 1 .. 'user1498736710723774180' @ 4061 : 1]
 59:2107519['user1499296671235914628' @ 2800 : 1 .. 'user1940937226857796243' @ 3609 : 1]
 60:2107462['user1941497187369936691' @ 3402 : 1 .. 'user2429916395338807701' @ 3442 : 1]
 61:2107602['user2430134710556649584' @ 4885 : 1 .. 'user2893101481598462280' @ 4780 : 1]
 62:2107507['user2895889466863466734' @ 3822 : 1 .. 'user3335631825731085122' @ 5111 : 1]
 63:2107680['user3336191786243225570' @ 5762 : 1 .. 'user3810210802859994972' @ 2664 : 1]
 64:2107439['user3810429118077836855' @ 3175 : 1 .. 'user4256537540501144268' @ 6053 : 1]
 65:2107572['user4257097501013284716' @ 5270 : 1 .. 'user4760135215552099217' @ 2697 : 1]
 66:2107491['user4764821397571366898' @ 2517 : 1 .. 'user5211708095724656642' @ 5413 : 1]
 67:2107613['user5212049741018955207' @ 5233 : 1 .. 'user5623208460573458061' @ 4765 : 1]
 68:2107496['user5623768421085598509' @ 6064 : 1 .. 'user6131835534764733457' @ 4229 : 1]
 69:2107420['user6132395495276873905' @ 5110 : 1 .. 'user6533061929768560501' @ 3508 : 1]
 70:2107414['user65420917376365171' @ 3918 : 1 .. 'user7021699452955273394' @ 6015 : 1]
 71:2107611['user7030293541263826425' @ 5829 : 1 .. 'user7488014169774230992' @ 3403 : 1]
 72:1895765['user7488232484992072875' @ 4916 : 1 .. 'user7891251846139834360' @ 4796 : 1]
 73:2107521['user7900965855472668287' @ 4966 : 1 .. 'user8384575551345814934' @ 3899 : 1]
 74:2107482['user8384917196640113499' @ 2579 : 1 .. 'user8794955995170335457' @ 5853 : 1]
 75:2107295['user8795515955682475905' @ 5104 : 1 .. 'user979960568590735292' @ 3463 : 1]
 76:121025['user982748553855739746' @ 5015 : 1 .. 'user997378877721381023' @ 3797 : 1]
--- level 2 ---
 36:2107527['user1000385178204227360' @ 6 : 1 .. 'user1715321609418666813' @ 1633 : 1]
 45:2107432['user1715539924636508696' @ 2150 : 1 .. 'user2419424110275991443' @ 2320 : 1]
 46:2107346['user2422430410758837780' @ 1503 : 1 .. 'user3111914405046218919' @ 615 : 1]
 47:2107429['user3112132720264060802' @ 104 : 1 .. 'user3832315294009908384' @ 2078 : 1]
 48:2107491['user3835881555004895169' @ 1024 : 1 .. 'user4515091579447301933' @ 169 : 1]
 49:2107419['user4515651539959442381' @ 922 : 1 .. 'user5219194080304626563' @ 398 : 1]
 50:2107468['user5223101986593911913' @ 1398 : 1 .. 'user5911684375074854039' @ 2219 : 1]
 51:2107281['user5912804296099134935' @ 713 : 1 .. 'user6525357629970748697' @ 1972 : 1]
 52:2107377['user6525917590482889145' @ 67 : 1 .. 'user7230580051852354223' @ 1081 : 1]
 53:2107438['user7230798367070196106' @ 1614 : 1 .. 'user789388067335041421' @ 1243 : 1]
 54:2107349['user7908110194758339643' @ 1689 : 1 .. 'user8637323487248424022' @ 309 : 1]
 55:2046806['user8637665132542722587' @ 97 : 1 .. 'user996258956697100127' @ 1207 : 1]
--- level 3 ---
--- level 4 ---
--- level 5 ---
--- level 6 ---

