Finished 1000 requests.

Sorted time elapsed:
 18.116 18.158 18.174 18.264 18.293 18.316 18.374 18.38 18.401 18.423 18.447 18.557 18.586 18.599 18.603 18.704 18.734 18.759 18.763 18.8 18.806 18.886 18.9 18.987 19.003 19.048 19.078 19.094 19.11 19.155 19.197 19.201 19.203 19.257 19.257 19.281 19.289 19.295 19.309 19.31 19.315 19.321 19.323 19.331 19.345 19.347 19.357 19.357 19.363 19.365 19.39 19.395 19.395 19.397 19.399 19.403 19.413 19.414 19.415 19.417 19.419 19.427 19.428 19.435 19.437 19.437 19.443 19.455 19.475 19.477 19.477 19.481 19.481 19.493 19.495 19.497 19.499 19.505 19.516 19.52 19.521 19.527 19.532 19.534 19.54 19.551 19.552 19.554 19.556 19.564 19.593 19.597 19.597 19.609 19.615 19.622 19.638 19.647 19.652 19.652 19.655 19.662 19.67 19.68 19.685 19.686 19.698 19.7 19.704 19.705 19.709 19.714 19.718 19.736 19.744 19.746 19.752 19.756 19.764 19.77 19.792 19.794 19.796 19.798 19.8 19.804 19.812 19.816 19.834 19.838 19.842 19.844 19.846 19.848 19.879 19.88 19.888 19.903 19.908 19.916 19.917 19.917 19.917 19.918 19.929 19.945 19.952 19.962 19.968 19.998 20.023 20.023 20.032 20.04 20.052 20.063 20.064 20.072 20.077 20.079 20.11 20.114 20.127 20.143 20.149 20.165 20.171 20.173 20.199 20.209 20.211 20.213 20.219 20.225 20.225 20.229 20.231 20.233 20.241 20.241 20.247 20.253 20.258 20.259 20.267 20.281 20.295 20.309 20.313 20.327 20.329 20.331 20.333 20.335 20.335 20.337 20.342 20.347 20.357 20.359 20.367 20.371 20.371 20.377 20.381 20.382 20.395 20.412 20.42 20.426 20.43 20.433 20.446 20.449 20.45 20.456 20.458 20.468 20.471 20.48 20.48 20.482 20.486 20.489 20.496 20.506 20.511 20.512 20.518 20.52 20.53 20.54 20.544 20.546 20.549 20.553 20.56 20.56 20.564 20.576 20.582 20.582 20.586 20.604 20.608 20.618 20.632 20.638 20.648 20.65 20.652 20.656 20.662 20.662 20.664 20.668 20.682 20.688 20.702 20.716 20.72 20.722 20.732 20.741 20.741 20.744 20.746 20.754 20.756 20.768 20.791 20.802 20.814 20.827 20.83 20.838 20.852 20.862 20.863 20.898 20.899 20.966 20.967 20.971 20.971 21.001 21.004 21.015 21.027 21.037 21.038 21.063 21.067 21.085 21.095 21.107 21.117 21.138 21.157 21.159 21.161 21.179 21.181 21.198 21.223 21.227 21.227 21.247 21.249 21.254 21.262 21.278 21.298 21.309 21.332 21.344 21.367 21.368 21.386 21.404 21.413 21.414 21.416 21.418 21.418 21.42 21.422 21.432 21.446 21.484 21.492 21.521 21.524 21.53 21.54 21.553 21.554 21.565 21.572 21.577 21.58 21.59 21.59 21.598 21.6 21.618 21.624 21.625 21.633 21.64 21.642 21.644 21.648 21.665 21.667 21.669 21.698 21.71 21.718 21.719 21.725 21.735 21.746 21.783 21.784 21.801 21.803 21.814 21.821 21.825 21.829 21.849 21.851 21.887 21.887 21.925 21.927 21.929 21.931 21.933 21.947 21.967 21.997 22.009 22.023 22.025 22.03 22.034 22.035 22.058 22.065 22.07 22.087 22.092 22.093 22.103 22.104 22.106 22.144 22.148 22.154 22.159 22.186 22.215 22.221 22.237 22.238 22.241 22.27 22.274 22.278 22.302 22.326 22.33 22.334 22.348 22.384 22.394 22.41 22.436 22.44 22.442 22.452 22.472 22.475 22.48 22.482 22.524 22.527 22.533 22.551 22.552 22.572 22.573 22.591 22.621 22.629 22.667 22.676 22.697 22.713 22.727 22.731 22.739 22.771 22.805 22.841 22.865 22.885 22.917 22.937 22.968 22.984 23.018 23.026 23.15 23.28 23.3 23.304 23.322 23.325 23.378 23.378 23.445 23.452 23.472 23.492 23.494 23.51 23.531 23.542 23.56 23.587 23.605 23.611 23.615 23.625 23.645 23.651 23.655 23.675 23.737 23.74 23.803 23.833 23.848 23.863 23.865 23.869 23.878 23.878 23.893 23.934 23.938 23.94 23.953 23.966 23.966 23.968 23.998 24.001 24.001 24.001 24.006 24.034 24.036 24.043 24.073 24.119 24.134 24.136 24.169 24.191 24.204 24.206 24.211 24.237 24.242 24.264 24.264 24.277 24.301 24.302 24.331 24.334 24.359 24.364 24.389 24.452 24.524 24.527 24.541 24.547 24.559 24.635 24.715 24.718 24.745 24.748 24.79 24.825 24.827 24.83 24.833 24.87 24.88 24.88 24.88 24.893 24.898 24.901 24.915 24.916 24.933 24.943 24.945 24.951 24.973 24.98 24.986 25.008 25.028 25.054 25.059 25.063 25.066 25.081 25.081 25.083 25.096 25.103 25.136 25.146 25.149 25.156 25.158 25.163 25.166 25.169 25.176 25.179 25.181 25.181 25.183 25.189 25.191 25.201 25.214 25.214 25.216 25.218 25.231 25.231 25.234 25.239 25.239 25.251 25.252 25.256 25.256 25.258 25.259 25.282 25.288 25.293 25.296 25.298 25.301 25.306 25.312 25.314 25.314 25.321 25.322 25.323 25.323 25.339 25.351 25.372 25.384 25.389 25.394 25.394 25.397 25.411 25.411 25.432 25.437 25.442 25.452 25.477 25.482 25.497 25.499 25.502 25.504 25.515 25.517 25.545 25.552 25.572 25.64 25.649 25.705 25.705 25.718 25.732 25.732 25.735 25.748 25.755 25.759 25.837 25.84 25.843 25.861 25.911 25.923 25.956 25.975 26.025 26.056 26.078 26.093 26.101 26.11 26.131 26.133 26.138 26.159 26.174 26.179 26.186 26.196 26.201 26.243 26.256 26.264 26.276 26.289 26.296 26.316 26.326 26.361 26.389 26.404 26.406 26.411 26.414 26.439 26.444 26.454 26.459 26.462 26.464 26.469 26.472 26.477 26.492 26.494 26.497 26.501 26.514 26.545 26.55 26.554 26.57 26.592 26.594 26.605 26.606 26.621 26.625 26.629 26.634 26.639 26.645 26.654 26.659 26.664 26.667 26.684 26.687 26.687 26.687 26.697 26.709 26.719 26.725 26.735 26.742 26.765 26.767 26.77 26.772 26.78 26.78 26.783 26.785 26.795 26.798 26.838 26.858 26.872 26.878 26.885 26.915 26.925 26.953 26.98 26.995 26.997 27.013 27.03 27.035 27.053 27.073 27.115 27.118 27.153 27.173 27.191 27.219 27.236 27.246 27.256 27.281 27.303 27.326 27.388 27.456 27.481 27.483 27.484 27.489 27.511 27.517 27.531 27.549 27.559 27.567 27.576 27.584 27.599 27.614 27.639 27.67 27.682 27.687 27.699 27.702 27.715 27.722 27.722 27.737 27.749 27.762 27.765 27.787 27.787 27.792 27.802 27.81 27.817 27.82 27.842 27.853 27.855 27.86 27.862 27.874 27.881 27.892 27.9 27.912 27.915 27.917 27.917 27.917 27.925 27.927 27.93 27.935 27.95 27.952 27.957 27.965 27.967 27.97 27.972 27.98 27.988 27.997 28.01 28.013 28.032 28.032 28.051 28.053 28.055 28.083 28.085 28.123 28.123 28.123 28.125 28.143 28.155 28.155 28.203 28.228 28.27 28.283 28.301 28.306 28.333 28.359 28.363 28.368 28.418 28.484 28.523 28.541 28.556 28.566 28.656 28.665 28.712 28.767 28.795 28.802 28.802 28.831 28.845 28.865 28.867 28.892 28.998 29 29.02 29.045 29.05 29.07 29.075 29.089 29.127 29.128 29.14 29.19 29.225 29.241 29.26 29.288 29.466 29.484 29.496 29.505 29.511 29.623 29.672 29.681 30.09 30.147 30.182 30.405 30.646 30.791 31.265 31.461 31.789 31.964 32.045 32.503 33.403 33.468 33.899 34.546 34.586 34.934 34.992 35.856 35.884 35.983 35.999 36.152 36.254 36.513 36.723 37.9 38.265 40.061 40.811 41.358 42.434 43.578 43.741 43.943 43.956 45.411 45.491 45.726 45.821 45.827 45.836 46.077 46.077 46.092 46.14 46.317 46.358 46.363 46.443 46.723 46.809 47.25 47.596 48.001 48.017 48.046 48.242 48.323 48.398 48.442 48.447 48.458 48.523 48.563 48.593 48.959 48.979 49.259 49.299 49.76 49.981 50.094 50.162 50.417 50.468 50.583 50.587 50.593 50.608 50.813 50.853 51.479 52.061 52.286 52.477 52.728 53.524 53.958 55.093 55.199 59.368 60.777 61.183 67.386 108.788 119.242 2090.35

Time elapsed stats:
  sum  27678.5 us
  avg  27.6785 us
  max  2090.35 us
  min  18.116 us

Removing top/bottom-5:
  sum  25140.5 us
  avg  25.3945 us
  max  60.777 us
  min  18.316 us

Num files at level --
  0: 9
  1: 19
  2: 12
  3: 0
  4: 0
  5: 0
  6: 0

Stats --
                               Compactions
Level  Files Size(MB) Time(sec) Read(MB) Write(MB)
--------------------------------------------------
  0        9       36         0        0         0
  1       19       36         0        0         0
  2       12       24         0        0         0

SSTables --
--- level 0 ---
 92:4124646['user10046604894068544' @ 9635 : 1 .. 'user971136347768642592' @ 9667 : 1]
 89:4205685['user1005640680888162' @ 8874 : 1 .. 'user960084102193685886' @ 8906 : 1]
 85:4204932['user1005972966029934054' @ 8047 : 1 .. 'user994579075160678783' @ 7972 : 1]
 81:4205504['user1006191281247775937' @ 7456 : 1 .. 'user982188593343599298' @ 7368 : 1]
 78:4205619['user1006532926542074502' @ 6714 : 1 .. 'user99137614613375737' @ 6928 : 1]
 83:4205080['user1018363447847013539' @ 7865 : 1 .. 'user993800799430696452' @ 7820 : 1]
 58:4205091['user1019483368871294435' @ 6367 : 1 .. 'user994360759942836900' @ 6491 : 1]
 91:4205756['user1044594160504054184' @ 9234 : 1 .. 'user95229708324090387' @ 9196 : 1]
 87:4205838['user1050400263547602761' @ 8556 : 1 .. 'user935751586290908468' @ 8619 : 1]
--- level 1 ---
 56:2107550['user1006751241759916385' @ 6221 : 1 .. 'user1498736710723774180' @ 4061 : 1]
 59:2107519['user1499296671235914628' @ 2800 : 1 .. 'user1940937226857796243' @ 3609 : 1]
 60:2107462['user1941497187369936691' @ 3402 : 1 .. 'user2429916395338807701' @ 3442 : 1]
 61:2107602['user2430134710556649584' @ 4885 : 1 .. 'user2893101481598462280' @ 4780 : 1]
 62:2107507['user2895889466863466734' @ 3822 : 1 .. 'user3335631825731085122' @ 5111 : 1]
 63:2107680['user3336191786243225570' @ 5762 : 1 .. 'user3810210802859994972' @ 2664 : 1]
 64:2107439['user3810429118077836855' @ 3175 : 1 .. 'user4256537540501144268' @ 6053 : 1]
 65:2107572['user4257097501013284716' @ 5270 : 1 .. 'user4760135215552099217' @ 2697 : 1]
 66:2107491['user4764821397571366898' @ 2517 : 1 .. 'user5211708095724656642' @ 5413 : 1]
 67:2107613['user5212049741018955207' @ 5233 : 1 .. 'user5623208460573458061' @ 4765 : 1]
 68:2107496['user5623768421085598509' @ 6064 : 1 .. 'user6131835534764733457' @ 4229 : 1]
 69:2107420['user6132395495276873905' @ 5110 : 1 .. 'user6533061929768560501' @ 3508 : 1]
 70:2107414['user65420917376365171' @ 3918 : 1 .. 'user7021699452955273394' @ 6015 : 1]
 71:2107611['user7030293541263826425' @ 5829 : 1 .. 'user7488014169774230992' @ 3403 : 1]
 72:1895765['user7488232484992072875' @ 4916 : 1 .. 'user7891251846139834360' @ 4796 : 1]
 73:2107521['user7900965855472668287' @ 4966 : 1 .. 'user8384575551345814934' @ 3899 : 1]
 74:2107482['user8384917196640113499' @ 2579 : 1 .. 'user8794955995170335457' @ 5853 : 1]
 75:2107295['user8795515955682475905' @ 5104 : 1 .. 'user979960568590735292' @ 3463 : 1]
 76:121025['user982748553855739746' @ 5015 : 1 .. 'user997378877721381023' @ 3797 : 1]
--- level 2 ---
 36:2107527['user1000385178204227360' @ 6 : 1 .. 'user1715321609418666813' @ 1633 : 1]
 45:2107432['user1715539924636508696' @ 2150 : 1 .. 'user2419424110275991443' @ 2320 : 1]
 46:2107346['user2422430410758837780' @ 1503 : 1 .. 'user3111914405046218919' @ 615 : 1]
 47:2107429['user3112132720264060802' @ 104 : 1 .. 'user3832315294009908384' @ 2078 : 1]
 48:2107491['user3835881555004895169' @ 1024 : 1 .. 'user4515091579447301933' @ 169 : 1]
 49:2107419['user4515651539959442381' @ 922 : 1 .. 'user5219194080304626563' @ 398 : 1]
 50:2107468['user5223101986593911913' @ 1398 : 1 .. 'user5911684375074854039' @ 2219 : 1]
 51:2107281['user5912804296099134935' @ 713 : 1 .. 'user6525357629970748697' @ 1972 : 1]
 52:2107377['user6525917590482889145' @ 67 : 1 .. 'user7230580051852354223' @ 1081 : 1]
 53:2107438['user7230798367070196106' @ 1614 : 1 .. 'user789388067335041421' @ 1243 : 1]
 54:2107349['user7908110194758339643' @ 1689 : 1 .. 'user8637323487248424022' @ 309 : 1]
 55:2046806['user8637665132542722587' @ 97 : 1 .. 'user996258956697100127' @ 1207 : 1]
--- level 3 ---
--- level 4 ---
--- level 5 ---
--- level 6 ---

