Finished 1000 requests.

Sorted time elapsed:
 50.224 50.279 50.341 50.43 50.534 50.54 50.604 50.738 50.758 50.764 51.021 51.021 51.064 51.093 51.109 51.117 51.131 51.145 51.193 51.195 51.209 51.217 51.221 51.26 51.386 51.454 51.461 51.496 51.527 51.582 51.596 51.598 51.666 51.708 51.776 51.798 51.815 51.823 51.83 51.842 51.861 51.867 51.869 51.883 51.969 51.971 52.007 52.013 52.023 52.041 52.055 52.067 52.078 52.079 52.095 52.099 52.107 52.142 52.17 52.173 52.194 52.21 52.211 52.215 52.224 52.245 52.255 52.255 52.263 52.282 52.288 52.294 52.294 52.295 52.3 52.305 52.318 52.332 52.333 52.349 52.361 52.388 52.392 52.4 52.406 52.41 52.422 52.424 52.438 52.444 52.456 52.472 52.478 52.518 52.518 52.524 52.563 52.573 52.598 52.604 52.632 52.645 52.658 52.684 52.693 52.698 52.722 52.726 52.744 52.751 52.768 52.779 52.782 52.794 52.811 52.825 52.829 52.834 52.839 52.853 52.855 52.857 52.857 52.865 52.869 52.897 52.905 52.921 52.927 52.929 52.941 52.943 52.955 52.977 52.981 52.987 53.014 53.02 53.024 53.041 53.047 53.061 53.067 53.074 53.081 53.087 53.095 53.117 53.121 53.127 53.131 53.143 53.154 53.156 53.17 53.182 53.185 53.187 53.19 53.196 53.196 53.207 53.226 53.232 53.239 53.25 53.252 53.27 53.286 53.3 53.302 53.328 53.33 53.35 53.352 53.356 53.368 53.376 53.394 53.4 53.402 53.402 53.404 53.43 53.444 53.464 53.47 53.475 53.478 53.479 53.482 53.484 53.496 53.515 53.519 53.544 53.549 53.562 53.565 53.579 53.582 53.582 53.59 53.593 53.595 53.601 53.611 53.62 53.643 53.651 53.651 53.669 53.67 53.671 53.673 53.687 53.689 53.691 53.701 53.703 53.707 53.717 53.719 53.739 53.749 53.749 53.779 53.783 53.783 53.793 53.797 53.802 53.813 53.813 53.819 53.833 53.835 53.841 53.841 53.852 53.859 53.866 53.876 53.877 53.881 53.89 53.893 53.901 53.911 53.916 53.926 53.929 53.929 53.932 53.937 53.94 53.941 53.943 53.945 53.947 53.951 53.972 53.975 53.979 53.995 53.997 54.003 54.012 54.016 54.02 54.02 54.022 54.024 54.027 54.032 54.033 54.034 54.034 54.039 54.041 54.042 54.042 54.049 54.052 54.053 54.056 54.062 54.069 54.069 54.08 54.084 54.086 54.087 54.108 54.108 54.112 54.118 54.12 54.13 54.13 54.13 54.136 54.137 54.138 54.15 54.152 54.154 54.158 54.16 54.16 54.164 54.164 54.172 54.176 54.192 54.202 54.208 54.214 54.226 54.24 54.246 54.249 54.258 54.264 54.272 54.274 54.282 54.298 54.302 54.31 54.319 54.336 54.363 54.366 54.391 54.393 54.397 54.4 54.402 54.428 54.435 54.443 54.451 54.453 54.459 54.461 54.467 54.47 54.473 54.475 54.481 54.493 54.494 54.5 54.501 54.504 54.51 54.519 54.531 54.538 54.543 54.546 54.553 54.575 54.579 54.585 54.594 54.595 54.607 54.623 54.635 54.635 54.645 54.653 54.653 54.667 54.675 54.681 54.683 54.698 54.709 54.709 54.719 54.727 54.75 54.757 54.761 54.765 54.767 54.779 54.779 54.791 54.797 54.804 54.807 54.812 54.819 54.819 54.822 54.836 54.85 54.858 54.864 54.877 54.888 54.894 54.897 54.898 54.9 54.902 54.925 54.928 54.932 54.934 54.936 54.936 54.944 54.948 54.951 54.955 54.96 54.976 54.986 54.986 54.996 55.01 55.014 55.018 55.028 55.052 55.058 55.058 55.062 55.064 55.078 55.092 55.096 55.1 55.108 55.118 55.124 55.136 55.136 55.138 55.14 55.162 55.164 55.166 55.167 55.168 55.178 55.18 55.188 55.194 55.197 55.209 55.213 55.216 55.218 55.223 55.229 55.233 55.242 55.242 55.245 55.248 55.251 55.251 55.256 55.27 55.281 55.282 55.303 55.304 55.312 55.321 55.322 55.327 55.332 55.336 55.34 55.346 55.371 55.375 55.375 55.377 55.385 55.385 55.391 55.397 55.419 55.427 55.435 55.44 55.449 55.469 55.477 55.478 55.479 55.491 55.499 55.517 55.549 55.549 55.565 55.573 55.573 55.585 55.587 55.592 55.597 55.599 55.625 55.627 55.629 55.634 55.635 55.637 55.641 55.644 55.664 55.667 55.676 55.681 55.695 55.696 55.701 55.705 55.715 55.718 55.72 55.721 55.722 55.722 55.724 55.724 55.729 55.733 55.75 55.761 55.769 55.77 55.779 55.795 55.806 55.819 55.821 55.828 55.839 55.862 55.88 55.894 55.896 55.898 55.904 55.922 55.922 55.956 55.964 55.99 55.991 55.996 56.01 56.011 56.015 56.029 56.041 56.045 56.048 56.062 56.086 56.091 56.092 56.104 56.112 56.123 56.123 56.124 56.131 56.15 56.159 56.165 56.179 56.179 56.188 56.191 56.192 56.206 56.212 56.217 56.218 56.255 56.259 56.263 56.286 56.297 56.307 56.307 56.319 56.319 56.319 56.323 56.331 56.333 56.333 56.347 56.355 56.367 56.387 56.389 56.391 56.393 56.399 56.405 56.405 56.405 56.405 56.41 56.435 56.443 56.445 56.453 56.472 56.479 56.493 56.501 56.504 56.518 56.523 56.527 56.551 56.558 56.594 56.603 56.612 56.656 56.661 56.677 56.689 56.692 56.694 56.738 56.752 56.764 56.77 56.772 56.774 56.808 56.812 56.834 56.842 56.853 56.861 56.9 56.912 56.932 56.957 56.963 56.982 56.983 57.021 57.025 57.051 57.061 57.063 57.063 57.105 57.107 57.129 57.137 57.141 57.149 57.155 57.169 57.181 57.203 57.205 57.205 57.209 57.211 57.217 57.229 57.249 57.256 57.265 57.273 57.279 57.315 57.344 57.385 57.407 57.429 57.436 57.467 57.469 57.482 57.485 57.499 57.5 57.5 57.529 57.542 57.6 57.676 57.7 57.728 57.73 57.784 57.786 57.797 57.816 57.82 57.838 57.864 57.903 57.907 57.942 57.945 58.018 58.045 58.051 58.077 58.113 58.157 58.171 58.192 58.209 58.231 58.255 58.285 58.295 58.311 58.312 58.317 58.321 58.327 58.328 58.408 58.434 58.49 58.5 58.502 58.512 58.514 58.522 58.608 58.628 58.648 58.685 58.686 58.716 58.749 58.777 58.801 58.937 58.977 59.011 59.012 59.086 59.119 59.214 59.222 59.283 59.458 59.46 59.496 59.561 59.61 59.773 59.823 59.907 59.911 59.997 60.048 60.073 60.124 60.14 60.203 60.335 60.42 60.441 60.663 60.671 60.671 60.673 60.693 60.717 60.719 60.817 60.882 60.892 60.934 61.078 61.152 61.225 61.284 61.291 61.355 61.393 61.441 61.447 61.525 61.672 61.732 61.968 62.018 62.048 62.093 62.104 62.112 62.146 62.159 62.172 62.214 62.246 62.413 62.462 62.577 62.612 62.732 62.754 62.794 62.81 62.818 62.912 62.924 62.993 63.054 63.109 63.217 63.249 63.263 63.285 63.343 63.408 63.415 63.566 63.62 63.644 63.652 63.666 63.686 63.692 63.756 63.762 63.778 63.988 64.093 64.364 64.369 64.448 64.516 64.564 64.669 64.676 64.69 64.695 64.768 64.798 64.825 65.015 65.1 65.2 65.243 65.268 65.314 65.314 65.476 65.646 65.837 65.855 66.034 66.091 66.224 66.266 66.272 66.417 66.5 67.589 68.127 68.445 69.054 69.458 69.754 70.123 70.225 70.352 70.375 70.693 70.999 71.033 71.13 71.135 71.158 72.194 72.646 72.821 73.076 73.343 74.222 74.397 74.636 75.054 75.162 75.243 75.764 76.436 76.699 80.274 83.225 86.323 88.051 88.796 89.094 89.211 89.453 89.504 89.801 89.874 89.899 90.02 90.07 90.308 90.33 90.472 90.475 90.516 90.614 90.832 90.854 90.877 90.943 91.139 91.233 91.4 91.452 91.704 91.886 91.952 91.966 92.095 92.2 92.381 92.389 92.397 92.565 92.684 92.824 93.046 93.075 93.077 93.133 93.165 93.209 93.314 93.351 93.363 93.45 93.636 93.646 93.688 93.782 93.886 93.957 94.031 94.168 94.252 94.329 94.489 94.623 94.624 95.142 95.411 95.614 96.74 97.743 98.17 99.799 100.219 100.648 101.469 101.608 101.753 102.711 105.33 105.354 106.647 107.012 107.023 107.844 108.147 108.346 109.198 111.152 113.832 127.566 135 178.524 252.46 4082.88

Time elapsed stats:
  sum  64191.8 us
  avg  64.1918 us
  max  4082.88 us
  min  50.224 us

Removing top/bottom-5:
  sum  59163.5 us
  avg  59.7611 us
  max  113.832 us
  min  50.54 us

Num files at level --
  0: 9
  1: 19
  2: 12
  3: 0
  4: 0
  5: 0
  6: 0

Stats --
                               Compactions
Level  Files Size(MB) Time(sec) Read(MB) Write(MB)
--------------------------------------------------
  0        9       36         0        0         0
  1       19       36         0        0         0
  2       12       24         0        0         0

SSTables --
--- level 0 ---
 92:4124646['user10046604894068544' @ 9635 : 1 .. 'user971136347768642592' @ 9667 : 1]
 89:4205685['user1005640680888162' @ 8874 : 1 .. 'user960084102193685886' @ 8906 : 1]
 85:4204932['user1005972966029934054' @ 8047 : 1 .. 'user994579075160678783' @ 7972 : 1]
 81:4205504['user1006191281247775937' @ 7456 : 1 .. 'user982188593343599298' @ 7368 : 1]
 78:4205619['user1006532926542074502' @ 6714 : 1 .. 'user99137614613375737' @ 6928 : 1]
 83:4205080['user1018363447847013539' @ 7865 : 1 .. 'user993800799430696452' @ 7820 : 1]
 58:4205091['user1019483368871294435' @ 6367 : 1 .. 'user994360759942836900' @ 6491 : 1]
 91:4205756['user1044594160504054184' @ 9234 : 1 .. 'user95229708324090387' @ 9196 : 1]
 87:4205838['user1050400263547602761' @ 8556 : 1 .. 'user935751586290908468' @ 8619 : 1]
--- level 1 ---
 56:2107550['user1006751241759916385' @ 6221 : 1 .. 'user1498736710723774180' @ 4061 : 1]
 59:2107519['user1499296671235914628' @ 2800 : 1 .. 'user1940937226857796243' @ 3609 : 1]
 60:2107462['user1941497187369936691' @ 3402 : 1 .. 'user2429916395338807701' @ 3442 : 1]
 61:2107602['user2430134710556649584' @ 4885 : 1 .. 'user2893101481598462280' @ 4780 : 1]
 62:2107507['user2895889466863466734' @ 3822 : 1 .. 'user3335631825731085122' @ 5111 : 1]
 63:2107680['user3336191786243225570' @ 5762 : 1 .. 'user3810210802859994972' @ 2664 : 1]
 64:2107439['user3810429118077836855' @ 3175 : 1 .. 'user4256537540501144268' @ 6053 : 1]
 65:2107572['user4257097501013284716' @ 5270 : 1 .. 'user4760135215552099217' @ 2697 : 1]
 66:2107491['user4764821397571366898' @ 2517 : 1 .. 'user5211708095724656642' @ 5413 : 1]
 67:2107613['user5212049741018955207' @ 5233 : 1 .. 'user5623208460573458061' @ 4765 : 1]
 68:2107496['user5623768421085598509' @ 6064 : 1 .. 'user6131835534764733457' @ 4229 : 1]
 69:2107420['user6132395495276873905' @ 5110 : 1 .. 'user6533061929768560501' @ 3508 : 1]
 70:2107414['user65420917376365171' @ 3918 : 1 .. 'user7021699452955273394' @ 6015 : 1]
 71:2107611['user7030293541263826425' @ 5829 : 1 .. 'user7488014169774230992' @ 3403 : 1]
 72:1895765['user7488232484992072875' @ 4916 : 1 .. 'user7891251846139834360' @ 4796 : 1]
 73:2107521['user7900965855472668287' @ 4966 : 1 .. 'user8384575551345814934' @ 3899 : 1]
 74:2107482['user8384917196640113499' @ 2579 : 1 .. 'user8794955995170335457' @ 5853 : 1]
 75:2107295['user8795515955682475905' @ 5104 : 1 .. 'user979960568590735292' @ 3463 : 1]
 76:121025['user982748553855739746' @ 5015 : 1 .. 'user997378877721381023' @ 3797 : 1]
--- level 2 ---
 36:2107527['user1000385178204227360' @ 6 : 1 .. 'user1715321609418666813' @ 1633 : 1]
 45:2107432['user1715539924636508696' @ 2150 : 1 .. 'user2419424110275991443' @ 2320 : 1]
 46:2107346['user2422430410758837780' @ 1503 : 1 .. 'user3111914405046218919' @ 615 : 1]
 47:2107429['user3112132720264060802' @ 104 : 1 .. 'user3832315294009908384' @ 2078 : 1]
 48:2107491['user3835881555004895169' @ 1024 : 1 .. 'user4515091579447301933' @ 169 : 1]
 49:2107419['user4515651539959442381' @ 922 : 1 .. 'user5219194080304626563' @ 398 : 1]
 50:2107468['user5223101986593911913' @ 1398 : 1 .. 'user5911684375074854039' @ 2219 : 1]
 51:2107281['user5912804296099134935' @ 713 : 1 .. 'user6525357629970748697' @ 1972 : 1]
 52:2107377['user6525917590482889145' @ 67 : 1 .. 'user7230580051852354223' @ 1081 : 1]
 53:2107438['user7230798367070196106' @ 1614 : 1 .. 'user789388067335041421' @ 1243 : 1]
 54:2107349['user7908110194758339643' @ 1689 : 1 .. 'user8637323487248424022' @ 309 : 1]
 55:2046806['user8637665132542722587' @ 97 : 1 .. 'user996258956697100127' @ 1207 : 1]
--- level 3 ---
--- level 4 ---
--- level 5 ---
--- level 6 ---

