Finished 1000 requests.

Sorted time elapsed:
 41.848 42.405 42.528 42.549 42.649 42.657 42.734 42.743 42.778 42.786 42.799 42.803 42.864 42.889 42.9 42.923 43.006 43.03 43.048 43.066 43.072 43.08 43.094 43.096 43.116 43.148 43.162 43.167 43.182 43.204 43.214 43.233 43.234 43.241 43.252 43.271 43.313 43.315 43.322 43.353 43.371 43.409 43.439 43.445 43.463 43.481 43.509 43.517 43.519 43.519 43.529 43.547 43.553 43.57 43.573 43.612 43.614 43.669 43.68 43.703 43.717 43.724 43.754 43.788 43.91 43.913 43.932 43.936 43.944 43.944 43.946 43.948 43.95 43.959 43.966 43.99 43.996 44 44.01 44.018 44.023 44.043 44.057 44.084 44.093 44.094 44.096 44.1 44.102 44.123 44.15 44.176 44.187 44.218 44.233 44.247 44.257 44.279 44.287 44.289 44.297 44.307 44.315 44.321 44.341 44.347 44.347 44.352 44.353 44.355 44.369 44.369 44.385 44.391 44.413 44.427 44.428 44.431 44.458 44.475 44.478 44.49 44.511 44.516 44.526 44.533 44.534 44.535 44.564 44.568 44.574 44.578 44.593 44.597 44.603 44.608 44.608 44.611 44.642 44.652 44.658 44.66 44.664 44.678 44.69 44.692 44.7 44.706 44.714 44.738 44.742 44.762 44.78 44.788 44.788 44.82 44.842 44.847 44.88 44.886 44.928 44.934 44.937 44.939 44.94 44.953 44.957 44.962 44.962 44.964 44.969 44.973 44.974 44.979 44.986 44.996 45.002 45.003 45.015 45.02 45.029 45.029 45.033 45.034 45.039 45.055 45.061 45.083 45.085 45.097 45.109 45.117 45.119 45.131 45.133 45.157 45.163 45.187 45.189 45.211 45.215 45.217 45.237 45.239 45.243 45.243 45.243 45.245 45.248 45.253 45.26 45.261 45.27 45.275 45.277 45.279 45.284 45.289 45.29 45.297 45.303 45.317 45.319 45.321 45.324 45.327 45.331 45.331 45.335 45.346 45.35 45.361 45.363 45.365 45.367 45.368 45.371 45.375 45.382 45.382 45.383 45.389 45.398 45.428 45.438 45.451 45.453 45.454 45.463 45.476 45.477 45.478 45.482 45.494 45.498 45.5 45.518 45.526 45.526 45.538 45.54 45.542 45.546 45.552 45.572 45.582 45.592 45.596 45.6 45.616 45.622 45.634 45.636 45.64 45.642 45.654 45.66 45.66 45.664 45.664 45.664 45.668 45.668 45.674 45.674 45.682 45.688 45.696 45.7 45.71 45.712 45.713 45.714 45.722 45.722 45.723 45.727 45.742 45.756 45.76 45.762 45.764 45.768 45.771 45.772 45.775 45.783 45.788 45.79 45.795 45.796 45.8 45.805 45.805 45.81 45.814 45.814 45.826 45.829 45.829 45.835 45.848 45.852 45.857 45.858 45.858 45.859 45.877 45.879 45.879 45.887 45.894 45.921 45.923 45.925 45.933 45.939 45.943 45.947 45.953 45.957 45.961 45.969 45.977 45.979 45.981 45.989 45.989 45.99 46.003 46.005 46.009 46.011 46.018 46.019 46.033 46.035 46.039 46.039 46.043 46.047 46.057 46.057 46.073 46.086 46.091 46.105 46.105 46.106 46.113 46.131 46.132 46.133 46.151 46.163 46.17 46.181 46.182 46.182 46.189 46.201 46.23 46.235 46.24 46.242 46.267 46.272 46.29 46.307 46.318 46.338 46.34 46.35 46.353 46.362 46.374 46.375 46.375 46.376 46.391 46.392 46.392 46.4 46.404 46.422 46.43 46.432 46.436 46.446 46.448 46.46 46.474 46.48 46.495 46.498 46.502 46.504 46.554 46.57 46.576 46.58 46.584 46.594 46.602 46.605 46.616 46.641 46.645 46.646 46.652 46.658 46.659 46.661 46.676 46.679 46.68 46.684 46.7 46.717 46.742 46.749 46.758 46.759 46.784 46.787 46.789 46.791 46.793 46.795 46.8 46.803 46.805 46.825 46.828 46.833 46.835 46.837 46.844 46.859 46.859 46.869 46.879 46.887 46.895 46.915 46.927 46.937 46.946 46.953 46.963 46.967 46.979 46.983 46.984 46.999 47.003 47.019 47.027 47.029 47.03 47.036 47.047 47.047 47.051 47.06 47.077 47.088 47.098 47.102 47.106 47.11 47.111 47.117 47.118 47.132 47.159 47.16 47.18 47.188 47.193 47.196 47.205 47.21 47.217 47.226 47.246 47.248 47.25 47.256 47.26 47.268 47.276 47.286 47.288 47.298 47.312 47.312 47.316 47.318 47.324 47.326 47.332 47.34 47.378 47.406 47.41 47.444 47.449 47.47 47.485 47.496 47.5 47.501 47.52 47.534 47.541 47.576 47.621 47.629 47.654 47.669 47.705 47.707 47.713 47.717 47.733 47.735 47.751 47.761 47.777 47.778 47.783 47.787 47.789 47.793 47.801 47.813 47.841 47.843 47.843 47.849 47.861 47.869 47.882 47.895 47.92 47.931 47.949 47.959 47.979 47.981 47.992 47.995 48.006 48.038 48.051 48.056 48.065 48.066 48.09 48.091 48.091 48.092 48.102 48.108 48.142 48.144 48.15 48.166 48.167 48.19 48.196 48.198 48.2 48.208 48.222 48.251 48.251 48.252 48.27 48.297 48.318 48.335 48.342 48.348 48.351 48.351 48.36 48.364 48.365 48.376 48.415 48.441 48.447 48.457 48.473 48.487 48.487 48.514 48.535 48.561 48.579 48.591 48.593 48.595 48.595 48.611 48.617 48.727 48.751 48.759 48.777 48.791 48.795 48.803 48.844 48.855 48.867 48.878 48.9 48.917 48.919 48.996 48.998 49.018 49.054 49.06 49.112 49.118 49.132 49.158 49.183 49.233 49.254 49.328 49.343 49.403 49.438 49.457 49.487 49.511 49.563 49.568 49.569 49.654 49.702 49.724 49.733 49.81 49.954 49.988 50 50.018 50.038 50.059 50.116 50.199 50.207 50.243 50.323 50.339 50.357 50.435 50.592 50.678 50.718 50.752 50.79 50.852 50.88 50.962 51.061 51.357 51.41 51.425 51.523 51.546 51.658 51.806 51.938 52.053 52.053 52.213 52.247 52.366 52.38 52.648 52.691 52.767 52.768 52.819 52.989 53.031 53.254 53.284 53.461 53.469 53.499 53.567 53.607 53.671 53.685 53.707 53.717 53.737 53.801 53.815 53.865 53.893 53.952 53.997 54.198 54.386 54.691 54.693 54.724 54.753 54.778 54.783 54.852 54.859 54.868 54.883 54.898 55.028 55.111 55.115 55.188 55.24 55.471 55.631 55.84 55.9 56.102 56.605 56.687 56.727 57 57.141 57.628 58.013 58.588 58.788 58.788 58.824 58.896 58.897 59.285 59.333 59.702 59.749 59.756 59.779 59.99 60 60.06 60.08 60.147 60.188 60.313 60.353 60.378 60.38 60.403 60.461 60.553 60.579 60.599 60.646 60.661 60.789 60.839 60.929 60.929 60.949 61.08 61.087 61.117 61.197 61.222 61.232 61.443 61.561 61.58 61.583 61.584 61.596 61.606 61.714 61.733 61.739 61.776 61.798 61.911 61.914 61.964 61.964 61.984 61.996 62.002 62.09 62.117 62.245 62.26 62.27 62.303 62.322 62.425 62.467 62.498 62.558 62.588 62.598 62.623 62.626 62.648 62.688 62.711 62.733 62.736 62.804 62.861 62.949 62.966 62.984 63.009 63.067 63.081 63.089 63.107 63.109 63.144 63.207 63.272 63.307 63.349 63.472 63.48 63.52 63.532 63.577 63.615 63.691 63.76 63.788 63.831 63.848 63.859 63.878 63.903 63.979 63.982 64.024 64.136 64.149 64.207 64.272 64.317 64.33 64.332 64.337 64.39 64.512 64.553 64.577 64.603 64.615 64.635 64.644 64.713 64.743 64.746 64.822 64.836 64.939 64.959 64.961 64.971 65.017 65.022 65.054 65.071 65.126 65.224 65.229 65.237 65.294 65.324 65.332 65.379 65.38 65.545 65.68 65.753 65.84 65.855 65.863 65.883 65.998 66.013 66.021 66.066 66.102 66.254 66.277 66.322 66.489 66.525 66.574 66.605 66.652 66.793 66.867 67.061 67.076 68.393 68.449 68.451 68.472 68.86 70.191 70.985 71.235 72.486 73.05 73.062 73.44 73.489 74.09 74.258 74.368 74.468 74.548 74.912 75.242 75.682 75.721 75.793 76.209 76.454 76.648 76.744 76.778 76.781 77.547 77.697 77.861 77.958 78.065 78.273 78.378 78.527 78.548 78.554 78.673 78.733 79.358 79.765 79.916 79.996 80.01 81.239 81.286 82.041 82.132 82.693 82.927 83.154 84.997 85.471 86.87 87.557 89.117 90.316 91.755 94.981 97.998 123.064 212.982 3328.51

Time elapsed stats:
  sum  55181.8 us
  avg  55.1818 us
  max  3328.51 us
  min  41.848 us

Removing top/bottom-5:
  sum  51112.3 us
  avg  51.6285 us
  max  91.755 us
  min  42.657 us

Num files at level --
  0: 9
  1: 19
  2: 12
  3: 0
  4: 0
  5: 0
  6: 0

Stats --
                               Compactions
Level  Files Size(MB) Time(sec) Read(MB) Write(MB)
--------------------------------------------------
  0        9       36         0        0         0
  1       19       36         0        0         0
  2       12       24         0        0         0

SSTables --
--- level 0 ---
 92:4124646['user10046604894068544' @ 9635 : 1 .. 'user971136347768642592' @ 9667 : 1]
 89:4205685['user1005640680888162' @ 8874 : 1 .. 'user960084102193685886' @ 8906 : 1]
 85:4204932['user1005972966029934054' @ 8047 : 1 .. 'user994579075160678783' @ 7972 : 1]
 81:4205504['user1006191281247775937' @ 7456 : 1 .. 'user982188593343599298' @ 7368 : 1]
 78:4205619['user1006532926542074502' @ 6714 : 1 .. 'user99137614613375737' @ 6928 : 1]
 83:4205080['user1018363447847013539' @ 7865 : 1 .. 'user993800799430696452' @ 7820 : 1]
 58:4205091['user1019483368871294435' @ 6367 : 1 .. 'user994360759942836900' @ 6491 : 1]
 91:4205756['user1044594160504054184' @ 9234 : 1 .. 'user95229708324090387' @ 9196 : 1]
 87:4205838['user1050400263547602761' @ 8556 : 1 .. 'user935751586290908468' @ 8619 : 1]
--- level 1 ---
 56:2107550['user1006751241759916385' @ 6221 : 1 .. 'user1498736710723774180' @ 4061 : 1]
 59:2107519['user1499296671235914628' @ 2800 : 1 .. 'user1940937226857796243' @ 3609 : 1]
 60:2107462['user1941497187369936691' @ 3402 : 1 .. 'user2429916395338807701' @ 3442 : 1]
 61:2107602['user2430134710556649584' @ 4885 : 1 .. 'user2893101481598462280' @ 4780 : 1]
 62:2107507['user2895889466863466734' @ 3822 : 1 .. 'user3335631825731085122' @ 5111 : 1]
 63:2107680['user3336191786243225570' @ 5762 : 1 .. 'user3810210802859994972' @ 2664 : 1]
 64:2107439['user3810429118077836855' @ 3175 : 1 .. 'user4256537540501144268' @ 6053 : 1]
 65:2107572['user4257097501013284716' @ 5270 : 1 .. 'user4760135215552099217' @ 2697 : 1]
 66:2107491['user4764821397571366898' @ 2517 : 1 .. 'user5211708095724656642' @ 5413 : 1]
 67:2107613['user5212049741018955207' @ 5233 : 1 .. 'user5623208460573458061' @ 4765 : 1]
 68:2107496['user5623768421085598509' @ 6064 : 1 .. 'user6131835534764733457' @ 4229 : 1]
 69:2107420['user6132395495276873905' @ 5110 : 1 .. 'user6533061929768560501' @ 3508 : 1]
 70:2107414['user65420917376365171' @ 3918 : 1 .. 'user7021699452955273394' @ 6015 : 1]
 71:2107611['user7030293541263826425' @ 5829 : 1 .. 'user7488014169774230992' @ 3403 : 1]
 72:1895765['user7488232484992072875' @ 4916 : 1 .. 'user7891251846139834360' @ 4796 : 1]
 73:2107521['user7900965855472668287' @ 4966 : 1 .. 'user8384575551345814934' @ 3899 : 1]
 74:2107482['user8384917196640113499' @ 2579 : 1 .. 'user8794955995170335457' @ 5853 : 1]
 75:2107295['user8795515955682475905' @ 5104 : 1 .. 'user979960568590735292' @ 3463 : 1]
 76:121025['user982748553855739746' @ 5015 : 1 .. 'user997378877721381023' @ 3797 : 1]
--- level 2 ---
 36:2107527['user1000385178204227360' @ 6 : 1 .. 'user1715321609418666813' @ 1633 : 1]
 45:2107432['user1715539924636508696' @ 2150 : 1 .. 'user2419424110275991443' @ 2320 : 1]
 46:2107346['user2422430410758837780' @ 1503 : 1 .. 'user3111914405046218919' @ 615 : 1]
 47:2107429['user3112132720264060802' @ 104 : 1 .. 'user3832315294009908384' @ 2078 : 1]
 48:2107491['user3835881555004895169' @ 1024 : 1 .. 'user4515091579447301933' @ 169 : 1]
 49:2107419['user4515651539959442381' @ 922 : 1 .. 'user5219194080304626563' @ 398 : 1]
 50:2107468['user5223101986593911913' @ 1398 : 1 .. 'user5911684375074854039' @ 2219 : 1]
 51:2107281['user5912804296099134935' @ 713 : 1 .. 'user6525357629970748697' @ 1972 : 1]
 52:2107377['user6525917590482889145' @ 67 : 1 .. 'user7230580051852354223' @ 1081 : 1]
 53:2107438['user7230798367070196106' @ 1614 : 1 .. 'user789388067335041421' @ 1243 : 1]
 54:2107349['user7908110194758339643' @ 1689 : 1 .. 'user8637323487248424022' @ 309 : 1]
 55:2046806['user8637665132542722587' @ 97 : 1 .. 'user996258956697100127' @ 1207 : 1]
--- level 3 ---
--- level 4 ---
--- level 5 ---
--- level 6 ---

