Finished 1000 requests.

Sorted time elapsed:
 54.252 54.312 54.412 54.447 54.463 54.515 54.576 54.601 54.614 54.623 54.625 54.641 54.669 54.675 54.679 54.705 54.872 54.926 54.943 54.969 54.984 55 55.06 55.07 55.096 55.132 55.188 55.272 55.317 55.343 55.361 55.361 55.376 55.405 55.433 55.453 55.459 55.475 55.489 55.523 55.531 55.537 55.615 55.657 55.665 55.673 55.677 55.678 55.678 55.695 55.702 55.733 55.79 55.85 55.872 55.878 55.884 55.884 55.888 55.892 55.896 55.938 55.948 55.952 55.972 55.973 55.974 55.978 55.992 55.996 56 56.02 56.026 56.036 56.039 56.04 56.078 56.083 56.093 56.099 56.112 56.122 56.127 56.165 56.211 56.231 56.234 56.275 56.292 56.299 56.383 56.387 56.395 56.402 56.411 56.431 56.439 56.468 56.473 56.485 56.499 56.521 56.552 56.561 56.571 56.572 56.595 56.633 56.643 56.646 56.673 56.686 56.72 56.728 56.746 56.778 56.818 56.824 56.856 56.886 56.89 56.898 56.906 56.906 56.94 56.95 56.973 56.974 56.983 56.992 56.997 57.007 57.015 57.021 57.035 57.045 57.053 57.057 57.071 57.075 57.089 57.112 57.131 57.134 57.149 57.153 57.171 57.181 57.185 57.187 57.191 57.233 57.233 57.267 57.289 57.324 57.327 57.333 57.351 57.391 57.423 57.424 57.442 57.472 57.488 57.492 57.496 57.5 57.511 57.557 57.571 57.578 57.587 57.61 57.616 57.622 57.624 57.632 57.658 57.686 57.692 57.692 57.698 57.71 57.714 57.716 57.718 57.722 57.738 57.738 57.745 57.754 57.756 57.769 57.776 57.778 57.791 57.794 57.796 57.804 57.846 57.848 57.862 57.867 57.882 57.887 57.911 57.916 57.93 57.933 57.936 57.955 57.959 57.97 57.977 57.992 57.993 57.995 57.997 58.001 58.013 58.015 58.029 58.037 58.041 58.059 58.063 58.081 58.081 58.083 58.107 58.111 58.125 58.131 58.139 58.14 58.171 58.172 58.203 58.207 58.209 58.221 58.242 58.243 58.254 58.277 58.279 58.344 58.373 58.38 58.396 58.396 58.399 58.407 58.408 58.41 58.411 58.418 58.428 58.434 58.434 58.434 58.44 58.448 58.454 58.478 58.512 58.522 58.534 58.54 58.544 58.554 58.566 58.566 58.59 58.591 58.594 58.597 58.597 58.62 58.621 58.63 58.64 58.651 58.657 58.658 58.658 58.664 58.664 58.69 58.711 58.717 58.722 58.724 58.73 58.732 58.741 58.743 58.747 58.761 58.762 58.779 58.811 58.82 58.831 58.831 58.835 58.839 58.844 58.854 58.875 58.881 58.881 58.895 58.899 58.901 58.901 58.905 58.911 58.919 58.92 58.921 58.931 58.939 58.953 58.961 58.971 58.989 58.991 58.999 58.999 59.001 59.006 59.011 59.014 59.021 59.047 59.049 59.066 59.068 59.075 59.079 59.079 59.089 59.097 59.101 59.102 59.112 59.13 59.136 59.138 59.151 59.171 59.191 59.2 59.207 59.211 59.232 59.232 59.256 59.258 59.259 59.262 59.264 59.267 59.279 59.288 59.288 59.3 59.316 59.324 59.324 59.326 59.33 59.354 59.354 59.358 59.364 59.374 59.386 59.394 59.402 59.422 59.432 59.442 59.446 59.452 59.453 59.476 59.49 59.5 59.507 59.52 59.526 59.538 59.54 59.545 59.561 59.599 59.606 59.607 59.626 59.627 59.63 59.631 59.632 59.636 59.661 59.666 59.666 59.671 59.672 59.723 59.723 59.734 59.74 59.741 59.747 59.749 59.775 59.781 59.805 59.807 59.813 59.819 59.821 59.827 59.835 59.837 59.843 59.849 59.923 59.929 59.943 59.961 59.965 59.967 59.968 59.986 59.992 59.997 59.998 60.004 60.013 60.018 60.045 60.049 60.054 60.055 60.057 60.07 60.113 60.127 60.132 60.134 60.142 60.142 60.148 60.164 60.18 60.216 60.218 60.234 60.238 60.238 60.24 60.244 60.268 60.286 60.292 60.306 60.309 60.314 60.314 60.325 60.33 60.338 60.355 60.358 60.36 60.372 60.388 60.39 60.39 60.396 60.425 60.444 60.448 60.449 60.449 60.464 60.467 60.489 60.489 60.497 60.507 60.508 60.51 60.518 60.527 60.539 60.558 60.577 60.595 60.598 60.601 60.607 60.619 60.627 60.629 60.641 60.641 60.645 60.657 60.661 60.687 60.689 60.721 60.741 60.744 60.745 60.749 60.751 60.755 60.759 60.761 60.777 60.789 60.821 60.845 60.849 60.849 60.851 60.853 60.857 60.858 60.867 60.883 60.9 60.904 60.929 60.946 60.954 60.973 60.989 60.994 61.003 61.036 61.038 61.07 61.07 61.102 61.114 61.15 61.172 61.175 61.223 61.242 61.256 61.26 61.261 61.274 61.279 61.285 61.289 61.304 61.31 61.33 61.333 61.339 61.347 61.349 61.353 61.363 61.383 61.383 61.396 61.406 61.429 61.439 61.457 61.466 61.493 61.509 61.559 61.563 61.563 61.571 61.575 61.575 61.577 61.581 61.583 61.591 61.596 61.621 61.659 61.689 61.705 61.707 61.756 61.761 61.762 61.77 61.792 61.826 61.844 61.85 61.868 61.872 61.908 61.908 61.92 61.942 61.98 61.982 61.988 62.004 62.008 62.016 62.022 62.031 62.056 62.056 62.072 62.073 62.082 62.093 62.096 62.103 62.134 62.148 62.15 62.206 62.221 62.23 62.25 62.253 62.259 62.265 62.285 62.303 62.303 62.303 62.347 62.367 62.371 62.373 62.383 62.399 62.415 62.437 62.439 62.447 62.451 62.47 62.478 62.494 62.497 62.517 62.517 62.522 62.535 62.549 62.552 62.57 62.597 62.61 62.623 62.624 62.65 62.659 62.668 62.676 62.706 62.712 62.745 62.746 62.75 62.762 62.772 62.791 62.842 62.89 62.9 62.906 62.95 62.958 63.006 63.036 63.047 63.107 63.165 63.169 63.193 63.229 63.239 63.309 63.315 63.325 63.341 63.35 63.351 63.361 63.375 63.41 63.437 63.476 63.482 63.5 63.522 63.532 63.549 63.562 63.592 63.608 63.66 63.666 63.688 63.726 63.789 63.803 63.81 63.872 63.886 63.91 63.911 63.914 63.919 63.924 63.935 63.985 64.047 64.067 64.091 64.093 64.095 64.119 64.129 64.141 64.227 64.255 64.285 64.314 64.326 64.332 64.353 64.368 64.383 64.418 64.456 64.48 64.482 64.53 64.587 64.598 64.607 64.624 64.632 64.64 64.642 64.671 64.712 64.745 64.746 64.783 64.817 64.993 64.999 65.034 65.047 65.057 65.074 65.114 65.159 65.184 65.194 65.242 65.254 65.256 65.272 65.302 65.39 65.42 65.507 65.665 65.777 65.883 66.049 66.183 66.268 66.349 66.412 66.418 66.423 66.464 66.477 66.543 66.595 66.691 66.727 66.801 66.88 66.919 66.958 66.992 67.116 67.126 67.186 67.215 67.232 67.238 67.266 67.274 67.403 67.519 67.601 67.774 67.815 67.964 67.978 68.196 68.23 68.284 68.353 68.396 68.431 68.449 68.662 68.682 68.7 68.711 68.772 68.818 68.902 68.933 68.967 69.036 69.056 69.179 69.295 69.369 69.384 69.572 69.69 69.84 69.872 69.936 69.972 70.019 70.043 70.111 70.245 70.319 70.391 70.612 70.723 70.889 71.017 71.043 71.051 71.073 71.109 71.113 71.154 71.189 71.206 71.36 71.39 71.707 71.98 72.087 72.106 72.254 72.609 72.729 72.795 72.923 73.004 73.246 73.348 73.542 73.641 73.667 73.676 73.729 74.279 74.834 74.938 74.975 75.423 76.047 76.63 76.933 77.346 77.518 77.696 79.681 80.163 80.355 80.587 80.62 80.668 81.02 81.202 81.972 82.091 82.707 83.222 84.49 84.89 85.299 87.545 89.207 89.324 89.809 90.113 91.409 91.482 91.686 92.174 92.695 92.769 92.87 92.926 92.926 92.938 92.96 92.987 93.093 93.277 93.303 93.307 93.312 93.397 93.424 93.491 93.628 93.704 94.176 94.202 94.494 94.995 95.346 95.606 95.745 95.839 96.116 96.371 96.612 96.731 96.855 97.059 97.093 97.175 98.068 98.379 98.705 98.796 99.494 99.883 99.909 100.717 101.421 101.519 101.746 102.759 104.132 105.84 106.608 109.187 110.02 111.442 113.42 120.754 121.69 126.404 129.296 130.703 131.341 133.51 133.71 134.327 135.189 135.555 135.881 136.45 136.848 137.023 138.773 139.014 139.62 154.589 154.674 156.63 158.563 172.025 253.693 501.566 4768.18

Time elapsed stats:
  sum  70618.1 us
  avg  70.6181 us
  max  4768.18 us
  min  54.252 us

Removing top/bottom-5:
  sum  64492.2 us
  avg  65.1437 us
  max  156.63 us
  min  54.515 us

Num files at level --
  0: 9
  1: 19
  2: 12
  3: 0
  4: 0
  5: 0
  6: 0

Stats --
                               Compactions
Level  Files Size(MB) Time(sec) Read(MB) Write(MB)
--------------------------------------------------
  0        9       36         0        0         0
  1       19       36         0        0         0
  2       12       24         0        0         0

SSTables --
--- level 0 ---
 92:4124646['user10046604894068544' @ 9635 : 1 .. 'user971136347768642592' @ 9667 : 1]
 89:4205685['user1005640680888162' @ 8874 : 1 .. 'user960084102193685886' @ 8906 : 1]
 85:4204932['user1005972966029934054' @ 8047 : 1 .. 'user994579075160678783' @ 7972 : 1]
 81:4205504['user1006191281247775937' @ 7456 : 1 .. 'user982188593343599298' @ 7368 : 1]
 78:4205619['user1006532926542074502' @ 6714 : 1 .. 'user99137614613375737' @ 6928 : 1]
 83:4205080['user1018363447847013539' @ 7865 : 1 .. 'user993800799430696452' @ 7820 : 1]
 58:4205091['user1019483368871294435' @ 6367 : 1 .. 'user994360759942836900' @ 6491 : 1]
 91:4205756['user1044594160504054184' @ 9234 : 1 .. 'user95229708324090387' @ 9196 : 1]
 87:4205838['user1050400263547602761' @ 8556 : 1 .. 'user935751586290908468' @ 8619 : 1]
--- level 1 ---
 56:2107550['user1006751241759916385' @ 6221 : 1 .. 'user1498736710723774180' @ 4061 : 1]
 59:2107519['user1499296671235914628' @ 2800 : 1 .. 'user1940937226857796243' @ 3609 : 1]
 60:2107462['user1941497187369936691' @ 3402 : 1 .. 'user2429916395338807701' @ 3442 : 1]
 61:2107602['user2430134710556649584' @ 4885 : 1 .. 'user2893101481598462280' @ 4780 : 1]
 62:2107507['user2895889466863466734' @ 3822 : 1 .. 'user3335631825731085122' @ 5111 : 1]
 63:2107680['user3336191786243225570' @ 5762 : 1 .. 'user3810210802859994972' @ 2664 : 1]
 64:2107439['user3810429118077836855' @ 3175 : 1 .. 'user4256537540501144268' @ 6053 : 1]
 65:2107572['user4257097501013284716' @ 5270 : 1 .. 'user4760135215552099217' @ 2697 : 1]
 66:2107491['user4764821397571366898' @ 2517 : 1 .. 'user5211708095724656642' @ 5413 : 1]
 67:2107613['user5212049741018955207' @ 5233 : 1 .. 'user5623208460573458061' @ 4765 : 1]
 68:2107496['user5623768421085598509' @ 6064 : 1 .. 'user6131835534764733457' @ 4229 : 1]
 69:2107420['user6132395495276873905' @ 5110 : 1 .. 'user6533061929768560501' @ 3508 : 1]
 70:2107414['user65420917376365171' @ 3918 : 1 .. 'user7021699452955273394' @ 6015 : 1]
 71:2107611['user7030293541263826425' @ 5829 : 1 .. 'user7488014169774230992' @ 3403 : 1]
 72:1895765['user7488232484992072875' @ 4916 : 1 .. 'user7891251846139834360' @ 4796 : 1]
 73:2107521['user7900965855472668287' @ 4966 : 1 .. 'user8384575551345814934' @ 3899 : 1]
 74:2107482['user8384917196640113499' @ 2579 : 1 .. 'user8794955995170335457' @ 5853 : 1]
 75:2107295['user8795515955682475905' @ 5104 : 1 .. 'user979960568590735292' @ 3463 : 1]
 76:121025['user982748553855739746' @ 5015 : 1 .. 'user997378877721381023' @ 3797 : 1]
--- level 2 ---
 36:2107527['user1000385178204227360' @ 6 : 1 .. 'user1715321609418666813' @ 1633 : 1]
 45:2107432['user1715539924636508696' @ 2150 : 1 .. 'user2419424110275991443' @ 2320 : 1]
 46:2107346['user2422430410758837780' @ 1503 : 1 .. 'user3111914405046218919' @ 615 : 1]
 47:2107429['user3112132720264060802' @ 104 : 1 .. 'user3832315294009908384' @ 2078 : 1]
 48:2107491['user3835881555004895169' @ 1024 : 1 .. 'user4515091579447301933' @ 169 : 1]
 49:2107419['user4515651539959442381' @ 922 : 1 .. 'user5219194080304626563' @ 398 : 1]
 50:2107468['user5223101986593911913' @ 1398 : 1 .. 'user5911684375074854039' @ 2219 : 1]
 51:2107281['user5912804296099134935' @ 713 : 1 .. 'user6525357629970748697' @ 1972 : 1]
 52:2107377['user6525917590482889145' @ 67 : 1 .. 'user7230580051852354223' @ 1081 : 1]
 53:2107438['user7230798367070196106' @ 1614 : 1 .. 'user789388067335041421' @ 1243 : 1]
 54:2107349['user7908110194758339643' @ 1689 : 1 .. 'user8637323487248424022' @ 309 : 1]
 55:2046806['user8637665132542722587' @ 97 : 1 .. 'user996258956697100127' @ 1207 : 1]
--- level 3 ---
--- level 4 ---
--- level 5 ---
--- level 6 ---

