Finished 1000 requests.

Sorted time elapsed:
 57.59 58.051 58.127 58.179 58.207 58.243 58.287 58.46 58.504 58.514 58.518 58.532 58.598 58.68 58.716 58.777 58.848 58.895 58.897 58.96 58.991 58.993 59.003 59.046 59.061 59.098 59.103 59.115 59.123 59.145 59.157 59.157 59.202 59.21 59.241 59.274 59.274 59.292 59.298 59.305 59.308 59.308 59.33 59.336 59.35 59.374 59.392 59.418 59.45 59.45 59.458 59.509 59.526 59.55 59.554 59.555 59.564 59.593 59.607 59.669 59.687 59.687 59.697 59.708 59.715 59.717 59.731 59.732 59.735 59.743 59.747 59.749 59.765 59.825 59.839 59.847 59.866 59.866 59.876 59.88 59.907 59.923 59.939 59.947 59.95 59.978 59.981 59.988 59.992 60.005 60.038 60.062 60.104 60.16 60.16 60.184 60.23 60.258 60.266 60.272 60.28 60.296 60.32 60.324 60.324 60.33 60.338 60.352 60.362 60.372 60.384 60.386 60.394 60.394 60.404 60.409 60.415 60.432 60.439 60.464 60.474 60.485 60.497 60.503 60.508 60.545 60.553 60.555 60.562 60.579 60.582 60.603 60.603 60.613 60.631 60.639 60.647 60.651 60.661 60.671 60.681 60.683 60.695 60.701 60.706 60.713 60.713 60.727 60.743 60.747 60.76 60.767 60.768 60.781 60.782 60.783 60.785 60.79 60.791 60.797 60.812 60.813 60.829 60.829 60.835 60.88 60.88 60.883 60.884 60.894 60.894 60.894 60.908 60.912 60.916 60.946 60.952 60.96 60.961 60.972 60.982 60.982 60.992 61.028 61.034 61.038 61.04 61.042 61.046 61.052 61.057 61.062 61.08 61.082 61.084 61.1 61.114 61.124 61.127 61.128 61.13 61.145 61.16 61.161 61.162 61.166 61.17 61.176 61.18 61.2 61.215 61.224 61.228 61.254 61.258 61.26 61.268 61.274 61.276 61.276 61.284 61.311 61.313 61.315 61.316 61.324 61.324 61.326 61.327 61.346 61.349 61.35 61.363 61.364 61.377 61.377 61.38 61.381 61.39 61.393 61.397 61.405 61.409 61.41 61.411 61.411 61.412 61.422 61.424 61.429 61.441 61.443 61.447 61.449 61.454 61.457 61.469 61.485 61.487 61.497 61.499 61.509 61.527 61.529 61.545 61.551 61.551 61.555 61.561 61.571 61.573 61.603 61.603 61.631 61.657 61.659 61.659 61.679 61.681 61.689 61.692 61.695 61.704 61.708 61.712 61.713 61.715 61.716 61.72 61.722 61.724 61.741 61.75 61.754 61.757 61.765 61.768 61.771 61.774 61.78 61.781 61.789 61.822 61.828 61.83 61.84 61.846 61.848 61.849 61.876 61.878 61.879 61.903 61.906 61.907 61.924 61.928 61.937 61.94 61.948 61.962 61.976 61.992 62.006 62.018 62.03 62.033 62.045 62.054 62.066 62.078 62.117 62.126 62.126 62.134 62.136 62.148 62.16 62.168 62.174 62.177 62.181 62.211 62.221 62.226 62.238 62.239 62.243 62.247 62.249 62.25 62.253 62.265 62.266 62.293 62.309 62.325 62.327 62.336 62.339 62.341 62.351 62.357 62.36 62.363 62.371 62.375 62.387 62.389 62.391 62.397 62.401 62.403 62.415 62.417 62.421 62.427 62.427 62.438 62.439 62.469 62.486 62.487 62.493 62.499 62.515 62.522 62.525 62.531 62.548 62.548 62.571 62.572 62.586 62.589 62.598 62.602 62.604 62.614 62.623 62.626 62.647 62.651 62.66 62.669 62.673 62.68 62.682 62.682 62.689 62.71 62.72 62.726 62.726 62.752 62.754 62.756 62.766 62.768 62.784 62.786 62.798 62.802 62.818 62.82 62.83 62.83 62.84 62.848 62.86 62.872 62.9 62.922 62.929 62.951 62.955 62.956 62.959 62.977 63.019 63.022 63.03 63.033 63.037 63.038 63.048 63.055 63.065 63.069 63.075 63.077 63.088 63.108 63.109 63.113 63.12 63.121 63.125 63.128 63.132 63.146 63.155 63.183 63.204 63.213 63.225 63.227 63.235 63.237 63.243 63.279 63.295 63.299 63.31 63.325 63.335 63.349 63.351 63.362 63.367 63.377 63.394 63.397 63.421 63.425 63.43 63.435 63.441 63.459 63.463 63.469 63.471 63.477 63.491 63.507 63.54 63.565 63.572 63.587 63.587 63.59 63.604 63.61 63.616 63.626 63.628 63.652 63.67 63.692 63.702 63.717 63.72 63.72 63.728 63.732 63.742 63.744 63.744 63.77 63.776 63.788 63.794 63.798 63.815 63.815 63.846 63.863 63.886 63.891 63.894 63.895 63.897 63.902 63.941 63.961 63.989 64 64.057 64.067 64.071 64.105 64.119 64.123 64.133 64.165 64.21 64.211 64.211 64.213 64.225 64.241 64.278 64.29 64.295 64.296 64.308 64.319 64.327 64.333 64.348 64.355 64.359 64.386 64.403 64.405 64.408 64.42 64.423 64.424 64.425 64.466 64.47 64.472 64.476 64.488 64.5 64.518 64.524 64.552 64.575 64.576 64.59 64.612 64.618 64.62 64.622 64.632 64.636 64.638 64.65 64.677 64.724 64.728 64.731 64.752 64.757 64.76 64.763 64.768 64.795 64.824 64.825 64.829 64.833 64.846 64.849 64.859 64.873 64.881 64.887 64.89 64.929 64.941 64.977 64.983 65.029 65.04 65.063 65.083 65.109 65.124 65.145 65.145 65.145 65.155 65.162 65.174 65.188 65.216 65.239 65.249 65.253 65.263 65.285 65.288 65.304 65.313 65.324 65.351 65.356 65.386 65.388 65.39 65.434 65.434 65.438 65.454 65.476 65.5 65.572 65.596 65.608 65.614 65.615 65.619 65.635 65.649 65.649 65.678 65.684 65.741 65.761 65.769 65.781 65.801 65.811 65.813 65.827 65.839 65.863 65.899 66.028 66.032 66.039 66.072 66.108 66.118 66.129 66.16 66.162 66.198 66.206 66.22 66.236 66.24 66.246 66.248 66.319 66.33 66.33 66.349 66.35 66.35 66.364 66.38 66.382 66.385 66.438 66.459 66.483 66.507 66.511 66.527 66.537 66.57 66.585 66.613 66.617 66.637 66.639 66.647 66.673 66.679 66.679 66.693 66.699 66.714 66.723 66.769 66.787 66.799 66.846 66.85 66.866 66.88 66.95 66.952 66.955 66.969 66.972 66.977 66.983 66.986 67 67.005 67.01 67.022 67.036 67.04 67.082 67.122 67.166 67.192 67.214 67.226 67.238 67.251 67.283 67.291 67.306 67.317 67.329 67.406 67.413 67.427 67.443 67.443 67.463 67.476 67.506 67.543 67.549 67.579 67.587 67.597 67.603 67.608 67.622 67.627 67.631 67.637 67.642 67.734 67.779 67.8 67.828 67.838 67.85 67.918 67.934 67.976 67.978 68.014 68.028 68.032 68.066 68.07 68.086 68.09 68.09 68.107 68.122 68.132 68.147 68.151 68.162 68.177 68.242 68.293 68.349 68.421 68.503 68.505 68.514 68.522 68.538 68.573 68.573 68.593 68.619 68.621 68.68 68.731 68.741 68.794 68.814 68.846 68.852 68.87 68.894 68.922 68.953 68.964 68.976 68.996 69.016 69.034 69.075 69.092 69.096 69.103 69.115 69.129 69.177 69.22 69.255 69.327 69.349 69.373 69.377 69.414 69.445 69.469 69.483 69.608 69.688 69.696 69.84 69.86 69.956 69.959 69.968 69.993 70.099 70.101 70.111 70.151 70.157 70.157 70.171 70.219 70.227 70.259 70.318 70.414 70.445 70.473 70.501 70.504 70.566 70.649 70.678 70.732 70.761 70.842 70.885 70.897 71.035 71.057 71.133 71.198 71.229 71.258 71.398 71.616 71.686 71.775 71.812 71.859 71.865 71.879 71.927 71.991 72.001 72.076 72.102 72.234 72.272 72.306 72.497 72.937 72.957 73.018 73.036 73.202 73.513 73.629 73.648 73.673 73.86 73.87 73.882 73.899 73.96 73.966 74.057 74.247 74.389 74.409 74.698 74.732 75.058 75.1 75.327 75.593 75.827 75.957 75.983 75.993 76.159 76.227 76.394 76.738 76.755 76.855 76.953 77.005 77.015 77.274 78.099 78.114 78.156 78.366 78.37 78.543 78.572 78.719 78.879 79.114 79.139 79.256 79.348 79.699 80.032 80.197 81.008 81.018 81.688 81.798 81.937 81.958 82.169 82.696 83.582 84.134 84.497 86.046 87.949 88.781 89.165 89.181 89.522 92.355 92.848 93.76 95.207 113.544 125.199 126.049 126.278 126.337 126.342 126.671 127.176 128.7 129.048 129.606 129.789 132.079 132.179 133.325 133.563 133.57 141.814 142.415 145.222 150.133 242.737 302.692 4841.69

Time elapsed stats:
  sum  71547.3 us
  avg  71.5473 us
  max  4841.69 us
  min  57.59 us

Removing top/bottom-5:
  sum  65574.6 us
  avg  66.237 us
  max  142.415 us
  min  58.243 us

Num files at level --
  0: 9
  1: 19
  2: 12
  3: 0
  4: 0
  5: 0
  6: 0

Stats --
                               Compactions
Level  Files Size(MB) Time(sec) Read(MB) Write(MB)
--------------------------------------------------
  0        9       36         0        0         0
  1       19       36         0        0         0
  2       12       24         0        0         0

SSTables --
--- level 0 ---
 92:4124646['user10046604894068544' @ 9635 : 1 .. 'user971136347768642592' @ 9667 : 1]
 89:4205685['user1005640680888162' @ 8874 : 1 .. 'user960084102193685886' @ 8906 : 1]
 85:4204932['user1005972966029934054' @ 8047 : 1 .. 'user994579075160678783' @ 7972 : 1]
 81:4205504['user1006191281247775937' @ 7456 : 1 .. 'user982188593343599298' @ 7368 : 1]
 78:4205619['user1006532926542074502' @ 6714 : 1 .. 'user99137614613375737' @ 6928 : 1]
 83:4205080['user1018363447847013539' @ 7865 : 1 .. 'user993800799430696452' @ 7820 : 1]
 58:4205091['user1019483368871294435' @ 6367 : 1 .. 'user994360759942836900' @ 6491 : 1]
 91:4205756['user1044594160504054184' @ 9234 : 1 .. 'user95229708324090387' @ 9196 : 1]
 87:4205838['user1050400263547602761' @ 8556 : 1 .. 'user935751586290908468' @ 8619 : 1]
--- level 1 ---
 56:2107550['user1006751241759916385' @ 6221 : 1 .. 'user1498736710723774180' @ 4061 : 1]
 59:2107519['user1499296671235914628' @ 2800 : 1 .. 'user1940937226857796243' @ 3609 : 1]
 60:2107462['user1941497187369936691' @ 3402 : 1 .. 'user2429916395338807701' @ 3442 : 1]
 61:2107602['user2430134710556649584' @ 4885 : 1 .. 'user2893101481598462280' @ 4780 : 1]
 62:2107507['user2895889466863466734' @ 3822 : 1 .. 'user3335631825731085122' @ 5111 : 1]
 63:2107680['user3336191786243225570' @ 5762 : 1 .. 'user3810210802859994972' @ 2664 : 1]
 64:2107439['user3810429118077836855' @ 3175 : 1 .. 'user4256537540501144268' @ 6053 : 1]
 65:2107572['user4257097501013284716' @ 5270 : 1 .. 'user4760135215552099217' @ 2697 : 1]
 66:2107491['user4764821397571366898' @ 2517 : 1 .. 'user5211708095724656642' @ 5413 : 1]
 67:2107613['user5212049741018955207' @ 5233 : 1 .. 'user5623208460573458061' @ 4765 : 1]
 68:2107496['user5623768421085598509' @ 6064 : 1 .. 'user6131835534764733457' @ 4229 : 1]
 69:2107420['user6132395495276873905' @ 5110 : 1 .. 'user6533061929768560501' @ 3508 : 1]
 70:2107414['user65420917376365171' @ 3918 : 1 .. 'user7021699452955273394' @ 6015 : 1]
 71:2107611['user7030293541263826425' @ 5829 : 1 .. 'user7488014169774230992' @ 3403 : 1]
 72:1895765['user7488232484992072875' @ 4916 : 1 .. 'user7891251846139834360' @ 4796 : 1]
 73:2107521['user7900965855472668287' @ 4966 : 1 .. 'user8384575551345814934' @ 3899 : 1]
 74:2107482['user8384917196640113499' @ 2579 : 1 .. 'user8794955995170335457' @ 5853 : 1]
 75:2107295['user8795515955682475905' @ 5104 : 1 .. 'user979960568590735292' @ 3463 : 1]
 76:121025['user982748553855739746' @ 5015 : 1 .. 'user997378877721381023' @ 3797 : 1]
--- level 2 ---
 36:2107527['user1000385178204227360' @ 6 : 1 .. 'user1715321609418666813' @ 1633 : 1]
 45:2107432['user1715539924636508696' @ 2150 : 1 .. 'user2419424110275991443' @ 2320 : 1]
 46:2107346['user2422430410758837780' @ 1503 : 1 .. 'user3111914405046218919' @ 615 : 1]
 47:2107429['user3112132720264060802' @ 104 : 1 .. 'user3832315294009908384' @ 2078 : 1]
 48:2107491['user3835881555004895169' @ 1024 : 1 .. 'user4515091579447301933' @ 169 : 1]
 49:2107419['user4515651539959442381' @ 922 : 1 .. 'user5219194080304626563' @ 398 : 1]
 50:2107468['user5223101986593911913' @ 1398 : 1 .. 'user5911684375074854039' @ 2219 : 1]
 51:2107281['user5912804296099134935' @ 713 : 1 .. 'user6525357629970748697' @ 1972 : 1]
 52:2107377['user6525917590482889145' @ 67 : 1 .. 'user7230580051852354223' @ 1081 : 1]
 53:2107438['user7230798367070196106' @ 1614 : 1 .. 'user789388067335041421' @ 1243 : 1]
 54:2107349['user7908110194758339643' @ 1689 : 1 .. 'user8637323487248424022' @ 309 : 1]
 55:2046806['user8637665132542722587' @ 97 : 1 .. 'user996258956697100127' @ 1207 : 1]
--- level 3 ---
--- level 4 ---
--- level 5 ---
--- level 6 ---

