Finished 1000 requests.

Sorted time elapsed:
 39.261 39.708 39.78 39.823 39.871 39.959 39.983 39.987 40.053 40.075 40.105 40.123 40.155 40.242 40.249 40.262 40.316 40.334 40.536 40.596 40.601 40.604 40.622 40.631 40.715 40.745 40.767 40.815 40.835 40.851 40.869 40.919 40.955 40.975 40.982 40.995 41.023 41.038 41.061 41.095 41.104 41.106 41.113 41.122 41.142 41.143 41.146 41.165 41.169 41.204 41.246 41.256 41.268 41.27 41.284 41.292 41.292 41.306 41.306 41.314 41.316 41.322 41.33 41.365 41.392 41.426 41.439 41.457 41.473 41.475 41.476 41.483 41.497 41.513 41.532 41.534 41.569 41.579 41.593 41.601 41.642 41.643 41.693 41.703 41.703 41.705 41.707 41.729 41.733 41.765 41.784 41.867 41.918 41.921 41.94 41.944 41.954 41.977 41.978 41.986 41.988 42.008 42.01 42.104 42.124 42.148 42.166 42.168 42.172 42.181 42.184 42.228 42.23 42.244 42.248 42.252 42.254 42.264 42.266 42.267 42.268 42.28 42.3 42.304 42.314 42.318 42.324 42.328 42.35 42.353 42.36 42.381 42.383 42.387 42.397 42.415 42.415 42.433 42.483 42.497 42.537 42.552 42.561 42.566 42.585 42.587 42.599 42.65 42.651 42.653 42.691 42.703 42.711 42.712 42.721 42.732 42.754 42.76 42.765 42.778 42.814 42.829 42.83 42.844 42.855 42.873 42.875 42.892 42.904 42.93 42.932 42.95 42.96 42.962 42.978 43.004 43.006 43.008 43.01 43.034 43.05 43.071 43.074 43.093 43.134 43.146 43.147 43.156 43.169 43.194 43.195 43.201 43.234 43.255 43.263 43.277 43.288 43.303 43.309 43.311 43.315 43.319 43.33 43.334 43.347 43.369 43.375 43.407 43.409 43.429 43.431 43.443 43.463 43.483 43.493 43.509 43.529 43.534 43.559 43.561 43.571 43.581 43.589 43.59 43.601 43.608 43.611 43.629 43.665 43.674 43.676 43.68 43.682 43.687 43.696 43.722 43.746 43.811 43.812 43.817 43.826 43.83 43.832 43.852 43.862 43.916 43.94 43.952 43.952 43.982 44.038 44.05 44.054 44.058 44.118 44.133 44.146 44.147 44.149 44.189 44.205 44.359 44.457 44.644 44.648 44.764 44.863 44.89 44.897 44.912 45.001 45.273 45.356 45.444 45.686 45.688 45.731 46.047 46.544 47.489 47.55 47.663 48.12 48.525 48.623 48.637 48.805 48.886 48.982 49.148 49.372 49.649 49.663 49.739 50.018 50.106 50.423 50.546 51.285 51.429 51.586 51.868 51.87 52.265 52.34 52.676 52.881 53.077 53.255 53.36 53.454 53.552 53.825 54.645 54.838 55.038 55.582 55.612 55.712 56.369 57.434 57.731 57.782 57.839 57.925 58.058 58.075 58.287 58.328 58.448 58.487 58.581 58.594 58.635 58.666 58.741 58.771 58.777 58.925 58.968 59.032 59.097 59.159 59.19 59.23 59.277 59.288 59.293 59.298 59.307 59.332 59.384 59.388 59.39 59.4 59.492 59.61 59.658 59.679 59.748 59.772 59.801 59.936 59.954 59.995 60.205 60.232 60.306 60.353 60.353 60.403 60.43 60.481 60.553 60.603 60.693 60.733 60.741 60.778 60.793 60.802 60.852 60.861 61.021 61.034 61.074 61.126 61.177 61.193 61.231 61.278 61.315 61.343 61.43 61.484 61.509 61.516 61.568 61.604 61.611 61.672 61.719 61.738 61.803 61.84 61.841 61.895 61.969 61.969 61.969 61.987 62.052 62.147 62.231 62.268 62.271 62.314 62.339 62.342 62.364 62.41 62.503 62.527 62.589 62.638 62.73 62.743 62.758 62.777 62.795 62.829 62.915 62.944 62.955 63.011 63.029 63.257 63.322 63.352 63.39 63.588 63.655 63.671 63.751 63.834 63.872 64.097 64.106 64.127 64.223 64.241 64.263 64.365 64.442 64.666 64.8 64.907 65.059 65.13 66.419 66.465 66.783 67.116 67.708 68.295 68.534 68.716 68.754 68.8 69.439 70.181 70.204 70.447 70.552 70.752 70.99 71.027 71.143 71.856 71.86 72.082 72.317 72.368 72.426 72.489 72.689 72.689 72.748 73.124 73.779 73.92 75.465 76.041 76.507 76.699 77.198 77.331 77.42 77.562 78.111 85.506 85.627 87.907 90.195 90.703 90.876 90.979 91.001 91.047 91.082 91.152 91.253 91.517 91.547 91.598 91.618 91.628 91.909 92.034 92.039 92.059 92.149 92.219 92.279 92.294 92.399 92.57 92.705 92.75 92.8 92.861 92.886 93.077 93.162 93.186 93.191 93.292 93.332 93.342 93.417 93.422 93.432 93.448 93.553 93.582 93.598 93.668 93.708 93.758 93.763 93.818 93.843 93.848 93.893 93.898 93.908 93.944 93.953 93.973 93.993 93.993 94.089 94.134 94.139 94.158 94.164 94.194 94.259 94.279 94.339 94.349 94.355 94.505 94.51 94.54 94.555 94.564 94.565 94.58 94.605 94.62 94.68 94.7 94.716 94.72 94.72 94.746 94.758 94.825 94.88 94.895 94.905 94.951 95.001 95.011 95.041 95.051 95.156 95.161 95.217 95.222 95.247 95.297 95.322 95.326 95.372 95.462 95.487 95.517 95.567 95.592 95.637 95.767 95.783 95.788 95.803 95.813 95.822 95.848 95.933 96.003 96.023 96.054 96.058 96.083 96.118 96.123 96.138 96.229 96.234 96.234 96.259 96.274 96.283 96.314 96.324 96.329 96.334 96.349 96.353 96.369 96.384 96.394 96.434 96.505 96.524 96.594 96.599 96.685 96.705 96.71 96.76 96.785 96.79 96.8 96.835 96.881 96.915 96.926 96.951 96.985 96.99 97.03 97.03 97.066 97.101 97.106 97.111 97.135 97.17 97.171 97.181 97.241 97.256 97.281 97.287 97.317 97.321 97.336 97.361 97.361 97.382 97.396 97.396 97.442 97.466 97.492 97.512 97.521 97.551 97.577 97.616 97.662 97.677 97.682 97.687 97.707 97.712 97.717 97.722 97.732 97.787 97.812 97.823 97.847 97.853 97.873 97.887 97.888 97.903 97.912 97.912 97.928 97.958 97.958 97.968 97.983 97.992 97.993 98.028 98.033 98.047 98.062 98.063 98.093 98.098 98.103 98.123 98.133 98.133 98.153 98.168 98.183 98.198 98.228 98.229 98.244 98.248 98.253 98.253 98.269 98.274 98.299 98.304 98.309 98.333 98.354 98.359 98.363 98.374 98.409 98.424 98.434 98.464 98.469 98.474 98.484 98.499 98.534 98.559 98.569 98.589 98.589 98.59 98.629 98.634 98.654 98.654 98.655 98.679 98.694 98.695 98.72 98.735 98.739 98.749 98.759 98.805 98.829 98.83 98.88 98.895 98.909 98.909 98.92 98.96 98.996 99.025 99.04 99.046 99.05 99.05 99.131 99.132 99.176 99.181 99.186 99.2 99.206 99.251 99.276 99.286 99.291 99.306 99.336 99.371 99.391 99.401 99.421 99.431 99.432 99.476 99.476 99.581 99.596 99.632 99.652 99.692 99.737 99.807 99.857 99.962 99.998 100.043 100.158 100.158 100.168 100.203 100.279 100.282 100.293 100.293 100.313 100.333 100.363 100.399 100.408 100.684 100.704 100.734 100.784 100.794 100.839 100.95 100.964 100.99 101.065 101.085 101.09 101.1 101.13 101.135 101.201 101.215 101.245 101.416 101.421 101.491 101.516 101.531 101.541 101.586 101.741 101.782 101.801 101.881 101.917 101.967 102.022 102.032 102.192 102.212 102.212 102.218 102.273 102.283 102.293 102.328 102.368 102.373 102.388 102.428 102.478 102.508 102.523 102.528 102.543 102.598 102.673 102.738 102.754 102.789 102.819 102.834 102.839 102.994 103.054 103.36 103.4 103.416 103.425 103.46 103.485 103.496 103.551 103.556 103.606 103.671 103.877 104.192 104.212 104.388 104.518 104.533 104.679 104.933 105 105.075 105.275 105.29 105.42 105.59 106.287 107.024 107.73 107.841 108.001 108.076 108.352 108.903 109.019 109.169 109.399 109.946 110.517 110.747 110.782 110.782 110.853 111.219 111.229 111.259 111.369 111.449 111.499 111.855 111.91 112.401 112.466 112.888 113.278 113.358 113.373 113.388 113.624 113.679 113.75 113.785 114.12 114.2 114.426 114.817 114.824 115.253 116.045 116.3 117.789 118.099 118.265 118.265 118.35 119.092 120.596 120.891 122.244 123.036 123.322 124.715 125.307 125.454 125.662 125.702 127.051 130.568 130.749 132.468 133.162 133.954 134.508 136.844 140.707 141.421 143.603 148.115 150.254 152.107 157.967 174.25 439.109 3021.09

Time elapsed stats:
  sum  79248.2 us
  avg  79.2482 us
  max  3021.09 us
  min  39.261 us

Removing top/bottom-5:
  sum  75105.2 us
  avg  75.8638 us
  max  150.254 us
  min  39.959 us

Num files at level --
  0: 9
  1: 19
  2: 12
  3: 0
  4: 0
  5: 0
  6: 0

Stats --
                               Compactions
Level  Files Size(MB) Time(sec) Read(MB) Write(MB)
--------------------------------------------------
  0        9       36         0        0         0
  1       19       36         0        0         0
  2       12       24         0        0         0

SSTables --
--- level 0 ---
 92:4124646['user10046604894068544' @ 9635 : 1 .. 'user971136347768642592' @ 9667 : 1]
 89:4205685['user1005640680888162' @ 8874 : 1 .. 'user960084102193685886' @ 8906 : 1]
 85:4204932['user1005972966029934054' @ 8047 : 1 .. 'user994579075160678783' @ 7972 : 1]
 81:4205504['user1006191281247775937' @ 7456 : 1 .. 'user982188593343599298' @ 7368 : 1]
 78:4205619['user1006532926542074502' @ 6714 : 1 .. 'user99137614613375737' @ 6928 : 1]
 83:4205080['user1018363447847013539' @ 7865 : 1 .. 'user993800799430696452' @ 7820 : 1]
 58:4205091['user1019483368871294435' @ 6367 : 1 .. 'user994360759942836900' @ 6491 : 1]
 91:4205756['user1044594160504054184' @ 9234 : 1 .. 'user95229708324090387' @ 9196 : 1]
 87:4205838['user1050400263547602761' @ 8556 : 1 .. 'user935751586290908468' @ 8619 : 1]
--- level 1 ---
 56:2107550['user1006751241759916385' @ 6221 : 1 .. 'user1498736710723774180' @ 4061 : 1]
 59:2107519['user1499296671235914628' @ 2800 : 1 .. 'user1940937226857796243' @ 3609 : 1]
 60:2107462['user1941497187369936691' @ 3402 : 1 .. 'user2429916395338807701' @ 3442 : 1]
 61:2107602['user2430134710556649584' @ 4885 : 1 .. 'user2893101481598462280' @ 4780 : 1]
 62:2107507['user2895889466863466734' @ 3822 : 1 .. 'user3335631825731085122' @ 5111 : 1]
 63:2107680['user3336191786243225570' @ 5762 : 1 .. 'user3810210802859994972' @ 2664 : 1]
 64:2107439['user3810429118077836855' @ 3175 : 1 .. 'user4256537540501144268' @ 6053 : 1]
 65:2107572['user4257097501013284716' @ 5270 : 1 .. 'user4760135215552099217' @ 2697 : 1]
 66:2107491['user4764821397571366898' @ 2517 : 1 .. 'user5211708095724656642' @ 5413 : 1]
 67:2107613['user5212049741018955207' @ 5233 : 1 .. 'user5623208460573458061' @ 4765 : 1]
 68:2107496['user5623768421085598509' @ 6064 : 1 .. 'user6131835534764733457' @ 4229 : 1]
 69:2107420['user6132395495276873905' @ 5110 : 1 .. 'user6533061929768560501' @ 3508 : 1]
 70:2107414['user65420917376365171' @ 3918 : 1 .. 'user7021699452955273394' @ 6015 : 1]
 71:2107611['user7030293541263826425' @ 5829 : 1 .. 'user7488014169774230992' @ 3403 : 1]
 72:1895765['user7488232484992072875' @ 4916 : 1 .. 'user7891251846139834360' @ 4796 : 1]
 73:2107521['user7900965855472668287' @ 4966 : 1 .. 'user8384575551345814934' @ 3899 : 1]
 74:2107482['user8384917196640113499' @ 2579 : 1 .. 'user8794955995170335457' @ 5853 : 1]
 75:2107295['user8795515955682475905' @ 5104 : 1 .. 'user979960568590735292' @ 3463 : 1]
 76:121025['user982748553855739746' @ 5015 : 1 .. 'user997378877721381023' @ 3797 : 1]
--- level 2 ---
 36:2107527['user1000385178204227360' @ 6 : 1 .. 'user1715321609418666813' @ 1633 : 1]
 45:2107432['user1715539924636508696' @ 2150 : 1 .. 'user2419424110275991443' @ 2320 : 1]
 46:2107346['user2422430410758837780' @ 1503 : 1 .. 'user3111914405046218919' @ 615 : 1]
 47:2107429['user3112132720264060802' @ 104 : 1 .. 'user3832315294009908384' @ 2078 : 1]
 48:2107491['user3835881555004895169' @ 1024 : 1 .. 'user4515091579447301933' @ 169 : 1]
 49:2107419['user4515651539959442381' @ 922 : 1 .. 'user5219194080304626563' @ 398 : 1]
 50:2107468['user5223101986593911913' @ 1398 : 1 .. 'user5911684375074854039' @ 2219 : 1]
 51:2107281['user5912804296099134935' @ 713 : 1 .. 'user6525357629970748697' @ 1972 : 1]
 52:2107377['user6525917590482889145' @ 67 : 1 .. 'user7230580051852354223' @ 1081 : 1]
 53:2107438['user7230798367070196106' @ 1614 : 1 .. 'user789388067335041421' @ 1243 : 1]
 54:2107349['user7908110194758339643' @ 1689 : 1 .. 'user8637323487248424022' @ 309 : 1]
 55:2046806['user8637665132542722587' @ 97 : 1 .. 'user996258956697100127' @ 1207 : 1]
--- level 3 ---
--- level 4 ---
--- level 5 ---
--- level 6 ---

