Finished 1000 requests.

Sorted time elapsed:
 64.458 64.67 64.692 64.987 65.094 65.124 65.133 65.338 65.366 65.386 65.473 65.53 65.61 65.615 65.639 65.668 65.706 65.741 66.214 66.228 66.252 66.282 66.349 66.412 66.452 66.495 66.545 66.575 66.581 66.611 66.685 66.693 66.707 66.741 66.763 66.785 66.789 66.797 66.805 66.809 66.829 66.851 66.872 66.972 67.04 67.136 67.202 67.292 67.298 67.315 67.32 67.321 67.335 67.364 67.372 67.415 67.455 67.491 67.539 67.593 67.595 67.627 67.65 67.658 67.699 67.734 67.739 67.788 67.791 67.797 67.805 67.831 67.896 67.938 67.942 67.95 67.982 68.048 68.072 68.105 68.113 68.116 68.16 68.181 68.183 68.222 68.224 68.231 68.247 68.267 68.275 68.407 68.425 68.437 68.459 68.48 68.513 68.535 68.578 68.589 68.592 68.635 68.644 68.65 68.684 68.693 68.814 68.818 68.818 68.862 68.889 68.963 69.089 69.096 69.143 69.231 69.298 69.39 69.537 69.657 69.67 69.688 69.91 69.995 70.022 70.153 70.332 70.408 70.451 70.482 70.508 70.692 70.736 70.911 70.933 71.23 71.254 71.345 71.38 71.581 71.763 71.995 72.036 72.052 72.088 72.146 72.246 72.896 73.086 73.144 73.499 74.305 74.527 74.916 75.074 75.164 75.291 75.307 75.339 75.661 75.812 75.889 75.951 76.035 76.119 76.291 76.78 77.035 77.039 77.095 78.506 78.854 78.973 78.984 79.33 80.925 81.688 81.921 82.154 82.201 82.299 82.467 82.612 82.782 82.815 83.283 83.471 83.614 83.677 83.728 83.762 83.777 83.818 83.833 83.847 83.87 84.045 84.053 84.116 84.179 84.201 84.201 84.226 84.364 84.489 84.619 84.67 84.772 84.86 85.022 85.06 85.096 85.165 85.215 85.278 85.3 85.306 85.328 85.33 85.448 85.459 85.464 85.517 85.592 85.602 85.612 85.707 85.717 85.817 85.903 85.929 85.939 86.102 86.389 86.421 86.431 86.501 86.546 86.579 86.8 86.821 86.857 86.94 86.942 86.992 87.048 87.065 87.118 87.228 87.303 87.348 87.375 87.475 87.541 87.611 87.761 87.781 87.834 87.867 87.964 88.054 88.12 88.13 88.187 88.363 88.411 88.428 88.534 88.549 88.556 88.636 88.755 89.026 89.03 89.032 89.062 89.13 89.34 89.61 89.613 89.819 89.867 89.962 90.262 90.352 90.495 90.743 90.796 91.58 91.906 92.588 93.668 93.838 94.262 94.279 94.445 94.953 95.068 95.108 95.68 96.284 96.344 96.705 96.93 97.143 97.447 97.5 98.291 98.915 99.103 102.26 103.772 106.821 106.833 110.407 124.968 141.249 141.64 142.361 142.586 143.388 143.408 143.498 143.503 143.559 143.579 143.729 143.914 143.914 143.989 144.135 144.14 144.15 144.195 144.21 144.25 144.311 144.326 144.415 144.426 144.436 144.451 144.461 144.501 144.516 144.531 144.541 144.546 144.631 144.636 144.661 144.706 144.716 144.721 144.796 144.826 144.922 145.037 145.057 145.123 145.177 145.253 145.282 145.333 145.363 145.383 145.383 145.388 145.403 145.418 145.444 145.448 145.463 145.513 145.533 145.548 145.633 145.679 145.704 145.769 145.809 145.924 145.929 145.99 145.99 145.994 145.994 146.029 146.04 146.054 146.11 146.135 146.14 146.214 146.225 146.265 146.27 146.285 146.29 146.31 146.34 146.381 146.425 146.501 146.545 146.591 146.62 146.645 146.671 146.716 146.726 146.731 146.736 146.761 146.786 146.792 146.802 146.831 146.831 146.851 146.882 146.937 146.972 146.977 146.981 147.082 147.107 147.111 147.122 147.242 147.247 147.287 147.292 147.308 147.347 147.383 147.412 147.423 147.438 147.472 147.493 147.528 147.538 147.618 147.618 147.688 147.718 147.744 147.808 147.844 147.869 147.894 147.924 147.934 147.934 147.949 147.949 147.954 147.954 147.959 147.969 148.02 148.054 148.064 148.069 148.09 148.129 148.129 148.204 148.25 148.259 148.259 148.315 148.329 148.355 148.355 148.375 148.375 148.389 148.39 148.39 148.395 148.435 148.445 148.45 148.455 148.49 148.495 148.53 148.631 148.666 148.671 148.686 148.705 148.786 148.796 148.806 148.841 148.856 148.896 148.971 148.976 148.981 148.981 149.016 149.076 149.121 149.137 149.191 149.201 149.212 149.222 149.242 149.247 149.257 149.262 149.292 149.297 149.322 149.332 149.347 149.357 149.378 149.378 149.397 149.407 149.433 149.483 149.527 149.532 149.538 149.543 149.552 149.557 149.568 149.587 149.603 149.653 149.668 149.673 149.673 149.678 149.683 149.703 149.738 149.758 149.778 149.779 149.784 149.863 149.888 149.898 149.929 149.948 150.034 150.039 150.059 150.069 150.084 150.089 150.114 150.124 150.149 150.154 150.159 150.199 150.205 150.265 150.37 150.4 150.444 150.445 150.46 150.469 150.49 150.51 150.51 150.54 150.555 150.56 150.585 150.595 150.6 150.625 150.63 150.651 150.691 150.716 150.72 150.721 150.721 150.726 150.756 150.77 150.775 150.776 150.776 150.78 150.781 150.795 150.795 150.8 150.806 150.825 150.826 150.84 150.86 150.871 150.876 150.891 150.916 150.996 151.001 151.011 151.036 151.041 151.057 151.081 151.087 151.096 151.106 151.107 151.132 151.171 151.192 151.201 151.207 151.211 151.226 151.227 151.237 151.241 151.246 151.296 151.322 151.337 151.347 151.347 151.347 151.382 151.387 151.397 151.397 151.402 151.432 151.432 151.432 151.437 151.462 151.472 151.487 151.492 151.537 151.537 151.553 151.567 151.583 151.587 151.617 151.622 151.632 151.632 151.648 151.663 151.688 151.708 151.718 151.723 151.778 151.783 151.793 151.813 151.833 151.838 151.848 151.853 151.873 151.883 151.918 151.923 151.928 151.953 151.973 152.008 152.018 152.079 152.093 152.114 152.128 152.129 152.203 152.224 152.244 152.249 152.269 152.319 152.344 152.354 152.359 152.364 152.379 152.379 152.429 152.429 152.434 152.435 152.439 152.48 152.499 152.509 152.524 152.549 152.595 152.63 152.634 152.659 152.685 152.7 152.745 152.75 152.76 152.765 152.815 152.83 152.885 152.901 152.92 152.935 153.141 153.191 153.206 153.266 153.271 153.302 153.312 153.332 153.347 153.382 153.386 153.427 153.431 153.432 153.462 153.492 153.527 153.532 153.582 153.622 153.653 153.668 153.687 153.692 153.712 153.752 153.767 153.787 153.793 153.888 153.988 154.018 154.033 154.073 154.088 154.088 154.098 154.108 154.169 154.173 154.209 154.218 154.273 154.344 154.344 154.348 154.384 154.429 154.444 154.474 154.579 154.579 154.609 154.694 154.695 154.824 154.85 154.86 154.93 155 155.055 155.071 155.101 155.135 155.15 155.176 155.181 155.321 155.321 155.366 155.436 155.486 155.496 155.497 155.627 155.646 155.672 155.722 155.752 155.752 155.772 155.832 155.897 155.917 155.978 156.022 156.028 156.068 156.223 156.228 156.229 156.348 156.409 156.509 156.509 156.584 156.715 156.734 156.764 156.945 157.275 157.32 157.381 157.411 157.425 157.446 157.471 157.476 157.491 157.507 157.581 157.591 157.732 157.767 157.771 157.796 157.842 158.107 158.208 158.308 158.313 159.075 159.255 159.486 159.576 159.611 159.761 160.157 160.232 160.283 160.458 160.633 160.713 160.889 160.904 160.949 161.244 161.295 161.345 161.465 161.64 161.806 161.896 161.906 162.031 162.127 162.157 162.207 162.367 162.503 162.603 162.613 162.618 162.643 162.653 162.829 163.145 163.165 163.165 163.334 163.365 163.435 163.485 163.495 163.575 163.581 163.62 163.635 163.801 163.845 163.866 163.936 163.991 164.147 164.156 164.242 164.252 164.267 164.352 164.392 164.447 164.543 164.642 164.662 164.768 164.874 164.983 165.014 165.088 165.314 165.355 165.469 165.595 165.65 165.786 165.805 165.836 165.981 165.991 166.287 166.307 166.457 166.828 166.993 167.144 167.148 167.193 167.268 167.304 167.314 167.454 167.48 167.665 167.755 167.905 168.282 168.306 168.497 168.677 168.732 169.008 169.078 169.198 169.684 169.75 170.291 170.406 170.456 170.567 171.755 172.556 172.881 172.972 173.433 173.483 174.66 174.727 175.047 175.613 175.899 176.179 176.481 176.926 177.051 177.608 177.994 178.505 178.52 179.467 179.517 179.597 180.154 181.667 181.812 182.5 182.62 182.946 183.176 183.246 184.108 184.629 185.265 187.345 188.668 191.28 194.087 194.953 206.991 208.379 361.26 508.65 5766.04

Time elapsed stats:
  sum  136420 us
  avg  136.42 us
  max  5766.04 us
  min  64.458 us

Removing top/bottom-5:
  sum  129045 us
  avg  130.349 us
  max  194.953 us
  min  65.124 us

Num files at level --
  0: 9
  1: 19
  2: 12
  3: 0
  4: 0
  5: 0
  6: 0

Stats --
                               Compactions
Level  Files Size(MB) Time(sec) Read(MB) Write(MB)
--------------------------------------------------
  0        9       36         0        0         0
  1       19       36         0        0         0
  2       12       24         0        0         0

SSTables --
--- level 0 ---
 92:4124646['user10046604894068544' @ 9635 : 1 .. 'user971136347768642592' @ 9667 : 1]
 89:4205685['user1005640680888162' @ 8874 : 1 .. 'user960084102193685886' @ 8906 : 1]
 85:4204932['user1005972966029934054' @ 8047 : 1 .. 'user994579075160678783' @ 7972 : 1]
 81:4205504['user1006191281247775937' @ 7456 : 1 .. 'user982188593343599298' @ 7368 : 1]
 78:4205619['user1006532926542074502' @ 6714 : 1 .. 'user99137614613375737' @ 6928 : 1]
 83:4205080['user1018363447847013539' @ 7865 : 1 .. 'user993800799430696452' @ 7820 : 1]
 58:4205091['user1019483368871294435' @ 6367 : 1 .. 'user994360759942836900' @ 6491 : 1]
 91:4205756['user1044594160504054184' @ 9234 : 1 .. 'user95229708324090387' @ 9196 : 1]
 87:4205838['user1050400263547602761' @ 8556 : 1 .. 'user935751586290908468' @ 8619 : 1]
--- level 1 ---
 56:2107550['user1006751241759916385' @ 6221 : 1 .. 'user1498736710723774180' @ 4061 : 1]
 59:2107519['user1499296671235914628' @ 2800 : 1 .. 'user1940937226857796243' @ 3609 : 1]
 60:2107462['user1941497187369936691' @ 3402 : 1 .. 'user2429916395338807701' @ 3442 : 1]
 61:2107602['user2430134710556649584' @ 4885 : 1 .. 'user2893101481598462280' @ 4780 : 1]
 62:2107507['user2895889466863466734' @ 3822 : 1 .. 'user3335631825731085122' @ 5111 : 1]
 63:2107680['user3336191786243225570' @ 5762 : 1 .. 'user3810210802859994972' @ 2664 : 1]
 64:2107439['user3810429118077836855' @ 3175 : 1 .. 'user4256537540501144268' @ 6053 : 1]
 65:2107572['user4257097501013284716' @ 5270 : 1 .. 'user4760135215552099217' @ 2697 : 1]
 66:2107491['user4764821397571366898' @ 2517 : 1 .. 'user5211708095724656642' @ 5413 : 1]
 67:2107613['user5212049741018955207' @ 5233 : 1 .. 'user5623208460573458061' @ 4765 : 1]
 68:2107496['user5623768421085598509' @ 6064 : 1 .. 'user6131835534764733457' @ 4229 : 1]
 69:2107420['user6132395495276873905' @ 5110 : 1 .. 'user6533061929768560501' @ 3508 : 1]
 70:2107414['user65420917376365171' @ 3918 : 1 .. 'user7021699452955273394' @ 6015 : 1]
 71:2107611['user7030293541263826425' @ 5829 : 1 .. 'user7488014169774230992' @ 3403 : 1]
 72:1895765['user7488232484992072875' @ 4916 : 1 .. 'user7891251846139834360' @ 4796 : 1]
 73:2107521['user7900965855472668287' @ 4966 : 1 .. 'user8384575551345814934' @ 3899 : 1]
 74:2107482['user8384917196640113499' @ 2579 : 1 .. 'user8794955995170335457' @ 5853 : 1]
 75:2107295['user8795515955682475905' @ 5104 : 1 .. 'user979960568590735292' @ 3463 : 1]
 76:121025['user982748553855739746' @ 5015 : 1 .. 'user997378877721381023' @ 3797 : 1]
--- level 2 ---
 36:2107527['user1000385178204227360' @ 6 : 1 .. 'user1715321609418666813' @ 1633 : 1]
 45:2107432['user1715539924636508696' @ 2150 : 1 .. 'user2419424110275991443' @ 2320 : 1]
 46:2107346['user2422430410758837780' @ 1503 : 1 .. 'user3111914405046218919' @ 615 : 1]
 47:2107429['user3112132720264060802' @ 104 : 1 .. 'user3832315294009908384' @ 2078 : 1]
 48:2107491['user3835881555004895169' @ 1024 : 1 .. 'user4515091579447301933' @ 169 : 1]
 49:2107419['user4515651539959442381' @ 922 : 1 .. 'user5219194080304626563' @ 398 : 1]
 50:2107468['user5223101986593911913' @ 1398 : 1 .. 'user5911684375074854039' @ 2219 : 1]
 51:2107281['user5912804296099134935' @ 713 : 1 .. 'user6525357629970748697' @ 1972 : 1]
 52:2107377['user6525917590482889145' @ 67 : 1 .. 'user7230580051852354223' @ 1081 : 1]
 53:2107438['user7230798367070196106' @ 1614 : 1 .. 'user789388067335041421' @ 1243 : 1]
 54:2107349['user7908110194758339643' @ 1689 : 1 .. 'user8637323487248424022' @ 309 : 1]
 55:2046806['user8637665132542722587' @ 97 : 1 .. 'user996258956697100127' @ 1207 : 1]
--- level 3 ---
--- level 4 ---
--- level 5 ---
--- level 6 ---

