Finished 1000 requests.

Sorted time elapsed:
 46.454 46.911 47.076 47.083 47.093 47.095 47.118 47.132 47.154 47.158 47.159 47.186 47.304 47.33 47.33 47.358 47.369 47.379 47.46 47.462 47.467 47.515 47.579 47.671 47.677 47.721 47.733 47.747 47.783 47.787 47.793 47.795 47.807 47.833 47.859 47.865 47.866 47.868 47.914 47.916 47.918 47.927 47.927 47.934 47.942 48.005 48.005 48.031 48.038 48.039 48.04 48.04 48.052 48.058 48.063 48.069 48.091 48.134 48.158 48.162 48.168 48.176 48.196 48.222 48.232 48.25 48.267 48.27 48.276 48.283 48.29 48.299 48.307 48.308 48.311 48.324 48.348 48.354 48.359 48.409 48.413 48.415 48.433 48.441 48.455 48.469 48.471 48.472 48.488 48.497 48.516 48.541 48.565 48.569 48.571 48.571 48.577 48.577 48.581 48.598 48.601 48.629 48.651 48.655 48.667 48.669 48.683 48.701 48.701 48.715 48.721 48.758 48.761 48.764 48.767 48.779 48.805 48.808 48.812 48.814 48.827 48.834 48.842 48.85 48.855 48.862 48.87 48.888 48.905 48.907 48.91 48.914 48.934 48.962 48.976 48.998 49.014 49.02 49.022 49.036 49.036 49.044 49.052 49.058 49.062 49.068 49.068 49.068 49.074 49.078 49.082 49.082 49.083 49.086 49.087 49.09 49.092 49.102 49.102 49.108 49.124 49.144 49.17 49.172 49.192 49.206 49.212 49.214 49.216 49.221 49.241 49.243 49.256 49.257 49.259 49.272 49.283 49.285 49.304 49.333 49.343 49.351 49.353 49.363 49.377 49.381 49.381 49.395 49.399 49.405 49.415 49.415 49.423 49.425 49.426 49.426 49.433 49.437 49.451 49.473 49.495 49.497 49.5 49.515 49.517 49.519 49.523 49.525 49.537 49.553 49.579 49.581 49.587 49.596 49.607 49.619 49.649 49.663 49.672 49.679 49.681 49.688 49.692 49.705 49.712 49.712 49.713 49.724 49.73 49.735 49.739 49.76 49.764 49.768 49.774 49.779 49.781 49.782 49.8 49.802 49.804 49.804 49.814 49.82 49.826 49.827 49.827 49.828 49.836 49.836 49.838 49.846 49.848 49.849 49.854 49.856 49.86 49.861 49.864 49.87 49.878 49.904 49.908 49.908 49.91 49.922 49.924 49.924 49.93 49.932 49.936 49.937 49.938 49.946 49.952 49.953 49.968 49.976 49.978 49.988 49.992 49.993 49.996 50.008 50.011 50.014 50.017 50.024 50.026 50.04 50.04 50.04 50.042 50.048 50.053 50.057 50.062 50.074 50.088 50.095 50.107 50.11 50.116 50.131 50.136 50.137 50.148 50.153 50.156 50.157 50.16 50.175 50.178 50.185 50.192 50.205 50.207 50.217 50.222 50.227 50.235 50.243 50.245 50.247 50.25 50.251 50.251 50.257 50.265 50.265 50.275 50.282 50.293 50.293 50.295 50.297 50.311 50.315 50.315 50.323 50.343 50.347 50.363 50.365 50.369 50.375 50.385 50.391 50.403 50.408 50.41 50.411 50.411 50.413 50.415 50.427 50.43 50.433 50.441 50.443 50.449 50.453 50.461 50.467 50.469 50.473 50.475 50.485 50.499 50.499 50.511 50.516 50.518 50.519 50.53 50.532 50.538 50.548 50.548 50.557 50.571 50.588 50.591 50.594 50.6 50.604 50.604 50.609 50.61 50.611 50.616 50.628 50.632 50.633 50.636 50.638 50.651 50.652 50.658 50.686 50.7 50.704 50.706 50.708 50.711 50.712 50.716 50.722 50.725 50.725 50.726 50.73 50.756 50.758 50.76 50.762 50.764 50.764 50.764 50.774 50.778 50.796 50.804 50.804 50.812 50.82 50.82 50.831 50.832 50.848 50.856 50.866 50.869 50.872 50.873 50.874 50.894 50.898 50.906 50.911 50.913 50.915 50.917 50.925 50.934 50.935 50.947 50.967 50.968 50.973 50.983 50.986 50.991 50.991 50.992 50.995 51 51.019 51.031 51.034 51.047 51.05 51.063 51.066 51.093 51.099 51.1 51.102 51.107 51.111 51.113 51.121 51.122 51.133 51.133 51.135 51.141 51.143 51.165 51.171 51.181 51.181 51.189 51.197 51.207 51.217 51.217 51.229 51.235 51.237 51.25 51.251 51.257 51.271 51.273 51.279 51.281 51.288 51.301 51.319 51.321 51.339 51.339 51.351 51.357 51.358 51.363 51.371 51.379 51.382 51.411 51.413 51.413 51.416 51.421 51.424 51.427 51.433 51.436 51.446 51.455 51.504 51.506 51.508 51.51 51.528 51.54 51.541 51.552 51.56 51.564 51.58 51.58 51.58 51.584 51.584 51.596 51.598 51.6 51.606 51.606 51.608 51.61 51.612 51.616 51.622 51.63 51.636 51.644 51.648 51.656 51.66 51.672 51.674 51.688 51.69 51.698 51.701 51.716 51.718 51.722 51.722 51.74 51.764 51.775 51.776 51.785 51.815 51.86 51.865 51.869 51.874 51.88 51.897 51.899 51.903 51.906 51.911 51.915 51.921 51.928 51.943 51.948 51.965 51.977 51.979 51.985 51.991 52.001 52.015 52.019 52.041 52.043 52.055 52.057 52.061 52.065 52.075 52.093 52.103 52.106 52.107 52.129 52.143 52.149 52.161 52.177 52.18 52.201 52.201 52.204 52.205 52.207 52.219 52.22 52.223 52.224 52.233 52.236 52.245 52.261 52.263 52.265 52.269 52.269 52.275 52.298 52.301 52.328 52.367 52.398 52.402 52.404 52.41 52.418 52.427 52.432 52.438 52.442 52.45 52.454 52.482 52.486 52.496 52.51 52.514 52.516 52.524 52.542 52.546 52.56 52.568 52.572 52.583 52.584 52.598 52.6 52.602 52.602 52.61 52.621 52.624 52.626 52.642 52.652 52.663 52.669 52.69 52.694 52.707 52.711 52.714 52.716 52.723 52.727 52.728 52.732 52.743 52.776 52.817 52.823 52.834 52.834 52.847 52.851 52.871 52.881 52.89 52.937 52.955 52.957 52.959 52.967 52.979 53.005 53.011 53.012 53.032 53.033 53.043 53.048 53.051 53.053 53.059 53.069 53.074 53.077 53.085 53.098 53.107 53.108 53.132 53.137 53.14 53.146 53.183 53.184 53.184 53.187 53.188 53.198 53.217 53.262 53.27 53.305 53.376 53.384 53.392 53.392 53.402 53.416 53.442 53.442 53.444 53.446 53.47 53.518 53.528 53.531 53.539 53.55 53.582 53.592 53.593 53.623 53.657 53.665 53.707 53.715 53.715 53.73 53.733 53.755 53.773 53.795 53.824 53.851 53.891 53.904 53.932 53.963 53.972 53.982 53.983 54.022 54.036 54.042 54.042 54.087 54.116 54.169 54.216 54.242 54.272 54.288 54.314 54.32 54.339 54.37 54.388 54.485 54.493 54.527 54.553 54.689 54.725 54.753 54.807 54.834 54.919 54.974 55.006 55.08 55.226 55.245 55.313 55.333 55.35 55.623 55.842 55.946 55.97 56.137 56.178 56.196 56.219 56.258 56.268 56.319 56.387 56.469 56.511 56.571 56.596 56.619 56.742 56.764 56.846 56.889 56.949 57.059 57.501 57.552 57.554 57.63 57.652 57.722 57.748 57.76 57.764 57.81 57.87 57.957 58.035 58.063 58.101 58.151 58.291 58.396 58.426 58.45 58.476 58.522 58.648 58.678 58.707 58.712 58.712 58.787 58.897 58.943 58.945 59.057 59.068 59.118 59.208 59.25 59.256 59.29 59.304 59.364 59.444 59.468 59.506 59.779 59.801 59.867 59.903 59.949 60.057 60.084 60.124 60.174 60.174 60.258 60.324 60.35 60.376 60.489 60.581 60.647 60.709 60.786 60.815 60.873 60.921 60.944 61.002 61.064 61.084 61.09 61.29 61.429 61.535 61.596 61.705 61.792 61.841 61.854 61.914 62.282 62.77 62.788 62.85 62.894 63.03 63.04 63.312 63.398 63.792 63.816 63.816 64.235 64.263 64.271 64.273 64.297 64.309 64.51 64.823 64.921 65.524 65.741 65.941 67.076 67.313 67.489 67.545 67.904 68.544 69.445 69.463 69.712 69.921 70.159 70.315 70.464 70.635 73.23 78.068 96.432 97.655 97.815 97.84 98.12 99.034 99.227 99.7 100.565 101.307 101.496 101.604 101.853 101.985 102.454 102.646 102.651 102.963 103.008 103.208 103.365 103.633 103.985 104.05 104.07 104.114 104.223 104.419 104.479 104.513 104.639 105.284 105.309 105.746 105.935 106.283 106.387 106.98 107.012 107.137 107.258 107.261 107.434 108.36 108.581 110.076 110.353 114.061 114.354 117.084 118.76 118.88 120.063 121.487 122.465 123.828 140.844 150.225 294.873 3925.79

Time elapsed stats:
  sum  59629.9 us
  avg  59.6299 us
  max  3925.79 us
  min  46.454 us

Removing top/bottom-5:
  sum  54759.8 us
  avg  55.3129 us
  max  122.465 us
  min  47.095 us

Num files at level --
  0: 9
  1: 19
  2: 12
  3: 0
  4: 0
  5: 0
  6: 0

Stats --
                               Compactions
Level  Files Size(MB) Time(sec) Read(MB) Write(MB)
--------------------------------------------------
  0        9       36         0        0         0
  1       19       36         0        0         0
  2       12       24         0        0         0

SSTables --
--- level 0 ---
 92:4124646['user10046604894068544' @ 9635 : 1 .. 'user971136347768642592' @ 9667 : 1]
 89:4205685['user1005640680888162' @ 8874 : 1 .. 'user960084102193685886' @ 8906 : 1]
 85:4204932['user1005972966029934054' @ 8047 : 1 .. 'user994579075160678783' @ 7972 : 1]
 81:4205504['user1006191281247775937' @ 7456 : 1 .. 'user982188593343599298' @ 7368 : 1]
 78:4205619['user1006532926542074502' @ 6714 : 1 .. 'user99137614613375737' @ 6928 : 1]
 83:4205080['user1018363447847013539' @ 7865 : 1 .. 'user993800799430696452' @ 7820 : 1]
 58:4205091['user1019483368871294435' @ 6367 : 1 .. 'user994360759942836900' @ 6491 : 1]
 91:4205756['user1044594160504054184' @ 9234 : 1 .. 'user95229708324090387' @ 9196 : 1]
 87:4205838['user1050400263547602761' @ 8556 : 1 .. 'user935751586290908468' @ 8619 : 1]
--- level 1 ---
 56:2107550['user1006751241759916385' @ 6221 : 1 .. 'user1498736710723774180' @ 4061 : 1]
 59:2107519['user1499296671235914628' @ 2800 : 1 .. 'user1940937226857796243' @ 3609 : 1]
 60:2107462['user1941497187369936691' @ 3402 : 1 .. 'user2429916395338807701' @ 3442 : 1]
 61:2107602['user2430134710556649584' @ 4885 : 1 .. 'user2893101481598462280' @ 4780 : 1]
 62:2107507['user2895889466863466734' @ 3822 : 1 .. 'user3335631825731085122' @ 5111 : 1]
 63:2107680['user3336191786243225570' @ 5762 : 1 .. 'user3810210802859994972' @ 2664 : 1]
 64:2107439['user3810429118077836855' @ 3175 : 1 .. 'user4256537540501144268' @ 6053 : 1]
 65:2107572['user4257097501013284716' @ 5270 : 1 .. 'user4760135215552099217' @ 2697 : 1]
 66:2107491['user4764821397571366898' @ 2517 : 1 .. 'user5211708095724656642' @ 5413 : 1]
 67:2107613['user5212049741018955207' @ 5233 : 1 .. 'user5623208460573458061' @ 4765 : 1]
 68:2107496['user5623768421085598509' @ 6064 : 1 .. 'user6131835534764733457' @ 4229 : 1]
 69:2107420['user6132395495276873905' @ 5110 : 1 .. 'user6533061929768560501' @ 3508 : 1]
 70:2107414['user65420917376365171' @ 3918 : 1 .. 'user7021699452955273394' @ 6015 : 1]
 71:2107611['user7030293541263826425' @ 5829 : 1 .. 'user7488014169774230992' @ 3403 : 1]
 72:1895765['user7488232484992072875' @ 4916 : 1 .. 'user7891251846139834360' @ 4796 : 1]
 73:2107521['user7900965855472668287' @ 4966 : 1 .. 'user8384575551345814934' @ 3899 : 1]
 74:2107482['user8384917196640113499' @ 2579 : 1 .. 'user8794955995170335457' @ 5853 : 1]
 75:2107295['user8795515955682475905' @ 5104 : 1 .. 'user979960568590735292' @ 3463 : 1]
 76:121025['user982748553855739746' @ 5015 : 1 .. 'user997378877721381023' @ 3797 : 1]
--- level 2 ---
 36:2107527['user1000385178204227360' @ 6 : 1 .. 'user1715321609418666813' @ 1633 : 1]
 45:2107432['user1715539924636508696' @ 2150 : 1 .. 'user2419424110275991443' @ 2320 : 1]
 46:2107346['user2422430410758837780' @ 1503 : 1 .. 'user3111914405046218919' @ 615 : 1]
 47:2107429['user3112132720264060802' @ 104 : 1 .. 'user3832315294009908384' @ 2078 : 1]
 48:2107491['user3835881555004895169' @ 1024 : 1 .. 'user4515091579447301933' @ 169 : 1]
 49:2107419['user4515651539959442381' @ 922 : 1 .. 'user5219194080304626563' @ 398 : 1]
 50:2107468['user5223101986593911913' @ 1398 : 1 .. 'user5911684375074854039' @ 2219 : 1]
 51:2107281['user5912804296099134935' @ 713 : 1 .. 'user6525357629970748697' @ 1972 : 1]
 52:2107377['user6525917590482889145' @ 67 : 1 .. 'user7230580051852354223' @ 1081 : 1]
 53:2107438['user7230798367070196106' @ 1614 : 1 .. 'user789388067335041421' @ 1243 : 1]
 54:2107349['user7908110194758339643' @ 1689 : 1 .. 'user8637323487248424022' @ 309 : 1]
 55:2046806['user8637665132542722587' @ 97 : 1 .. 'user996258956697100127' @ 1207 : 1]
--- level 3 ---
--- level 4 ---
--- level 5 ---
--- level 6 ---

