Finished 1000 requests.

Sorted time elapsed:
 67.233 67.457 67.565 67.581 67.608 67.669 67.7 67.714 67.721 67.731 67.765 67.796 67.8 67.818 67.926 67.934 67.938 67.974 67.98 68.046 68.048 68.05 68.064 68.07 68.076 68.134 68.148 68.15 68.254 68.256 68.315 68.332 68.361 68.367 68.389 68.423 68.563 68.654 68.673 68.698 68.709 68.71 68.714 68.722 68.729 68.741 68.77 68.773 68.802 68.803 68.82 68.822 68.828 68.834 68.852 68.854 68.868 68.929 68.933 68.938 68.94 68.987 68.994 69.012 69.027 69.046 69.053 69.069 69.077 69.133 69.134 69.135 69.139 69.165 69.183 69.194 69.199 69.213 69.215 69.243 69.334 69.349 69.39 69.408 69.42 69.423 69.423 69.434 69.457 69.478 69.482 69.498 69.513 69.529 69.575 69.626 69.646 69.678 69.682 69.738 69.742 69.75 69.755 69.756 69.78 69.784 69.786 69.812 69.84 69.844 69.856 69.858 69.879 69.881 69.882 69.89 69.894 69.909 69.933 69.933 69.944 69.959 69.978 69.997 70.001 70.01 70.015 70.017 70.025 70.039 70.054 70.055 70.056 70.063 70.069 70.074 70.101 70.101 70.115 70.143 70.153 70.163 70.163 70.168 70.175 70.181 70.192 70.193 70.209 70.213 70.214 70.241 70.241 70.245 70.249 70.253 70.271 70.275 70.281 70.289 70.291 70.293 70.299 70.303 70.32 70.344 70.344 70.348 70.38 70.385 70.39 70.442 70.446 70.46 70.474 70.478 70.484 70.49 70.506 70.514 70.516 70.52 70.522 70.524 70.534 70.536 70.562 70.562 70.572 70.582 70.584 70.588 70.588 70.598 70.608 70.625 70.632 70.634 70.636 70.64 70.64 70.644 70.654 70.664 70.665 70.67 70.681 70.687 70.709 70.711 70.735 70.741 70.759 70.759 70.764 70.78 70.783 70.796 70.804 70.819 70.82 70.836 70.839 70.84 70.843 70.853 70.88 70.885 70.889 70.896 70.9 70.913 70.927 70.937 70.939 70.942 70.947 70.951 70.953 70.977 70.979 70.983 70.985 71.009 71.029 71.033 71.039 71.045 71.045 71.046 71.055 71.069 71.073 71.088 71.091 71.099 71.112 71.116 71.118 71.138 71.139 71.146 71.161 71.165 71.167 71.175 71.196 71.208 71.222 71.236 71.238 71.258 71.264 71.269 71.274 71.277 71.28 71.294 71.298 71.31 71.324 71.326 71.33 71.332 71.332 71.338 71.368 71.37 71.375 71.378 71.388 71.396 71.4 71.402 71.402 71.41 71.416 71.416 71.418 71.43 71.43 71.448 71.456 71.462 71.47 71.484 71.486 71.506 71.508 71.52 71.532 71.548 71.55 71.564 71.566 71.589 71.595 71.597 71.616 71.617 71.619 71.629 71.637 71.651 71.653 71.657 71.672 71.675 71.689 71.708 71.717 71.719 71.722 71.723 71.727 71.739 71.741 71.743 71.743 71.753 71.767 71.785 71.789 71.791 71.793 71.799 71.8 71.814 71.821 71.821 71.847 71.863 71.892 71.896 71.915 71.921 71.925 71.927 71.934 71.943 71.951 71.953 71.953 71.959 71.963 71.979 72.005 72.007 72.015 72.04 72.05 72.062 72.065 72.077 72.082 72.098 72.112 72.124 72.134 72.146 72.18 72.184 72.2 72.204 72.204 72.21 72.21 72.22 72.248 72.252 72.254 72.266 72.27 72.278 72.286 72.298 72.298 72.312 72.322 72.324 72.33 72.34 72.344 72.374 72.389 72.409 72.424 72.427 72.444 72.447 72.453 72.466 72.47 72.471 72.474 72.476 72.484 72.5 72.509 72.517 72.542 72.553 72.567 72.568 72.577 72.592 72.593 72.621 72.622 72.625 72.637 72.641 72.641 72.643 72.657 72.682 72.689 72.691 72.701 72.701 72.705 72.707 72.727 72.743 72.753 72.753 72.763 72.767 72.769 72.777 72.781 72.821 72.831 72.838 72.845 72.85 72.857 72.859 72.877 72.879 72.882 72.885 72.889 72.889 72.895 72.901 72.902 72.904 72.914 72.915 72.927 72.932 72.939 72.944 72.961 72.983 72.987 72.997 73 73.003 73.01 73.024 73.04 73.044 73.047 73.048 73.051 73.054 73.061 73.062 73.062 73.064 73.068 73.083 73.115 73.166 73.172 73.186 73.186 73.186 73.188 73.244 73.248 73.25 73.255 73.274 73.276 73.286 73.294 73.307 73.311 73.312 73.315 73.328 73.343 73.362 73.373 73.379 73.402 73.412 73.417 73.434 73.436 73.451 73.463 73.471 73.473 73.473 73.49 73.505 73.523 73.523 73.528 73.545 73.549 73.551 73.551 73.569 73.571 73.593 73.627 73.631 73.631 73.643 73.66 73.668 73.677 73.68 73.707 73.721 73.723 73.725 73.725 73.74 73.784 73.786 73.791 73.888 73.906 73.906 73.91 73.914 73.968 73.98 73.984 73.994 74.044 74.078 74.108 74.121 74.142 74.172 74.172 74.21 74.23 74.26 74.265 74.275 74.279 74.297 74.299 74.313 74.331 74.333 74.339 74.401 74.439 74.455 74.459 74.463 74.47 74.475 74.487 74.517 74.521 74.527 74.562 74.567 74.574 74.585 74.623 74.629 74.632 74.637 74.685 74.698 74.703 74.776 74.794 74.795 74.806 74.81 74.848 74.852 74.858 74.868 74.876 74.914 74.922 74.926 74.94 74.94 74.944 74.988 75.012 75.024 75.024 75.056 75.074 75.083 75.095 75.099 75.103 75.103 75.105 75.122 75.133 75.152 75.159 75.161 75.171 75.177 75.186 75.196 75.201 75.205 75.205 75.207 75.247 75.256 75.263 75.289 75.295 75.308 75.321 75.335 75.335 75.363 75.442 75.455 75.459 75.518 75.527 75.533 75.538 75.566 75.584 75.6 75.62 75.656 75.656 75.68 75.69 75.692 75.81 75.813 75.824 75.851 75.861 75.916 75.95 75.961 75.972 75.988 76.004 76.011 76.033 76.073 76.079 76.091 76.155 76.197 76.219 76.235 76.241 76.249 76.252 76.308 76.328 76.344 76.349 76.363 76.366 76.368 76.372 76.405 76.498 76.54 76.546 76.612 76.634 76.69 76.712 76.764 76.776 76.791 76.792 76.84 76.921 76.922 76.925 76.943 76.967 77.007 77.015 77.027 77.053 77.091 77.104 77.109 77.131 77.131 77.175 77.228 77.294 77.336 77.434 77.47 77.484 77.564 77.597 77.597 77.622 77.683 77.697 77.719 77.797 77.885 77.905 77.915 77.921 78.057 78.072 78.236 78.242 78.314 78.338 78.34 78.406 78.414 78.417 78.432 78.455 78.604 78.651 78.691 78.709 78.713 78.886 78.933 79.034 79.06 79.182 79.184 79.212 79.234 79.252 79.262 79.39 79.402 79.553 79.561 79.631 79.856 79.924 79.98 80.054 80.157 80.168 80.186 80.211 80.271 80.275 80.284 80.311 80.377 80.433 80.477 80.507 80.511 80.529 80.556 80.585 80.617 80.65 80.673 80.702 80.856 81.006 81.042 81.087 81.187 81.351 81.496 81.505 81.636 81.672 81.692 81.758 82.071 82.283 82.287 82.416 82.433 82.456 82.809 82.824 82.85 82.884 82.902 82.927 83.019 83.037 83.187 83.365 83.436 83.647 83.652 83.919 83.962 84.077 84.086 84.095 84.388 84.735 84.884 85.146 85.725 85.779 85.96 86.349 86.425 86.511 86.716 86.866 87 87.028 87.046 87.135 87.337 87.393 87.423 87.494 87.618 87.622 87.711 87.727 87.728 87.828 88.346 88.346 88.538 88.596 88.654 88.669 88.866 88.875 88.984 89.052 89.104 89.124 89.172 89.211 89.223 89.268 89.283 89.383 89.395 89.4 89.524 89.533 89.535 89.568 89.571 89.633 89.638 89.641 89.681 89.724 89.739 89.796 89.802 89.833 89.876 90.109 90.202 90.3 90.337 90.366 90.412 90.475 90.475 90.516 90.535 90.558 90.565 90.671 90.728 90.831 90.851 91.042 91.042 91.054 91.082 91.099 91.169 91.174 91.256 91.35 91.425 91.43 91.455 91.495 91.5 91.558 91.783 91.826 91.828 91.829 91.833 91.879 91.891 91.906 91.964 91.984 91.997 92.142 92.162 92.195 92.45 92.502 92.781 92.788 92.868 92.951 93.112 93.132 93.515 93.638 93.834 94.438 94.522 94.656 95.043 95.296 95.342 95.466 95.99 96.071 96.342 96.469 96.937 97.158 97.416 97.611 98.291 98.389 98.479 98.486 99.459 99.538 99.689 99.888 100.012 100.087 101.151 101.258 101.328 101.865 103.33 103.396 108.494 110.316 111.62 113.749 117.648 123.043 123.848 201.987 5279.52

Time elapsed stats:
  sum  81574.2 us
  avg  81.5742 us
  max  5279.52 us
  min  67.233 us

Removing top/bottom-5:
  sum  75390.7 us
  avg  76.1522 us
  max  113.749 us
  min  67.669 us

Num files at level --
  0: 9
  1: 19
  2: 12
  3: 0
  4: 0
  5: 0
  6: 0

Stats --
                               Compactions
Level  Files Size(MB) Time(sec) Read(MB) Write(MB)
--------------------------------------------------
  0        9       36         0        0         0
  1       19       36         0        0         0
  2       12       24         0        0         0

SSTables --
--- level 0 ---
 92:4124646['user10046604894068544' @ 9635 : 1 .. 'user971136347768642592' @ 9667 : 1]
 89:4205685['user1005640680888162' @ 8874 : 1 .. 'user960084102193685886' @ 8906 : 1]
 85:4204932['user1005972966029934054' @ 8047 : 1 .. 'user994579075160678783' @ 7972 : 1]
 81:4205504['user1006191281247775937' @ 7456 : 1 .. 'user982188593343599298' @ 7368 : 1]
 78:4205619['user1006532926542074502' @ 6714 : 1 .. 'user99137614613375737' @ 6928 : 1]
 83:4205080['user1018363447847013539' @ 7865 : 1 .. 'user993800799430696452' @ 7820 : 1]
 58:4205091['user1019483368871294435' @ 6367 : 1 .. 'user994360759942836900' @ 6491 : 1]
 91:4205756['user1044594160504054184' @ 9234 : 1 .. 'user95229708324090387' @ 9196 : 1]
 87:4205838['user1050400263547602761' @ 8556 : 1 .. 'user935751586290908468' @ 8619 : 1]
--- level 1 ---
 56:2107550['user1006751241759916385' @ 6221 : 1 .. 'user1498736710723774180' @ 4061 : 1]
 59:2107519['user1499296671235914628' @ 2800 : 1 .. 'user1940937226857796243' @ 3609 : 1]
 60:2107462['user1941497187369936691' @ 3402 : 1 .. 'user2429916395338807701' @ 3442 : 1]
 61:2107602['user2430134710556649584' @ 4885 : 1 .. 'user2893101481598462280' @ 4780 : 1]
 62:2107507['user2895889466863466734' @ 3822 : 1 .. 'user3335631825731085122' @ 5111 : 1]
 63:2107680['user3336191786243225570' @ 5762 : 1 .. 'user3810210802859994972' @ 2664 : 1]
 64:2107439['user3810429118077836855' @ 3175 : 1 .. 'user4256537540501144268' @ 6053 : 1]
 65:2107572['user4257097501013284716' @ 5270 : 1 .. 'user4760135215552099217' @ 2697 : 1]
 66:2107491['user4764821397571366898' @ 2517 : 1 .. 'user5211708095724656642' @ 5413 : 1]
 67:2107613['user5212049741018955207' @ 5233 : 1 .. 'user5623208460573458061' @ 4765 : 1]
 68:2107496['user5623768421085598509' @ 6064 : 1 .. 'user6131835534764733457' @ 4229 : 1]
 69:2107420['user6132395495276873905' @ 5110 : 1 .. 'user6533061929768560501' @ 3508 : 1]
 70:2107414['user65420917376365171' @ 3918 : 1 .. 'user7021699452955273394' @ 6015 : 1]
 71:2107611['user7030293541263826425' @ 5829 : 1 .. 'user7488014169774230992' @ 3403 : 1]
 72:1895765['user7488232484992072875' @ 4916 : 1 .. 'user7891251846139834360' @ 4796 : 1]
 73:2107521['user7900965855472668287' @ 4966 : 1 .. 'user8384575551345814934' @ 3899 : 1]
 74:2107482['user8384917196640113499' @ 2579 : 1 .. 'user8794955995170335457' @ 5853 : 1]
 75:2107295['user8795515955682475905' @ 5104 : 1 .. 'user979960568590735292' @ 3463 : 1]
 76:121025['user982748553855739746' @ 5015 : 1 .. 'user997378877721381023' @ 3797 : 1]
--- level 2 ---
 36:2107527['user1000385178204227360' @ 6 : 1 .. 'user1715321609418666813' @ 1633 : 1]
 45:2107432['user1715539924636508696' @ 2150 : 1 .. 'user2419424110275991443' @ 2320 : 1]
 46:2107346['user2422430410758837780' @ 1503 : 1 .. 'user3111914405046218919' @ 615 : 1]
 47:2107429['user3112132720264060802' @ 104 : 1 .. 'user3832315294009908384' @ 2078 : 1]
 48:2107491['user3835881555004895169' @ 1024 : 1 .. 'user4515091579447301933' @ 169 : 1]
 49:2107419['user4515651539959442381' @ 922 : 1 .. 'user5219194080304626563' @ 398 : 1]
 50:2107468['user5223101986593911913' @ 1398 : 1 .. 'user5911684375074854039' @ 2219 : 1]
 51:2107281['user5912804296099134935' @ 713 : 1 .. 'user6525357629970748697' @ 1972 : 1]
 52:2107377['user6525917590482889145' @ 67 : 1 .. 'user7230580051852354223' @ 1081 : 1]
 53:2107438['user7230798367070196106' @ 1614 : 1 .. 'user789388067335041421' @ 1243 : 1]
 54:2107349['user7908110194758339643' @ 1689 : 1 .. 'user8637323487248424022' @ 309 : 1]
 55:2046806['user8637665132542722587' @ 97 : 1 .. 'user996258956697100127' @ 1207 : 1]
--- level 3 ---
--- level 4 ---
--- level 5 ---
--- level 6 ---

