Finished 1000 requests.

Sorted time elapsed:
 72.189 72.208 72.331 72.765 72.785 72.823 72.953 72.964 72.993 72.997 73.012 73.047 73.066 73.073 73.108 73.122 73.144 73.148 73.182 73.192 73.192 73.196 73.21 73.234 73.252 73.304 73.36 73.361 73.377 73.379 73.382 73.401 73.403 73.427 73.449 73.449 73.453 73.479 73.585 73.595 73.599 73.603 73.629 73.637 73.659 73.687 73.702 73.721 73.729 73.739 73.772 73.777 73.781 73.799 73.807 73.812 73.813 73.825 73.84 73.854 73.856 73.864 73.92 73.935 73.942 73.958 73.962 73.972 73.992 74.002 74.01 74.018 74.026 74.03 74.032 74.052 74.054 74.054 74.058 74.08 74.093 74.114 74.128 74.136 74.163 74.179 74.194 74.206 74.221 74.237 74.252 74.279 74.281 74.291 74.295 74.297 74.323 74.359 74.367 74.373 74.393 74.396 74.397 74.403 74.409 74.417 74.419 74.425 74.465 74.48 74.507 74.507 74.508 74.523 74.529 74.539 74.546 74.552 74.553 74.553 74.562 74.566 74.566 74.575 74.578 74.58 74.585 74.589 74.61 74.634 74.65 74.688 74.689 74.708 74.723 74.724 74.742 74.744 74.754 74.754 74.756 74.757 74.758 74.764 74.766 74.78 74.802 74.804 74.808 74.814 74.824 74.832 74.844 74.85 74.858 74.878 74.882 74.913 74.928 74.932 74.943 74.952 74.956 74.96 74.96 74.968 75.01 75.016 75.035 75.042 75.043 75.046 75.051 75.089 75.096 75.099 75.102 75.137 75.143 75.153 75.163 75.164 75.183 75.227 75.253 75.261 75.267 75.271 75.297 75.299 75.303 75.315 75.321 75.323 75.329 75.331 75.339 75.341 75.343 75.351 75.353 75.355 75.355 75.365 75.389 75.405 75.407 75.407 75.408 75.415 75.418 75.42 75.427 75.436 75.457 75.461 75.475 75.481 75.482 75.491 75.495 75.497 75.505 75.508 75.524 75.524 75.532 75.564 75.581 75.595 75.6 75.6 75.604 75.606 75.608 75.62 75.62 75.624 75.64 75.648 75.656 75.666 75.677 75.678 75.686 75.688 75.694 75.708 75.728 75.74 75.74 75.742 75.75 75.764 75.772 75.784 75.794 75.806 75.808 75.827 75.829 75.836 75.848 75.86 75.864 75.898 75.9 75.902 75.92 75.927 75.954 75.981 75.983 75.984 75.993 75.996 76.003 76.004 76.019 76.029 76.035 76.039 76.04 76.054 76.06 76.087 76.095 76.101 76.101 76.115 76.117 76.137 76.183 76.183 76.187 76.203 76.213 76.219 76.225 76.231 76.237 76.244 76.249 76.251 76.257 76.267 76.285 76.297 76.306 76.34 76.343 76.346 76.348 76.353 76.363 76.373 76.385 76.388 76.397 76.414 76.416 76.424 76.425 76.43 76.438 76.472 76.475 76.476 76.484 76.484 76.494 76.51 76.518 76.554 76.58 76.584 76.6 76.606 76.607 76.609 76.61 76.614 76.618 76.624 76.632 76.636 76.644 76.649 76.693 76.708 76.709 76.72 76.748 76.749 76.756 76.768 76.772 76.772 76.786 76.801 76.809 76.811 76.824 76.842 76.848 76.855 76.86 76.861 76.882 76.917 76.919 76.927 76.93 76.937 76.943 76.955 76.964 76.977 76.979 76.999 77.009 77.013 77.013 77.013 77.023 77.023 77.037 77.041 77.057 77.057 77.069 77.081 77.083 77.091 77.096 77.105 77.105 77.119 77.121 77.122 77.123 77.127 77.14 77.14 77.141 77.145 77.151 77.151 77.176 77.184 77.185 77.193 77.2 77.209 77.218 77.26 77.277 77.28 77.286 77.291 77.294 77.303 77.307 77.308 77.322 77.336 77.345 77.349 77.356 77.382 77.418 77.426 77.454 77.468 77.478 77.484 77.484 77.492 77.502 77.504 77.508 77.51 77.51 77.526 77.542 77.544 77.558 77.569 77.569 77.572 77.578 77.578 77.587 77.598 77.629 77.633 77.634 77.637 77.658 77.667 77.669 77.693 77.713 77.723 77.729 77.737 77.749 77.761 77.762 77.764 77.765 77.769 77.775 77.777 77.777 77.794 77.813 77.813 77.827 77.829 77.831 77.853 77.853 77.857 77.877 77.887 77.887 77.899 77.929 77.929 77.957 77.972 77.975 77.997 78.004 78.019 78.023 78.029 78.042 78.046 78.053 78.054 78.07 78.08 78.109 78.125 78.158 78.164 78.172 78.194 78.196 78.208 78.209 78.21 78.252 78.254 78.256 78.259 78.262 78.302 78.322 78.326 78.326 78.396 78.406 78.406 78.41 78.428 78.446 78.45 78.456 78.462 78.476 78.494 78.495 78.496 78.533 78.539 78.541 78.627 78.645 78.654 78.669 78.673 78.747 78.778 78.781 78.789 78.789 78.801 78.829 78.831 78.878 78.902 78.903 78.948 78.952 78.972 78.974 78.998 79.016 79.048 79.06 79.066 79.07 79.09 79.095 79.146 79.15 79.162 79.2 79.224 79.244 79.274 79.289 79.314 79.315 79.328 79.358 79.375 79.383 79.401 79.436 79.455 79.461 79.481 79.498 79.543 79.545 79.553 79.565 79.567 79.585 79.613 79.615 79.673 79.691 79.693 79.697 79.737 79.739 79.786 79.864 79.865 79.882 79.892 79.95 79.954 79.968 80.002 80.004 80.008 80.044 80.06 80.066 80.068 80.104 80.146 80.167 80.174 80.19 80.206 80.247 80.316 80.329 80.348 80.363 80.377 80.413 80.423 80.443 80.447 80.471 80.476 80.493 80.517 80.547 80.573 80.621 80.645 80.657 80.692 80.744 80.753 80.76 80.78 80.86 80.88 80.89 80.902 80.934 80.938 80.948 80.959 81.05 81.054 81.089 81.1 81.182 81.199 81.201 81.234 81.237 81.256 81.271 81.283 81.293 81.359 81.423 81.455 81.518 81.576 81.598 81.626 81.712 81.758 81.76 81.8 81.828 81.838 81.866 81.886 81.93 81.944 82.001 82.025 82.161 82.165 82.187 82.197 82.279 82.291 82.304 82.353 82.398 82.414 82.471 82.492 82.616 82.682 82.731 82.784 82.806 82.947 82.969 83.015 83.043 83.065 83.095 83.133 83.154 83.157 83.224 83.28 83.314 83.332 83.371 83.444 83.571 83.771 83.829 84.075 84.093 84.152 84.188 84.192 84.201 84.211 84.243 84.258 84.272 84.278 84.28 84.284 84.33 84.358 84.479 84.538 84.613 84.635 84.637 84.675 84.733 84.735 84.833 84.921 84.951 84.972 85.015 85.059 85.087 85.136 85.154 85.204 85.214 85.283 85.317 85.326 85.375 85.384 85.389 85.408 85.414 85.442 85.467 85.659 85.704 85.994 86.144 86.229 86.233 86.256 86.264 86.317 86.369 86.39 86.475 86.496 86.497 86.565 86.585 86.66 86.673 86.673 86.686 86.696 86.702 86.749 86.763 87.085 87.098 87.124 87.177 87.359 87.624 87.695 88.145 88.207 88.279 88.325 88.373 88.377 88.52 88.628 88.656 88.717 88.775 88.832 88.993 89.021 89.091 89.103 89.121 89.135 89.161 89.203 89.337 89.358 89.435 89.484 89.492 89.556 89.607 89.71 89.729 89.759 89.76 89.891 89.939 90.045 90.1 90.396 90.419 90.525 90.542 90.581 90.583 90.631 90.691 90.812 90.815 90.873 90.877 90.887 90.891 90.897 91.019 91.028 91.088 91.12 91.126 91.129 91.174 91.178 91.306 91.317 91.322 91.342 91.356 91.419 91.422 91.456 91.467 91.512 91.557 91.609 91.671 91.677 91.685 91.784 91.848 91.867 91.875 91.913 91.944 91.948 92.022 92.058 92.074 92.174 92.174 92.287 92.294 92.316 92.359 92.403 92.481 92.511 92.614 92.629 92.645 92.703 92.705 92.72 92.783 92.82 92.867 92.896 92.984 93.008 93.043 93.138 93.225 93.274 93.395 93.467 93.518 93.556 93.569 93.636 93.756 93.882 93.924 93.987 94.005 94.011 94.061 94.115 94.201 94.217 94.287 94.345 94.386 94.402 94.455 94.464 94.482 94.555 94.58 94.594 94.921 94.985 95.019 95.023 95.033 95.199 95.335 95.689 95.731 95.793 95.921 96.099 96.189 96.189 96.571 96.646 96.701 96.841 96.949 97.121 97.942 97.944 97.974 98.114 98.274 98.483 98.982 99.024 99.29 99.425 99.886 99.926 100.068 100.243 100.445 100.9 101.181 101.49 102.789 102.903 103.13 103.924 104.008 104.651 106.389 107.618 108.699 109.427 110.21 110.818 112.808 113.263 113.368 113.505 127.932 134.763 150.126 158.969 161.523 163.3 164.053 170.352 172.582 176.775 177.572 190.491 199.704 205.758 387.521 6019.81

Time elapsed stats:
  sum  88461.1 us
  avg  88.4611 us
  max  6019.81 us
  min  72.189 us

Removing top/bottom-5:
  sum  81095.5 us
  avg  81.9146 us
  max  177.572 us
  min  72.823 us

Num files at level --
  0: 9
  1: 19
  2: 12
  3: 0
  4: 0
  5: 0
  6: 0

Stats --
                               Compactions
Level  Files Size(MB) Time(sec) Read(MB) Write(MB)
--------------------------------------------------
  0        9       36         0        0         0
  1       19       36         0        0         0
  2       12       24         0        0         0

SSTables --
--- level 0 ---
 92:4124646['user10046604894068544' @ 9635 : 1 .. 'user971136347768642592' @ 9667 : 1]
 89:4205685['user1005640680888162' @ 8874 : 1 .. 'user960084102193685886' @ 8906 : 1]
 85:4204932['user1005972966029934054' @ 8047 : 1 .. 'user994579075160678783' @ 7972 : 1]
 81:4205504['user1006191281247775937' @ 7456 : 1 .. 'user982188593343599298' @ 7368 : 1]
 78:4205619['user1006532926542074502' @ 6714 : 1 .. 'user99137614613375737' @ 6928 : 1]
 83:4205080['user1018363447847013539' @ 7865 : 1 .. 'user993800799430696452' @ 7820 : 1]
 58:4205091['user1019483368871294435' @ 6367 : 1 .. 'user994360759942836900' @ 6491 : 1]
 91:4205756['user1044594160504054184' @ 9234 : 1 .. 'user95229708324090387' @ 9196 : 1]
 87:4205838['user1050400263547602761' @ 8556 : 1 .. 'user935751586290908468' @ 8619 : 1]
--- level 1 ---
 56:2107550['user1006751241759916385' @ 6221 : 1 .. 'user1498736710723774180' @ 4061 : 1]
 59:2107519['user1499296671235914628' @ 2800 : 1 .. 'user1940937226857796243' @ 3609 : 1]
 60:2107462['user1941497187369936691' @ 3402 : 1 .. 'user2429916395338807701' @ 3442 : 1]
 61:2107602['user2430134710556649584' @ 4885 : 1 .. 'user2893101481598462280' @ 4780 : 1]
 62:2107507['user2895889466863466734' @ 3822 : 1 .. 'user3335631825731085122' @ 5111 : 1]
 63:2107680['user3336191786243225570' @ 5762 : 1 .. 'user3810210802859994972' @ 2664 : 1]
 64:2107439['user3810429118077836855' @ 3175 : 1 .. 'user4256537540501144268' @ 6053 : 1]
 65:2107572['user4257097501013284716' @ 5270 : 1 .. 'user4760135215552099217' @ 2697 : 1]
 66:2107491['user4764821397571366898' @ 2517 : 1 .. 'user5211708095724656642' @ 5413 : 1]
 67:2107613['user5212049741018955207' @ 5233 : 1 .. 'user5623208460573458061' @ 4765 : 1]
 68:2107496['user5623768421085598509' @ 6064 : 1 .. 'user6131835534764733457' @ 4229 : 1]
 69:2107420['user6132395495276873905' @ 5110 : 1 .. 'user6533061929768560501' @ 3508 : 1]
 70:2107414['user65420917376365171' @ 3918 : 1 .. 'user7021699452955273394' @ 6015 : 1]
 71:2107611['user7030293541263826425' @ 5829 : 1 .. 'user7488014169774230992' @ 3403 : 1]
 72:1895765['user7488232484992072875' @ 4916 : 1 .. 'user7891251846139834360' @ 4796 : 1]
 73:2107521['user7900965855472668287' @ 4966 : 1 .. 'user8384575551345814934' @ 3899 : 1]
 74:2107482['user8384917196640113499' @ 2579 : 1 .. 'user8794955995170335457' @ 5853 : 1]
 75:2107295['user8795515955682475905' @ 5104 : 1 .. 'user979960568590735292' @ 3463 : 1]
 76:121025['user982748553855739746' @ 5015 : 1 .. 'user997378877721381023' @ 3797 : 1]
--- level 2 ---
 36:2107527['user1000385178204227360' @ 6 : 1 .. 'user1715321609418666813' @ 1633 : 1]
 45:2107432['user1715539924636508696' @ 2150 : 1 .. 'user2419424110275991443' @ 2320 : 1]
 46:2107346['user2422430410758837780' @ 1503 : 1 .. 'user3111914405046218919' @ 615 : 1]
 47:2107429['user3112132720264060802' @ 104 : 1 .. 'user3832315294009908384' @ 2078 : 1]
 48:2107491['user3835881555004895169' @ 1024 : 1 .. 'user4515091579447301933' @ 169 : 1]
 49:2107419['user4515651539959442381' @ 922 : 1 .. 'user5219194080304626563' @ 398 : 1]
 50:2107468['user5223101986593911913' @ 1398 : 1 .. 'user5911684375074854039' @ 2219 : 1]
 51:2107281['user5912804296099134935' @ 713 : 1 .. 'user6525357629970748697' @ 1972 : 1]
 52:2107377['user6525917590482889145' @ 67 : 1 .. 'user7230580051852354223' @ 1081 : 1]
 53:2107438['user7230798367070196106' @ 1614 : 1 .. 'user789388067335041421' @ 1243 : 1]
 54:2107349['user7908110194758339643' @ 1689 : 1 .. 'user8637323487248424022' @ 309 : 1]
 55:2046806['user8637665132542722587' @ 97 : 1 .. 'user996258956697100127' @ 1207 : 1]
--- level 3 ---
--- level 4 ---
--- level 5 ---
--- level 6 ---

