Finished 1000 requests.

Sorted time elapsed:
 8.009 8.193 8.241 8.247 8.253 8.297 8.329 8.335 8.341 8.351 8.355 8.372 8.392 8.408 8.421 8.467 8.514 8.541 8.714 8.793 8.816 8.852 8.863 9.043 9.171 9.177 9.193 9.217 9.236 9.255 9.267 9.288 9.292 9.299 9.305 9.307 9.316 9.318 9.331 9.332 9.334 9.344 9.351 9.354 9.357 9.358 9.391 9.393 9.398 9.398 9.4 9.4 9.412 9.422 9.424 9.428 9.434 9.436 9.438 9.442 9.442 9.444 9.446 9.448 9.452 9.456 9.46 9.464 9.472 9.481 9.482 9.488 9.496 9.498 9.502 9.502 9.503 9.505 9.506 9.522 9.526 9.528 9.528 9.532 9.534 9.536 9.538 9.541 9.542 9.543 9.546 9.546 9.548 9.548 9.551 9.552 9.554 9.556 9.566 9.578 9.58 9.582 9.593 9.598 9.6 9.614 9.618 9.633 9.646 9.653 9.66 9.665 9.666 9.668 9.672 9.674 9.692 9.717 9.723 9.737 9.745 9.747 9.757 9.763 9.764 9.764 9.78 9.789 9.881 9.903 9.917 9.949 9.963 9.977 9.983 10.011 10.024 10.043 10.054 10.056 10.064 10.072 10.073 10.09 10.094 10.1 10.1 10.101 10.105 10.105 10.107 10.116 10.123 10.128 10.13 10.132 10.132 10.134 10.135 10.145 10.146 10.148 10.149 10.151 10.152 10.158 10.161 10.17 10.174 10.174 10.174 10.184 10.184 10.185 10.196 10.204 10.206 10.207 10.208 10.21 10.214 10.215 10.217 10.225 10.228 10.228 10.231 10.234 10.234 10.238 10.24 10.244 10.244 10.244 10.244 10.248 10.248 10.25 10.25 10.254 10.256 10.259 10.266 10.268 10.269 10.274 10.275 10.276 10.28 10.281 10.282 10.284 10.286 10.29 10.29 10.29 10.294 10.294 10.294 10.294 10.297 10.298 10.298 10.302 10.302 10.304 10.306 10.308 10.308 10.322 10.322 10.324 10.328 10.328 10.338 10.344 10.344 10.346 10.348 10.35 10.35 10.356 10.358 10.37 10.374 10.378 10.38 10.38 10.382 10.382 10.384 10.386 10.386 10.388 10.389 10.396 10.407 10.41 10.41 10.412 10.412 10.416 10.417 10.42 10.43 10.433 10.435 10.44 10.442 10.456 10.458 10.464 10.468 10.469 10.47 10.474 10.474 10.488 10.491 10.507 10.515 10.528 10.533 10.537 10.539 10.539 10.548 10.555 10.568 10.571 10.575 10.58 10.599 10.601 10.608 10.608 10.614 10.621 10.627 10.629 10.635 10.639 10.648 10.648 10.651 10.655 10.677 10.687 10.704 10.717 10.727 10.737 10.741 10.747 10.755 10.78 10.783 10.783 10.791 10.791 10.803 10.811 10.827 10.835 10.867 10.869 10.958 10.989 11.024 11.024 11.027 11.052 11.086 11.089 11.142 11.2 11.202 11.238 11.276 11.278 11.299 11.302 11.31 11.316 11.34 11.349 11.356 11.357 11.358 11.358 11.364 11.366 11.366 11.374 11.375 11.378 11.383 11.383 11.384 11.387 11.389 11.395 11.396 11.397 11.4 11.4 11.4 11.402 11.41 11.412 11.421 11.423 11.425 11.434 11.435 11.437 11.441 11.446 11.447 11.448 11.448 11.451 11.451 11.455 11.455 11.465 11.468 11.469 11.471 11.483 11.483 11.483 11.483 11.484 11.484 11.486 11.493 11.495 11.505 11.511 11.523 11.524 11.539 11.543 11.545 11.553 11.555 11.557 11.567 11.571 11.574 11.577 11.581 11.581 11.595 11.605 11.607 11.609 11.615 11.615 11.629 11.641 11.643 11.649 11.653 11.659 11.667 11.675 11.683 11.687 11.691 11.696 11.697 11.709 11.711 11.721 11.737 11.739 11.747 11.748 11.756 11.769 11.792 11.806 11.807 11.842 11.859 11.868 11.871 11.884 11.886 11.949 11.977 11.992 12.002 12.004 12.01 12.022 12.028 12.034 12.04 12.048 12.058 12.064 12.07 12.072 12.074 12.078 12.08 12.088 12.09 12.094 12.1 12.104 12.109 12.118 12.126 12.144 12.144 12.149 12.15 12.159 12.164 12.168 12.173 12.184 12.188 12.193 12.213 12.214 12.217 12.219 12.223 12.246 12.247 12.248 12.25 12.253 12.259 12.263 12.268 12.273 12.281 12.281 12.297 12.308 12.311 12.314 12.344 12.354 12.363 12.365 12.377 12.403 12.405 12.407 12.409 12.409 12.421 12.441 12.489 12.503 12.547 12.551 12.569 12.617 12.703 12.705 12.709 12.728 12.822 12.848 13.012 13.345 13.537 13.588 14.037 14.038 14.085 14.241 14.428 14.78 15.171 15.27 15.292 15.496 15.736 15.993 16.085 16.101 16.141 16.153 16.195 16.318 16.372 16.386 16.963 17.18 17.521 17.525 17.549 17.589 17.665 17.725 17.757 17.833 17.856 17.877 17.878 17.91 17.934 17.934 17.966 17.97 17.982 17.982 18.005 18.006 18.022 18.062 18.066 18.102 18.122 18.122 18.17 18.194 18.195 18.222 18.227 18.231 18.234 18.242 18.246 18.251 18.254 18.263 18.339 18.367 18.399 18.411 18.426 18.431 18.458 18.499 18.527 18.571 18.575 18.575 18.619 18.707 18.715 18.719 18.771 18.776 18.784 18.856 18.892 18.908 18.985 19.076 19.077 19.088 19.096 19.101 19.101 19.112 19.117 19.12 19.12 19.136 19.137 19.145 19.156 19.16 19.161 19.164 19.177 19.208 19.217 19.228 19.229 19.232 19.232 19.253 19.261 19.265 19.297 19.301 19.301 19.317 19.325 19.325 19.329 19.357 19.361 19.365 19.377 19.385 19.402 19.405 19.417 19.425 19.426 19.433 19.433 19.434 19.473 19.477 19.501 19.529 19.533 19.537 19.541 19.561 19.578 19.578 19.585 19.597 19.598 19.617 19.625 19.626 19.641 19.654 19.661 19.678 19.721 19.726 19.734 19.758 19.758 19.758 19.762 19.774 19.79 19.818 19.82 19.826 19.826 19.854 19.858 19.862 19.87 19.878 19.886 19.894 19.914 19.922 19.926 19.926 19.935 19.95 19.971 19.982 19.987 20.046 20.058 20.063 20.063 20.099 20.107 20.11 20.111 20.111 20.135 20.171 20.191 20.251 20.251 20.255 20.271 20.275 20.304 20.308 20.315 20.319 20.351 20.355 20.432 20.44 20.468 20.483 20.532 20.56 20.599 20.604 20.628 20.664 20.684 20.729 20.736 20.736 20.761 20.781 20.8 20.804 20.805 20.869 20.873 20.877 20.889 20.893 20.925 20.957 20.977 20.977 20.985 20.985 20.989 20.997 21.001 21.009 21.012 21.029 21.037 21.045 21.045 21.069 21.073 21.093 21.109 21.113 21.113 21.145 21.15 21.165 21.198 21.201 21.221 21.229 21.238 21.258 21.261 21.277 21.278 21.278 21.281 21.325 21.342 21.35 21.357 21.358 21.37 21.378 21.402 21.417 21.421 21.422 21.442 21.466 21.478 21.482 21.482 21.482 21.482 21.498 21.502 21.518 21.526 21.534 21.542 21.546 21.554 21.558 21.571 21.574 21.578 21.582 21.586 21.59 21.606 21.614 21.618 21.618 21.638 21.662 21.666 21.667 21.679 21.702 21.723 21.726 21.735 21.77 21.77 21.771 21.775 21.778 21.787 21.791 21.831 21.859 21.875 21.906 21.935 21.971 21.979 21.983 21.992 22.039 22.096 22.184 22.248 22.311 22.348 22.404 22.46 22.492 22.492 22.493 22.5 22.504 22.512 22.524 22.529 22.561 22.581 22.589 22.592 22.593 22.608 22.616 22.621 22.625 22.632 22.641 22.652 22.684 22.701 22.717 22.717 22.728 22.729 22.741 22.749 22.749 22.757 22.757 22.777 22.781 22.797 22.801 22.805 22.825 22.829 22.838 22.845 22.845 22.857 22.858 22.881 22.885 22.889 22.909 22.925 22.929 22.942 22.946 22.969 22.973 22.986 22.989 22.99 22.99 22.99 23.018 23.018 23.021 23.025 23.029 23.041 23.069 23.069 23.07 23.077 23.085 23.086 23.126 23.13 23.138 23.138 23.142 23.142 23.146 23.154 23.21 23.214 23.238 23.254 23.27 23.271 23.298 23.298 23.306 23.33 23.346 23.363 23.378 23.391 23.419 23.434 23.443 23.463 23.475 23.506 23.506 23.511 23.526 23.539 23.547 23.675 23.679 23.683 23.692 23.791 23.899 23.912 23.995 24.188 25.282 25.323 25.536 25.683 26.044 26.654 26.758 27.007 27.107 27.291 27.396 28.382 29.168 30.393 31.73 31.998 38.425 46.456 52.675 69.874 895.265

Time elapsed stats:
  sum  16392.3 us
  avg  16.3923 us
  max  895.265 us
  min  8.009 us

Removing top/bottom-5:
  sum  15248.7 us
  avg  15.4027 us
  max  31.998 us
  min  8.297 us

Num files at level --
  0: 9
  1: 19
  2: 12
  3: 0
  4: 0
  5: 0
  6: 0

Stats --
                               Compactions
Level  Files Size(MB) Time(sec) Read(MB) Write(MB)
--------------------------------------------------
  0        9       36         0        0         0
  1       19       36         0        0         0
  2       12       24         0        0         0

SSTables --
--- level 0 ---
 92:4124646['user10046604894068544' @ 9635 : 1 .. 'user971136347768642592' @ 9667 : 1]
 89:4205685['user1005640680888162' @ 8874 : 1 .. 'user960084102193685886' @ 8906 : 1]
 85:4204932['user1005972966029934054' @ 8047 : 1 .. 'user994579075160678783' @ 7972 : 1]
 81:4205504['user1006191281247775937' @ 7456 : 1 .. 'user982188593343599298' @ 7368 : 1]
 78:4205619['user1006532926542074502' @ 6714 : 1 .. 'user99137614613375737' @ 6928 : 1]
 83:4205080['user1018363447847013539' @ 7865 : 1 .. 'user993800799430696452' @ 7820 : 1]
 58:4205091['user1019483368871294435' @ 6367 : 1 .. 'user994360759942836900' @ 6491 : 1]
 91:4205756['user1044594160504054184' @ 9234 : 1 .. 'user95229708324090387' @ 9196 : 1]
 87:4205838['user1050400263547602761' @ 8556 : 1 .. 'user935751586290908468' @ 8619 : 1]
--- level 1 ---
 56:2107550['user1006751241759916385' @ 6221 : 1 .. 'user1498736710723774180' @ 4061 : 1]
 59:2107519['user1499296671235914628' @ 2800 : 1 .. 'user1940937226857796243' @ 3609 : 1]
 60:2107462['user1941497187369936691' @ 3402 : 1 .. 'user2429916395338807701' @ 3442 : 1]
 61:2107602['user2430134710556649584' @ 4885 : 1 .. 'user2893101481598462280' @ 4780 : 1]
 62:2107507['user2895889466863466734' @ 3822 : 1 .. 'user3335631825731085122' @ 5111 : 1]
 63:2107680['user3336191786243225570' @ 5762 : 1 .. 'user3810210802859994972' @ 2664 : 1]
 64:2107439['user3810429118077836855' @ 3175 : 1 .. 'user4256537540501144268' @ 6053 : 1]
 65:2107572['user4257097501013284716' @ 5270 : 1 .. 'user4760135215552099217' @ 2697 : 1]
 66:2107491['user4764821397571366898' @ 2517 : 1 .. 'user5211708095724656642' @ 5413 : 1]
 67:2107613['user5212049741018955207' @ 5233 : 1 .. 'user5623208460573458061' @ 4765 : 1]
 68:2107496['user5623768421085598509' @ 6064 : 1 .. 'user6131835534764733457' @ 4229 : 1]
 69:2107420['user6132395495276873905' @ 5110 : 1 .. 'user6533061929768560501' @ 3508 : 1]
 70:2107414['user65420917376365171' @ 3918 : 1 .. 'user7021699452955273394' @ 6015 : 1]
 71:2107611['user7030293541263826425' @ 5829 : 1 .. 'user7488014169774230992' @ 3403 : 1]
 72:1895765['user7488232484992072875' @ 4916 : 1 .. 'user7891251846139834360' @ 4796 : 1]
 73:2107521['user7900965855472668287' @ 4966 : 1 .. 'user8384575551345814934' @ 3899 : 1]
 74:2107482['user8384917196640113499' @ 2579 : 1 .. 'user8794955995170335457' @ 5853 : 1]
 75:2107295['user8795515955682475905' @ 5104 : 1 .. 'user979960568590735292' @ 3463 : 1]
 76:121025['user982748553855739746' @ 5015 : 1 .. 'user997378877721381023' @ 3797 : 1]
--- level 2 ---
 36:2107527['user1000385178204227360' @ 6 : 1 .. 'user1715321609418666813' @ 1633 : 1]
 45:2107432['user1715539924636508696' @ 2150 : 1 .. 'user2419424110275991443' @ 2320 : 1]
 46:2107346['user2422430410758837780' @ 1503 : 1 .. 'user3111914405046218919' @ 615 : 1]
 47:2107429['user3112132720264060802' @ 104 : 1 .. 'user3832315294009908384' @ 2078 : 1]
 48:2107491['user3835881555004895169' @ 1024 : 1 .. 'user4515091579447301933' @ 169 : 1]
 49:2107419['user4515651539959442381' @ 922 : 1 .. 'user5219194080304626563' @ 398 : 1]
 50:2107468['user5223101986593911913' @ 1398 : 1 .. 'user5911684375074854039' @ 2219 : 1]
 51:2107281['user5912804296099134935' @ 713 : 1 .. 'user6525357629970748697' @ 1972 : 1]
 52:2107377['user6525917590482889145' @ 67 : 1 .. 'user7230580051852354223' @ 1081 : 1]
 53:2107438['user7230798367070196106' @ 1614 : 1 .. 'user789388067335041421' @ 1243 : 1]
 54:2107349['user7908110194758339643' @ 1689 : 1 .. 'user8637323487248424022' @ 309 : 1]
 55:2046806['user8637665132542722587' @ 97 : 1 .. 'user996258956697100127' @ 1207 : 1]
--- level 3 ---
--- level 4 ---
--- level 5 ---
--- level 6 ---

