Finished 1000 requests.

Sorted time elapsed:
 18.936 18.986 19.092 19.149 19.15 19.393 19.45 19.458 19.493 19.499 19.547 19.571 19.578 19.637 19.65 19.668 19.672 19.675 19.704 19.712 19.714 19.731 19.734 19.832 19.836 19.856 19.944 19.952 19.995 20.009 20.014 20.038 20.076 20.085 20.122 20.132 20.149 20.181 20.209 20.233 20.235 20.258 20.268 20.277 20.279 20.313 20.326 20.337 20.337 20.359 20.361 20.363 20.377 20.395 20.397 20.399 20.403 20.405 20.41 20.418 20.421 20.435 20.438 20.491 20.511 20.522 20.534 20.548 20.551 20.553 20.557 20.565 20.567 20.58 20.592 20.6 20.617 20.628 20.63 20.64 20.64 20.646 20.65 20.656 20.658 20.66 20.672 20.674 20.684 20.69 20.728 20.749 20.754 20.758 20.77 20.775 20.781 20.798 20.8 20.8 20.802 20.808 20.826 20.827 20.829 20.831 20.837 20.84 20.886 20.889 20.889 20.897 20.908 20.915 20.928 20.959 20.966 20.969 20.969 20.984 20.985 20.989 20.997 21.003 21.003 21.015 21.017 21.023 21.025 21.027 21.047 21.07 21.077 21.099 21.105 21.109 21.113 21.137 21.139 21.159 21.162 21.177 21.183 21.191 21.195 21.199 21.203 21.205 21.212 21.217 21.22 21.232 21.235 21.24 21.243 21.251 21.277 21.283 21.284 21.285 21.287 21.29 21.292 21.292 21.306 21.308 21.319 21.32 21.332 21.38 21.384 21.408 21.42 21.43 21.434 21.434 21.438 21.456 21.462 21.466 21.466 21.474 21.476 21.479 21.481 21.484 21.488 21.49 21.492 21.496 21.504 21.506 21.51 21.516 21.516 21.522 21.522 21.522 21.536 21.538 21.544 21.558 21.559 21.562 21.562 21.564 21.566 21.572 21.58 21.582 21.608 21.61 21.625 21.626 21.63 21.63 21.631 21.634 21.641 21.657 21.664 21.664 21.665 21.669 21.671 21.677 21.68 21.697 21.71 21.714 21.716 21.717 21.717 21.72 21.722 21.725 21.731 21.735 21.741 21.744 21.744 21.76 21.761 21.765 21.769 21.782 21.783 21.794 21.807 21.807 21.809 21.821 21.821 21.822 21.823 21.827 21.827 21.833 21.833 21.837 21.837 21.837 21.847 21.848 21.851 21.855 21.855 21.873 21.881 21.883 21.883 21.889 21.889 21.891 21.893 21.898 21.905 21.917 21.927 21.927 21.929 21.941 21.943 21.947 21.949 21.951 21.957 21.977 21.993 21.999 22.001 22.009 22.013 22.014 22.015 22.015 22.017 22.019 22.019 22.022 22.025 22.029 22.035 22.036 22.037 22.041 22.045 22.046 22.047 22.051 22.057 22.058 22.059 22.059 22.074 22.077 22.079 22.082 22.085 22.086 22.095 22.095 22.097 22.097 22.097 22.101 22.103 22.107 22.113 22.116 22.117 22.119 22.12 22.121 22.123 22.126 22.131 22.134 22.137 22.141 22.144 22.146 22.149 22.159 22.163 22.166 22.167 22.167 22.168 22.17 22.172 22.178 22.178 22.182 22.184 22.187 22.19 22.192 22.193 22.198 22.198 22.199 22.2 22.212 22.216 22.222 22.232 22.24 22.25 22.252 22.253 22.258 22.261 22.262 22.27 22.279 22.284 22.29 22.292 22.3 22.306 22.308 22.31 22.31 22.314 22.315 22.318 22.32 22.322 22.324 22.328 22.336 22.336 22.338 22.344 22.344 22.35 22.35 22.352 22.358 22.366 22.372 22.372 22.372 22.376 22.382 22.382 22.386 22.388 22.392 22.394 22.397 22.398 22.41 22.41 22.412 22.414 22.418 22.424 22.439 22.446 22.448 22.448 22.451 22.452 22.459 22.462 22.462 22.464 22.466 22.475 22.482 22.482 22.489 22.492 22.492 22.498 22.504 22.514 22.517 22.518 22.522 22.526 22.526 22.527 22.53 22.536 22.537 22.539 22.539 22.542 22.546 22.552 22.563 22.567 22.578 22.584 22.585 22.587 22.594 22.594 22.607 22.609 22.61 22.623 22.624 22.625 22.629 22.63 22.633 22.635 22.649 22.652 22.655 22.66 22.662 22.665 22.676 22.678 22.68 22.681 22.682 22.691 22.691 22.697 22.703 22.706 22.707 22.707 22.709 22.725 22.727 22.727 22.74 22.747 22.749 22.751 22.753 22.759 22.761 22.765 22.767 22.769 22.769 22.773 22.775 22.781 22.791 22.793 22.795 22.797 22.799 22.803 22.803 22.805 22.809 22.811 22.817 22.817 22.829 22.839 22.851 22.851 22.855 22.863 22.865 22.865 22.869 22.887 22.889 22.891 22.896 22.901 22.913 22.913 22.919 22.928 22.929 22.935 22.938 22.954 22.955 22.956 22.967 22.969 22.979 22.986 22.987 22.989 22.991 22.995 22.999 23.001 23.024 23.033 23.044 23.045 23.046 23.052 23.061 23.068 23.086 23.086 23.087 23.093 23.104 23.105 23.117 23.12 23.134 23.154 23.172 23.181 23.182 23.194 23.21 23.214 23.214 23.218 23.224 23.228 23.23 23.234 23.24 23.246 23.26 23.264 23.27 23.296 23.3 23.304 23.304 23.312 23.322 23.33 23.334 23.349 23.35 23.352 23.353 23.358 23.359 23.362 23.376 23.376 23.38 23.392 23.406 23.411 23.412 23.433 23.436 23.437 23.44 23.441 23.441 23.459 23.467 23.485 23.498 23.523 23.539 23.543 23.546 23.547 23.553 23.555 23.565 23.565 23.566 23.566 23.566 23.567 23.573 23.577 23.579 23.592 23.612 23.615 23.615 23.627 23.637 23.655 23.655 23.661 23.669 23.673 23.677 23.677 23.683 23.703 23.71 23.713 23.715 23.727 23.735 23.735 23.735 23.736 23.751 23.753 23.754 23.756 23.766 23.787 23.807 23.831 23.858 23.867 23.872 23.879 23.879 23.892 23.913 23.918 23.921 23.939 23.944 23.954 23.962 23.962 23.974 23.977 23.992 23.992 24 24.014 24.036 24.036 24.042 24.052 24.056 24.098 24.114 24.116 24.12 24.132 24.134 24.134 24.136 24.162 24.17 24.188 24.194 24.202 24.208 24.226 24.234 24.246 24.258 24.264 24.266 24.267 24.274 24.278 24.282 24.298 24.325 24.327 24.337 24.347 24.349 24.357 24.372 24.389 24.4 24.407 24.419 24.43 24.445 24.455 24.457 24.509 24.526 24.533 24.547 24.553 24.597 24.639 24.649 24.67 24.675 24.677 24.68 24.69 24.691 24.701 24.702 24.714 24.736 24.752 24.76 24.763 24.765 24.794 24.802 24.828 24.846 24.848 24.852 24.888 24.89 24.93 24.936 24.98 25.036 25.062 25.07 25.083 25.142 25.162 25.165 25.173 25.178 25.199 25.201 25.265 25.287 25.381 25.411 25.593 25.615 25.636 25.694 25.698 25.762 25.77 25.79 25.794 26.099 26.127 26.129 26.384 26.546 26.813 26.957 27.191 27.235 27.52 27.612 27.7 28.021 28.573 28.593 28.916 29.367 29.695 29.816 30.082 30.377 30.392 30.479 30.523 30.643 30.737 30.828 30.852 31.066 31.1 31.677 31.734 31.91 32.698 32.704 32.732 32.858 34.753 35.185 36.086 38.084 38.094 38.941 39.167 39.424 39.524 39.652 39.757 39.841 39.933 40.37 40.39 40.779 40.939 41.076 41.2 41.228 41.344 41.42 41.489 41.605 41.657 41.661 41.684 41.865 41.885 42.298 42.325 42.363 42.402 42.467 42.563 42.571 42.863 43.02 43.06 43.148 43.185 43.191 43.353 43.409 43.521 43.557 43.565 43.573 43.681 43.773 43.786 43.903 43.91 43.95 44.006 44.018 44.054 44.058 44.159 44.187 44.355 44.439 44.463 44.575 44.591 44.696 44.809 44.868 45 45.001 45.024 45.109 45.129 45.181 45.225 45.225 45.253 45.333 45.386 45.465 45.53 45.654 45.655 45.678 45.811 45.919 45.935 45.955 46.068 46.107 46.135 46.135 46.139 46.147 46.219 46.26 46.316 46.319 46.388 46.428 46.452 46.496 46.564 46.981 47.21 47.261 47.285 47.511 47.579 47.611 47.639 47.659 47.679 47.811 47.915 47.999 48.031 48.103 48.127 48.256 48.268 48.328 48.44 48.597 48.633 48.747 48.797 49.202 49.218 49.318 49.402 49.595 49.74 49.744 49.835 49.912 50.18 50.208 50.221 50.236 50.486 50.682 50.738 50.983 51.143 51.155 51.291 51.299 51.448 51.479 51.532 51.592 51.596 51.841 51.936 52.19 53.156 53.597 54.599 54.967 55.89 56.556 58.776 59.819 64.943 65.526 66.089 67.228 67.733 68.712 70.752 118.303 168.656 2244.56

Time elapsed stats:
  sum  29292.6 us
  avg  29.2926 us
  max  2244.56 us
  min  18.936 us

Removing top/bottom-5:
  sum  26526.3 us
  avg  26.7942 us
  max  67.733 us
  min  19.393 us

Num files at level --
  0: 9
  1: 19
  2: 12
  3: 0
  4: 0
  5: 0
  6: 0

Stats --
                               Compactions
Level  Files Size(MB) Time(sec) Read(MB) Write(MB)
--------------------------------------------------
  0        9       36         0        0         0
  1       19       36         0        0         0
  2       12       24         0        0         0

SSTables --
--- level 0 ---
 92:4124646['user10046604894068544' @ 9635 : 1 .. 'user971136347768642592' @ 9667 : 1]
 89:4205685['user1005640680888162' @ 8874 : 1 .. 'user960084102193685886' @ 8906 : 1]
 85:4204932['user1005972966029934054' @ 8047 : 1 .. 'user994579075160678783' @ 7972 : 1]
 81:4205504['user1006191281247775937' @ 7456 : 1 .. 'user982188593343599298' @ 7368 : 1]
 78:4205619['user1006532926542074502' @ 6714 : 1 .. 'user99137614613375737' @ 6928 : 1]
 83:4205080['user1018363447847013539' @ 7865 : 1 .. 'user993800799430696452' @ 7820 : 1]
 58:4205091['user1019483368871294435' @ 6367 : 1 .. 'user994360759942836900' @ 6491 : 1]
 91:4205756['user1044594160504054184' @ 9234 : 1 .. 'user95229708324090387' @ 9196 : 1]
 87:4205838['user1050400263547602761' @ 8556 : 1 .. 'user935751586290908468' @ 8619 : 1]
--- level 1 ---
 56:2107550['user1006751241759916385' @ 6221 : 1 .. 'user1498736710723774180' @ 4061 : 1]
 59:2107519['user1499296671235914628' @ 2800 : 1 .. 'user1940937226857796243' @ 3609 : 1]
 60:2107462['user1941497187369936691' @ 3402 : 1 .. 'user2429916395338807701' @ 3442 : 1]
 61:2107602['user2430134710556649584' @ 4885 : 1 .. 'user2893101481598462280' @ 4780 : 1]
 62:2107507['user2895889466863466734' @ 3822 : 1 .. 'user3335631825731085122' @ 5111 : 1]
 63:2107680['user3336191786243225570' @ 5762 : 1 .. 'user3810210802859994972' @ 2664 : 1]
 64:2107439['user3810429118077836855' @ 3175 : 1 .. 'user4256537540501144268' @ 6053 : 1]
 65:2107572['user4257097501013284716' @ 5270 : 1 .. 'user4760135215552099217' @ 2697 : 1]
 66:2107491['user4764821397571366898' @ 2517 : 1 .. 'user5211708095724656642' @ 5413 : 1]
 67:2107613['user5212049741018955207' @ 5233 : 1 .. 'user5623208460573458061' @ 4765 : 1]
 68:2107496['user5623768421085598509' @ 6064 : 1 .. 'user6131835534764733457' @ 4229 : 1]
 69:2107420['user6132395495276873905' @ 5110 : 1 .. 'user6533061929768560501' @ 3508 : 1]
 70:2107414['user65420917376365171' @ 3918 : 1 .. 'user7021699452955273394' @ 6015 : 1]
 71:2107611['user7030293541263826425' @ 5829 : 1 .. 'user7488014169774230992' @ 3403 : 1]
 72:1895765['user7488232484992072875' @ 4916 : 1 .. 'user7891251846139834360' @ 4796 : 1]
 73:2107521['user7900965855472668287' @ 4966 : 1 .. 'user8384575551345814934' @ 3899 : 1]
 74:2107482['user8384917196640113499' @ 2579 : 1 .. 'user8794955995170335457' @ 5853 : 1]
 75:2107295['user8795515955682475905' @ 5104 : 1 .. 'user979960568590735292' @ 3463 : 1]
 76:121025['user982748553855739746' @ 5015 : 1 .. 'user997378877721381023' @ 3797 : 1]
--- level 2 ---
 36:2107527['user1000385178204227360' @ 6 : 1 .. 'user1715321609418666813' @ 1633 : 1]
 45:2107432['user1715539924636508696' @ 2150 : 1 .. 'user2419424110275991443' @ 2320 : 1]
 46:2107346['user2422430410758837780' @ 1503 : 1 .. 'user3111914405046218919' @ 615 : 1]
 47:2107429['user3112132720264060802' @ 104 : 1 .. 'user3832315294009908384' @ 2078 : 1]
 48:2107491['user3835881555004895169' @ 1024 : 1 .. 'user4515091579447301933' @ 169 : 1]
 49:2107419['user4515651539959442381' @ 922 : 1 .. 'user5219194080304626563' @ 398 : 1]
 50:2107468['user5223101986593911913' @ 1398 : 1 .. 'user5911684375074854039' @ 2219 : 1]
 51:2107281['user5912804296099134935' @ 713 : 1 .. 'user6525357629970748697' @ 1972 : 1]
 52:2107377['user6525917590482889145' @ 67 : 1 .. 'user7230580051852354223' @ 1081 : 1]
 53:2107438['user7230798367070196106' @ 1614 : 1 .. 'user789388067335041421' @ 1243 : 1]
 54:2107349['user7908110194758339643' @ 1689 : 1 .. 'user8637323487248424022' @ 309 : 1]
 55:2046806['user8637665132542722587' @ 97 : 1 .. 'user996258956697100127' @ 1207 : 1]
--- level 3 ---
--- level 4 ---
--- level 5 ---
--- level 6 ---

