Finished 1000 requests.

Sorted time elapsed:
 24.48 24.588 24.589 24.591 24.593 24.623 24.649 24.653 24.656 24.659 24.672 24.696 24.72 24.725 24.732 24.748 24.757 24.762 24.763 24.77 24.772 24.784 24.784 24.785 24.804 24.805 24.806 24.806 24.812 24.814 24.823 24.828 24.832 24.837 24.842 24.847 24.857 24.86 24.862 24.864 24.87 24.874 24.882 24.886 24.886 24.912 24.916 24.918 24.936 24.974 24.986 25 25.006 25.016 25.035 25.042 25.062 25.076 25.078 25.099 25.103 25.108 25.126 25.136 25.138 25.154 25.168 25.189 25.193 25.196 25.197 25.215 25.249 25.312 25.357 25.357 25.404 25.734 25.754 25.795 25.8 25.82 25.824 25.826 25.828 25.836 25.842 25.844 25.846 25.846 25.848 25.852 25.852 25.87 25.876 25.9 25.9 25.904 25.91 25.936 25.937 25.94 25.94 25.95 25.96 25.968 25.971 25.974 25.979 25.98 25.993 25.994 25.997 26.006 26.016 26.017 26.024 26.043 26.051 26.06 26.061 26.073 26.074 26.079 26.083 26.086 26.087 26.121 26.123 26.166 26.173 26.189 26.193 26.203 26.203 26.217 26.221 26.221 26.247 26.269 26.273 26.283 26.301 26.305 26.305 26.307 26.315 26.329 26.331 26.331 26.333 26.333 26.334 26.337 26.343 26.352 26.357 26.359 26.375 26.377 26.377 26.381 26.385 26.385 26.39 26.391 26.392 26.395 26.399 26.4 26.403 26.403 26.411 26.412 26.417 26.417 26.419 26.419 26.421 26.425 26.432 26.432 26.433 26.434 26.436 26.437 26.438 26.441 26.445 26.446 26.449 26.452 26.454 26.455 26.464 26.465 26.468 26.469 26.474 26.479 26.479 26.48 26.483 26.484 26.489 26.494 26.495 26.5 26.5 26.504 26.506 26.506 26.506 26.509 26.51 26.512 26.513 26.514 26.514 26.516 26.518 26.519 26.519 26.522 26.525 26.527 26.53 26.531 26.532 26.534 26.534 26.536 26.536 26.537 26.538 26.54 26.54 26.544 26.545 26.545 26.546 26.546 26.547 26.55 26.551 26.551 26.554 26.557 26.564 26.565 26.566 26.566 26.569 26.57 26.57 26.573 26.573 26.573 26.574 26.576 26.576 26.576 26.576 26.577 26.578 26.578 26.582 26.584 26.585 26.586 26.586 26.592 26.592 26.594 26.594 26.594 26.595 26.596 26.601 26.604 26.605 26.606 26.614 26.614 26.618 26.618 26.622 26.623 26.624 26.624 26.624 26.626 26.631 26.632 26.632 26.64 26.642 26.644 26.646 26.648 26.649 26.65 26.65 26.654 26.656 26.66 26.662 26.662 26.664 26.664 26.666 26.668 26.668 26.67 26.67 26.67 26.672 26.672 26.676 26.676 26.678 26.678 26.678 26.684 26.686 26.686 26.688 26.688 26.688 26.69 26.694 26.694 26.696 26.698 26.698 26.7 26.7 26.702 26.703 26.704 26.704 26.71 26.714 26.718 26.72 26.724 26.728 26.729 26.73 26.734 26.743 26.748 26.749 26.75 26.754 26.758 26.761 26.762 26.764 26.766 26.766 26.772 26.782 26.788 26.792 26.794 26.794 26.796 26.8 26.8 26.802 26.804 26.806 26.808 26.808 26.809 26.81 26.81 26.814 26.818 26.82 26.82 26.822 26.826 26.827 26.828 26.83 26.833 26.834 26.834 26.834 26.836 26.836 26.839 26.842 26.843 26.845 26.85 26.85 26.85 26.857 26.86 26.86 26.861 26.863 26.865 26.866 26.869 26.871 26.874 26.876 26.877 26.884 26.885 26.885 26.892 26.894 26.896 26.901 26.906 26.908 26.909 26.919 26.92 26.924 26.925 26.928 26.93 26.937 26.939 26.941 26.941 26.941 26.943 26.949 26.951 26.951 26.958 26.962 26.962 26.967 26.975 26.981 26.989 26.989 26.989 26.999 27.005 27.014 27.016 27.017 27.021 27.027 27.033 27.043 27.043 27.045 27.045 27.045 27.069 27.071 27.075 27.075 27.085 27.088 27.099 27.109 27.109 27.111 27.117 27.129 27.135 27.143 27.153 27.18 27.183 27.197 27.203 27.203 27.206 27.219 27.219 27.233 27.233 27.248 27.255 27.257 27.3 27.348 27.36 27.39 27.414 27.435 27.472 27.486 27.522 27.556 27.586 27.604 27.612 27.616 27.642 27.65 27.655 27.667 27.707 27.71 27.72 27.741 27.755 27.757 27.759 27.759 27.76 27.768 27.769 27.77 27.772 27.776 27.785 27.791 27.8 27.801 27.807 27.816 27.819 27.826 27.829 27.834 27.835 27.835 27.867 27.889 27.893 27.893 27.893 27.912 27.915 27.923 27.923 27.925 27.925 27.931 27.941 27.943 27.943 27.949 27.949 27.957 27.963 27.965 27.967 27.969 27.979 27.983 27.983 27.987 28.022 28.033 28.051 28.055 28.073 28.081 28.084 28.095 28.108 28.109 28.114 28.123 28.13 28.141 28.148 28.152 28.154 28.161 28.165 28.171 28.18 28.181 28.184 28.185 28.196 28.223 28.227 28.234 28.234 28.243 28.245 28.249 28.253 28.254 28.258 28.264 28.267 28.27 28.272 28.282 28.288 28.293 28.296 28.3 28.3 28.307 28.31 28.316 28.318 28.318 28.32 28.326 28.332 28.334 28.336 28.34 28.34 28.346 28.346 28.348 28.349 28.352 28.352 28.358 28.36 28.36 28.365 28.365 28.366 28.366 28.366 28.366 28.366 28.369 28.374 28.374 28.38 28.38 28.382 28.388 28.388 28.39 28.392 28.392 28.396 28.396 28.398 28.398 28.404 28.406 28.408 28.41 28.42 28.43 28.432 28.432 28.434 28.436 28.438 28.44 28.44 28.443 28.444 28.446 28.45 28.454 28.454 28.456 28.458 28.458 28.46 28.466 28.468 28.47 28.474 28.476 28.478 28.478 28.478 28.482 28.483 28.485 28.486 28.49 28.491 28.491 28.492 28.493 28.493 28.496 28.496 28.502 28.504 28.506 28.508 28.509 28.514 28.516 28.517 28.518 28.518 28.524 28.525 28.527 28.531 28.532 28.535 28.537 28.542 28.552 28.554 28.557 28.56 28.562 28.562 28.562 28.562 28.564 28.566 28.57 28.572 28.573 28.574 28.574 28.575 28.576 28.576 28.58 28.582 28.582 28.584 28.585 28.591 28.603 28.603 28.613 28.614 28.616 28.617 28.624 28.624 28.626 28.628 28.633 28.635 28.639 28.64 28.643 28.649 28.65 28.652 28.666 28.668 28.673 28.675 28.681 28.687 28.688 28.69 28.697 28.697 28.701 28.717 28.717 28.718 28.72 28.723 28.726 28.729 28.737 28.744 28.745 28.749 28.759 28.773 28.773 28.773 28.774 28.775 28.783 28.785 28.787 28.795 28.797 28.801 28.803 28.813 28.815 28.815 28.835 28.839 28.847 28.853 28.855 28.863 28.871 28.875 28.879 28.887 28.893 28.905 28.911 28.918 28.919 28.92 28.925 28.926 28.947 28.961 28.979 28.995 29.006 29.011 29.015 29.03 29.032 29.035 29.04 29.049 29.054 29.055 29.071 29.104 29.122 29.123 29.168 29.179 29.185 29.192 29.212 29.816 29.946 29.992 31.555 33.923 35.34 37.776 40.337 41.651 43.654 44.394 47.883 47.992 48.112 48.124 48.276 48.452 48.473 49.367 49.771 49.84 50 50.341 50.433 50.625 50.939 51.153 51.235 51.308 51.351 51.38 51.407 51.416 51.428 51.435 51.452 51.456 51.468 51.528 51.536 51.536 51.564 51.6 51.612 51.612 51.62 51.628 51.628 51.64 51.64 51.648 51.652 51.676 51.676 51.68 51.696 51.708 51.712 51.712 51.713 51.717 51.753 51.772 51.789 51.792 51.856 51.861 51.872 51.884 51.888 51.893 52.004 52.077 52.081 52.306 52.963 53.164 53.168 53.172 53.204 53.208 53.211 53.235 53.256 53.26 53.296 53.312 53.364 53.388 53.388 53.392 53.416 53.42 53.448 53.46 53.468 53.481 53.513 53.517 53.517 53.58 53.58 53.601 53.673 53.898 53.958 54.062 54.134 54.275 54.503 54.603 54.647 54.743 54.751 54.795 54.796 54.863 54.899 54.908 54.915 54.916 54.924 54.924 54.936 54.984 54.987 55.008 55.036 55.044 55.044 55.048 55.052 55.056 55.056 55.072 55.072 55.08 55.084 55.092 55.092 55.096 55.116 55.121 55.124 55.144 55.152 55.156 55.176 55.18 55.192 55.244 55.26 55.277 55.285 55.285 55.293 55.328 55.341 55.352 55.369 55.373 55.381 55.513 55.645 56.651 56.904 57.241 57.249 63.555 82.115 82.721 94.147 3607.42

Time elapsed stats:
  sum  35143.4 us
  avg  35.1434 us
  max  3607.42 us
  min  24.48 us

Removing top/bottom-5:
  sum  31090.6 us
  avg  31.4047 us
  max  57.249 us
  min  24.623 us

Num files at level --
  0: 9
  1: 19
  2: 12
  3: 0
  4: 0
  5: 0
  6: 0

Stats --
                               Compactions
Level  Files Size(MB) Time(sec) Read(MB) Write(MB)
--------------------------------------------------
  0        9       36         0        0         0
  1       19       36         0        0         0
  2       12       24         0        0         0

SSTables --
--- level 0 ---
 92:4124646['user10046604894068544' @ 9635 : 1 .. 'user971136347768642592' @ 9667 : 1]
 89:4205685['user1005640680888162' @ 8874 : 1 .. 'user960084102193685886' @ 8906 : 1]
 85:4204932['user1005972966029934054' @ 8047 : 1 .. 'user994579075160678783' @ 7972 : 1]
 81:4205504['user1006191281247775937' @ 7456 : 1 .. 'user982188593343599298' @ 7368 : 1]
 78:4205619['user1006532926542074502' @ 6714 : 1 .. 'user99137614613375737' @ 6928 : 1]
 83:4205080['user1018363447847013539' @ 7865 : 1 .. 'user993800799430696452' @ 7820 : 1]
 58:4205091['user1019483368871294435' @ 6367 : 1 .. 'user994360759942836900' @ 6491 : 1]
 91:4205756['user1044594160504054184' @ 9234 : 1 .. 'user95229708324090387' @ 9196 : 1]
 87:4205838['user1050400263547602761' @ 8556 : 1 .. 'user935751586290908468' @ 8619 : 1]
--- level 1 ---
 56:2107550['user1006751241759916385' @ 6221 : 1 .. 'user1498736710723774180' @ 4061 : 1]
 59:2107519['user1499296671235914628' @ 2800 : 1 .. 'user1940937226857796243' @ 3609 : 1]
 60:2107462['user1941497187369936691' @ 3402 : 1 .. 'user2429916395338807701' @ 3442 : 1]
 61:2107602['user2430134710556649584' @ 4885 : 1 .. 'user2893101481598462280' @ 4780 : 1]
 62:2107507['user2895889466863466734' @ 3822 : 1 .. 'user3335631825731085122' @ 5111 : 1]
 63:2107680['user3336191786243225570' @ 5762 : 1 .. 'user3810210802859994972' @ 2664 : 1]
 64:2107439['user3810429118077836855' @ 3175 : 1 .. 'user4256537540501144268' @ 6053 : 1]
 65:2107572['user4257097501013284716' @ 5270 : 1 .. 'user4760135215552099217' @ 2697 : 1]
 66:2107491['user4764821397571366898' @ 2517 : 1 .. 'user5211708095724656642' @ 5413 : 1]
 67:2107613['user5212049741018955207' @ 5233 : 1 .. 'user5623208460573458061' @ 4765 : 1]
 68:2107496['user5623768421085598509' @ 6064 : 1 .. 'user6131835534764733457' @ 4229 : 1]
 69:2107420['user6132395495276873905' @ 5110 : 1 .. 'user6533061929768560501' @ 3508 : 1]
 70:2107414['user65420917376365171' @ 3918 : 1 .. 'user7021699452955273394' @ 6015 : 1]
 71:2107611['user7030293541263826425' @ 5829 : 1 .. 'user7488014169774230992' @ 3403 : 1]
 72:1895765['user7488232484992072875' @ 4916 : 1 .. 'user7891251846139834360' @ 4796 : 1]
 73:2107521['user7900965855472668287' @ 4966 : 1 .. 'user8384575551345814934' @ 3899 : 1]
 74:2107482['user8384917196640113499' @ 2579 : 1 .. 'user8794955995170335457' @ 5853 : 1]
 75:2107295['user8795515955682475905' @ 5104 : 1 .. 'user979960568590735292' @ 3463 : 1]
 76:121025['user982748553855739746' @ 5015 : 1 .. 'user997378877721381023' @ 3797 : 1]
--- level 2 ---
 36:2107527['user1000385178204227360' @ 6 : 1 .. 'user1715321609418666813' @ 1633 : 1]
 45:2107432['user1715539924636508696' @ 2150 : 1 .. 'user2419424110275991443' @ 2320 : 1]
 46:2107346['user2422430410758837780' @ 1503 : 1 .. 'user3111914405046218919' @ 615 : 1]
 47:2107429['user3112132720264060802' @ 104 : 1 .. 'user3832315294009908384' @ 2078 : 1]
 48:2107491['user3835881555004895169' @ 1024 : 1 .. 'user4515091579447301933' @ 169 : 1]
 49:2107419['user4515651539959442381' @ 922 : 1 .. 'user5219194080304626563' @ 398 : 1]
 50:2107468['user5223101986593911913' @ 1398 : 1 .. 'user5911684375074854039' @ 2219 : 1]
 51:2107281['user5912804296099134935' @ 713 : 1 .. 'user6525357629970748697' @ 1972 : 1]
 52:2107377['user6525917590482889145' @ 67 : 1 .. 'user7230580051852354223' @ 1081 : 1]
 53:2107438['user7230798367070196106' @ 1614 : 1 .. 'user789388067335041421' @ 1243 : 1]
 54:2107349['user7908110194758339643' @ 1689 : 1 .. 'user8637323487248424022' @ 309 : 1]
 55:2046806['user8637665132542722587' @ 97 : 1 .. 'user996258956697100127' @ 1207 : 1]
--- level 3 ---
--- level 4 ---
--- level 5 ---
--- level 6 ---

