Finished 1000 requests.

Sorted time elapsed:
 7.064 7.11 7.11 7.116 7.123 7.137 7.138 7.143 7.166 7.167 7.171 7.209 7.213 7.218 7.219 7.225 7.237 7.243 7.246 7.309 7.309 7.325 7.331 7.351 7.365 7.46 8.139 8.147 8.159 8.16 8.169 8.175 8.181 8.183 8.197 8.217 8.229 8.247 8.255 8.267 8.275 8.294 8.3 8.3 8.302 8.316 8.316 8.323 8.325 8.333 8.333 8.336 8.347 8.347 8.348 8.355 8.355 8.355 8.359 8.36 8.364 8.364 8.374 8.385 8.391 8.405 8.406 8.417 8.42 8.421 8.423 8.431 8.431 8.476 8.48 8.486 8.494 8.507 8.518 8.52 8.526 8.55 8.559 8.566 8.576 8.584 8.586 8.646 8.703 8.782 8.809 8.827 8.859 8.865 8.877 8.882 8.883 8.885 8.886 8.893 8.895 8.897 8.9 8.901 8.901 8.902 8.907 8.907 8.913 8.917 8.917 8.922 8.923 8.925 8.927 8.936 8.937 8.938 8.939 8.947 8.947 8.949 8.949 8.951 8.951 8.958 8.959 8.965 8.967 8.969 8.971 8.973 8.975 8.975 8.976 8.981 8.981 8.981 8.985 8.987 8.989 8.991 8.991 8.993 8.995 8.997 8.999 8.999 9.005 9.005 9.005 9.005 9.009 9.011 9.013 9.013 9.015 9.015 9.017 9.019 9.019 9.021 9.021 9.023 9.023 9.025 9.029 9.029 9.031 9.033 9.033 9.035 9.035 9.035 9.037 9.041 9.043 9.047 9.047 9.053 9.055 9.057 9.057 9.059 9.059 9.061 9.063 9.067 9.075 9.087 9.087 9.095 9.095 9.099 9.101 9.105 9.106 9.107 9.109 9.11 9.111 9.111 9.115 9.117 9.119 9.119 9.121 9.125 9.133 9.137 9.137 9.139 9.144 9.147 9.149 9.151 9.153 9.155 9.157 9.157 9.161 9.163 9.171 9.173 9.174 9.175 9.177 9.177 9.178 9.19 9.2 9.209 9.233 9.234 9.24 9.25 9.269 9.274 9.314 9.348 9.352 9.357 9.36 9.382 9.384 9.386 9.419 9.426 9.43 9.456 9.466 9.478 9.48 9.526 9.538 9.576 9.582 9.59 9.605 9.612 9.62 9.622 9.623 9.648 9.677 9.694 9.703 9.714 9.743 9.769 9.786 9.895 9.913 9.937 9.989 9.993 9.997 9.998 10.011 10.028 10.039 10.088 10.096 10.097 10.099 10.116 10.119 10.125 10.126 10.129 10.133 10.133 10.135 10.138 10.14 10.14 10.143 10.144 10.145 10.149 10.15 10.155 10.156 10.157 10.167 10.17 10.173 10.178 10.18 10.182 10.183 10.184 10.184 10.19 10.192 10.192 10.193 10.198 10.201 10.204 10.207 10.208 10.214 10.216 10.223 10.229 10.23 10.232 10.236 10.237 10.238 10.238 10.238 10.238 10.248 10.252 10.264 10.264 10.264 10.272 10.272 10.274 10.277 10.28 10.282 10.284 10.286 10.287 10.288 10.29 10.292 10.298 10.304 10.308 10.31 10.312 10.314 10.316 10.32 10.32 10.328 10.33 10.332 10.342 10.344 10.344 10.348 10.348 10.36 10.362 10.374 10.375 10.376 10.376 10.377 10.382 10.394 10.401 10.406 10.416 10.427 10.436 10.457 10.501 10.602 10.632 10.691 10.693 10.712 10.729 10.731 10.737 10.753 10.753 10.761 10.771 10.777 10.779 10.783 10.797 10.807 10.813 10.817 10.822 10.823 10.824 10.825 10.825 10.833 10.836 10.845 10.849 10.857 10.861 10.869 10.875 10.879 10.883 10.886 10.889 10.9 10.901 10.903 10.905 10.917 10.919 10.92 10.923 10.924 10.925 10.926 10.93 10.931 10.933 10.942 10.943 10.945 10.945 10.957 10.958 10.969 10.97 10.971 10.972 10.973 10.973 10.976 10.976 10.98 10.993 10.995 10.998 11 11.001 11.003 11.015 11.019 11.022 11.023 11.023 11.026 11.027 11.034 11.035 11.051 11.056 11.058 11.061 11.082 11.088 11.088 11.092 11.094 11.1 11.104 11.106 11.106 11.11 11.112 11.119 11.12 11.134 11.143 11.184 11.19 11.203 11.242 11.274 11.296 11.589 15.196 15.196 15.239 15.323 15.323 15.331 15.359 15.364 15.416 15.42 15.423 15.432 15.444 15.444 15.464 15.472 15.476 15.492 15.496 15.5 15.524 15.528 15.528 15.528 15.572 15.588 15.589 15.592 15.608 15.632 15.636 15.656 15.676 15.685 15.688 15.712 15.724 15.756 15.772 15.777 15.785 15.785 15.849 15.885 15.945 15.965 15.989 15.997 16.13 17.144 17.148 17.154 17.156 17.16 17.196 17.269 17.296 17.332 17.344 17.368 17.424 17.465 17.472 17.533 17.541 17.556 17.569 17.577 17.58 17.625 17.629 17.661 17.677 17.677 17.681 17.693 17.709 17.717 17.722 17.742 17.769 17.769 17.781 17.782 17.794 17.805 17.809 17.813 17.818 17.833 17.833 17.841 17.906 17.914 17.942 17.95 17.962 17.966 17.966 17.969 17.97 17.973 17.982 18.018 18.05 18.066 18.078 18.094 18.13 18.15 18.151 18.162 18.182 18.183 18.194 18.202 18.214 18.222 18.226 18.242 18.246 18.275 18.279 18.286 18.291 18.446 18.527 18.555 18.555 18.64 18.707 18.748 18.811 18.856 18.856 18.9 18.904 18.912 18.924 18.928 18.932 18.948 18.968 18.996 18.996 19 19.012 19.012 19.02 19.024 19.029 19.044 19.044 19.056 19.06 19.064 19.065 19.08 19.08 19.081 19.092 19.093 19.101 19.112 19.117 19.12 19.128 19.128 19.132 19.136 19.14 19.149 19.157 19.157 19.161 19.168 19.169 19.169 19.176 19.177 19.181 19.184 19.185 19.185 19.196 19.197 19.2 19.205 19.205 19.205 19.208 19.212 19.216 19.221 19.225 19.237 19.237 19.241 19.245 19.249 19.253 19.253 19.256 19.257 19.26 19.264 19.265 19.277 19.277 19.281 19.281 19.281 19.289 19.289 19.293 19.293 19.293 19.301 19.305 19.309 19.309 19.313 19.317 19.321 19.325 19.328 19.329 19.332 19.333 19.333 19.333 19.333 19.336 19.337 19.337 19.341 19.341 19.345 19.345 19.345 19.349 19.353 19.353 19.353 19.361 19.369 19.369 19.369 19.373 19.385 19.385 19.389 19.401 19.401 19.405 19.405 19.413 19.417 19.433 19.437 19.453 19.453 19.461 19.469 19.473 19.477 19.481 19.489 19.489 19.497 19.505 19.517 19.549 19.55 19.553 19.557 19.558 19.569 19.573 19.589 19.601 19.606 19.634 19.634 19.654 19.661 19.67 19.702 19.706 19.714 19.734 19.754 19.762 19.766 19.954 19.979 19.979 19.982 20.079 20.179 20.199 20.343 20.793 20.797 20.92 20.928 20.933 20.941 20.949 20.981 20.989 21.013 21.029 21.033 21.033 21.081 21.093 21.105 21.121 21.125 21.133 21.146 21.153 21.154 21.182 21.205 21.205 21.209 21.25 21.257 21.261 21.269 21.274 21.281 21.289 21.309 21.342 21.37 21.378 21.386 21.402 21.434 21.445 21.49 21.494 21.494 21.514 21.518 21.518 21.522 21.53 21.538 21.538 21.542 21.55 21.554 21.586 21.586 21.607 21.61 21.611 21.611 21.614 21.626 21.634 21.642 21.659 21.662 21.67 21.691 21.707 21.714 21.734 21.734 21.743 21.747 21.747 21.751 21.754 21.759 21.766 21.767 21.77 21.807 21.811 21.846 21.858 21.871 21.903 21.903 21.903 22.011 22.035 22.051 22.052 22.104 22.128 22.143 22.196 22.352 22.473 22.552 22.584 22.644 22.653 22.665 22.721 22.721 22.729 22.745 22.761 22.765 22.785 22.789 22.806 22.813 22.813 22.817 22.821 22.829 22.829 22.833 22.853 22.857 22.861 22.861 22.865 22.87 22.87 22.897 22.901 22.909 22.921 22.925 22.93 22.933 22.933 22.942 22.949 22.949 22.949 22.95 22.958 22.961 22.965 22.966 22.969 22.969 22.977 22.978 22.989 23.021 23.029 23.038 23.042 23.054 23.058 23.07 23.085 23.089 23.106 23.11 23.114 23.114 23.118 23.121 23.125 23.13 23.154 23.173 23.206 23.218 23.23 23.234 23.254 23.255 23.27 23.27 23.302 23.306 23.31 23.314 23.322 23.322 23.33 23.346 23.379 23.382 23.398 23.414 23.419 23.422 23.487 23.494 23.506 23.507 23.515 23.559 23.763 24.225 28.803 29.258 29.28 29.3 39.696 41.148 43.22 49.603 54.587 1422.95

Time elapsed stats:
  sum  16404.2 us
  avg  16.4042 us
  max  1422.95 us
  min  7.064 us

Removing top/bottom-5:
  sum  14757.2 us
  avg  14.9063 us
  max  39.696 us
  min  7.137 us

Num files at level --
  0: 9
  1: 19
  2: 12
  3: 0
  4: 0
  5: 0
  6: 0

Stats --
                               Compactions
Level  Files Size(MB) Time(sec) Read(MB) Write(MB)
--------------------------------------------------
  0        9       36         0        0         0
  1       19       36         0        0         0
  2       12       24         0        0         0

SSTables --
--- level 0 ---
 92:4124646['user10046604894068544' @ 9635 : 1 .. 'user971136347768642592' @ 9667 : 1]
 89:4205685['user1005640680888162' @ 8874 : 1 .. 'user960084102193685886' @ 8906 : 1]
 85:4204932['user1005972966029934054' @ 8047 : 1 .. 'user994579075160678783' @ 7972 : 1]
 81:4205504['user1006191281247775937' @ 7456 : 1 .. 'user982188593343599298' @ 7368 : 1]
 78:4205619['user1006532926542074502' @ 6714 : 1 .. 'user99137614613375737' @ 6928 : 1]
 83:4205080['user1018363447847013539' @ 7865 : 1 .. 'user993800799430696452' @ 7820 : 1]
 58:4205091['user1019483368871294435' @ 6367 : 1 .. 'user994360759942836900' @ 6491 : 1]
 91:4205756['user1044594160504054184' @ 9234 : 1 .. 'user95229708324090387' @ 9196 : 1]
 87:4205838['user1050400263547602761' @ 8556 : 1 .. 'user935751586290908468' @ 8619 : 1]
--- level 1 ---
 56:2107550['user1006751241759916385' @ 6221 : 1 .. 'user1498736710723774180' @ 4061 : 1]
 59:2107519['user1499296671235914628' @ 2800 : 1 .. 'user1940937226857796243' @ 3609 : 1]
 60:2107462['user1941497187369936691' @ 3402 : 1 .. 'user2429916395338807701' @ 3442 : 1]
 61:2107602['user2430134710556649584' @ 4885 : 1 .. 'user2893101481598462280' @ 4780 : 1]
 62:2107507['user2895889466863466734' @ 3822 : 1 .. 'user3335631825731085122' @ 5111 : 1]
 63:2107680['user3336191786243225570' @ 5762 : 1 .. 'user3810210802859994972' @ 2664 : 1]
 64:2107439['user3810429118077836855' @ 3175 : 1 .. 'user4256537540501144268' @ 6053 : 1]
 65:2107572['user4257097501013284716' @ 5270 : 1 .. 'user4760135215552099217' @ 2697 : 1]
 66:2107491['user4764821397571366898' @ 2517 : 1 .. 'user5211708095724656642' @ 5413 : 1]
 67:2107613['user5212049741018955207' @ 5233 : 1 .. 'user5623208460573458061' @ 4765 : 1]
 68:2107496['user5623768421085598509' @ 6064 : 1 .. 'user6131835534764733457' @ 4229 : 1]
 69:2107420['user6132395495276873905' @ 5110 : 1 .. 'user6533061929768560501' @ 3508 : 1]
 70:2107414['user65420917376365171' @ 3918 : 1 .. 'user7021699452955273394' @ 6015 : 1]
 71:2107611['user7030293541263826425' @ 5829 : 1 .. 'user7488014169774230992' @ 3403 : 1]
 72:1895765['user7488232484992072875' @ 4916 : 1 .. 'user7891251846139834360' @ 4796 : 1]
 73:2107521['user7900965855472668287' @ 4966 : 1 .. 'user8384575551345814934' @ 3899 : 1]
 74:2107482['user8384917196640113499' @ 2579 : 1 .. 'user8794955995170335457' @ 5853 : 1]
 75:2107295['user8795515955682475905' @ 5104 : 1 .. 'user979960568590735292' @ 3463 : 1]
 76:121025['user982748553855739746' @ 5015 : 1 .. 'user997378877721381023' @ 3797 : 1]
--- level 2 ---
 36:2107527['user1000385178204227360' @ 6 : 1 .. 'user1715321609418666813' @ 1633 : 1]
 45:2107432['user1715539924636508696' @ 2150 : 1 .. 'user2419424110275991443' @ 2320 : 1]
 46:2107346['user2422430410758837780' @ 1503 : 1 .. 'user3111914405046218919' @ 615 : 1]
 47:2107429['user3112132720264060802' @ 104 : 1 .. 'user3832315294009908384' @ 2078 : 1]
 48:2107491['user3835881555004895169' @ 1024 : 1 .. 'user4515091579447301933' @ 169 : 1]
 49:2107419['user4515651539959442381' @ 922 : 1 .. 'user5219194080304626563' @ 398 : 1]
 50:2107468['user5223101986593911913' @ 1398 : 1 .. 'user5911684375074854039' @ 2219 : 1]
 51:2107281['user5912804296099134935' @ 713 : 1 .. 'user6525357629970748697' @ 1972 : 1]
 52:2107377['user6525917590482889145' @ 67 : 1 .. 'user7230580051852354223' @ 1081 : 1]
 53:2107438['user7230798367070196106' @ 1614 : 1 .. 'user789388067335041421' @ 1243 : 1]
 54:2107349['user7908110194758339643' @ 1689 : 1 .. 'user8637323487248424022' @ 309 : 1]
 55:2046806['user8637665132542722587' @ 97 : 1 .. 'user996258956697100127' @ 1207 : 1]
--- level 3 ---
--- level 4 ---
--- level 5 ---
--- level 6 ---

