Finished 1000 requests.

Sorted time elapsed:
 38.38 38.497 38.726 38.778 38.784 38.851 38.877 38.904 38.917 38.919 38.932 38.941 38.948 38.965 38.987 39.009 39.081 39.157 39.183 39.201 39.207 39.232 39.253 39.269 39.269 39.275 39.327 39.346 39.356 39.39 39.45 39.477 39.498 39.516 39.53 39.538 39.548 39.562 39.566 39.566 39.576 39.584 39.59 39.624 39.626 39.641 39.644 39.66 39.66 39.69 39.7 39.716 39.722 39.737 39.757 39.766 39.769 39.771 39.779 39.779 39.783 39.784 39.822 39.824 39.831 39.851 39.885 39.901 39.919 39.935 39.953 39.957 39.973 39.975 39.975 39.983 39.993 40.009 40.033 40.053 40.055 40.055 40.055 40.063 40.065 40.065 40.069 40.071 40.099 40.105 40.113 40.114 40.125 40.126 40.135 40.145 40.145 40.147 40.149 40.203 40.207 40.207 40.214 40.218 40.223 40.227 40.238 40.242 40.249 40.261 40.266 40.269 40.299 40.302 40.304 40.319 40.326 40.339 40.343 40.349 40.358 40.36 40.37 40.373 40.39 40.408 40.41 40.414 40.416 40.428 40.432 40.436 40.44 40.44 40.444 40.454 40.456 40.458 40.472 40.474 40.478 40.486 40.5 40.501 40.504 40.504 40.508 40.514 40.52 40.54 40.542 40.544 40.546 40.546 40.554 40.577 40.591 40.597 40.598 40.6 40.601 40.61 40.623 40.64 40.641 40.645 40.657 40.658 40.677 40.683 40.687 40.69 40.706 40.709 40.714 40.717 40.723 40.725 40.729 40.749 40.749 40.756 40.774 40.777 40.778 40.783 40.798 40.801 40.802 40.803 40.805 40.816 40.817 40.82 40.823 40.833 40.843 40.852 40.867 40.869 40.877 40.879 40.893 40.895 40.899 40.905 40.913 40.915 40.943 40.945 40.945 40.949 40.951 40.955 40.959 40.965 40.969 40.969 40.971 40.975 40.989 40.995 41.004 41.005 41.008 41.02 41.037 41.037 41.043 41.055 41.063 41.063 41.064 41.068 41.069 41.07 41.082 41.084 41.095 41.096 41.1 41.103 41.118 41.118 41.12 41.128 41.13 41.132 41.135 41.136 41.138 41.152 41.156 41.162 41.164 41.167 41.186 41.188 41.191 41.204 41.206 41.218 41.222 41.222 41.226 41.231 41.232 41.251 41.256 41.258 41.26 41.262 41.269 41.27 41.274 41.293 41.304 41.308 41.312 41.318 41.328 41.328 41.336 41.336 41.348 41.35 41.352 41.366 41.366 41.374 41.381 41.386 41.387 41.394 41.402 41.404 41.405 41.42 41.426 41.452 41.456 41.46 41.471 41.478 41.48 41.482 41.485 41.489 41.495 41.505 41.507 41.511 41.545 41.545 41.551 41.552 41.554 41.565 41.567 41.578 41.579 41.585 41.599 41.605 41.609 41.619 41.631 41.64 41.641 41.641 41.641 41.645 41.663 41.665 41.675 41.677 41.677 41.687 41.691 41.691 41.695 41.7 41.705 41.705 41.713 41.715 41.723 41.741 41.743 41.745 41.745 41.759 41.761 41.765 41.773 41.781 41.787 41.793 41.801 41.801 41.801 41.811 41.823 41.861 41.864 41.883 41.884 41.885 41.892 41.898 41.91 41.912 41.915 41.916 41.916 41.924 41.925 41.926 41.932 41.94 41.955 41.963 41.979 41.981 41.984 42.006 42.034 42.034 42.036 42.042 42.044 42.044 42.051 42.053 42.054 42.055 42.057 42.062 42.066 42.116 42.116 42.134 42.134 42.14 42.142 42.144 42.152 42.156 42.172 42.178 42.184 42.192 42.196 42.201 42.206 42.21 42.214 42.234 42.236 42.238 42.248 42.25 42.251 42.253 42.261 42.264 42.266 42.27 42.272 42.272 42.287 42.289 42.302 42.304 42.312 42.314 42.324 42.334 42.337 42.34 42.341 42.343 42.365 42.368 42.369 42.37 42.371 42.38 42.393 42.393 42.394 42.404 42.407 42.409 42.415 42.419 42.433 42.439 42.449 42.451 42.457 42.457 42.458 42.468 42.475 42.488 42.497 42.501 42.512 42.519 42.519 42.547 42.554 42.555 42.555 42.567 42.569 42.573 42.583 42.583 42.583 42.587 42.587 42.593 42.599 42.603 42.612 42.613 42.615 42.62 42.671 42.679 42.681 42.689 42.694 42.699 42.717 42.735 42.737 42.788 42.798 42.805 42.81 42.821 42.848 42.856 42.863 42.887 42.891 42.901 42.912 42.913 42.92 42.922 42.927 42.93 42.934 42.95 42.953 42.96 42.962 42.97 42.978 42.98 42.988 42.989 42.994 43.004 43.008 43.03 43.03 43.036 43.056 43.058 43.062 43.072 43.074 43.075 43.08 43.09 43.096 43.11 43.123 43.124 43.134 43.14 43.15 43.15 43.17 43.175 43.18 43.182 43.185 43.205 43.208 43.223 43.24 43.263 43.267 43.275 43.282 43.287 43.289 43.309 43.338 43.341 43.355 43.365 43.375 43.377 43.381 43.383 43.401 43.407 43.411 43.417 43.431 43.437 43.439 43.459 43.469 43.481 43.483 43.507 43.539 43.539 43.544 43.565 43.575 43.597 43.606 43.609 43.648 43.653 43.659 43.664 43.67 43.677 43.733 43.744 43.757 43.778 43.832 43.832 43.832 43.854 43.878 43.904 43.906 43.964 43.974 43.994 43.996 44.032 44.048 44.071 44.097 44.122 44.231 44.261 44.285 44.295 44.318 44.339 44.393 44.395 44.423 44.467 44.482 44.52 44.525 44.536 44.594 44.646 44.698 44.756 44.762 44.79 44.809 44.844 45.035 45.057 45.085 45.149 45.207 45.225 45.298 45.317 45.374 45.423 45.477 45.572 45.656 45.716 45.718 45.761 45.811 46.033 46.055 46.19 46.215 46.438 46.531 46.544 46.969 47.023 47.133 47.226 47.228 47.326 47.326 47.396 47.483 47.56 47.585 47.586 47.627 47.99 48.046 48.074 48.219 48.224 48.404 48.575 48.641 48.681 48.772 48.79 48.791 48.806 48.825 48.833 49.052 49.084 49.164 49.296 49.311 49.353 49.382 49.419 49.529 49.639 49.698 49.728 49.748 49.802 49.814 49.904 49.934 49.968 50.075 50.161 50.18 50.251 50.289 50.331 50.373 50.75 50.77 50.892 50.933 51.011 51.013 51.235 51.393 51.598 51.632 51.759 51.826 51.939 52.021 52.159 52.162 52.692 53.213 53.306 53.38 53.469 53.527 53.578 53.785 53.928 53.984 54.086 54.311 54.388 54.541 54.545 54.611 54.652 54.933 54.96 55.003 55.042 55.048 55.085 55.145 55.181 55.199 55.221 55.396 55.419 55.432 55.507 55.57 55.612 55.631 55.644 55.672 55.702 55.724 55.787 55.807 55.82 55.837 55.844 55.957 55.973 55.997 56 56.013 56.02 56.055 56.071 56.093 56.11 56.125 56.181 56.208 56.21 56.223 56.269 56.319 56.356 56.434 56.464 56.473 56.491 56.496 56.497 56.547 56.564 56.624 56.644 56.679 56.68 56.727 56.752 56.79 56.874 56.88 56.887 56.92 56.955 56.99 56.99 56.992 56.992 57.04 57.062 57.068 57.123 57.13 57.16 57.168 57.173 57.175 57.178 57.178 57.193 57.213 57.273 57.288 57.318 57.521 57.526 57.549 57.569 57.569 57.619 57.649 57.694 57.712 57.754 57.785 57.824 57.88 57.945 57.949 57.962 57.98 57.987 58.033 58.049 58.06 58.082 58.088 58.127 58.165 58.223 58.228 58.253 58.296 58.298 58.3 58.309 58.315 58.34 58.374 58.38 58.388 58.415 58.448 58.476 58.485 58.612 58.628 58.721 58.765 58.779 58.787 58.812 58.814 58.834 58.859 58.86 58.904 58.923 59.002 59.009 59.012 59.015 59.022 59.022 59.063 59.069 59.072 59.082 59.1 59.14 59.152 59.175 59.18 59.191 59.21 59.213 59.228 59.273 59.286 59.328 59.383 59.396 59.415 59.416 59.454 59.503 59.518 59.594 59.611 59.673 59.697 59.739 59.799 59.836 59.942 59.947 60.128 60.157 60.193 60.233 60.28 60.297 60.478 60.481 60.543 60.631 60.731 60.772 60.773 60.857 61.006 61.037 61.244 61.27 61.312 61.368 61.404 61.663 62.059 62.152 62.189 62.379 62.49 62.75 62.824 62.979 63.323 63.818 63.838 64.49 64.57 64.65 64.713 65.166 65.249 65.261 65.658 65.846 65.855 66.278 66.39 66.56 66.708 68.346 68.437 68.444 68.446 68.56 69.138 69.163 69.279 69.9 70.025 70.04 70.086 70.266 71.546 71.872 72.684 72.787 72.914 73.082 74.09 75.723 84.9 89.849 92.412 131.019 175.919 3050.41

Time elapsed stats:
  sum  50241.2 us
  avg  50.2412 us
  max  3050.41 us
  min  38.38 us

Removing top/bottom-5:
  sum  46508.5 us
  avg  46.9782 us
  max  84.9 us
  min  38.851 us

Num files at level --
  0: 9
  1: 19
  2: 12
  3: 0
  4: 0
  5: 0
  6: 0

Stats --
                               Compactions
Level  Files Size(MB) Time(sec) Read(MB) Write(MB)
--------------------------------------------------
  0        9       36         0        0         0
  1       19       36         0        0         0
  2       12       24         0        0         0

SSTables --
--- level 0 ---
 92:4124646['user10046604894068544' @ 9635 : 1 .. 'user971136347768642592' @ 9667 : 1]
 89:4205685['user1005640680888162' @ 8874 : 1 .. 'user960084102193685886' @ 8906 : 1]
 85:4204932['user1005972966029934054' @ 8047 : 1 .. 'user994579075160678783' @ 7972 : 1]
 81:4205504['user1006191281247775937' @ 7456 : 1 .. 'user982188593343599298' @ 7368 : 1]
 78:4205619['user1006532926542074502' @ 6714 : 1 .. 'user99137614613375737' @ 6928 : 1]
 83:4205080['user1018363447847013539' @ 7865 : 1 .. 'user993800799430696452' @ 7820 : 1]
 58:4205091['user1019483368871294435' @ 6367 : 1 .. 'user994360759942836900' @ 6491 : 1]
 91:4205756['user1044594160504054184' @ 9234 : 1 .. 'user95229708324090387' @ 9196 : 1]
 87:4205838['user1050400263547602761' @ 8556 : 1 .. 'user935751586290908468' @ 8619 : 1]
--- level 1 ---
 56:2107550['user1006751241759916385' @ 6221 : 1 .. 'user1498736710723774180' @ 4061 : 1]
 59:2107519['user1499296671235914628' @ 2800 : 1 .. 'user1940937226857796243' @ 3609 : 1]
 60:2107462['user1941497187369936691' @ 3402 : 1 .. 'user2429916395338807701' @ 3442 : 1]
 61:2107602['user2430134710556649584' @ 4885 : 1 .. 'user2893101481598462280' @ 4780 : 1]
 62:2107507['user2895889466863466734' @ 3822 : 1 .. 'user3335631825731085122' @ 5111 : 1]
 63:2107680['user3336191786243225570' @ 5762 : 1 .. 'user3810210802859994972' @ 2664 : 1]
 64:2107439['user3810429118077836855' @ 3175 : 1 .. 'user4256537540501144268' @ 6053 : 1]
 65:2107572['user4257097501013284716' @ 5270 : 1 .. 'user4760135215552099217' @ 2697 : 1]
 66:2107491['user4764821397571366898' @ 2517 : 1 .. 'user5211708095724656642' @ 5413 : 1]
 67:2107613['user5212049741018955207' @ 5233 : 1 .. 'user5623208460573458061' @ 4765 : 1]
 68:2107496['user5623768421085598509' @ 6064 : 1 .. 'user6131835534764733457' @ 4229 : 1]
 69:2107420['user6132395495276873905' @ 5110 : 1 .. 'user6533061929768560501' @ 3508 : 1]
 70:2107414['user65420917376365171' @ 3918 : 1 .. 'user7021699452955273394' @ 6015 : 1]
 71:2107611['user7030293541263826425' @ 5829 : 1 .. 'user7488014169774230992' @ 3403 : 1]
 72:1895765['user7488232484992072875' @ 4916 : 1 .. 'user7891251846139834360' @ 4796 : 1]
 73:2107521['user7900965855472668287' @ 4966 : 1 .. 'user8384575551345814934' @ 3899 : 1]
 74:2107482['user8384917196640113499' @ 2579 : 1 .. 'user8794955995170335457' @ 5853 : 1]
 75:2107295['user8795515955682475905' @ 5104 : 1 .. 'user979960568590735292' @ 3463 : 1]
 76:121025['user982748553855739746' @ 5015 : 1 .. 'user997378877721381023' @ 3797 : 1]
--- level 2 ---
 36:2107527['user1000385178204227360' @ 6 : 1 .. 'user1715321609418666813' @ 1633 : 1]
 45:2107432['user1715539924636508696' @ 2150 : 1 .. 'user2419424110275991443' @ 2320 : 1]
 46:2107346['user2422430410758837780' @ 1503 : 1 .. 'user3111914405046218919' @ 615 : 1]
 47:2107429['user3112132720264060802' @ 104 : 1 .. 'user3832315294009908384' @ 2078 : 1]
 48:2107491['user3835881555004895169' @ 1024 : 1 .. 'user4515091579447301933' @ 169 : 1]
 49:2107419['user4515651539959442381' @ 922 : 1 .. 'user5219194080304626563' @ 398 : 1]
 50:2107468['user5223101986593911913' @ 1398 : 1 .. 'user5911684375074854039' @ 2219 : 1]
 51:2107281['user5912804296099134935' @ 713 : 1 .. 'user6525357629970748697' @ 1972 : 1]
 52:2107377['user6525917590482889145' @ 67 : 1 .. 'user7230580051852354223' @ 1081 : 1]
 53:2107438['user7230798367070196106' @ 1614 : 1 .. 'user789388067335041421' @ 1243 : 1]
 54:2107349['user7908110194758339643' @ 1689 : 1 .. 'user8637323487248424022' @ 309 : 1]
 55:2046806['user8637665132542722587' @ 97 : 1 .. 'user996258956697100127' @ 1207 : 1]
--- level 3 ---
--- level 4 ---
--- level 5 ---
--- level 6 ---

