Finished 1000 requests.

Sorted time elapsed:
 9.858 9.918 9.928 9.935 9.938 9.958 9.971 9.98 9.988 9.996 9.996 10.004 10.015 10.018 10.02 10.023 10.033 10.036 10.038 10.038 10.039 10.041 10.048 10.053 10.056 10.063 10.07 10.078 10.083 10.086 10.089 10.096 10.103 10.118 10.118 10.126 10.126 10.129 10.133 10.133 10.141 10.141 10.141 10.143 10.151 10.151 10.153 10.153 10.171 10.184 10.194 10.198 10.199 10.216 10.219 10.222 10.226 10.226 10.231 10.234 10.241 10.244 10.246 10.246 10.246 10.254 10.266 10.271 10.274 10.294 10.294 10.309 10.319 10.324 10.329 10.336 10.34 10.341 10.349 10.354 10.374 10.374 10.412 10.47 10.574 10.89 10.976 10.99 11.029 11.036 11.053 11.058 11.06 11.063 11.063 11.07 11.076 11.084 11.089 11.091 11.101 11.101 11.106 11.111 11.121 11.125 11.128 11.131 11.131 11.134 11.143 11.146 11.146 11.148 11.151 11.153 11.161 11.161 11.168 11.169 11.169 11.171 11.171 11.171 11.173 11.179 11.183 11.184 11.186 11.188 11.189 11.191 11.193 11.196 11.196 11.198 11.206 11.208 11.211 11.216 11.216 11.216 11.216 11.219 11.221 11.223 11.224 11.224 11.224 11.226 11.226 11.228 11.231 11.233 11.233 11.233 11.234 11.236 11.239 11.241 11.243 11.244 11.246 11.246 11.249 11.251 11.254 11.256 11.259 11.259 11.261 11.264 11.266 11.266 11.269 11.269 11.271 11.273 11.273 11.274 11.277 11.278 11.279 11.281 11.281 11.284 11.284 11.284 11.286 11.288 11.297 11.301 11.301 11.301 11.303 11.304 11.304 11.304 11.306 11.307 11.309 11.309 11.311 11.312 11.319 11.322 11.323 11.324 11.326 11.327 11.329 11.329 11.332 11.337 11.337 11.337 11.338 11.339 11.339 11.339 11.341 11.341 11.347 11.349 11.354 11.356 11.356 11.356 11.356 11.357 11.359 11.364 11.371 11.374 11.377 11.377 11.379 11.379 11.379 11.379 11.386 11.389 11.396 11.399 11.401 11.401 11.406 11.409 11.409 11.411 11.412 11.412 11.414 11.414 11.414 11.417 11.417 11.419 11.422 11.424 11.426 11.427 11.429 11.435 11.436 11.44 11.441 11.442 11.449 11.449 11.454 11.459 11.467 11.469 11.469 11.472 11.472 11.474 11.476 11.482 11.486 11.487 11.487 11.489 11.49 11.494 11.497 11.497 11.497 11.499 11.501 11.504 11.504 11.507 11.512 11.515 11.517 11.521 11.527 11.529 11.529 11.531 11.531 11.532 11.532 11.534 11.535 11.547 11.547 11.547 11.551 11.552 11.554 11.564 11.565 11.579 11.585 11.601 11.602 11.602 11.604 11.605 11.607 11.61 11.615 11.617 11.619 11.627 11.632 11.639 11.64 11.642 11.642 11.657 11.673 11.677 11.687 11.702 11.705 11.705 11.717 11.725 11.73 11.73 11.772 11.787 11.84 11.898 11.898 11.975 12.139 12.214 12.231 12.233 12.236 12.241 12.251 12.253 12.258 12.261 12.264 12.274 12.276 12.281 12.281 12.289 12.294 12.298 12.301 12.304 12.306 12.311 12.313 12.323 12.341 12.344 12.346 12.361 12.372 12.379 12.379 12.381 12.392 12.394 12.396 12.401 12.409 12.413 12.416 12.416 12.416 12.416 12.416 12.419 12.424 12.424 12.432 12.434 12.441 12.442 12.447 12.449 12.452 12.456 12.456 12.459 12.459 12.464 12.466 12.472 12.474 12.477 12.487 12.487 12.489 12.489 12.499 12.504 12.514 12.519 12.52 12.521 12.526 12.527 12.531 12.534 12.536 12.542 12.544 12.546 12.547 12.55 12.554 12.566 12.567 12.567 12.571 12.572 12.572 12.574 12.574 12.577 12.579 12.581 12.589 12.594 12.595 12.596 12.604 12.605 12.605 12.614 12.614 12.617 12.619 12.622 12.622 12.627 12.629 12.632 12.634 12.644 12.644 12.645 12.649 12.654 12.656 12.657 12.665 12.665 12.67 12.672 12.672 12.674 12.677 12.679 12.682 12.684 12.685 12.687 12.695 12.697 12.702 12.705 12.705 12.715 12.719 12.719 12.722 12.722 12.722 12.727 12.728 12.73 12.735 12.735 12.737 12.739 12.74 12.74 12.742 12.745 12.745 12.75 12.757 12.76 12.76 12.762 12.762 12.762 12.762 12.767 12.772 12.773 12.777 12.779 12.783 12.787 12.79 12.79 12.792 12.8 12.8 12.805 12.814 12.817 12.817 12.818 12.82 12.822 12.825 12.827 12.827 12.83 12.838 12.842 12.842 12.843 12.844 12.845 12.852 12.853 12.853 12.855 12.862 12.864 12.877 12.88 12.885 12.885 12.885 12.895 12.898 12.9 12.905 12.907 12.915 12.918 12.942 12.953 12.963 12.977 12.988 13.007 13.011 13.04 13.053 13.06 13.088 13.098 13.1 13.138 13.141 13.176 13.183 13.338 13.384 13.421 13.454 13.456 13.457 13.487 13.524 13.531 13.534 13.539 13.559 13.566 13.571 13.581 13.591 13.592 13.594 13.612 13.614 13.621 13.632 13.632 13.637 13.637 13.641 13.642 13.642 13.654 13.654 13.667 13.667 13.674 13.676 13.679 13.682 13.684 13.687 13.687 13.689 13.695 13.702 13.702 13.704 13.707 13.712 13.72 13.722 13.722 13.724 13.727 13.727 13.729 13.734 13.737 13.739 13.742 13.744 13.747 13.749 13.75 13.752 13.755 13.76 13.762 13.765 13.767 13.767 13.769 13.774 13.774 13.774 13.777 13.779 13.784 13.784 13.785 13.797 13.799 13.8 13.802 13.807 13.81 13.812 13.815 13.815 13.819 13.824 13.825 13.825 13.827 13.83 13.832 13.837 13.837 13.84 13.848 13.85 13.852 13.857 13.86 13.862 13.865 13.87 13.874 13.875 13.882 13.885 13.889 13.892 13.892 13.893 13.897 13.902 13.907 13.908 13.912 13.928 13.938 13.94 13.943 13.945 13.949 13.955 13.958 13.972 13.975 13.982 13.985 13.99 14.005 14.013 14.017 14.033 14.048 14.048 14.073 14.078 14.125 14.128 14.138 14.146 14.151 14.168 14.193 14.225 14.288 14.346 14.36 14.434 14.477 14.504 14.534 14.554 14.561 14.601 14.607 14.619 14.622 14.641 14.646 14.647 14.647 14.649 14.657 14.667 14.674 14.679 14.681 14.697 14.714 14.717 14.717 14.722 14.727 14.732 14.732 14.736 14.746 14.747 14.749 14.75 14.752 14.757 14.764 14.774 14.776 14.777 14.782 14.79 14.794 14.8 14.81 14.827 14.834 14.839 14.842 14.844 14.847 14.847 14.85 14.854 14.857 14.867 14.87 14.872 14.883 14.887 14.894 14.895 14.904 14.91 14.915 14.92 14.927 14.932 14.938 14.94 14.942 14.945 14.948 14.949 14.98 14.982 14.992 15.017 15.025 15.033 15.05 15.05 15.058 15.115 15.135 15.212 15.22 15.223 15.238 15.28 15.293 15.311 15.329 15.346 15.418 15.438 15.446 15.476 15.636 15.704 15.791 15.846 15.865 15.937 16.02 16.06 16.228 16.233 16.255 16.363 16.373 16.42 16.423 16.423 16.43 16.461 16.543 16.561 16.578 16.581 16.586 16.586 16.797 17.09 17.142 17.25 17.393 17.559 17.583 17.599 17.679 17.804 17.849 18.513 18.513 18.523 18.565 18.568 18.636 18.698 18.759 18.766 18.769 18.783 18.794 18.826 18.829 18.833 19.154 19.623 20.658 20.989 21.109 21.184 21.214 21.239 21.264 21.295 21.34 21.359 21.379 21.395 21.415 21.44 21.47 21.5 21.5 21.515 21.595 21.64 21.721 21.781 21.911 21.916 22.007 22.637 22.638 22.757 22.843 22.883 22.898 22.903 22.928 22.964 22.994 23.043 23.044 23.058 23.073 23.103 23.158 23.189 23.304 23.384 23.4 23.424 23.469 23.59 23.68 23.855 23.92 24.026 24.291 24.592 24.782 24.852 24.913 25.053 25.129 25.148 25.149 25.194 25.229 25.279 25.279 25.329 25.354 25.394 25.419 25.419 25.47 25.54 25.614 25.615 25.64 25.69 25.7 25.709 25.775 25.945 25.945 25.955 25.955 26.005 26.056 26.136 26.291 26.389 26.391 26.582 26.848 27.108 27.179 27.294 27.454 27.559 27.604 27.609 27.715 27.734 27.84 27.95 27.975 27.985 28.541 28.656 29.113 29.243 29.268 29.429 29.438 29.574 29.604 29.694 29.744 29.924 29.975 29.99 33.984 36.66 36.9 40.699 48.112 55.504 60.753 78.864 1281.38

Time elapsed stats:
  sum  15719.7 us
  avg  15.7197 us
  max  1281.38 us
  min  9.858 us

Removing top/bottom-5:
  sum  14145.5 us
  avg  14.2883 us
  max  40.699 us
  min  9.958 us

Num files at level --
  0: 9
  1: 19
  2: 12
  3: 0
  4: 0
  5: 0
  6: 0

Stats --
                               Compactions
Level  Files Size(MB) Time(sec) Read(MB) Write(MB)
--------------------------------------------------
  0        9       36         0        0         0
  1       19       36         0        0         0
  2       12       24         0        0         0

SSTables --
--- level 0 ---
 92:4124646['user10046604894068544' @ 9635 : 1 .. 'user971136347768642592' @ 9667 : 1]
 89:4205685['user1005640680888162' @ 8874 : 1 .. 'user960084102193685886' @ 8906 : 1]
 85:4204932['user1005972966029934054' @ 8047 : 1 .. 'user994579075160678783' @ 7972 : 1]
 81:4205504['user1006191281247775937' @ 7456 : 1 .. 'user982188593343599298' @ 7368 : 1]
 78:4205619['user1006532926542074502' @ 6714 : 1 .. 'user99137614613375737' @ 6928 : 1]
 83:4205080['user1018363447847013539' @ 7865 : 1 .. 'user993800799430696452' @ 7820 : 1]
 58:4205091['user1019483368871294435' @ 6367 : 1 .. 'user994360759942836900' @ 6491 : 1]
 91:4205756['user1044594160504054184' @ 9234 : 1 .. 'user95229708324090387' @ 9196 : 1]
 87:4205838['user1050400263547602761' @ 8556 : 1 .. 'user935751586290908468' @ 8619 : 1]
--- level 1 ---
 56:2107550['user1006751241759916385' @ 6221 : 1 .. 'user1498736710723774180' @ 4061 : 1]
 59:2107519['user1499296671235914628' @ 2800 : 1 .. 'user1940937226857796243' @ 3609 : 1]
 60:2107462['user1941497187369936691' @ 3402 : 1 .. 'user2429916395338807701' @ 3442 : 1]
 61:2107602['user2430134710556649584' @ 4885 : 1 .. 'user2893101481598462280' @ 4780 : 1]
 62:2107507['user2895889466863466734' @ 3822 : 1 .. 'user3335631825731085122' @ 5111 : 1]
 63:2107680['user3336191786243225570' @ 5762 : 1 .. 'user3810210802859994972' @ 2664 : 1]
 64:2107439['user3810429118077836855' @ 3175 : 1 .. 'user4256537540501144268' @ 6053 : 1]
 65:2107572['user4257097501013284716' @ 5270 : 1 .. 'user4760135215552099217' @ 2697 : 1]
 66:2107491['user4764821397571366898' @ 2517 : 1 .. 'user5211708095724656642' @ 5413 : 1]
 67:2107613['user5212049741018955207' @ 5233 : 1 .. 'user5623208460573458061' @ 4765 : 1]
 68:2107496['user5623768421085598509' @ 6064 : 1 .. 'user6131835534764733457' @ 4229 : 1]
 69:2107420['user6132395495276873905' @ 5110 : 1 .. 'user6533061929768560501' @ 3508 : 1]
 70:2107414['user65420917376365171' @ 3918 : 1 .. 'user7021699452955273394' @ 6015 : 1]
 71:2107611['user7030293541263826425' @ 5829 : 1 .. 'user7488014169774230992' @ 3403 : 1]
 72:1895765['user7488232484992072875' @ 4916 : 1 .. 'user7891251846139834360' @ 4796 : 1]
 73:2107521['user7900965855472668287' @ 4966 : 1 .. 'user8384575551345814934' @ 3899 : 1]
 74:2107482['user8384917196640113499' @ 2579 : 1 .. 'user8794955995170335457' @ 5853 : 1]
 75:2107295['user8795515955682475905' @ 5104 : 1 .. 'user979960568590735292' @ 3463 : 1]
 76:121025['user982748553855739746' @ 5015 : 1 .. 'user997378877721381023' @ 3797 : 1]
--- level 2 ---
 36:2107527['user1000385178204227360' @ 6 : 1 .. 'user1715321609418666813' @ 1633 : 1]
 45:2107432['user1715539924636508696' @ 2150 : 1 .. 'user2419424110275991443' @ 2320 : 1]
 46:2107346['user2422430410758837780' @ 1503 : 1 .. 'user3111914405046218919' @ 615 : 1]
 47:2107429['user3112132720264060802' @ 104 : 1 .. 'user3832315294009908384' @ 2078 : 1]
 48:2107491['user3835881555004895169' @ 1024 : 1 .. 'user4515091579447301933' @ 169 : 1]
 49:2107419['user4515651539959442381' @ 922 : 1 .. 'user5219194080304626563' @ 398 : 1]
 50:2107468['user5223101986593911913' @ 1398 : 1 .. 'user5911684375074854039' @ 2219 : 1]
 51:2107281['user5912804296099134935' @ 713 : 1 .. 'user6525357629970748697' @ 1972 : 1]
 52:2107377['user6525917590482889145' @ 67 : 1 .. 'user7230580051852354223' @ 1081 : 1]
 53:2107438['user7230798367070196106' @ 1614 : 1 .. 'user789388067335041421' @ 1243 : 1]
 54:2107349['user7908110194758339643' @ 1689 : 1 .. 'user8637323487248424022' @ 309 : 1]
 55:2046806['user8637665132542722587' @ 97 : 1 .. 'user996258956697100127' @ 1207 : 1]
--- level 3 ---
--- level 4 ---
--- level 5 ---
--- level 6 ---

