Finished 1000 requests.

Sorted time elapsed:
 41.069 41.34 41.404 41.412 41.424 41.485 41.509 41.524 41.538 41.553 41.578 41.639 41.665 41.677 41.721 41.825 41.854 41.916 41.922 41.972 42.048 42.058 42.059 42.09 42.19 42.204 42.212 42.312 42.319 42.371 42.376 42.38 42.39 42.453 42.455 42.469 42.529 42.571 42.668 42.695 42.717 42.72 42.725 42.726 42.738 42.783 42.796 42.816 42.817 42.874 42.885 42.9 42.902 42.906 42.914 42.94 42.956 42.99 42.997 43.002 43.002 43.018 43.022 43.034 43.05 43.054 43.054 43.07 43.074 43.088 43.102 43.113 43.116 43.138 43.146 43.176 43.182 43.192 43.194 43.203 43.214 43.222 43.223 43.279 43.281 43.287 43.309 43.319 43.359 43.371 43.383 43.385 43.389 43.399 43.437 43.439 43.441 43.455 43.464 43.513 43.559 43.565 43.567 43.574 43.577 43.577 43.603 43.613 43.622 43.622 43.637 43.654 43.678 43.682 43.684 43.701 43.732 43.742 43.746 43.756 43.759 43.768 43.77 43.78 43.792 43.801 43.812 43.822 43.83 43.84 43.84 43.846 43.854 43.854 43.862 43.87 43.878 43.892 43.894 43.912 43.916 43.916 43.92 43.93 43.942 43.956 43.968 43.971 43.972 43.973 43.99 43.994 44.004 44.022 44.032 44.033 44.044 44.044 44.062 44.066 44.067 44.075 44.075 44.079 44.096 44.099 44.108 44.119 44.12 44.123 44.126 44.133 44.139 44.145 44.148 44.153 44.158 44.167 44.176 44.181 44.183 44.183 44.187 44.2 44.203 44.205 44.218 44.235 44.239 44.239 44.245 44.249 44.252 44.264 44.265 44.265 44.269 44.285 44.287 44.289 44.293 44.297 44.301 44.303 44.309 44.309 44.313 44.334 44.341 44.345 44.345 44.355 44.359 44.363 44.372 44.393 44.397 44.406 44.409 44.411 44.413 44.422 44.431 44.441 44.442 44.443 44.448 44.449 44.452 44.459 44.459 44.459 44.469 44.487 44.491 44.506 44.51 44.523 44.537 44.544 44.556 44.559 44.56 44.566 44.569 44.57 44.58 44.584 44.596 44.604 44.605 44.62 44.64 44.652 44.668 44.668 44.672 44.674 44.676 44.684 44.684 44.685 44.686 44.69 44.692 44.694 44.696 44.706 44.708 44.71 44.71 44.718 44.724 44.732 44.738 44.738 44.744 44.756 44.77 44.778 44.786 44.79 44.792 44.796 44.798 44.802 44.802 44.81 44.816 44.828 44.83 44.848 44.853 44.864 44.87 44.872 44.873 44.873 44.876 44.878 44.888 44.895 44.897 44.914 44.916 44.917 44.933 44.937 44.939 44.941 44.942 44.945 44.946 44.964 44.965 44.971 44.979 44.982 44.99 44.994 45.001 45.001 45.004 45.007 45.01 45.015 45.027 45.028 45.045 45.064 45.067 45.069 45.07 45.079 45.079 45.089 45.101 45.102 45.105 45.111 45.125 45.125 45.127 45.135 45.139 45.139 45.141 45.149 45.151 45.159 45.169 45.169 45.173 45.175 45.185 45.199 45.205 45.208 45.209 45.215 45.225 45.229 45.229 45.241 45.241 45.246 45.249 45.255 45.261 45.267 45.273 45.277 45.281 45.285 45.287 45.293 45.302 45.306 45.306 45.313 45.315 45.318 45.327 45.332 45.343 45.346 45.35 45.365 45.369 45.387 45.388 45.39 45.392 45.393 45.413 45.414 45.417 45.423 45.444 45.466 45.468 45.489 45.489 45.494 45.496 45.496 45.498 45.504 45.506 45.514 45.516 45.523 45.538 45.548 45.548 45.554 45.554 45.558 45.56 45.56 45.564 45.566 45.568 45.58 45.586 45.592 45.598 45.61 45.618 45.63 45.632 45.652 45.656 45.664 45.67 45.674 45.68 45.684 45.686 45.689 45.694 45.703 45.732 45.732 45.739 45.742 45.748 45.751 45.756 45.758 45.762 45.787 45.797 45.801 45.809 45.811 45.812 45.814 45.814 45.815 45.82 45.84 45.846 45.851 45.851 45.852 45.867 45.873 45.883 45.886 45.891 45.893 45.899 45.902 45.906 45.911 45.917 45.923 45.925 45.945 45.948 45.965 45.97 45.983 45.991 45.995 45.997 45.999 46.001 46.011 46.019 46.019 46.021 46.027 46.027 46.033 46.043 46.049 46.061 46.071 46.073 46.074 46.075 46.075 46.113 46.113 46.119 46.13 46.131 46.135 46.147 46.165 46.176 46.177 46.188 46.192 46.204 46.205 46.207 46.209 46.209 46.214 46.221 46.224 46.227 46.229 46.233 46.241 46.242 46.247 46.251 46.253 46.258 46.264 46.277 46.289 46.29 46.298 46.306 46.309 46.312 46.319 46.336 46.337 46.338 46.343 46.356 46.356 46.376 46.382 46.392 46.394 46.398 46.398 46.399 46.4 46.406 46.417 46.422 46.422 46.422 46.432 46.436 46.44 46.454 46.47 46.476 46.488 46.492 46.492 46.5 46.5 46.501 46.53 46.534 46.564 46.566 46.569 46.57 46.58 46.582 46.583 46.591 46.596 46.598 46.608 46.626 46.627 46.639 46.64 46.641 46.644 46.644 46.647 46.656 46.661 46.667 46.681 46.694 46.697 46.7 46.703 46.708 46.715 46.723 46.737 46.737 46.738 46.748 46.755 46.765 46.778 46.782 46.783 46.793 46.793 46.815 46.815 46.821 46.831 46.845 46.851 46.863 46.869 46.871 46.881 46.891 46.891 46.919 46.923 46.943 46.951 46.97 46.973 46.978 46.981 46.983 46.993 47.003 47.03 47.033 47.05 47.061 47.072 47.077 47.081 47.085 47.096 47.101 47.108 47.11 47.117 47.166 47.168 47.176 47.184 47.185 47.187 47.196 47.284 47.284 47.294 47.302 47.304 47.316 47.32 47.328 47.333 47.34 47.354 47.356 47.372 47.376 47.385 47.392 47.442 47.443 47.446 47.446 47.466 47.472 47.49 47.497 47.5 47.512 47.512 47.521 47.521 47.525 47.535 47.541 47.566 47.573 47.619 47.62 47.636 47.641 47.677 47.689 47.691 47.693 47.701 47.741 47.751 47.763 47.769 47.777 47.793 47.799 47.812 47.817 47.827 47.855 47.875 47.879 47.954 47.966 47.981 47.999 48.018 48.022 48.025 48.039 48.039 48.062 48.108 48.122 48.126 48.132 48.136 48.14 48.176 48.182 48.196 48.202 48.22 48.237 48.3 48.349 48.349 48.354 48.392 48.417 48.459 48.487 48.495 48.497 48.505 48.555 48.565 48.657 48.659 48.683 48.803 48.82 48.838 48.888 48.941 48.958 48.974 49.004 49.022 49.036 49.106 49.126 49.225 49.254 49.29 49.491 49.557 49.607 49.648 49.679 49.682 49.775 49.851 49.898 49.996 50.006 50.016 50.072 50.22 50.255 50.341 50.403 50.636 50.698 50.738 50.772 50.792 50.799 50.846 50.916 50.95 51.051 51.187 51.46 51.536 51.58 51.642 51.718 51.766 51.845 51.853 51.876 51.962 51.98 52.141 52.149 52.157 52.212 52.246 52.268 52.368 52.442 52.626 52.701 52.716 52.993 53.08 53.124 53.204 53.292 53.304 53.354 53.358 53.38 53.394 53.44 53.669 53.721 53.767 53.908 53.936 54.166 54.27 54.28 54.358 54.615 54.693 54.722 54.741 54.817 54.932 54.99 55.259 55.339 55.57 55.581 55.581 55.607 55.658 55.761 55.972 56.133 56.201 56.221 56.247 56.474 56.814 57.605 57.712 58.031 58.308 58.466 59.237 59.523 60.284 60.537 60.825 61.225 61.974 62.333 63.375 63.4 64.085 64.181 64.368 64.438 69.473 70.582 70.641 70.918 71.073 71.195 71.199 71.202 71.329 71.57 71.785 71.956 72.063 72.215 72.409 72.422 72.562 72.658 72.694 72.722 72.842 72.977 73.076 73.213 73.218 73.239 73.247 73.294 73.353 73.505 73.545 74.008 74.009 74.11 74.146 74.176 74.207 74.217 74.413 74.432 74.45 74.497 74.523 74.542 74.567 74.628 74.683 74.69 74.691 74.716 74.716 74.752 74.774 74.837 74.851 74.92 74.985 75.195 75.277 75.277 75.281 75.781 75.79 75.907 75.914 76.096 76.108 76.162 76.165 76.18 76.287 76.293 76.384 76.519 76.569 76.578 76.603 76.628 77.019 77.023 77.062 77.353 77.41 77.443 77.52 77.537 77.643 78.087 78.244 78.382 78.565 78.597 78.598 78.602 78.616 78.636 78.783 78.809 79.428 80.588 83.292 83.306 85.421 86.292 86.631 86.995 87.3 88.686 88.927 90.086 90.119 90.592 91.186 91.354 92.214 92.746 100.198 116.649 126.997 213.202 3255.53

Time elapsed stats:
  sum  53580.4 us
  avg  53.5804 us
  max  3255.53 us
  min  41.069 us

Removing top/bottom-5:
  sum  49561.2 us
  avg  50.0618 us
  max  92.746 us
  min  41.485 us

Num files at level --
  0: 9
  1: 19
  2: 12
  3: 0
  4: 0
  5: 0
  6: 0

Stats --
                               Compactions
Level  Files Size(MB) Time(sec) Read(MB) Write(MB)
--------------------------------------------------
  0        9       36         0        0         0
  1       19       36         0        0         0
  2       12       24         0        0         0

SSTables --
--- level 0 ---
 92:4124646['user10046604894068544' @ 9635 : 1 .. 'user971136347768642592' @ 9667 : 1]
 89:4205685['user1005640680888162' @ 8874 : 1 .. 'user960084102193685886' @ 8906 : 1]
 85:4204932['user1005972966029934054' @ 8047 : 1 .. 'user994579075160678783' @ 7972 : 1]
 81:4205504['user1006191281247775937' @ 7456 : 1 .. 'user982188593343599298' @ 7368 : 1]
 78:4205619['user1006532926542074502' @ 6714 : 1 .. 'user99137614613375737' @ 6928 : 1]
 83:4205080['user1018363447847013539' @ 7865 : 1 .. 'user993800799430696452' @ 7820 : 1]
 58:4205091['user1019483368871294435' @ 6367 : 1 .. 'user994360759942836900' @ 6491 : 1]
 91:4205756['user1044594160504054184' @ 9234 : 1 .. 'user95229708324090387' @ 9196 : 1]
 87:4205838['user1050400263547602761' @ 8556 : 1 .. 'user935751586290908468' @ 8619 : 1]
--- level 1 ---
 56:2107550['user1006751241759916385' @ 6221 : 1 .. 'user1498736710723774180' @ 4061 : 1]
 59:2107519['user1499296671235914628' @ 2800 : 1 .. 'user1940937226857796243' @ 3609 : 1]
 60:2107462['user1941497187369936691' @ 3402 : 1 .. 'user2429916395338807701' @ 3442 : 1]
 61:2107602['user2430134710556649584' @ 4885 : 1 .. 'user2893101481598462280' @ 4780 : 1]
 62:2107507['user2895889466863466734' @ 3822 : 1 .. 'user3335631825731085122' @ 5111 : 1]
 63:2107680['user3336191786243225570' @ 5762 : 1 .. 'user3810210802859994972' @ 2664 : 1]
 64:2107439['user3810429118077836855' @ 3175 : 1 .. 'user4256537540501144268' @ 6053 : 1]
 65:2107572['user4257097501013284716' @ 5270 : 1 .. 'user4760135215552099217' @ 2697 : 1]
 66:2107491['user4764821397571366898' @ 2517 : 1 .. 'user5211708095724656642' @ 5413 : 1]
 67:2107613['user5212049741018955207' @ 5233 : 1 .. 'user5623208460573458061' @ 4765 : 1]
 68:2107496['user5623768421085598509' @ 6064 : 1 .. 'user6131835534764733457' @ 4229 : 1]
 69:2107420['user6132395495276873905' @ 5110 : 1 .. 'user6533061929768560501' @ 3508 : 1]
 70:2107414['user65420917376365171' @ 3918 : 1 .. 'user7021699452955273394' @ 6015 : 1]
 71:2107611['user7030293541263826425' @ 5829 : 1 .. 'user7488014169774230992' @ 3403 : 1]
 72:1895765['user7488232484992072875' @ 4916 : 1 .. 'user7891251846139834360' @ 4796 : 1]
 73:2107521['user7900965855472668287' @ 4966 : 1 .. 'user8384575551345814934' @ 3899 : 1]
 74:2107482['user8384917196640113499' @ 2579 : 1 .. 'user8794955995170335457' @ 5853 : 1]
 75:2107295['user8795515955682475905' @ 5104 : 1 .. 'user979960568590735292' @ 3463 : 1]
 76:121025['user982748553855739746' @ 5015 : 1 .. 'user997378877721381023' @ 3797 : 1]
--- level 2 ---
 36:2107527['user1000385178204227360' @ 6 : 1 .. 'user1715321609418666813' @ 1633 : 1]
 45:2107432['user1715539924636508696' @ 2150 : 1 .. 'user2419424110275991443' @ 2320 : 1]
 46:2107346['user2422430410758837780' @ 1503 : 1 .. 'user3111914405046218919' @ 615 : 1]
 47:2107429['user3112132720264060802' @ 104 : 1 .. 'user3832315294009908384' @ 2078 : 1]
 48:2107491['user3835881555004895169' @ 1024 : 1 .. 'user4515091579447301933' @ 169 : 1]
 49:2107419['user4515651539959442381' @ 922 : 1 .. 'user5219194080304626563' @ 398 : 1]
 50:2107468['user5223101986593911913' @ 1398 : 1 .. 'user5911684375074854039' @ 2219 : 1]
 51:2107281['user5912804296099134935' @ 713 : 1 .. 'user6525357629970748697' @ 1972 : 1]
 52:2107377['user6525917590482889145' @ 67 : 1 .. 'user7230580051852354223' @ 1081 : 1]
 53:2107438['user7230798367070196106' @ 1614 : 1 .. 'user789388067335041421' @ 1243 : 1]
 54:2107349['user7908110194758339643' @ 1689 : 1 .. 'user8637323487248424022' @ 309 : 1]
 55:2046806['user8637665132542722587' @ 97 : 1 .. 'user996258956697100127' @ 1207 : 1]
--- level 3 ---
--- level 4 ---
--- level 5 ---
--- level 6 ---

