Finished 1000 requests.

Sorted time elapsed:
 61.807 62.243 62.497 62.575 62.616 62.638 62.698 62.733 62.74 62.746 62.752 62.8 62.83 62.836 62.859 62.866 62.891 62.896 62.91 62.923 62.944 62.968 63.006 63.102 63.117 63.118 63.185 63.191 63.229 63.245 63.245 63.27 63.275 63.315 63.349 63.365 63.378 63.401 63.411 63.415 63.424 63.446 63.462 63.472 63.494 63.498 63.508 63.518 63.522 63.524 63.543 63.582 63.616 63.642 63.66 63.672 63.692 63.7 63.702 63.703 63.732 63.734 63.734 63.746 63.76 63.778 63.782 63.843 63.848 63.85 63.86 63.864 63.9 63.901 63.905 63.922 63.932 63.961 63.967 63.973 63.974 63.983 63.985 64.011 64.013 64.016 64.017 64.019 64.021 64.027 64.034 64.035 64.055 64.061 64.07 64.079 64.131 64.135 64.143 64.149 64.153 64.187 64.193 64.206 64.209 64.219 64.225 64.231 64.261 64.261 64.266 64.272 64.275 64.278 64.282 64.287 64.298 64.299 64.299 64.301 64.317 64.333 64.336 64.353 64.353 64.354 64.37 64.371 64.376 64.393 64.4 64.404 64.409 64.412 64.424 64.431 64.442 64.463 64.464 64.488 64.494 64.502 64.51 64.526 64.532 64.55 64.564 64.566 64.566 64.582 64.59 64.606 64.612 64.624 64.634 64.635 64.654 64.659 64.66 64.693 64.723 64.724 64.734 64.734 64.736 64.736 64.737 64.76 64.761 64.772 64.775 64.785 64.796 64.82 64.832 64.835 64.841 64.841 64.841 64.845 64.847 64.857 64.864 64.873 64.874 64.875 64.879 64.883 64.889 64.889 64.892 64.901 64.909 64.921 64.921 64.927 64.933 64.949 64.957 64.976 64.983 64.993 65.007 65.017 65.029 65.031 65.033 65.033 65.039 65.047 65.05 65.051 65.051 65.061 65.077 65.093 65.096 65.113 65.116 65.121 65.121 65.122 65.123 65.141 65.147 65.147 65.153 65.166 65.172 65.174 65.176 65.177 65.18 65.181 65.184 65.186 65.196 65.2 65.202 65.202 65.211 65.228 65.233 65.237 65.237 65.29 65.304 65.304 65.306 65.307 65.31 65.317 65.334 65.34 65.35 65.362 65.365 65.368 65.37 65.372 65.376 65.381 65.388 65.391 65.398 65.416 65.42 65.422 65.424 65.434 65.434 65.44 65.45 65.452 65.452 65.454 65.454 65.454 65.462 65.466 65.468 65.474 65.479 65.48 65.484 65.486 65.513 65.527 65.527 65.551 65.553 65.557 65.558 65.572 65.573 65.58 65.586 65.587 65.593 65.601 65.609 65.611 65.634 65.646 65.648 65.655 65.663 65.672 65.673 65.686 65.689 65.691 65.699 65.704 65.711 65.711 65.711 65.717 65.757 65.757 65.759 65.771 65.771 65.771 65.793 65.793 65.805 65.813 65.817 65.823 65.829 65.829 65.831 65.837 65.845 65.859 65.859 65.859 65.875 65.883 65.886 65.887 65.887 65.887 65.897 65.905 65.905 65.909 65.923 65.944 65.953 65.957 65.971 65.995 65.998 66.004 66.02 66.024 66.054 66.056 66.068 66.072 66.072 66.078 66.086 66.093 66.093 66.104 66.105 66.112 66.125 66.14 66.141 66.152 66.172 66.176 66.178 66.18 66.184 66.184 66.208 66.218 66.222 66.232 66.234 66.238 66.239 66.244 66.25 66.26 66.266 66.278 66.278 66.289 66.292 66.298 66.32 66.324 66.34 66.346 66.358 66.367 66.369 66.4 66.408 66.429 66.431 66.439 66.443 66.455 66.459 66.489 66.494 66.503 66.508 66.509 66.514 66.517 66.523 66.527 66.535 66.553 66.565 66.575 66.585 66.597 66.603 66.607 66.635 66.637 66.637 66.641 66.641 66.645 66.655 66.663 66.665 66.665 66.665 66.667 66.685 66.687 66.693 66.695 66.703 66.705 66.705 66.706 66.711 66.713 66.715 66.726 66.727 66.733 66.737 66.761 66.793 66.852 66.883 66.883 66.889 66.89 66.891 66.895 66.896 66.897 66.93 66.96 66.976 67.013 67.018 67.033 67.072 67.074 67.076 67.08 67.086 67.088 67.088 67.116 67.124 67.126 67.126 67.126 67.126 67.134 67.134 67.156 67.168 67.174 67.184 67.188 67.196 67.203 67.204 67.209 67.212 67.218 67.22 67.234 67.235 67.236 67.238 67.244 67.262 67.274 67.279 67.28 67.285 67.315 67.318 67.319 67.329 67.332 67.335 67.341 67.346 67.371 67.374 67.384 67.389 67.397 67.411 67.412 67.426 67.431 67.441 67.458 67.462 67.465 67.469 67.475 67.481 67.493 67.495 67.509 67.531 67.535 67.547 67.561 67.571 67.591 67.617 67.629 67.639 67.651 67.66 67.669 67.673 67.676 67.686 67.687 67.689 67.696 67.698 67.711 67.732 67.751 67.759 67.76 67.776 67.781 67.782 67.803 67.808 67.811 67.82 67.845 67.856 67.868 67.882 67.894 67.906 67.906 67.916 67.928 67.932 67.94 67.946 67.948 67.964 67.986 67.992 67.998 68.006 68.012 68.012 68.018 68.063 68.077 68.098 68.113 68.172 68.173 68.182 68.211 68.215 68.216 68.243 68.271 68.272 68.275 68.291 68.307 68.331 68.345 68.383 68.399 68.405 68.427 68.439 68.453 68.459 68.467 68.514 68.52 68.533 68.54 68.542 68.587 68.591 68.614 68.633 68.64 68.641 68.643 68.669 68.681 68.69 68.733 68.744 68.748 68.75 68.762 68.772 68.776 68.777 68.778 68.78 68.792 68.794 68.794 68.812 68.824 68.876 68.878 68.88 68.91 68.948 68.956 68.968 69.011 69.02 69.036 69.038 69.076 69.09 69.103 69.133 69.155 69.169 69.171 69.192 69.211 69.226 69.271 69.381 69.415 69.433 69.501 69.519 69.582 69.622 69.65 69.654 69.664 69.672 69.771 69.774 69.778 69.866 69.914 69.936 69.97 69.987 70.019 70.073 70.086 70.123 70.261 70.279 70.335 70.356 70.393 70.393 70.434 70.436 70.438 70.452 70.49 70.496 70.632 70.662 70.694 70.763 70.765 70.803 70.836 70.868 70.879 70.889 70.929 70.935 70.951 70.975 71.031 71.049 71.057 71.061 71.187 71.214 71.31 71.327 71.355 71.362 71.532 71.544 71.599 71.645 71.648 71.795 71.809 71.843 71.881 71.939 71.961 71.988 72.062 72.22 72.262 72.286 72.486 72.529 72.574 72.583 72.892 72.913 73.024 73.07 73.071 73.13 73.138 73.172 73.213 73.348 73.411 73.463 73.587 73.611 73.651 73.659 73.832 73.866 73.992 74.022 74.108 74.158 74.164 74.203 74.377 74.389 74.465 74.475 74.478 74.547 74.553 74.555 74.56 74.624 74.746 74.757 74.794 74.802 74.816 74.842 74.882 75.006 75.065 75.185 75.213 75.247 75.395 75.477 75.72 75.728 75.873 75.894 76.034 76.049 76.125 76.235 76.401 76.407 76.444 76.603 76.643 76.694 76.753 76.822 76.868 76.979 77.055 77.089 77.311 77.366 77.562 77.719 78.18 78.192 78.284 78.552 78.63 78.917 79.02 79.046 79.908 80.9 80.976 81.138 81.333 81.513 81.904 81.981 82.055 82.77 82.869 82.891 83.051 83.194 83.367 83.4 83.46 83.494 83.574 83.797 83.961 84.26 84.37 84.424 84.657 84.73 85.178 85.283 85.388 85.438 86.158 86.31 86.455 87.056 87.274 87.481 88.079 88.61 89.296 89.456 89.757 90.212 90.268 90.343 90.392 90.451 90.523 90.661 90.866 90.876 90.903 90.939 91.044 91.089 91.334 91.372 91.422 91.576 91.971 92.006 92.032 92.205 92.227 92.28 92.557 92.638 92.65 92.763 92.798 92.813 92.881 92.997 93.176 93.189 93.194 93.209 93.369 93.397 93.402 93.495 93.533 93.692 93.701 93.716 93.721 93.721 93.758 93.768 93.946 93.948 93.956 93.964 94.039 94.073 94.111 94.128 94.152 94.284 94.34 94.354 94.397 94.632 94.735 94.771 94.8 94.875 94.923 94.943 94.96 94.974 94.988 95.074 95.261 95.296 95.299 95.562 95.587 95.72 96.083 96.103 96.168 96.334 96.414 96.432 96.65 96.71 97.151 97.216 97.274 97.505 97.757 98.226 98.527 98.564 99.038 99.058 99.233 99.794 99.852 101.807 102.669 102.872 103.35 103.844 105.412 106.477 106.5 107.101 107.68 107.851 108.154 108.569 108.82 111.006 113.509 113.84 115.636 116.92 116.927 117.646 122.858 124.717 124.782 126.687 132.444 133.683 139.294 140.078 140.47 141.004 146.105 149.195 173.456 291.005 4751.21

Time elapsed stats:
  sum  77348.5 us
  avg  77.3485 us
  max  4751.21 us
  min  61.807 us

Removing top/bottom-5:
  sum  71525.7 us
  avg  72.2482 us
  max  141.004 us
  min  62.638 us

Num files at level --
  0: 9
  1: 19
  2: 12
  3: 0
  4: 0
  5: 0
  6: 0

Stats --
                               Compactions
Level  Files Size(MB) Time(sec) Read(MB) Write(MB)
--------------------------------------------------
  0        9       36         0        0         0
  1       19       36         0        0         0
  2       12       24         0        0         0

SSTables --
--- level 0 ---
 92:4124646['user10046604894068544' @ 9635 : 1 .. 'user971136347768642592' @ 9667 : 1]
 89:4205685['user1005640680888162' @ 8874 : 1 .. 'user960084102193685886' @ 8906 : 1]
 85:4204932['user1005972966029934054' @ 8047 : 1 .. 'user994579075160678783' @ 7972 : 1]
 81:4205504['user1006191281247775937' @ 7456 : 1 .. 'user982188593343599298' @ 7368 : 1]
 78:4205619['user1006532926542074502' @ 6714 : 1 .. 'user99137614613375737' @ 6928 : 1]
 83:4205080['user1018363447847013539' @ 7865 : 1 .. 'user993800799430696452' @ 7820 : 1]
 58:4205091['user1019483368871294435' @ 6367 : 1 .. 'user994360759942836900' @ 6491 : 1]
 91:4205756['user1044594160504054184' @ 9234 : 1 .. 'user95229708324090387' @ 9196 : 1]
 87:4205838['user1050400263547602761' @ 8556 : 1 .. 'user935751586290908468' @ 8619 : 1]
--- level 1 ---
 56:2107550['user1006751241759916385' @ 6221 : 1 .. 'user1498736710723774180' @ 4061 : 1]
 59:2107519['user1499296671235914628' @ 2800 : 1 .. 'user1940937226857796243' @ 3609 : 1]
 60:2107462['user1941497187369936691' @ 3402 : 1 .. 'user2429916395338807701' @ 3442 : 1]
 61:2107602['user2430134710556649584' @ 4885 : 1 .. 'user2893101481598462280' @ 4780 : 1]
 62:2107507['user2895889466863466734' @ 3822 : 1 .. 'user3335631825731085122' @ 5111 : 1]
 63:2107680['user3336191786243225570' @ 5762 : 1 .. 'user3810210802859994972' @ 2664 : 1]
 64:2107439['user3810429118077836855' @ 3175 : 1 .. 'user4256537540501144268' @ 6053 : 1]
 65:2107572['user4257097501013284716' @ 5270 : 1 .. 'user4760135215552099217' @ 2697 : 1]
 66:2107491['user4764821397571366898' @ 2517 : 1 .. 'user5211708095724656642' @ 5413 : 1]
 67:2107613['user5212049741018955207' @ 5233 : 1 .. 'user5623208460573458061' @ 4765 : 1]
 68:2107496['user5623768421085598509' @ 6064 : 1 .. 'user6131835534764733457' @ 4229 : 1]
 69:2107420['user6132395495276873905' @ 5110 : 1 .. 'user6533061929768560501' @ 3508 : 1]
 70:2107414['user65420917376365171' @ 3918 : 1 .. 'user7021699452955273394' @ 6015 : 1]
 71:2107611['user7030293541263826425' @ 5829 : 1 .. 'user7488014169774230992' @ 3403 : 1]
 72:1895765['user7488232484992072875' @ 4916 : 1 .. 'user7891251846139834360' @ 4796 : 1]
 73:2107521['user7900965855472668287' @ 4966 : 1 .. 'user8384575551345814934' @ 3899 : 1]
 74:2107482['user8384917196640113499' @ 2579 : 1 .. 'user8794955995170335457' @ 5853 : 1]
 75:2107295['user8795515955682475905' @ 5104 : 1 .. 'user979960568590735292' @ 3463 : 1]
 76:121025['user982748553855739746' @ 5015 : 1 .. 'user997378877721381023' @ 3797 : 1]
--- level 2 ---
 36:2107527['user1000385178204227360' @ 6 : 1 .. 'user1715321609418666813' @ 1633 : 1]
 45:2107432['user1715539924636508696' @ 2150 : 1 .. 'user2419424110275991443' @ 2320 : 1]
 46:2107346['user2422430410758837780' @ 1503 : 1 .. 'user3111914405046218919' @ 615 : 1]
 47:2107429['user3112132720264060802' @ 104 : 1 .. 'user3832315294009908384' @ 2078 : 1]
 48:2107491['user3835881555004895169' @ 1024 : 1 .. 'user4515091579447301933' @ 169 : 1]
 49:2107419['user4515651539959442381' @ 922 : 1 .. 'user5219194080304626563' @ 398 : 1]
 50:2107468['user5223101986593911913' @ 1398 : 1 .. 'user5911684375074854039' @ 2219 : 1]
 51:2107281['user5912804296099134935' @ 713 : 1 .. 'user6525357629970748697' @ 1972 : 1]
 52:2107377['user6525917590482889145' @ 67 : 1 .. 'user7230580051852354223' @ 1081 : 1]
 53:2107438['user7230798367070196106' @ 1614 : 1 .. 'user789388067335041421' @ 1243 : 1]
 54:2107349['user7908110194758339643' @ 1689 : 1 .. 'user8637323487248424022' @ 309 : 1]
 55:2046806['user8637665132542722587' @ 97 : 1 .. 'user996258956697100127' @ 1207 : 1]
--- level 3 ---
--- level 4 ---
--- level 5 ---
--- level 6 ---

