Finished 1000 requests.

Sorted time elapsed:
 61.677 61.796 61.972 61.978 62.142 62.283 62.325 62.423 62.446 62.447 62.463 62.565 62.593 62.624 62.69 62.768 62.83 62.838 62.966 62.988 62.994 63.013 63.016 63.045 63.054 63.064 63.125 63.137 63.157 63.183 63.217 63.239 63.305 63.311 63.327 63.327 63.44 63.446 63.644 63.646 63.656 63.662 63.682 63.69 63.696 63.702 63.704 63.734 63.766 63.77 63.79 63.8 63.811 63.815 63.826 63.886 63.936 63.977 63.977 63.991 63.997 64.029 64.039 64.089 64.093 64.109 64.109 64.115 64.167 64.173 64.193 64.213 64.229 64.264 64.268 64.296 64.311 64.332 64.38 64.386 64.39 64.395 64.442 64.476 64.492 64.514 64.532 64.608 64.648 64.652 64.658 64.666 64.67 64.684 64.69 64.706 64.716 64.736 64.74 64.755 64.76 64.763 64.763 64.773 64.776 64.777 64.788 64.831 64.841 64.843 64.865 64.871 64.88 64.889 64.891 64.891 64.905 64.925 64.939 64.963 64.979 64.983 64.987 64.987 65.018 65.027 65.047 65.069 65.08 65.1 65.105 65.118 65.158 65.164 65.179 65.204 65.208 65.209 65.211 65.22 65.221 65.223 65.262 65.264 65.29 65.293 65.312 65.322 65.332 65.336 65.34 65.342 65.346 65.368 65.374 65.398 65.416 65.422 65.448 65.486 65.526 65.532 65.54 65.554 65.557 65.589 65.629 65.637 65.64 65.651 65.654 65.656 65.664 65.683 65.685 65.698 65.747 65.789 65.799 65.809 65.813 65.821 65.835 65.843 65.859 65.863 65.873 65.877 65.891 65.897 65.915 65.917 65.919 65.936 65.938 65.943 65.955 65.956 65.959 65.965 65.973 65.98 65.985 66.003 66.003 66.012 66.013 66.021 66.034 66.039 66.046 66.048 66.05 66.052 66.052 66.055 66.056 66.058 66.06 66.065 66.067 66.076 66.077 66.092 66.093 66.094 66.112 66.131 66.142 66.143 66.158 66.168 66.174 66.188 66.204 66.226 66.25 66.254 66.266 66.274 66.288 66.294 66.336 66.35 66.361 66.38 66.385 66.393 66.396 66.4 66.41 66.411 66.42 66.431 66.437 66.461 66.472 66.504 66.545 66.568 66.571 66.581 66.59 66.591 66.593 66.617 66.629 66.631 66.687 66.717 66.719 66.72 66.722 66.736 66.739 66.741 66.774 66.779 66.781 66.803 66.823 66.838 66.875 66.894 66.896 66.908 66.909 66.943 66.944 66.946 66.976 66.992 67.001 67.03 67.044 67.07 67.074 67.088 67.216 67.224 67.227 67.277 67.287 67.298 67.299 67.303 67.306 67.336 67.385 67.397 67.401 67.413 67.43 67.431 67.461 67.471 67.474 67.487 67.537 67.571 67.581 67.627 67.666 67.695 67.705 67.712 67.715 67.718 67.731 67.735 67.739 67.741 67.768 67.785 67.795 67.814 67.82 67.821 67.821 67.825 67.826 67.838 67.842 67.851 67.852 67.872 67.906 67.938 67.974 67.988 68.016 68.028 68.042 68.072 68.082 68.1 68.103 68.167 68.196 68.204 68.222 68.294 68.301 68.347 68.356 68.359 68.365 68.381 68.491 68.505 68.512 68.533 68.575 68.592 68.608 68.676 68.707 68.772 68.776 68.82 68.824 69 69.126 69.167 69.207 69.217 69.359 69.42 69.656 69.782 69.806 69.867 70.111 70.143 70.147 70.171 70.313 70.391 70.422 70.592 70.758 70.77 70.792 70.969 70.987 71.031 71.039 71.11 71.169 71.176 71.2 71.206 71.234 71.396 71.448 71.548 71.718 71.885 71.911 71.935 71.986 72.027 72.134 72.134 72.35 72.354 72.416 72.428 72.675 72.837 72.861 72.89 73.022 73.128 73.14 73.172 73.214 73.242 73.279 73.314 73.383 73.39 73.409 73.432 73.545 73.551 73.627 73.771 73.801 73.808 73.891 73.982 74.051 74.186 74.233 74.274 74.371 74.479 74.511 74.529 74.649 74.844 74.874 74.976 75 75.017 75.026 75.165 75.189 75.543 75.736 75.82 75.845 75.968 76.105 76.107 76.115 76.261 76.389 76.64 77.091 77.221 77.376 77.686 77.689 77.827 78.306 78.896 79.276 80.309 81.668 82.54 82.572 83.957 84.023 85.599 85.736 85.828 86.629 87.253 87.387 87.417 87.82 88.023 88.531 88.652 88.728 90.666 94.013 111.62 123.246 123.511 123.639 123.684 123.879 124.02 124.097 124.208 124.248 124.421 124.65 124.666 124.782 124.838 124.891 124.898 124.926 124.943 124.963 124.979 124.986 125.098 125.099 125.167 125.171 125.263 125.279 125.315 125.344 125.423 125.424 125.648 125.652 125.724 125.725 125.813 125.816 125.852 125.916 125.937 125.941 126.005 126.093 126.093 126.154 126.177 126.249 126.257 126.261 126.294 126.297 126.366 126.406 126.41 126.429 126.538 126.55 126.615 126.674 126.678 126.695 126.726 126.751 126.783 126.787 126.806 126.891 126.907 126.939 126.955 127.023 127.088 127.152 127.184 127.227 127.271 127.276 127.292 127.3 127.304 127.308 127.32 127.324 127.328 127.404 127.429 127.429 127.456 127.564 127.633 127.637 127.689 127.708 127.724 127.806 127.813 127.818 127.833 127.865 127.885 127.901 127.933 127.937 127.945 127.962 127.977 127.998 128.077 128.089 128.11 128.19 128.193 128.202 128.242 128.258 128.358 128.37 128.422 128.442 128.507 128.531 128.555 128.575 128.627 128.643 128.643 128.647 128.655 128.683 128.711 128.731 128.775 128.792 128.871 128.92 128.927 128.94 128.963 128.975 129.016 129.036 129.084 129.088 129.104 129.104 129.14 129.164 129.164 129.164 129.197 129.2 129.209 129.26 129.296 129.309 129.333 129.336 129.341 129.365 129.372 129.385 129.408 129.433 129.445 129.449 129.481 129.493 129.529 129.537 129.565 129.581 129.614 129.633 129.642 129.665 129.674 129.686 129.694 129.694 129.722 129.75 129.769 129.773 129.802 129.83 129.89 129.89 129.906 129.958 129.982 130.002 130.006 130.014 130.046 130.074 130.09 130.147 130.191 130.235 130.243 130.243 130.247 130.283 130.327 130.343 130.363 130.399 130.424 130.431 130.443 130.471 130.491 130.536 130.571 130.628 130.635 130.639 130.64 130.672 130.703 130.724 130.736 130.788 130.8 130.82 130.836 130.864 130.885 130.892 130.896 130.9 130.9 130.908 130.912 130.961 130.984 131.005 131.005 131.009 131.052 131.057 131.137 131.16 131.165 131.181 131.221 131.225 131.241 131.265 131.289 131.297 131.317 131.345 131.369 131.377 131.386 131.394 131.401 131.433 131.505 131.542 131.557 131.606 131.786 131.842 131.87 131.874 131.927 131.958 131.975 131.979 131.995 131.995 132.031 132.071 132.099 132.167 132.199 132.204 132.204 132.22 132.243 132.34 132.347 132.396 132.444 132.52 132.576 132.624 132.68 132.693 132.736 132.756 132.816 132.821 132.825 132.864 132.892 132.913 133.005 133.077 133.109 133.125 133.149 133.174 133.234 133.266 133.277 133.31 133.362 133.391 133.41 133.447 133.466 133.506 133.511 133.547 133.55 133.587 133.63 133.711 133.723 133.775 133.891 133.931 134.095 134.136 134.236 134.409 134.413 134.561 134.577 134.577 134.685 134.793 134.805 134.922 135.046 135.122 135.146 135.158 135.198 135.354 135.371 135.411 135.503 135.856 135.892 135.896 135.912 135.98 135.996 136.036 136.04 136.168 136.181 136.289 136.337 136.352 136.594 136.805 136.834 136.947 137.255 137.307 137.311 137.5 137.54 137.58 137.636 137.656 137.82 138.101 138.174 138.338 138.478 138.51 138.678 138.691 138.871 139.116 139.168 139.224 139.493 139.902 140.046 140.153 140.226 140.378 140.435 140.463 140.563 140.643 140.872 140.891 140.98 141 141.036 141.3 141.364 141.42 141.44 141.613 141.778 141.801 142.107 142.15 142.246 142.306 142.592 142.812 142.96 143.137 143.422 143.445 143.786 143.882 144.139 144.212 144.26 144.432 144.564 144.596 144.64 144.893 145.013 145.194 145.353 145.471 145.655 145.738 145.903 145.907 145.923 145.931 145.951 146.344 146.548 146.877 146.978 147.074 147.198 147.278 147.326 147.447 147.7 147.719 147.74 147.884 148.345 148.558 148.697 148.698 148.938 149.92 149.948 151.652 151.812 152.27 153.04 153.505 153.717 154.102 154.824 155.738 156.196 158.115 160.04 163.4 164.158 166.014 167.726 168.556 168.913 168.977 170.296 173.652 174.566 174.642 174.802 178.531 183.447 208.429 210.217 242.828 245.554 248.65 314.234 456.445 5388.5

Time elapsed stats:
  sum  106801 us
  avg  106.801 us
  max  5388.5 us
  min  61.677 us

Removing top/bottom-5:
  sum  99837.9 us
  avg  100.846 us
  max  242.828 us
  min  62.283 us

Num files at level --
  0: 9
  1: 19
  2: 12
  3: 0
  4: 0
  5: 0
  6: 0

Stats --
                               Compactions
Level  Files Size(MB) Time(sec) Read(MB) Write(MB)
--------------------------------------------------
  0        9       36         0        0         0
  1       19       36         0        0         0
  2       12       24         0        0         0

SSTables --
--- level 0 ---
 92:4124646['user10046604894068544' @ 9635 : 1 .. 'user971136347768642592' @ 9667 : 1]
 89:4205685['user1005640680888162' @ 8874 : 1 .. 'user960084102193685886' @ 8906 : 1]
 85:4204932['user1005972966029934054' @ 8047 : 1 .. 'user994579075160678783' @ 7972 : 1]
 81:4205504['user1006191281247775937' @ 7456 : 1 .. 'user982188593343599298' @ 7368 : 1]
 78:4205619['user1006532926542074502' @ 6714 : 1 .. 'user99137614613375737' @ 6928 : 1]
 83:4205080['user1018363447847013539' @ 7865 : 1 .. 'user993800799430696452' @ 7820 : 1]
 58:4205091['user1019483368871294435' @ 6367 : 1 .. 'user994360759942836900' @ 6491 : 1]
 91:4205756['user1044594160504054184' @ 9234 : 1 .. 'user95229708324090387' @ 9196 : 1]
 87:4205838['user1050400263547602761' @ 8556 : 1 .. 'user935751586290908468' @ 8619 : 1]
--- level 1 ---
 56:2107550['user1006751241759916385' @ 6221 : 1 .. 'user1498736710723774180' @ 4061 : 1]
 59:2107519['user1499296671235914628' @ 2800 : 1 .. 'user1940937226857796243' @ 3609 : 1]
 60:2107462['user1941497187369936691' @ 3402 : 1 .. 'user2429916395338807701' @ 3442 : 1]
 61:2107602['user2430134710556649584' @ 4885 : 1 .. 'user2893101481598462280' @ 4780 : 1]
 62:2107507['user2895889466863466734' @ 3822 : 1 .. 'user3335631825731085122' @ 5111 : 1]
 63:2107680['user3336191786243225570' @ 5762 : 1 .. 'user3810210802859994972' @ 2664 : 1]
 64:2107439['user3810429118077836855' @ 3175 : 1 .. 'user4256537540501144268' @ 6053 : 1]
 65:2107572['user4257097501013284716' @ 5270 : 1 .. 'user4760135215552099217' @ 2697 : 1]
 66:2107491['user4764821397571366898' @ 2517 : 1 .. 'user5211708095724656642' @ 5413 : 1]
 67:2107613['user5212049741018955207' @ 5233 : 1 .. 'user5623208460573458061' @ 4765 : 1]
 68:2107496['user5623768421085598509' @ 6064 : 1 .. 'user6131835534764733457' @ 4229 : 1]
 69:2107420['user6132395495276873905' @ 5110 : 1 .. 'user6533061929768560501' @ 3508 : 1]
 70:2107414['user65420917376365171' @ 3918 : 1 .. 'user7021699452955273394' @ 6015 : 1]
 71:2107611['user7030293541263826425' @ 5829 : 1 .. 'user7488014169774230992' @ 3403 : 1]
 72:1895765['user7488232484992072875' @ 4916 : 1 .. 'user7891251846139834360' @ 4796 : 1]
 73:2107521['user7900965855472668287' @ 4966 : 1 .. 'user8384575551345814934' @ 3899 : 1]
 74:2107482['user8384917196640113499' @ 2579 : 1 .. 'user8794955995170335457' @ 5853 : 1]
 75:2107295['user8795515955682475905' @ 5104 : 1 .. 'user979960568590735292' @ 3463 : 1]
 76:121025['user982748553855739746' @ 5015 : 1 .. 'user997378877721381023' @ 3797 : 1]
--- level 2 ---
 36:2107527['user1000385178204227360' @ 6 : 1 .. 'user1715321609418666813' @ 1633 : 1]
 45:2107432['user1715539924636508696' @ 2150 : 1 .. 'user2419424110275991443' @ 2320 : 1]
 46:2107346['user2422430410758837780' @ 1503 : 1 .. 'user3111914405046218919' @ 615 : 1]
 47:2107429['user3112132720264060802' @ 104 : 1 .. 'user3832315294009908384' @ 2078 : 1]
 48:2107491['user3835881555004895169' @ 1024 : 1 .. 'user4515091579447301933' @ 169 : 1]
 49:2107419['user4515651539959442381' @ 922 : 1 .. 'user5219194080304626563' @ 398 : 1]
 50:2107468['user5223101986593911913' @ 1398 : 1 .. 'user5911684375074854039' @ 2219 : 1]
 51:2107281['user5912804296099134935' @ 713 : 1 .. 'user6525357629970748697' @ 1972 : 1]
 52:2107377['user6525917590482889145' @ 67 : 1 .. 'user7230580051852354223' @ 1081 : 1]
 53:2107438['user7230798367070196106' @ 1614 : 1 .. 'user789388067335041421' @ 1243 : 1]
 54:2107349['user7908110194758339643' @ 1689 : 1 .. 'user8637323487248424022' @ 309 : 1]
 55:2046806['user8637665132542722587' @ 97 : 1 .. 'user996258956697100127' @ 1207 : 1]
--- level 3 ---
--- level 4 ---
--- level 5 ---
--- level 6 ---

