Finished 1000 requests.

Sorted time elapsed:
 20.029 20.104 20.109 20.125 20.135 20.169 20.185 20.195 20.201 20.209 20.225 20.235 20.245 20.247 20.251 20.255 20.263 20.275 20.277 20.287 20.287 20.3 20.305 20.307 20.309 20.313 20.314 20.323 20.323 20.331 20.337 20.346 20.355 20.356 20.356 20.364 20.366 20.369 20.37 20.383 20.385 20.387 20.387 20.396 20.4 20.402 20.408 20.409 20.41 20.411 20.412 20.419 20.439 20.444 20.45 20.452 20.454 20.48 20.494 20.502 20.504 20.506 20.508 20.508 20.514 20.518 20.52 20.524 20.524 20.54 20.541 20.55 20.554 20.558 20.563 20.588 20.605 20.616 20.622 20.654 20.66 20.664 20.676 20.676 20.693 20.696 20.738 20.748 20.758 20.783 20.856 20.881 21.111 21.123 21.171 21.272 21.276 21.299 21.302 21.309 21.34 21.342 21.346 21.353 21.382 21.393 21.405 21.416 21.43 21.456 21.466 21.466 21.47 21.472 21.48 21.482 21.484 21.492 21.494 21.512 21.514 21.528 21.532 21.536 21.552 21.563 21.582 21.586 21.589 21.59 21.606 21.623 21.636 21.658 21.658 21.66 21.661 21.662 21.667 21.671 21.684 21.686 21.691 21.692 21.695 21.696 21.7 21.703 21.708 21.724 21.725 21.728 21.75 21.752 21.758 21.763 21.763 21.779 21.81 21.829 21.853 21.887 21.893 21.893 21.895 21.903 21.921 21.921 21.951 21.955 21.967 21.971 21.989 21.995 22.005 22.009 22.013 22.015 22.029 22.031 22.041 22.052 22.055 22.055 22.055 22.057 22.059 22.061 22.063 22.063 22.069 22.073 22.074 22.077 22.079 22.08 22.081 22.081 22.084 22.085 22.086 22.087 22.088 22.089 22.091 22.091 22.093 22.093 22.095 22.097 22.1 22.101 22.102 22.104 22.109 22.109 22.109 22.11 22.11 22.112 22.113 22.118 22.119 22.122 22.123 22.128 22.129 22.131 22.131 22.134 22.135 22.139 22.139 22.142 22.15 22.152 22.16 22.165 22.17 22.174 22.174 22.174 22.174 22.18 22.18 22.183 22.184 22.184 22.185 22.185 22.185 22.188 22.19 22.191 22.195 22.195 22.201 22.201 22.202 22.202 22.202 22.202 22.202 22.206 22.208 22.21 22.214 22.214 22.215 22.215 22.216 22.216 22.216 22.217 22.219 22.219 22.22 22.22 22.22 22.222 22.224 22.226 22.227 22.228 22.229 22.229 22.23 22.23 22.232 22.232 22.236 22.238 22.239 22.245 22.246 22.246 22.248 22.248 22.249 22.25 22.252 22.254 22.254 22.256 22.257 22.257 22.258 22.262 22.264 22.266 22.266 22.266 22.267 22.27 22.27 22.27 22.271 22.274 22.274 22.274 22.278 22.28 22.28 22.28 22.282 22.283 22.283 22.284 22.285 22.286 22.286 22.288 22.288 22.292 22.292 22.294 22.296 22.297 22.298 22.298 22.298 22.298 22.301 22.302 22.304 22.306 22.306 22.312 22.314 22.316 22.316 22.316 22.316 22.32 22.322 22.322 22.322 22.322 22.324 22.326 22.326 22.328 22.33 22.332 22.332 22.332 22.334 22.334 22.334 22.336 22.336 22.336 22.336 22.338 22.338 22.338 22.34 22.342 22.344 22.348 22.348 22.348 22.35 22.352 22.354 22.354 22.356 22.358 22.359 22.362 22.368 22.376 22.378 22.38 22.382 22.382 22.384 22.386 22.39 22.394 22.394 22.396 22.396 22.396 22.396 22.398 22.4 22.402 22.402 22.408 22.408 22.41 22.412 22.418 22.42 22.42 22.42 22.426 22.428 22.428 22.428 22.432 22.434 22.436 22.436 22.438 22.442 22.442 22.444 22.446 22.45 22.45 22.456 22.456 22.458 22.462 22.463 22.464 22.468 22.47 22.48 22.482 22.485 22.487 22.489 22.492 22.494 22.496 22.499 22.503 22.504 22.509 22.51 22.526 22.526 22.528 22.53 22.53 22.53 22.536 22.537 22.546 22.547 22.55 22.553 22.554 22.556 22.57 22.573 22.576 22.577 22.58 22.581 22.582 22.583 22.583 22.583 22.584 22.585 22.586 22.587 22.589 22.599 22.6 22.601 22.602 22.614 22.615 22.621 22.621 22.632 22.641 22.661 22.687 22.722 22.731 22.748 22.795 22.803 22.835 22.861 22.873 22.883 22.913 22.927 22.927 22.93 22.933 22.945 22.967 23.016 23.069 23.078 23.088 23.13 23.132 23.136 23.152 23.16 23.166 23.172 23.174 23.176 23.186 23.19 23.216 23.218 23.22 23.222 23.244 23.25 23.252 23.252 23.268 23.284 23.29 23.32 23.324 23.332 23.336 23.35 23.368 23.384 23.4 23.4 23.402 23.402 23.404 23.407 23.416 23.417 23.422 23.424 23.425 23.426 23.431 23.436 23.437 23.452 23.458 23.46 23.463 23.465 23.466 23.469 23.474 23.474 23.475 23.476 23.476 23.48 23.488 23.488 23.489 23.493 23.496 23.498 23.507 23.508 23.51 23.513 23.519 23.523 23.524 23.531 23.537 23.539 23.542 23.547 23.552 23.553 23.557 23.562 23.563 23.565 23.569 23.569 23.573 23.579 23.579 23.581 23.591 23.595 23.604 23.605 23.611 23.619 23.621 23.625 23.627 23.627 23.635 23.637 23.645 23.653 23.661 23.671 23.679 23.683 23.683 23.687 23.689 23.697 23.705 23.711 23.713 23.719 23.727 23.737 23.739 23.755 23.779 23.783 23.799 23.807 23.815 23.82 23.822 23.825 23.833 23.853 23.854 23.86 23.873 23.887 23.891 23.909 23.91 23.911 23.922 23.926 23.929 23.929 23.939 23.944 23.951 23.956 23.963 23.968 23.968 23.97 23.972 23.972 23.974 23.975 23.976 23.977 23.982 24.001 24.004 24.008 24.008 24.012 24.013 24.014 24.018 24.022 24.024 24.026 24.028 24.03 24.034 24.04 24.042 24.043 24.052 24.054 24.054 24.057 24.058 24.06 24.064 24.064 24.066 24.066 24.066 24.07 24.07 24.07 24.073 24.074 24.074 24.076 24.08 24.08 24.082 24.084 24.084 24.088 24.09 24.096 24.096 24.096 24.098 24.1 24.101 24.102 24.104 24.108 24.108 24.11 24.112 24.116 24.121 24.122 24.126 24.128 24.128 24.128 24.13 24.132 24.133 24.134 24.136 24.138 24.14 24.14 24.142 24.146 24.146 24.148 24.148 24.148 24.15 24.152 24.153 24.154 24.154 24.154 24.156 24.156 24.158 24.16 24.16 24.162 24.162 24.162 24.164 24.164 24.166 24.166 24.168 24.17 24.17 24.172 24.174 24.176 24.176 24.18 24.18 24.184 24.192 24.194 24.194 24.198 24.2 24.201 24.204 24.212 24.215 24.216 24.22 24.22 24.224 24.227 24.228 24.232 24.233 24.236 24.238 24.24 24.245 24.246 24.246 24.246 24.247 24.249 24.259 24.263 24.265 24.266 24.266 24.267 24.268 24.269 24.275 24.275 24.279 24.281 24.283 24.284 24.286 24.286 24.293 24.296 24.297 24.297 24.299 24.301 24.305 24.317 24.328 24.328 24.333 24.336 24.337 24.342 24.344 24.345 24.353 24.361 24.361 24.374 24.377 24.385 24.4 24.412 24.413 24.422 24.433 24.435 24.446 24.464 24.465 24.485 24.491 24.493 24.499 24.503 24.523 24.559 24.563 24.569 24.572 24.579 24.647 24.745 24.815 24.95 24.97 25.199 25.223 26.033 30.209 33.594 39.905 40.091 43.782 43.862 44.054 44.103 44.131 44.187 44.219 44.267 44.267 44.275 44.287 44.327 44.371 44.376 44.527 44.616 44.752 45.999 46.027 46.224 46.251 46.316 46.516 46.673 46.756 46.817 46.913 46.946 47.03 47.363 47.635 47.734 47.871 47.871 47.887 47.919 47.936 47.952 47.979 47.995 48.048 48.056 48.06 48.06 48.084 48.087 48.088 48.091 48.092 48.123 48.128 48.128 48.14 48.156 48.168 48.168 48.176 48.212 48.233 48.236 48.26 48.269 48.273 48.337 48.344 48.348 48.36 48.364 48.364 48.369 48.445 48.585 48.593 48.661 48.685 48.761 48.842 49.896 49.936 49.952 49.96 49.993 50 50.052 50.064 50.197 50.341 50.427 50.538 50.758 50.842 51.075 51.095 51.147 51.279 51.307 51.36 51.372 51.572 51.58 51.58 51.632 51.648 51.668 51.716 51.725 51.756 51.773 51.796 51.813 51.836 51.84 51.853 51.9 51.933 51.937 51.941 51.961 51.965 52.049 52.065 52.065 52.077 52.181 52.386 52.41 52.638 54.936 65.232 66.76 72.521 111.002 2968.35

Time elapsed stats:
  sum  29277.2 us
  avg  29.2772 us
  max  2968.35 us
  min  20.029 us

Removing top/bottom-5:
  sum  25892.9 us
  avg  26.1544 us
  max  54.936 us
  min  20.169 us

Num files at level --
  0: 9
  1: 19
  2: 12
  3: 0
  4: 0
  5: 0
  6: 0

Stats --
                               Compactions
Level  Files Size(MB) Time(sec) Read(MB) Write(MB)
--------------------------------------------------
  0        9       36         0        0         0
  1       19       36         0        0         0
  2       12       24         0        0         0

SSTables --
--- level 0 ---
 92:4124646['user10046604894068544' @ 9635 : 1 .. 'user971136347768642592' @ 9667 : 1]
 89:4205685['user1005640680888162' @ 8874 : 1 .. 'user960084102193685886' @ 8906 : 1]
 85:4204932['user1005972966029934054' @ 8047 : 1 .. 'user994579075160678783' @ 7972 : 1]
 81:4205504['user1006191281247775937' @ 7456 : 1 .. 'user982188593343599298' @ 7368 : 1]
 78:4205619['user1006532926542074502' @ 6714 : 1 .. 'user99137614613375737' @ 6928 : 1]
 83:4205080['user1018363447847013539' @ 7865 : 1 .. 'user993800799430696452' @ 7820 : 1]
 58:4205091['user1019483368871294435' @ 6367 : 1 .. 'user994360759942836900' @ 6491 : 1]
 91:4205756['user1044594160504054184' @ 9234 : 1 .. 'user95229708324090387' @ 9196 : 1]
 87:4205838['user1050400263547602761' @ 8556 : 1 .. 'user935751586290908468' @ 8619 : 1]
--- level 1 ---
 56:2107550['user1006751241759916385' @ 6221 : 1 .. 'user1498736710723774180' @ 4061 : 1]
 59:2107519['user1499296671235914628' @ 2800 : 1 .. 'user1940937226857796243' @ 3609 : 1]
 60:2107462['user1941497187369936691' @ 3402 : 1 .. 'user2429916395338807701' @ 3442 : 1]
 61:2107602['user2430134710556649584' @ 4885 : 1 .. 'user2893101481598462280' @ 4780 : 1]
 62:2107507['user2895889466863466734' @ 3822 : 1 .. 'user3335631825731085122' @ 5111 : 1]
 63:2107680['user3336191786243225570' @ 5762 : 1 .. 'user3810210802859994972' @ 2664 : 1]
 64:2107439['user3810429118077836855' @ 3175 : 1 .. 'user4256537540501144268' @ 6053 : 1]
 65:2107572['user4257097501013284716' @ 5270 : 1 .. 'user4760135215552099217' @ 2697 : 1]
 66:2107491['user4764821397571366898' @ 2517 : 1 .. 'user5211708095724656642' @ 5413 : 1]
 67:2107613['user5212049741018955207' @ 5233 : 1 .. 'user5623208460573458061' @ 4765 : 1]
 68:2107496['user5623768421085598509' @ 6064 : 1 .. 'user6131835534764733457' @ 4229 : 1]
 69:2107420['user6132395495276873905' @ 5110 : 1 .. 'user6533061929768560501' @ 3508 : 1]
 70:2107414['user65420917376365171' @ 3918 : 1 .. 'user7021699452955273394' @ 6015 : 1]
 71:2107611['user7030293541263826425' @ 5829 : 1 .. 'user7488014169774230992' @ 3403 : 1]
 72:1895765['user7488232484992072875' @ 4916 : 1 .. 'user7891251846139834360' @ 4796 : 1]
 73:2107521['user7900965855472668287' @ 4966 : 1 .. 'user8384575551345814934' @ 3899 : 1]
 74:2107482['user8384917196640113499' @ 2579 : 1 .. 'user8794955995170335457' @ 5853 : 1]
 75:2107295['user8795515955682475905' @ 5104 : 1 .. 'user979960568590735292' @ 3463 : 1]
 76:121025['user982748553855739746' @ 5015 : 1 .. 'user997378877721381023' @ 3797 : 1]
--- level 2 ---
 36:2107527['user1000385178204227360' @ 6 : 1 .. 'user1715321609418666813' @ 1633 : 1]
 45:2107432['user1715539924636508696' @ 2150 : 1 .. 'user2419424110275991443' @ 2320 : 1]
 46:2107346['user2422430410758837780' @ 1503 : 1 .. 'user3111914405046218919' @ 615 : 1]
 47:2107429['user3112132720264060802' @ 104 : 1 .. 'user3832315294009908384' @ 2078 : 1]
 48:2107491['user3835881555004895169' @ 1024 : 1 .. 'user4515091579447301933' @ 169 : 1]
 49:2107419['user4515651539959442381' @ 922 : 1 .. 'user5219194080304626563' @ 398 : 1]
 50:2107468['user5223101986593911913' @ 1398 : 1 .. 'user5911684375074854039' @ 2219 : 1]
 51:2107281['user5912804296099134935' @ 713 : 1 .. 'user6525357629970748697' @ 1972 : 1]
 52:2107377['user6525917590482889145' @ 67 : 1 .. 'user7230580051852354223' @ 1081 : 1]
 53:2107438['user7230798367070196106' @ 1614 : 1 .. 'user789388067335041421' @ 1243 : 1]
 54:2107349['user7908110194758339643' @ 1689 : 1 .. 'user8637323487248424022' @ 309 : 1]
 55:2046806['user8637665132542722587' @ 97 : 1 .. 'user996258956697100127' @ 1207 : 1]
--- level 3 ---
--- level 4 ---
--- level 5 ---
--- level 6 ---

