Finished 1000 requests.

Sorted time elapsed:
 55.565 55.787 56.062 56.199 56.241 56.243 56.395 56.401 56.407 56.526 56.603 56.686 56.692 56.734 56.846 56.989 56.993 57.024 57.046 57.057 57.063 57.074 57.143 57.181 57.203 57.261 57.319 57.441 57.473 57.478 57.483 57.496 57.501 57.596 57.606 57.614 57.64 57.644 57.674 57.682 57.684 57.7 57.75 57.754 57.758 57.815 57.818 57.852 57.861 57.865 57.882 57.883 57.891 57.894 57.902 57.913 57.955 57.995 58.027 58.053 58.101 58.113 58.129 58.145 58.146 58.147 58.2 58.29 58.297 58.325 58.338 58.38 58.416 58.422 58.43 58.522 58.576 58.584 58.588 58.6 58.607 58.616 58.618 58.628 58.628 58.656 58.682 58.7 58.713 58.741 58.742 58.779 58.781 58.782 58.783 58.789 58.825 58.835 58.859 58.867 58.873 58.917 58.919 58.921 58.923 58.933 58.939 58.949 58.957 59.008 59.011 59.021 59.03 59.045 59.068 59.072 59.078 59.083 59.085 59.1 59.109 59.118 59.121 59.126 59.132 59.142 59.192 59.217 59.247 59.253 59.26 59.284 59.286 59.289 59.299 59.322 59.324 59.328 59.36 59.36 59.364 59.392 59.412 59.414 59.426 59.452 59.46 59.463 59.464 59.474 59.498 59.514 59.514 59.54 59.561 59.567 59.596 59.597 59.613 59.613 59.615 59.62 59.629 59.643 59.651 59.664 59.675 59.68 59.697 59.701 59.708 59.711 59.715 59.717 59.737 59.738 59.76 59.77 59.773 59.787 59.799 59.805 59.807 59.807 59.843 59.847 59.847 59.85 59.857 59.866 59.867 59.869 59.878 59.883 59.888 59.897 59.899 59.919 59.924 59.925 59.933 59.944 59.945 59.977 59.986 59.991 60.009 60.015 60.018 60.025 60.029 60.056 60.077 60.108 60.115 60.128 60.14 60.154 60.18 60.182 60.214 60.228 60.238 60.252 60.254 60.266 60.268 60.29 60.304 60.316 60.34 60.349 60.352 60.36 60.366 60.372 60.38 60.385 60.403 60.408 60.414 60.432 60.438 60.447 60.47 60.47 60.505 60.51 60.516 60.517 60.543 60.555 60.586 60.589 60.591 60.614 60.615 60.643 60.681 60.711 60.766 60.769 60.77 60.772 60.789 60.792 60.796 60.814 60.826 60.861 60.864 60.885 60.887 60.936 60.938 60.996 61.014 61.014 61.019 61.024 61.036 61.046 61.051 61.058 61.064 61.082 61.086 61.098 61.138 61.143 61.148 61.158 61.172 61.19 61.232 61.29 61.322 61.341 61.358 61.391 61.399 61.419 61.457 61.465 61.465 61.477 61.479 61.485 61.535 61.541 61.555 61.577 61.627 61.642 61.675 61.678 61.726 61.728 61.734 61.788 61.822 61.838 61.872 61.898 61.904 61.92 61.956 61.964 61.986 61.998 62.024 62.049 62.088 62.092 62.158 62.236 62.261 62.28 62.338 62.34 62.363 62.367 62.383 62.417 62.419 62.421 62.491 62.533 62.559 62.571 62.597 62.641 62.655 62.661 62.663 62.666 62.67 62.704 62.768 62.78 62.806 62.812 62.87 62.87 62.886 62.888 62.954 62.971 63.113 63.159 63.211 63.307 63.309 63.391 63.397 63.519 63.688 63.814 63.932 63.956 63.965 64.025 64.5 64.522 64.626 64.748 64.953 65.009 65.544 65.881 66.041 66.2 66.206 66.214 66.302 66.924 66.942 66.956 66.968 66.971 66.998 67.108 67.421 67.725 67.732 67.774 67.882 67.882 67.93 67.936 68.02 68.048 68.05 68.072 68.211 68.399 68.417 68.456 68.653 68.716 68.779 68.85 69.004 69.105 69.201 69.221 69.234 69.582 69.696 69.704 69.706 69.749 69.865 69.956 70.058 70.085 70.209 70.227 70.302 70.318 70.336 70.419 70.671 70.819 70.933 71.102 71.285 71.376 72.173 73.952 74.823 74.928 76.321 76.628 77.182 77.375 77.494 77.733 77.831 77.972 78.068 78.436 78.739 78.743 78.779 79.472 79.565 79.68 79.684 79.694 79.72 79.959 79.966 79.981 80.041 80.267 80.366 80.642 80.65 80.79 80.97 80.986 81.283 81.285 81.424 81.449 81.482 81.53 81.571 81.78 81.833 81.875 82.173 82.693 82.983 83.078 83.319 83.609 84.186 84.781 84.853 84.953 85.07 85.469 86.932 87.741 88.11 89.162 89.413 89.492 89.989 94.054 94.674 95.211 95.802 95.804 95.833 95.911 96.268 96.449 96.494 96.573 96.727 96.809 96.858 97.071 97.168 97.176 97.422 97.507 97.562 97.587 97.638 97.915 97.951 97.955 98.087 98.094 98.101 98.132 98.195 98.407 98.426 98.494 98.53 98.614 98.617 98.652 98.766 98.854 98.91 98.91 99.004 99.074 99.093 99.114 99.171 99.322 99.45 99.652 100.017 100.076 100.221 100.342 100.35 100.353 100.379 100.969 100.969 101.002 101.206 101.355 101.392 102.208 102.551 102.933 103.221 103.841 103.943 104.072 107.217 107.526 108.894 109.425 109.754 111.154 111.616 111.921 112.324 113.147 114.021 114.106 114.396 114.806 117.648 121.526 124.082 125.452 126.539 127.411 127.617 127.712 127.908 127.972 127.988 128.033 128.053 128.303 128.529 128.539 128.579 128.775 128.909 129.091 129.1 129.16 129.215 129.265 129.315 129.406 129.521 129.582 129.631 129.726 129.832 129.867 129.907 129.927 129.958 129.977 130.077 130.108 130.137 130.183 130.183 130.193 130.348 130.543 130.573 130.644 130.669 130.674 130.699 130.704 130.709 130.764 130.799 130.904 130.919 130.919 130.924 130.954 131.029 131.035 131.11 131.235 131.316 131.32 131.41 131.416 131.461 131.47 131.535 131.561 131.646 131.681 131.681 131.701 131.777 131.816 131.882 131.937 132.006 132.022 132.042 132.117 132.178 132.182 132.187 132.212 132.212 132.292 132.323 132.383 132.412 132.453 132.503 132.523 132.548 132.633 132.698 132.769 132.839 132.844 132.919 132.979 132.989 133.105 133.12 133.124 133.129 133.15 133.18 133.21 133.395 133.435 133.48 133.486 133.49 133.495 133.495 133.51 133.581 133.595 133.61 133.63 133.706 133.711 133.756 133.771 133.781 133.831 133.856 133.922 133.931 133.992 134.011 134.037 134.037 134.107 134.127 134.162 134.167 134.177 134.202 134.202 134.227 134.267 134.332 134.372 134.372 134.402 134.407 134.418 134.437 134.468 134.532 134.532 134.538 134.563 134.598 134.653 134.663 134.758 134.768 134.799 134.923 134.929 134.969 135.004 135.019 135.019 135.024 135.064 135.084 135.129 135.164 135.17 135.199 135.234 135.259 135.259 135.265 135.3 135.32 135.325 135.34 135.374 135.38 135.4 135.47 135.5 135.52 135.585 135.64 135.646 135.655 135.695 135.765 135.801 135.821 135.891 135.941 135.966 136.087 136.176 136.186 136.241 136.251 136.252 136.257 136.286 136.287 136.342 136.352 136.402 136.402 136.422 136.492 136.552 136.573 136.592 136.592 136.607 136.648 136.663 136.718 136.757 136.763 136.772 136.818 136.818 136.888 136.978 137.069 137.084 137.084 137.089 137.154 137.199 137.219 137.225 137.249 137.274 137.364 137.374 137.495 137.685 137.735 137.771 137.851 137.896 137.926 137.961 137.986 137.986 138.056 138.076 138.076 138.086 138.116 138.221 138.251 138.286 138.402 138.426 138.442 138.613 138.648 138.667 138.768 138.828 138.843 138.858 138.998 139.003 139.013 139.129 139.139 139.146 139.214 139.224 139.234 139.244 139.294 139.309 139.359 139.444 139.489 139.545 139.624 139.865 139.881 139.966 139.995 140.005 140.06 140.081 140.171 140.231 140.236 140.256 140.286 140.476 140.477 140.527 140.586 140.84 140.862 141.189 141.248 141.299 141.754 141.905 142.035 142.095 142.161 142.166 142.226 142.321 142.371 142.491 142.797 143.097 143.143 143.413 143.809 144.06 144.195 144.681 144.962 145.037 145.352 145.689 146.175 146.841 147.036 147.834 148.199 148.795 148.886 148.961 149.056 149.126 149.342 149.362 149.658 150.024 150.445 150.54 150.6 151.051 151.106 151.157 151.257 151.271 151.673 151.738 151.863 151.978 152.269 152.549 153.021 153.241 153.663 153.843 154.018 154.143 154.675 154.735 154.76 155.025 155.201 155.216 155.276 155.427 155.531 156.048 156.694 157.973 158.158 159.24 162.067 163.19 164.663 166.457 169.539 169.885 171.368 173.368 174.441 174.771 174.876 175.222 175.819 179.913 179.948 180.78 181.091 181.511 183.772 184.018 191.399 193.389 199.293 200.206 248.497 258.389 358.425 3875.95

Time elapsed stats:
  sum  101765 us
  avg  101.765 us
  max  3875.95 us
  min  55.565 us

Removing top/bottom-5:
  sum  96543.7 us
  avg  97.5189 us
  max  199.293 us
  min  56.243 us

Num files at level --
  0: 9
  1: 19
  2: 12
  3: 0
  4: 0
  5: 0
  6: 0

Stats --
                               Compactions
Level  Files Size(MB) Time(sec) Read(MB) Write(MB)
--------------------------------------------------
  0        9       36         0        0         0
  1       19       36         0        0         0
  2       12       24         0        0         0

SSTables --
--- level 0 ---
 92:4124646['user10046604894068544' @ 9635 : 1 .. 'user971136347768642592' @ 9667 : 1]
 89:4205685['user1005640680888162' @ 8874 : 1 .. 'user960084102193685886' @ 8906 : 1]
 85:4204932['user1005972966029934054' @ 8047 : 1 .. 'user994579075160678783' @ 7972 : 1]
 81:4205504['user1006191281247775937' @ 7456 : 1 .. 'user982188593343599298' @ 7368 : 1]
 78:4205619['user1006532926542074502' @ 6714 : 1 .. 'user99137614613375737' @ 6928 : 1]
 83:4205080['user1018363447847013539' @ 7865 : 1 .. 'user993800799430696452' @ 7820 : 1]
 58:4205091['user1019483368871294435' @ 6367 : 1 .. 'user994360759942836900' @ 6491 : 1]
 91:4205756['user1044594160504054184' @ 9234 : 1 .. 'user95229708324090387' @ 9196 : 1]
 87:4205838['user1050400263547602761' @ 8556 : 1 .. 'user935751586290908468' @ 8619 : 1]
--- level 1 ---
 56:2107550['user1006751241759916385' @ 6221 : 1 .. 'user1498736710723774180' @ 4061 : 1]
 59:2107519['user1499296671235914628' @ 2800 : 1 .. 'user1940937226857796243' @ 3609 : 1]
 60:2107462['user1941497187369936691' @ 3402 : 1 .. 'user2429916395338807701' @ 3442 : 1]
 61:2107602['user2430134710556649584' @ 4885 : 1 .. 'user2893101481598462280' @ 4780 : 1]
 62:2107507['user2895889466863466734' @ 3822 : 1 .. 'user3335631825731085122' @ 5111 : 1]
 63:2107680['user3336191786243225570' @ 5762 : 1 .. 'user3810210802859994972' @ 2664 : 1]
 64:2107439['user3810429118077836855' @ 3175 : 1 .. 'user4256537540501144268' @ 6053 : 1]
 65:2107572['user4257097501013284716' @ 5270 : 1 .. 'user4760135215552099217' @ 2697 : 1]
 66:2107491['user4764821397571366898' @ 2517 : 1 .. 'user5211708095724656642' @ 5413 : 1]
 67:2107613['user5212049741018955207' @ 5233 : 1 .. 'user5623208460573458061' @ 4765 : 1]
 68:2107496['user5623768421085598509' @ 6064 : 1 .. 'user6131835534764733457' @ 4229 : 1]
 69:2107420['user6132395495276873905' @ 5110 : 1 .. 'user6533061929768560501' @ 3508 : 1]
 70:2107414['user65420917376365171' @ 3918 : 1 .. 'user7021699452955273394' @ 6015 : 1]
 71:2107611['user7030293541263826425' @ 5829 : 1 .. 'user7488014169774230992' @ 3403 : 1]
 72:1895765['user7488232484992072875' @ 4916 : 1 .. 'user7891251846139834360' @ 4796 : 1]
 73:2107521['user7900965855472668287' @ 4966 : 1 .. 'user8384575551345814934' @ 3899 : 1]
 74:2107482['user8384917196640113499' @ 2579 : 1 .. 'user8794955995170335457' @ 5853 : 1]
 75:2107295['user8795515955682475905' @ 5104 : 1 .. 'user979960568590735292' @ 3463 : 1]
 76:121025['user982748553855739746' @ 5015 : 1 .. 'user997378877721381023' @ 3797 : 1]
--- level 2 ---
 36:2107527['user1000385178204227360' @ 6 : 1 .. 'user1715321609418666813' @ 1633 : 1]
 45:2107432['user1715539924636508696' @ 2150 : 1 .. 'user2419424110275991443' @ 2320 : 1]
 46:2107346['user2422430410758837780' @ 1503 : 1 .. 'user3111914405046218919' @ 615 : 1]
 47:2107429['user3112132720264060802' @ 104 : 1 .. 'user3832315294009908384' @ 2078 : 1]
 48:2107491['user3835881555004895169' @ 1024 : 1 .. 'user4515091579447301933' @ 169 : 1]
 49:2107419['user4515651539959442381' @ 922 : 1 .. 'user5219194080304626563' @ 398 : 1]
 50:2107468['user5223101986593911913' @ 1398 : 1 .. 'user5911684375074854039' @ 2219 : 1]
 51:2107281['user5912804296099134935' @ 713 : 1 .. 'user6525357629970748697' @ 1972 : 1]
 52:2107377['user6525917590482889145' @ 67 : 1 .. 'user7230580051852354223' @ 1081 : 1]
 53:2107438['user7230798367070196106' @ 1614 : 1 .. 'user789388067335041421' @ 1243 : 1]
 54:2107349['user7908110194758339643' @ 1689 : 1 .. 'user8637323487248424022' @ 309 : 1]
 55:2046806['user8637665132542722587' @ 97 : 1 .. 'user996258956697100127' @ 1207 : 1]
--- level 3 ---
--- level 4 ---
--- level 5 ---
--- level 6 ---

