Finished 1000 requests.

Sorted time elapsed:
 8.608 8.624 8.668 8.689 8.692 8.695 8.724 8.732 8.737 8.738 8.746 8.759 8.765 8.769 8.771 8.782 8.789 8.79 8.806 8.816 8.817 8.824 8.831 8.835 8.836 8.846 8.846 8.854 8.861 8.871 8.873 8.875 8.875 8.881 8.883 8.893 8.899 8.899 8.903 8.905 8.908 8.915 8.918 8.925 8.931 8.937 8.939 8.941 8.956 8.957 8.968 8.971 8.972 8.991 8.993 9.007 9.019 9.021 9.071 9.081 9.145 9.155 9.33 9.335 9.386 9.388 9.458 9.462 9.615 9.651 9.811 9.857 9.857 9.913 9.949 9.963 9.973 9.977 9.985 9.987 10.003 10.014 10.027 10.027 10.029 10.031 10.035 10.056 10.093 10.094 10.114 10.125 10.13 10.132 10.136 10.144 10.146 10.15 10.152 10.156 10.168 10.169 10.172 10.178 10.198 10.198 10.206 10.218 10.226 10.227 10.234 10.237 10.242 10.244 10.247 10.247 10.25 10.263 10.266 10.268 10.27 10.278 10.284 10.286 10.288 10.293 10.308 10.308 10.314 10.34 10.342 10.364 10.368 10.374 10.382 10.393 10.394 10.394 10.408 10.412 10.416 10.43 10.496 10.583 10.619 10.711 10.749 10.769 10.781 10.784 10.793 10.807 10.813 10.821 10.821 10.83 10.831 10.833 10.843 10.845 10.847 10.849 10.855 10.857 10.857 10.859 10.864 10.866 10.867 10.871 10.873 10.879 10.882 10.882 10.887 10.888 10.891 10.893 10.893 10.894 10.894 10.899 10.904 10.911 10.913 10.918 10.927 10.928 10.929 10.929 10.931 10.932 10.933 10.935 10.937 10.939 10.942 10.944 10.946 10.947 10.949 10.949 10.949 10.951 10.951 10.951 10.954 10.956 10.956 10.957 10.961 10.961 10.962 10.963 10.965 10.97 10.97 10.971 10.973 10.977 10.981 10.984 10.985 10.987 10.988 10.992 10.994 10.995 10.996 10.997 10.998 11 11.001 11.001 11.002 11.003 11.004 11.005 11.01 11.01 11.016 11.017 11.018 11.02 11.022 11.026 11.028 11.028 11.028 11.032 11.034 11.036 11.036 11.038 11.039 11.04 11.041 11.042 11.048 11.05 11.05 11.053 11.058 11.058 11.059 11.063 11.064 11.064 11.07 11.07 11.071 11.072 11.075 11.076 11.077 11.086 11.086 11.091 11.091 11.092 11.096 11.098 11.098 11.1 11.1 11.1 11.101 11.104 11.104 11.11 11.113 11.114 11.116 11.12 11.122 11.122 11.123 11.126 11.126 11.126 11.127 11.128 11.128 11.13 11.13 11.136 11.138 11.138 11.142 11.145 11.148 11.15 11.152 11.152 11.154 11.156 11.156 11.162 11.163 11.166 11.166 11.17 11.172 11.174 11.176 11.18 11.192 11.196 11.198 11.202 11.204 11.206 11.206 11.214 11.214 11.224 11.226 11.228 11.232 11.232 11.233 11.24 11.25 11.25 11.256 11.26 11.262 11.262 11.27 11.272 11.273 11.278 11.284 11.284 11.293 11.294 11.302 11.308 11.312 11.322 11.325 11.338 11.339 11.348 11.348 11.363 11.364 11.368 11.373 11.381 11.402 11.406 11.407 11.422 11.434 11.451 11.452 11.463 11.471 11.473 11.477 11.492 11.496 11.525 11.529 11.549 11.549 11.557 11.577 11.581 11.591 11.625 11.641 11.653 11.729 11.733 11.771 11.771 11.822 11.826 11.84 11.897 11.92 11.929 11.932 11.94 11.949 11.956 11.969 11.972 11.98 11.98 11.991 11.994 11.996 11.996 11.998 12.012 12.015 12.018 12.03 12.038 12.04 12.044 12.056 12.056 12.066 12.07 12.072 12.078 12.082 12.092 12.096 12.103 12.108 12.11 12.114 12.116 12.118 12.12 12.126 12.13 12.15 12.15 12.154 12.159 12.164 12.168 12.176 12.189 12.19 12.202 12.204 12.225 12.225 12.226 12.227 12.232 12.233 12.24 12.244 12.245 12.245 12.245 12.252 12.256 12.259 12.262 12.263 12.272 12.273 12.275 12.277 12.278 12.284 12.287 12.288 12.292 12.296 12.3 12.301 12.301 12.301 12.302 12.303 12.303 12.311 12.318 12.319 12.321 12.325 12.325 12.325 12.327 12.328 12.334 12.337 12.344 12.347 12.349 12.35 12.353 12.361 12.363 12.363 12.381 12.384 12.387 12.387 12.389 12.391 12.391 12.393 12.395 12.395 12.407 12.412 12.413 12.421 12.437 12.437 12.441 12.449 12.451 12.453 12.459 12.463 12.467 12.469 12.473 12.475 12.475 12.477 12.481 12.485 12.491 12.515 12.519 12.557 12.559 12.595 12.598 12.609 12.613 12.623 12.634 12.64 12.644 12.652 12.653 12.655 12.663 12.682 12.685 12.71 12.81 12.816 12.826 12.828 12.844 12.844 12.868 12.869 12.87 12.873 12.884 12.884 12.886 12.892 12.892 12.892 12.894 12.894 12.896 12.896 12.906 12.906 12.91 12.916 12.918 12.92 12.924 12.924 12.93 12.93 12.932 12.934 12.936 12.936 12.938 12.942 12.942 12.956 12.958 12.958 12.96 12.97 12.972 12.973 12.974 12.976 12.976 12.978 12.982 12.984 12.984 12.984 12.988 12.99 12.994 12.996 12.996 12.998 12.998 13.001 13.006 13.006 13.011 13.018 13.018 13.018 13.023 13.025 13.026 13.027 13.028 13.03 13.03 13.032 13.033 13.034 13.036 13.04 13.042 13.045 13.056 13.059 13.06 13.062 13.063 13.07 13.072 13.078 13.08 13.08 13.08 13.082 13.087 13.088 13.09 13.092 13.093 13.094 13.098 13.105 13.112 13.114 13.116 13.118 13.123 13.128 13.133 13.136 13.141 13.143 13.145 13.145 13.146 13.146 13.147 13.148 13.148 13.148 13.151 13.151 13.152 13.154 13.154 13.161 13.165 13.166 13.167 13.167 13.171 13.178 13.179 13.179 13.181 13.183 13.196 13.202 13.205 13.205 13.207 13.211 13.211 13.213 13.213 13.215 13.216 13.217 13.219 13.225 13.229 13.233 13.235 13.249 13.255 13.255 13.257 13.263 13.275 13.275 13.277 13.279 13.28 13.28 13.283 13.287 13.287 13.287 13.289 13.291 13.294 13.295 13.296 13.301 13.301 13.309 13.313 13.317 13.319 13.323 13.333 13.333 13.333 13.337 13.337 13.339 13.339 13.341 13.341 13.343 13.343 13.347 13.354 13.357 13.361 13.364 13.365 13.365 13.367 13.373 13.373 13.373 13.373 13.386 13.399 13.407 13.413 13.416 13.432 13.437 13.439 13.443 13.457 13.471 13.487 13.511 13.512 13.518 13.518 13.52 13.544 13.561 13.568 13.586 13.591 13.605 13.605 13.622 13.638 13.646 13.656 13.663 13.67 13.673 13.764 13.788 13.823 13.88 13.904 13.956 13.993 14.081 14.117 14.141 14.141 14.175 14.205 14.219 14.225 14.253 14.257 14.261 14.269 14.275 14.28 14.285 14.293 14.293 14.3 14.303 14.32 14.384 14.385 14.399 14.399 14.423 14.425 14.438 14.442 14.443 14.448 14.456 14.466 14.485 14.499 14.504 14.506 14.512 14.536 14.552 14.556 14.572 14.576 14.588 14.624 14.634 14.687 14.704 14.732 14.78 14.872 14.979 15.127 15.322 15.366 15.536 15.552 15.596 15.901 16.061 16.166 16.428 16.669 16.677 16.763 16.984 17.101 17.288 17.322 17.546 17.833 17.843 17.95 18.016 18.148 18.439 18.535 18.824 18.844 18.936 19.104 19.136 19.349 19.43 19.513 19.656 20.034 20.071 20.099 20.255 20.267 20.367 20.371 20.468 20.508 20.516 20.54 20.54 20.54 20.567 20.608 20.608 20.616 20.644 20.656 20.66 20.7 20.705 20.749 20.76 20.868 20.868 20.873 20.952 20.957 20.997 21.025 21.081 21.122 21.129 21.238 21.494 21.731 22.2 22.2 22.208 22.228 22.265 22.272 22.336 22.428 22.436 22.484 22.585 22.597 22.613 22.705 22.705 22.717 22.732 22.785 22.853 22.977 23.034 23.085 23.162 23.258 23.615 23.663 23.84 23.891 23.967 23.968 23.991 24 24.04 24.044 24.052 24.06 24.112 24.148 24.164 24.192 24.26 24.269 24.273 24.281 24.305 24.315 24.32 24.321 24.324 24.328 24.344 24.348 24.372 24.384 24.389 24.425 24.445 24.457 24.477 24.525 24.529 24.541 24.541 24.565 24.578 24.581 24.653 24.693 24.709 24.717 24.774 25.255 25.258 25.299 27.371 28.101 30.26 30.531 30.832 34.424 36.348 40.905 73.318 1135.84

Time elapsed stats:
  sum  14603.1 us
  avg  14.6031 us
  max  1135.84 us
  min  8.608 us

Removing top/bottom-5:
  sum  13239 us
  avg  13.3727 us
  max  30.832 us
  min  8.695 us

Num files at level --
  0: 9
  1: 19
  2: 12
  3: 0
  4: 0
  5: 0
  6: 0

Stats --
                               Compactions
Level  Files Size(MB) Time(sec) Read(MB) Write(MB)
--------------------------------------------------
  0        9       36         0        0         0
  1       19       36         0        0         0
  2       12       24         0        0         0

SSTables --
--- level 0 ---
 92:4124646['user10046604894068544' @ 9635 : 1 .. 'user971136347768642592' @ 9667 : 1]
 89:4205685['user1005640680888162' @ 8874 : 1 .. 'user960084102193685886' @ 8906 : 1]
 85:4204932['user1005972966029934054' @ 8047 : 1 .. 'user994579075160678783' @ 7972 : 1]
 81:4205504['user1006191281247775937' @ 7456 : 1 .. 'user982188593343599298' @ 7368 : 1]
 78:4205619['user1006532926542074502' @ 6714 : 1 .. 'user99137614613375737' @ 6928 : 1]
 83:4205080['user1018363447847013539' @ 7865 : 1 .. 'user993800799430696452' @ 7820 : 1]
 58:4205091['user1019483368871294435' @ 6367 : 1 .. 'user994360759942836900' @ 6491 : 1]
 91:4205756['user1044594160504054184' @ 9234 : 1 .. 'user95229708324090387' @ 9196 : 1]
 87:4205838['user1050400263547602761' @ 8556 : 1 .. 'user935751586290908468' @ 8619 : 1]
--- level 1 ---
 56:2107550['user1006751241759916385' @ 6221 : 1 .. 'user1498736710723774180' @ 4061 : 1]
 59:2107519['user1499296671235914628' @ 2800 : 1 .. 'user1940937226857796243' @ 3609 : 1]
 60:2107462['user1941497187369936691' @ 3402 : 1 .. 'user2429916395338807701' @ 3442 : 1]
 61:2107602['user2430134710556649584' @ 4885 : 1 .. 'user2893101481598462280' @ 4780 : 1]
 62:2107507['user2895889466863466734' @ 3822 : 1 .. 'user3335631825731085122' @ 5111 : 1]
 63:2107680['user3336191786243225570' @ 5762 : 1 .. 'user3810210802859994972' @ 2664 : 1]
 64:2107439['user3810429118077836855' @ 3175 : 1 .. 'user4256537540501144268' @ 6053 : 1]
 65:2107572['user4257097501013284716' @ 5270 : 1 .. 'user4760135215552099217' @ 2697 : 1]
 66:2107491['user4764821397571366898' @ 2517 : 1 .. 'user5211708095724656642' @ 5413 : 1]
 67:2107613['user5212049741018955207' @ 5233 : 1 .. 'user5623208460573458061' @ 4765 : 1]
 68:2107496['user5623768421085598509' @ 6064 : 1 .. 'user6131835534764733457' @ 4229 : 1]
 69:2107420['user6132395495276873905' @ 5110 : 1 .. 'user6533061929768560501' @ 3508 : 1]
 70:2107414['user65420917376365171' @ 3918 : 1 .. 'user7021699452955273394' @ 6015 : 1]
 71:2107611['user7030293541263826425' @ 5829 : 1 .. 'user7488014169774230992' @ 3403 : 1]
 72:1895765['user7488232484992072875' @ 4916 : 1 .. 'user7891251846139834360' @ 4796 : 1]
 73:2107521['user7900965855472668287' @ 4966 : 1 .. 'user8384575551345814934' @ 3899 : 1]
 74:2107482['user8384917196640113499' @ 2579 : 1 .. 'user8794955995170335457' @ 5853 : 1]
 75:2107295['user8795515955682475905' @ 5104 : 1 .. 'user979960568590735292' @ 3463 : 1]
 76:121025['user982748553855739746' @ 5015 : 1 .. 'user997378877721381023' @ 3797 : 1]
--- level 2 ---
 36:2107527['user1000385178204227360' @ 6 : 1 .. 'user1715321609418666813' @ 1633 : 1]
 45:2107432['user1715539924636508696' @ 2150 : 1 .. 'user2419424110275991443' @ 2320 : 1]
 46:2107346['user2422430410758837780' @ 1503 : 1 .. 'user3111914405046218919' @ 615 : 1]
 47:2107429['user3112132720264060802' @ 104 : 1 .. 'user3832315294009908384' @ 2078 : 1]
 48:2107491['user3835881555004895169' @ 1024 : 1 .. 'user4515091579447301933' @ 169 : 1]
 49:2107419['user4515651539959442381' @ 922 : 1 .. 'user5219194080304626563' @ 398 : 1]
 50:2107468['user5223101986593911913' @ 1398 : 1 .. 'user5911684375074854039' @ 2219 : 1]
 51:2107281['user5912804296099134935' @ 713 : 1 .. 'user6525357629970748697' @ 1972 : 1]
 52:2107377['user6525917590482889145' @ 67 : 1 .. 'user7230580051852354223' @ 1081 : 1]
 53:2107438['user7230798367070196106' @ 1614 : 1 .. 'user789388067335041421' @ 1243 : 1]
 54:2107349['user7908110194758339643' @ 1689 : 1 .. 'user8637323487248424022' @ 309 : 1]
 55:2046806['user8637665132542722587' @ 97 : 1 .. 'user996258956697100127' @ 1207 : 1]
--- level 3 ---
--- level 4 ---
--- level 5 ---
--- level 6 ---

