Finished 1000 requests.

Sorted time elapsed:
 7.493 7.497 7.52 7.523 7.536 7.556 7.56 7.565 7.566 7.59 7.6 7.604 7.616 7.62 7.635 7.65 7.65 7.654 7.662 7.665 7.672 7.674 7.674 7.684 7.686 7.686 7.686 7.69 7.694 7.696 7.696 7.696 7.7 7.71 7.714 7.716 7.716 7.722 7.726 7.73 7.73 7.732 7.744 7.746 7.754 7.766 7.766 7.772 7.772 7.774 7.776 7.778 7.779 7.781 7.788 7.788 7.788 7.79 7.794 7.798 7.812 7.812 7.813 7.826 7.84 7.867 7.868 7.912 7.98 8.171 8.273 8.464 8.572 8.592 8.612 8.65 8.652 8.654 8.658 8.666 8.672 8.681 8.682 8.688 8.688 8.69 8.69 8.693 8.694 8.694 8.702 8.704 8.705 8.706 8.712 8.713 8.714 8.716 8.717 8.726 8.729 8.73 8.732 8.735 8.736 8.743 8.747 8.748 8.75 8.751 8.751 8.752 8.755 8.756 8.758 8.76 8.76 8.76 8.766 8.766 8.766 8.766 8.768 8.77 8.772 8.772 8.773 8.774 8.775 8.776 8.779 8.782 8.786 8.786 8.788 8.789 8.791 8.792 8.793 8.793 8.796 8.8 8.802 8.804 8.804 8.809 8.813 8.813 8.814 8.816 8.819 8.82 8.824 8.828 8.829 8.83 8.832 8.833 8.833 8.837 8.841 8.844 8.846 8.848 8.851 8.852 8.853 8.853 8.857 8.858 8.859 8.86 8.861 8.862 8.865 8.866 8.867 8.868 8.869 8.873 8.875 8.877 8.877 8.88 8.881 8.883 8.884 8.887 8.889 8.889 8.889 8.891 8.892 8.893 8.897 8.899 8.899 8.902 8.907 8.907 8.911 8.921 8.923 8.924 8.931 8.933 8.937 8.941 8.945 8.947 8.947 8.961 8.964 8.967 8.967 8.969 8.973 8.975 8.989 8.991 8.999 8.999 9.001 9.019 9.021 9.023 9.043 9.051 9.061 9.061 9.063 9.065 9.082 9.097 9.102 9.109 9.111 9.127 9.14 9.145 9.202 9.229 9.266 9.368 9.382 9.394 9.404 9.406 9.418 9.424 9.444 9.448 9.458 9.464 9.474 9.476 9.492 9.498 9.5 9.5 9.5 9.503 9.516 9.516 9.517 9.518 9.52 9.52 9.524 9.53 9.532 9.534 9.534 9.534 9.535 9.536 9.539 9.541 9.542 9.542 9.548 9.548 9.548 9.55 9.552 9.552 9.558 9.558 9.562 9.564 9.564 9.566 9.568 9.569 9.57 9.572 9.572 9.573 9.576 9.58 9.58 9.582 9.588 9.589 9.59 9.59 9.592 9.592 9.592 9.592 9.594 9.595 9.596 9.597 9.598 9.599 9.6 9.6 9.602 9.607 9.612 9.612 9.614 9.616 9.616 9.618 9.62 9.62 9.623 9.624 9.624 9.624 9.624 9.627 9.628 9.633 9.634 9.638 9.64 9.64 9.64 9.642 9.643 9.644 9.647 9.651 9.652 9.652 9.656 9.656 9.658 9.66 9.66 9.663 9.663 9.664 9.664 9.665 9.666 9.668 9.669 9.669 9.669 9.67 9.671 9.671 9.673 9.673 9.674 9.675 9.676 9.68 9.68 9.68 9.683 9.683 9.687 9.688 9.689 9.689 9.69 9.691 9.693 9.696 9.697 9.698 9.702 9.704 9.705 9.707 9.708 9.709 9.711 9.713 9.713 9.713 9.713 9.714 9.718 9.719 9.72 9.723 9.724 9.724 9.726 9.726 9.727 9.728 9.729 9.73 9.731 9.732 9.737 9.738 9.739 9.745 9.745 9.747 9.749 9.755 9.761 9.762 9.763 9.765 9.766 9.767 9.771 9.773 9.773 9.776 9.777 9.781 9.781 9.782 9.783 9.783 9.784 9.785 9.79 9.79 9.791 9.793 9.794 9.799 9.8 9.802 9.817 9.823 9.826 9.833 9.837 9.843 9.847 9.849 9.859 9.861 9.871 9.871 9.873 9.895 9.901 9.903 9.905 9.905 9.909 9.913 9.917 9.929 9.949 9.977 9.999 10.013 10.015 10.026 10.026 10.044 10.053 10.069 10.077 10.122 10.171 10.184 10.217 10.218 10.255 10.264 10.296 10.314 10.344 10.456 10.458 10.47 10.489 10.493 10.581 10.615 10.616 10.619 10.621 10.644 10.66 10.664 10.667 10.681 10.689 10.701 10.705 10.717 10.729 10.733 10.737 10.745 10.753 10.759 10.761 10.767 10.769 10.797 10.805 10.807 10.809 10.815 10.815 10.823 10.824 10.825 10.829 10.839 10.845 10.847 10.849 10.849 10.851 10.867 10.869 10.869 10.872 10.873 10.875 10.876 10.89 10.903 10.906 10.906 10.907 10.907 10.92 10.92 10.925 10.929 10.932 10.936 10.947 10.947 10.952 10.974 10.99 10.993 11.004 11.006 11.019 11.021 11.028 11.07 11.076 11.09 11.111 11.116 11.204 11.24 11.258 11.26 11.351 11.362 11.371 11.416 11.421 11.423 11.425 11.443 11.446 11.459 11.467 11.469 11.475 11.477 11.477 11.479 11.483 11.484 11.487 11.489 11.495 11.496 11.497 11.497 11.501 11.502 11.504 11.506 11.509 11.512 11.513 11.515 11.529 11.535 11.551 11.553 11.559 11.561 11.571 11.577 11.583 11.593 11.607 11.609 11.629 11.631 11.647 11.651 11.653 11.661 11.663 11.665 11.669 11.679 11.681 11.707 11.72 11.744 11.752 11.759 11.76 11.773 11.778 11.78 11.825 11.85 11.866 11.901 11.95 12.012 12.094 12.108 12.285 12.411 12.497 12.559 12.649 12.68 13.086 13.199 13.273 13.435 13.542 14.03 14.355 14.499 14.666 15.716 16.55 16.607 16.638 16.647 16.655 16.707 16.711 16.731 16.731 16.751 16.751 16.771 16.779 16.819 16.92 16.927 16.939 16.967 16.988 16.992 17.035 17.056 17.08 17.123 17.136 17.172 17.396 18.443 18.543 18.595 18.599 18.68 18.707 18.723 18.724 18.748 18.896 18.962 18.992 19.004 19.036 19.036 19.045 19.064 19.124 19.132 19.196 19.268 19.268 19.285 19.301 19.365 19.393 19.401 19.401 19.461 19.485 19.51 19.554 19.565 19.578 19.578 19.722 19.818 19.854 20.058 20.123 20.191 20.211 20.259 20.275 20.315 20.332 20.335 20.371 20.376 20.379 20.384 20.411 20.412 20.42 20.44 20.451 20.455 20.463 20.475 20.475 20.495 20.511 20.516 20.516 20.536 20.54 20.547 20.548 20.555 20.576 20.588 20.612 20.615 20.632 20.644 20.644 20.656 20.68 20.68 20.684 20.692 20.692 20.7 20.712 20.72 20.728 20.744 20.748 20.76 20.764 20.764 20.768 20.776 20.788 20.804 20.808 20.808 20.821 20.833 20.844 20.844 20.853 20.868 20.868 20.877 20.881 20.884 20.901 20.933 20.933 20.944 20.969 21.008 21.017 21.025 21.025 21.045 21.065 21.073 21.145 21.173 21.177 21.194 21.221 21.241 21.266 21.274 21.294 21.301 21.366 21.393 21.394 21.406 21.441 21.486 21.538 21.607 21.614 21.883 21.919 22.127 22.176 22.203 22.223 22.291 22.292 22.372 22.413 22.413 22.42 22.432 22.441 22.465 22.468 22.496 22.5 22.512 22.528 22.536 22.552 22.568 22.577 22.588 22.593 22.597 22.613 22.633 22.636 22.652 22.653 22.661 22.677 22.697 22.721 22.721 22.725 22.729 22.737 22.821 22.837 22.837 22.838 22.845 22.845 22.857 22.869 22.87 22.881 22.893 22.897 22.925 22.933 22.949 22.957 22.961 22.969 22.977 23.006 23.018 23.021 23.029 23.049 23.054 23.066 23.082 23.113 23.117 23.15 23.15 23.178 23.178 23.19 23.202 23.238 23.29 23.311 23.386 23.394 23.422 23.503 23.57 23.615 23.643 23.667 23.784 23.843 24.008 24.052 24.068 24.076 24.076 24.104 24.112 24.116 24.12 24.136 24.144 24.153 24.18 24.205 24.216 24.22 24.24 24.244 24.248 24.26 24.276 24.293 24.296 24.297 24.297 24.313 24.317 24.317 24.32 24.405 24.433 24.437 24.445 24.457 24.465 24.472 24.489 24.493 24.501 24.517 24.517 24.525 24.525 24.529 24.533 24.541 24.541 24.549 24.573 24.633 24.637 24.674 24.797 24.813 24.841 24.841 24.85 24.873 24.874 24.882 25.002 25.01 25.011 25.018 25.038 25.039 25.042 25.058 25.126 25.138 25.215 25.251 25.283 26.073 26.67 26.811 27.139 27.849 29.645 30.11 31.252 33.971 34.556 37.283 38.217 58.363 1985.9

Time elapsed stats:
  sum  15882.1 us
  avg  15.8821 us
  max  1985.9 us
  min  7.493 us

Removing top/bottom-5:
  sum  13690.2 us
  avg  13.8285 us
  max  33.971 us
  min  7.556 us

Num files at level --
  0: 9
  1: 19
  2: 12
  3: 0
  4: 0
  5: 0
  6: 0

Stats --
                               Compactions
Level  Files Size(MB) Time(sec) Read(MB) Write(MB)
--------------------------------------------------
  0        9       36         0        0         0
  1       19       36         0        0         0
  2       12       24         0        0         0

SSTables --
--- level 0 ---
 92:4124646['user10046604894068544' @ 9635 : 1 .. 'user971136347768642592' @ 9667 : 1]
 89:4205685['user1005640680888162' @ 8874 : 1 .. 'user960084102193685886' @ 8906 : 1]
 85:4204932['user1005972966029934054' @ 8047 : 1 .. 'user994579075160678783' @ 7972 : 1]
 81:4205504['user1006191281247775937' @ 7456 : 1 .. 'user982188593343599298' @ 7368 : 1]
 78:4205619['user1006532926542074502' @ 6714 : 1 .. 'user99137614613375737' @ 6928 : 1]
 83:4205080['user1018363447847013539' @ 7865 : 1 .. 'user993800799430696452' @ 7820 : 1]
 58:4205091['user1019483368871294435' @ 6367 : 1 .. 'user994360759942836900' @ 6491 : 1]
 91:4205756['user1044594160504054184' @ 9234 : 1 .. 'user95229708324090387' @ 9196 : 1]
 87:4205838['user1050400263547602761' @ 8556 : 1 .. 'user935751586290908468' @ 8619 : 1]
--- level 1 ---
 56:2107550['user1006751241759916385' @ 6221 : 1 .. 'user1498736710723774180' @ 4061 : 1]
 59:2107519['user1499296671235914628' @ 2800 : 1 .. 'user1940937226857796243' @ 3609 : 1]
 60:2107462['user1941497187369936691' @ 3402 : 1 .. 'user2429916395338807701' @ 3442 : 1]
 61:2107602['user2430134710556649584' @ 4885 : 1 .. 'user2893101481598462280' @ 4780 : 1]
 62:2107507['user2895889466863466734' @ 3822 : 1 .. 'user3335631825731085122' @ 5111 : 1]
 63:2107680['user3336191786243225570' @ 5762 : 1 .. 'user3810210802859994972' @ 2664 : 1]
 64:2107439['user3810429118077836855' @ 3175 : 1 .. 'user4256537540501144268' @ 6053 : 1]
 65:2107572['user4257097501013284716' @ 5270 : 1 .. 'user4760135215552099217' @ 2697 : 1]
 66:2107491['user4764821397571366898' @ 2517 : 1 .. 'user5211708095724656642' @ 5413 : 1]
 67:2107613['user5212049741018955207' @ 5233 : 1 .. 'user5623208460573458061' @ 4765 : 1]
 68:2107496['user5623768421085598509' @ 6064 : 1 .. 'user6131835534764733457' @ 4229 : 1]
 69:2107420['user6132395495276873905' @ 5110 : 1 .. 'user6533061929768560501' @ 3508 : 1]
 70:2107414['user65420917376365171' @ 3918 : 1 .. 'user7021699452955273394' @ 6015 : 1]
 71:2107611['user7030293541263826425' @ 5829 : 1 .. 'user7488014169774230992' @ 3403 : 1]
 72:1895765['user7488232484992072875' @ 4916 : 1 .. 'user7891251846139834360' @ 4796 : 1]
 73:2107521['user7900965855472668287' @ 4966 : 1 .. 'user8384575551345814934' @ 3899 : 1]
 74:2107482['user8384917196640113499' @ 2579 : 1 .. 'user8794955995170335457' @ 5853 : 1]
 75:2107295['user8795515955682475905' @ 5104 : 1 .. 'user979960568590735292' @ 3463 : 1]
 76:121025['user982748553855739746' @ 5015 : 1 .. 'user997378877721381023' @ 3797 : 1]
--- level 2 ---
 36:2107527['user1000385178204227360' @ 6 : 1 .. 'user1715321609418666813' @ 1633 : 1]
 45:2107432['user1715539924636508696' @ 2150 : 1 .. 'user2419424110275991443' @ 2320 : 1]
 46:2107346['user2422430410758837780' @ 1503 : 1 .. 'user3111914405046218919' @ 615 : 1]
 47:2107429['user3112132720264060802' @ 104 : 1 .. 'user3832315294009908384' @ 2078 : 1]
 48:2107491['user3835881555004895169' @ 1024 : 1 .. 'user4515091579447301933' @ 169 : 1]
 49:2107419['user4515651539959442381' @ 922 : 1 .. 'user5219194080304626563' @ 398 : 1]
 50:2107468['user5223101986593911913' @ 1398 : 1 .. 'user5911684375074854039' @ 2219 : 1]
 51:2107281['user5912804296099134935' @ 713 : 1 .. 'user6525357629970748697' @ 1972 : 1]
 52:2107377['user6525917590482889145' @ 67 : 1 .. 'user7230580051852354223' @ 1081 : 1]
 53:2107438['user7230798367070196106' @ 1614 : 1 .. 'user789388067335041421' @ 1243 : 1]
 54:2107349['user7908110194758339643' @ 1689 : 1 .. 'user8637323487248424022' @ 309 : 1]
 55:2046806['user8637665132542722587' @ 97 : 1 .. 'user996258956697100127' @ 1207 : 1]
--- level 3 ---
--- level 4 ---
--- level 5 ---
--- level 6 ---

