Finished 1000 requests.

Sorted time elapsed:
 21.626 21.66 21.67 21.673 21.768 21.809 21.821 21.849 21.87 21.872 21.881 21.881 21.893 21.897 21.897 21.905 21.909 21.911 21.953 21.953 21.977 21.993 22.001 22.001 22.003 22.005 22.013 22.015 22.024 22.029 22.037 22.041 22.045 22.048 22.071 22.073 22.086 22.097 22.104 22.113 22.162 22.182 22.198 22.217 22.225 22.235 22.248 22.344 22.346 22.35 22.378 22.715 22.765 22.769 22.797 22.957 22.976 22.977 22.984 23.004 23.005 23.013 23.024 23.026 23.028 23.028 23.038 23.039 23.042 23.05 23.051 23.058 23.077 23.083 23.094 23.101 23.104 23.107 23.115 23.117 23.14 23.15 23.158 23.16 23.16 23.17 23.17 23.195 23.196 23.202 23.218 23.222 23.228 23.234 23.24 23.24 23.248 23.26 23.26 23.284 23.288 23.29 23.294 23.298 23.316 23.327 23.333 23.333 23.34 23.346 23.349 23.358 23.358 23.372 23.372 23.38 23.383 23.393 23.398 23.399 23.407 23.407 23.421 23.421 23.444 23.492 23.495 23.501 23.514 23.519 23.55 23.566 23.581 23.599 23.639 23.663 23.663 23.669 23.671 23.679 23.679 23.685 23.699 23.709 23.711 23.714 23.721 23.728 23.737 23.744 23.745 23.746 23.748 23.75 23.755 23.755 23.766 23.768 23.775 23.804 23.812 23.813 23.814 23.815 23.815 23.833 23.843 23.843 23.844 23.844 23.846 23.856 23.863 23.868 23.87 23.871 23.876 23.877 23.881 23.881 23.882 23.887 23.892 23.895 23.899 23.901 23.904 23.906 23.907 23.911 23.914 23.916 23.922 23.925 23.926 23.927 23.928 23.93 23.93 23.932 23.932 23.933 23.934 23.934 23.938 23.939 23.94 23.945 23.951 23.955 23.96 23.966 23.967 23.975 23.975 23.976 23.978 23.978 23.98 23.98 23.98 23.986 23.986 23.99 23.992 23.993 24.002 24.002 24.013 24.014 24.02 24.022 24.022 24.026 24.03 24.038 24.044 24.048 24.048 24.054 24.054 24.056 24.058 24.06 24.062 24.062 24.062 24.064 24.066 24.07 24.07 24.07 24.072 24.076 24.08 24.084 24.094 24.094 24.094 24.096 24.1 24.104 24.108 24.113 24.114 24.126 24.13 24.136 24.136 24.14 24.144 24.154 24.158 24.164 24.168 24.169 24.174 24.175 24.176 24.176 24.18 24.181 24.19 24.192 24.194 24.2 24.216 24.243 24.253 24.254 24.276 24.282 24.305 24.307 24.313 24.327 24.331 24.346 24.355 24.379 24.403 24.425 24.439 24.441 24.485 24.497 24.511 24.521 24.547 24.553 24.567 24.575 24.583 24.597 24.637 24.643 24.671 24.672 24.676 24.676 24.68 24.741 24.755 24.801 24.806 24.812 24.813 24.84 24.846 24.875 24.904 24.918 24.946 24.972 24.976 24.98 24.988 24.996 24.998 25.018 25.02 25.06 25.066 25.07 25.073 25.084 25.102 25.113 25.117 25.128 25.133 25.133 25.14 25.148 25.154 25.161 25.166 25.167 25.169 25.172 25.175 25.184 25.184 25.186 25.19 25.196 25.198 25.209 25.209 25.213 25.215 25.219 25.22 25.231 25.252 25.261 25.265 25.267 25.273 25.275 25.276 25.281 25.285 25.295 25.298 25.303 25.307 25.309 25.313 25.315 25.317 25.323 25.343 25.353 25.361 25.367 25.369 25.371 25.383 25.383 25.387 25.401 25.407 25.409 25.415 25.455 25.469 25.487 25.489 25.504 25.517 25.525 25.529 25.558 25.567 25.569 25.575 25.598 25.613 25.615 25.622 25.646 25.726 25.731 25.734 25.745 25.772 25.774 25.78 25.78 25.784 25.812 25.816 25.82 25.84 25.854 25.858 25.862 25.862 25.87 25.872 25.882 25.891 25.892 25.896 25.9 25.915 25.918 25.928 25.929 25.944 25.946 25.947 25.956 25.964 25.974 25.977 25.979 25.983 25.984 25.989 25.991 26.021 26.037 26.052 26.06 26.081 26.083 26.088 26.089 26.091 26.093 26.095 26.097 26.113 26.12 26.121 26.133 26.187 26.197 26.235 26.255 26.321 26.361 26.376 26.394 26.489 26.49 26.523 26.634 26.742 26.813 26.898 26.955 26.987 27.071 27.103 27.217 27.26 27.27 27.28 27.289 27.315 27.317 27.33 27.344 27.405 27.416 27.444 27.459 27.49 27.494 27.504 27.548 27.594 27.598 27.6 27.651 27.668 27.672 27.694 27.703 27.743 27.759 27.765 27.789 27.795 27.796 27.822 27.836 27.865 27.953 27.957 28.001 28.011 28.047 28.063 28.067 28.069 28.069 28.077 28.083 28.089 28.089 28.143 28.15 28.174 28.181 28.185 28.19 28.191 28.192 28.212 28.226 28.232 28.242 28.252 28.282 28.284 28.286 28.305 28.334 28.334 28.366 28.368 28.376 28.396 28.396 28.408 28.41 28.462 28.466 28.483 28.509 28.574 28.769 28.811 28.817 28.871 28.98 29.08 29.083 29.128 29.228 29.234 29.236 29.248 29.292 29.326 29.356 29.472 29.492 29.533 29.537 29.555 29.561 29.603 29.639 29.667 29.733 29.781 29.843 29.882 29.922 29.944 29.949 30.022 30.033 30.042 30.054 30.09 30.1 30.158 30.21 30.232 30.235 30.322 30.365 30.444 30.693 30.779 30.81 30.81 30.859 30.896 30.912 30.912 31.027 31.077 31.09 31.19 31.338 31.355 31.355 31.405 31.946 32.368 32.372 32.501 32.535 32.712 32.969 33.18 33.215 33.327 33.33 33.338 33.343 33.345 33.378 33.412 33.495 33.515 33.515 33.52 33.526 33.533 33.548 33.563 33.58 33.583 33.586 33.616 33.65 33.676 33.691 33.721 33.873 33.918 33.924 33.949 34.079 34.284 34.5 34.558 34.728 34.743 34.892 34.913 34.941 35.668 35.696 35.723 35.734 35.771 35.773 35.845 35.918 35.924 35.962 35.979 36.009 36.014 36.027 36.104 36.114 36.197 36.207 36.239 36.329 36.473 36.48 36.525 36.808 36.813 36.888 36.898 37.071 37.147 37.294 37.3 37.332 37.369 37.424 37.445 37.485 37.545 37.567 37.589 37.59 37.605 37.628 37.652 37.653 37.658 37.668 37.677 37.68 37.708 37.725 37.735 37.748 37.768 37.772 37.775 37.793 37.828 37.84 37.869 37.873 37.891 37.918 37.921 37.923 37.925 37.925 37.928 37.983 37.983 37.986 37.986 38.014 38.026 38.026 38.058 38.069 38.071 38.088 38.098 38.099 38.101 38.101 38.124 38.129 38.149 38.151 38.172 38.181 38.189 38.199 38.202 38.206 38.213 38.216 38.219 38.239 38.267 38.294 38.299 38.307 38.312 38.312 38.326 38.347 38.384 38.387 38.412 38.447 38.449 38.449 38.537 38.582 38.592 38.628 38.645 38.647 38.687 38.703 38.725 38.737 38.775 38.808 38.888 38.938 39.041 39.079 39.126 39.176 39.211 39.229 39.246 39.274 39.309 39.311 39.327 39.332 39.414 39.419 39.512 39.54 39.569 39.59 39.612 39.648 39.66 39.67 39.688 39.693 39.732 39.75 39.785 39.8 39.801 39.803 39.88 39.895 39.913 39.937 39.951 39.968 39.97 40.003 40.038 40.043 40.063 40.136 40.193 40.206 40.223 40.281 40.326 40.338 40.366 40.389 40.434 40.467 40.475 40.485 40.499 40.507 40.53 40.534 40.547 40.562 40.564 40.569 40.579 40.58 40.607 40.635 40.649 40.7 40.714 40.714 40.732 40.742 40.748 40.765 40.77 40.785 40.792 40.815 40.82 40.885 40.888 40.902 40.91 40.923 40.927 40.932 40.932 40.935 40.948 40.995 41.003 41.01 41.033 41.053 41.073 41.078 41.118 41.126 41.145 41.173 41.188 41.231 41.248 41.276 41.278 41.283 41.328 41.444 41.467 41.491 41.827 41.843 41.902 41.94 41.95 41.963 42.028 42.073 42.193 42.265 42.398 42.451 42.609 42.624 42.657 42.682 42.78 43.183 43.473 43.571 43.899 44.328 46.74 47.255 47.897 48.573 49.19 52.297 52.627 52.828 53.043 53.128 53.154 53.204 54.905 55.489 55.825 55.885 56.386 56.882 56.888 56.913 56.948 56.963 57.028 57.138 57.148 57.173 57.353 57.408 57.509 57.599 57.92 57.934 58.105 58.491 59.163 59.489 59.789 59.789 59.849 60.055 60.085 60.185 60.236 61.152 61.162 61.182 61.323 61.343 61.413 61.423 61.568 61.629 61.678 61.999 62.049 62.069 63.307 63.418 64.6 65.236 66.598 87.543 103.997 3508.47

Time elapsed stats:
  sum  34810.4 us
  avg  34.8104 us
  max  3508.47 us
  min  21.626 us

Removing top/bottom-5:
  sum  30870.2 us
  avg  31.182 us
  max  64.6 us
  min  21.809 us

Num files at level --
  0: 9
  1: 19
  2: 12
  3: 0
  4: 0
  5: 0
  6: 0

Stats --
                               Compactions
Level  Files Size(MB) Time(sec) Read(MB) Write(MB)
--------------------------------------------------
  0        9       36         0        0         0
  1       19       36         0        0         0
  2       12       24         0        0         0

SSTables --
--- level 0 ---
 92:4124646['user10046604894068544' @ 9635 : 1 .. 'user971136347768642592' @ 9667 : 1]
 89:4205685['user1005640680888162' @ 8874 : 1 .. 'user960084102193685886' @ 8906 : 1]
 85:4204932['user1005972966029934054' @ 8047 : 1 .. 'user994579075160678783' @ 7972 : 1]
 81:4205504['user1006191281247775937' @ 7456 : 1 .. 'user982188593343599298' @ 7368 : 1]
 78:4205619['user1006532926542074502' @ 6714 : 1 .. 'user99137614613375737' @ 6928 : 1]
 83:4205080['user1018363447847013539' @ 7865 : 1 .. 'user993800799430696452' @ 7820 : 1]
 58:4205091['user1019483368871294435' @ 6367 : 1 .. 'user994360759942836900' @ 6491 : 1]
 91:4205756['user1044594160504054184' @ 9234 : 1 .. 'user95229708324090387' @ 9196 : 1]
 87:4205838['user1050400263547602761' @ 8556 : 1 .. 'user935751586290908468' @ 8619 : 1]
--- level 1 ---
 56:2107550['user1006751241759916385' @ 6221 : 1 .. 'user1498736710723774180' @ 4061 : 1]
 59:2107519['user1499296671235914628' @ 2800 : 1 .. 'user1940937226857796243' @ 3609 : 1]
 60:2107462['user1941497187369936691' @ 3402 : 1 .. 'user2429916395338807701' @ 3442 : 1]
 61:2107602['user2430134710556649584' @ 4885 : 1 .. 'user2893101481598462280' @ 4780 : 1]
 62:2107507['user2895889466863466734' @ 3822 : 1 .. 'user3335631825731085122' @ 5111 : 1]
 63:2107680['user3336191786243225570' @ 5762 : 1 .. 'user3810210802859994972' @ 2664 : 1]
 64:2107439['user3810429118077836855' @ 3175 : 1 .. 'user4256537540501144268' @ 6053 : 1]
 65:2107572['user4257097501013284716' @ 5270 : 1 .. 'user4760135215552099217' @ 2697 : 1]
 66:2107491['user4764821397571366898' @ 2517 : 1 .. 'user5211708095724656642' @ 5413 : 1]
 67:2107613['user5212049741018955207' @ 5233 : 1 .. 'user5623208460573458061' @ 4765 : 1]
 68:2107496['user5623768421085598509' @ 6064 : 1 .. 'user6131835534764733457' @ 4229 : 1]
 69:2107420['user6132395495276873905' @ 5110 : 1 .. 'user6533061929768560501' @ 3508 : 1]
 70:2107414['user65420917376365171' @ 3918 : 1 .. 'user7021699452955273394' @ 6015 : 1]
 71:2107611['user7030293541263826425' @ 5829 : 1 .. 'user7488014169774230992' @ 3403 : 1]
 72:1895765['user7488232484992072875' @ 4916 : 1 .. 'user7891251846139834360' @ 4796 : 1]
 73:2107521['user7900965855472668287' @ 4966 : 1 .. 'user8384575551345814934' @ 3899 : 1]
 74:2107482['user8384917196640113499' @ 2579 : 1 .. 'user8794955995170335457' @ 5853 : 1]
 75:2107295['user8795515955682475905' @ 5104 : 1 .. 'user979960568590735292' @ 3463 : 1]
 76:121025['user982748553855739746' @ 5015 : 1 .. 'user997378877721381023' @ 3797 : 1]
--- level 2 ---
 36:2107527['user1000385178204227360' @ 6 : 1 .. 'user1715321609418666813' @ 1633 : 1]
 45:2107432['user1715539924636508696' @ 2150 : 1 .. 'user2419424110275991443' @ 2320 : 1]
 46:2107346['user2422430410758837780' @ 1503 : 1 .. 'user3111914405046218919' @ 615 : 1]
 47:2107429['user3112132720264060802' @ 104 : 1 .. 'user3832315294009908384' @ 2078 : 1]
 48:2107491['user3835881555004895169' @ 1024 : 1 .. 'user4515091579447301933' @ 169 : 1]
 49:2107419['user4515651539959442381' @ 922 : 1 .. 'user5219194080304626563' @ 398 : 1]
 50:2107468['user5223101986593911913' @ 1398 : 1 .. 'user5911684375074854039' @ 2219 : 1]
 51:2107281['user5912804296099134935' @ 713 : 1 .. 'user6525357629970748697' @ 1972 : 1]
 52:2107377['user6525917590482889145' @ 67 : 1 .. 'user7230580051852354223' @ 1081 : 1]
 53:2107438['user7230798367070196106' @ 1614 : 1 .. 'user789388067335041421' @ 1243 : 1]
 54:2107349['user7908110194758339643' @ 1689 : 1 .. 'user8637323487248424022' @ 309 : 1]
 55:2046806['user8637665132542722587' @ 97 : 1 .. 'user996258956697100127' @ 1207 : 1]
--- level 3 ---
--- level 4 ---
--- level 5 ---
--- level 6 ---

