Finished 1000 requests.

Sorted time elapsed:
 19.221 19.529 19.529 19.637 19.778 19.792 19.832 19.948 19.966 19.993 20.014 20.037 20.052 20.093 20.117 20.129 20.139 20.153 20.191 20.199 20.235 20.253 20.256 20.259 20.308 20.317 20.325 20.325 20.39 20.393 20.407 20.427 20.429 20.441 20.464 20.467 20.469 20.469 20.473 20.475 20.476 20.478 20.492 20.504 20.512 20.534 20.538 20.544 20.546 20.566 20.612 20.62 20.625 20.642 20.648 20.652 20.654 20.664 20.688 20.696 20.702 20.71 20.712 20.732 20.737 20.742 20.744 20.76 20.775 20.812 20.813 20.821 20.824 20.838 20.844 20.849 20.883 20.888 20.899 20.899 20.929 20.935 20.975 20.975 20.979 20.985 20.985 20.991 21.002 21.011 21.011 21.021 21.027 21.031 21.035 21.039 21.041 21.049 21.049 21.051 21.057 21.071 21.075 21.077 21.079 21.081 21.087 21.09 21.093 21.097 21.099 21.101 21.105 21.117 21.121 21.125 21.125 21.129 21.131 21.137 21.137 21.139 21.141 21.143 21.143 21.154 21.155 21.165 21.167 21.173 21.181 21.185 21.197 21.203 21.205 21.21 21.216 21.219 21.22 21.229 21.234 21.239 21.247 21.251 21.257 21.257 21.259 21.259 21.26 21.274 21.282 21.291 21.297 21.297 21.298 21.302 21.305 21.32 21.326 21.33 21.332 21.332 21.334 21.334 21.342 21.343 21.35 21.353 21.367 21.369 21.37 21.37 21.374 21.387 21.393 21.396 21.41 21.412 21.416 21.418 21.421 21.422 21.428 21.436 21.437 21.442 21.443 21.444 21.447 21.448 21.462 21.464 21.466 21.472 21.476 21.476 21.478 21.484 21.486 21.486 21.492 21.492 21.506 21.506 21.51 21.512 21.516 21.522 21.526 21.536 21.536 21.544 21.546 21.55 21.552 21.552 21.556 21.556 21.572 21.573 21.601 21.608 21.612 21.619 21.626 21.64 21.642 21.644 21.65 21.659 21.663 21.68 21.68 21.691 21.693 21.696 21.698 21.728 21.732 21.736 21.737 21.755 21.755 21.777 21.778 21.79 21.817 21.825 21.827 21.827 21.837 21.839 21.845 21.855 21.857 21.865 21.873 21.877 21.879 21.89 21.895 21.895 21.899 21.899 21.907 21.929 21.939 21.941 21.949 21.959 21.967 21.971 21.981 21.981 21.993 22.007 22.013 22.019 22.037 22.042 22.045 22.045 22.049 22.057 22.067 22.071 22.081 22.083 22.086 22.087 22.091 22.095 22.097 22.099 22.103 22.119 22.127 22.127 22.129 22.133 22.135 22.14 22.149 22.152 22.154 22.186 22.188 22.191 22.196 22.204 22.209 22.209 22.216 22.221 22.238 22.248 22.254 22.254 22.266 22.277 22.278 22.284 22.286 22.294 22.302 22.302 22.306 22.312 22.324 22.326 22.331 22.34 22.348 22.378 22.384 22.384 22.39 22.394 22.394 22.396 22.402 22.41 22.424 22.428 22.432 22.436 22.437 22.438 22.44 22.444 22.446 22.45 22.454 22.457 22.46 22.467 22.473 22.477 22.482 22.484 22.486 22.493 22.5 22.516 22.517 22.517 22.527 22.531 22.533 22.534 22.542 22.542 22.546 22.548 22.549 22.557 22.573 22.577 22.578 22.578 22.581 22.585 22.593 22.602 22.609 22.61 22.61 22.611 22.617 22.619 22.621 22.627 22.627 22.629 22.635 22.639 22.645 22.647 22.647 22.65 22.655 22.671 22.672 22.675 22.686 22.687 22.689 22.693 22.693 22.695 22.699 22.707 22.719 22.719 22.735 22.739 22.749 22.751 22.755 22.759 22.765 22.767 22.773 22.777 22.785 22.785 22.787 22.797 22.797 22.805 22.813 22.815 22.817 22.819 22.821 22.827 22.835 22.837 22.838 22.839 22.841 22.843 22.849 22.849 22.851 22.861 22.863 22.869 22.875 22.876 22.877 22.881 22.901 22.915 22.919 22.923 22.925 22.929 22.931 22.935 22.937 22.945 22.95 22.95 22.965 22.967 22.975 22.977 22.979 22.984 22.991 22.996 23.003 23.005 23.006 23.009 23.01 23.022 23.023 23.027 23.032 23.032 23.036 23.038 23.038 23.039 23.04 23.042 23.05 23.066 23.067 23.071 23.071 23.072 23.072 23.078 23.082 23.088 23.089 23.096 23.106 23.13 23.134 23.134 23.149 23.152 23.155 23.156 23.157 23.162 23.168 23.169 23.17 23.17 23.18 23.184 23.2 23.2 23.206 23.21 23.214 23.216 23.222 23.224 23.232 23.244 23.246 23.246 23.25 23.256 23.264 23.264 23.265 23.273 23.284 23.308 23.31 23.312 23.324 23.337 23.366 23.366 23.37 23.39 23.404 23.416 23.422 23.425 23.435 23.442 23.443 23.443 23.451 23.455 23.468 23.485 23.488 23.496 23.497 23.502 23.508 23.517 23.517 23.519 23.525 23.534 23.541 23.541 23.544 23.546 23.547 23.557 23.566 23.585 23.594 23.627 23.635 23.637 23.639 23.649 23.653 23.655 23.673 23.681 23.695 23.701 23.707 23.707 23.709 23.713 23.733 23.749 23.752 23.787 23.796 23.798 23.803 23.807 23.811 23.816 23.818 23.827 23.828 23.833 23.836 23.866 23.867 23.882 23.914 23.917 23.924 23.929 23.933 23.958 23.971 23.984 23.992 23.998 24.001 24.002 24.019 24.022 24.028 24.034 24.036 24.058 24.068 24.074 24.094 24.104 24.114 24.118 24.118 24.128 24.134 24.138 24.152 24.162 24.166 24.166 24.226 24.25 24.25 24.275 24.3 24.303 24.337 24.353 24.354 24.354 24.389 24.393 24.413 24.425 24.447 24.453 24.461 24.483 24.483 24.499 24.553 24.577 24.599 24.604 24.605 24.61 24.613 24.631 24.639 24.649 24.657 24.661 24.7 24.71 24.721 24.727 24.732 24.735 24.752 24.764 24.769 24.772 24.773 24.777 24.819 24.836 24.842 24.858 24.862 24.87 24.88 24.9 24.946 24.958 24.958 24.964 24.99 24.99 25.007 25.02 25.07 25.082 25.091 25.096 25.146 25.213 25.223 25.225 25.241 25.275 25.311 25.323 25.325 25.331 25.379 25.405 25.415 25.437 25.477 25.482 25.487 25.517 25.574 25.659 25.66 25.662 25.826 25.86 26.054 26.225 26.373 26.646 26.938 27.171 27.395 28.03 28.214 28.348 28.749 28.988 29.008 29.361 29.457 29.777 29.795 29.841 30.02 30.06 30.19 30.192 30.205 30.289 30.3 30.372 30.521 30.866 30.94 31.361 31.383 31.385 31.596 31.637 31.936 32.162 33.107 33.26 33.466 35.507 36.821 36.942 36.946 37.014 37.098 37.126 37.171 37.183 37.27 37.291 37.327 37.503 37.648 37.792 38.164 38.329 38.353 38.602 38.71 38.738 38.79 38.839 38.846 38.943 38.955 38.991 39.062 39.071 39.094 39.111 39.167 39.195 39.243 39.287 39.343 39.359 39.391 39.412 39.431 39.432 39.468 39.472 39.52 39.536 39.64 39.648 39.68 39.708 39.772 39.784 39.793 39.808 39.845 40.005 40.061 40.11 40.125 40.277 40.286 40.289 40.378 40.382 40.417 40.438 40.47 40.49 40.498 40.534 40.558 40.566 40.575 40.602 40.635 40.639 40.646 40.659 40.663 40.67 40.674 40.683 40.691 40.699 40.699 40.739 40.755 40.762 40.774 40.787 40.79 40.791 40.822 40.835 40.851 40.859 40.863 40.887 40.907 40.923 40.927 40.939 40.991 41.003 41.023 41.052 41.136 41.136 41.147 41.148 41.156 41.175 41.212 41.276 41.32 41.36 41.368 41.409 41.409 41.445 41.488 41.537 41.552 41.593 41.637 41.649 41.669 41.769 41.842 41.909 42.018 42.026 42.158 42.162 42.316 42.319 42.37 42.411 42.431 42.495 42.547 42.563 42.608 42.611 42.627 42.643 42.711 42.719 42.78 42.795 42.819 42.819 42.852 42.856 42.916 42.923 42.944 42.984 43.012 43.024 43.056 43.091 43.092 43.124 43.136 43.228 43.241 43.28 43.325 43.361 43.465 43.521 43.637 43.83 43.83 43.838 43.866 44.098 44.143 44.159 44.162 44.166 44.175 44.186 44.247 44.255 44.279 44.315 44.343 44.351 44.436 44.44 44.46 44.464 44.471 44.531 44.556 44.607 44.612 44.639 44.872 44.909 44.916 44.921 45.021 45.049 45.057 45.229 45.394 45.77 46.496 48.046 48.581 48.745 49.78 50.077 50.967 51.509 52.317 52.831 53.184 54.27 56.179 57.041 58.316 59.081 59.623 60.986 63.873 83.555 86.926 91.705 106.592 1880.65

Time elapsed stats:
  sum  29461.4 us
  avg  29.4614 us
  max  1880.65 us
  min  19.221 us

Removing top/bottom-5:
  sum  27114.2 us
  avg  27.3881 us
  max  63.873 us
  min  19.792 us

Num files at level --
  0: 9
  1: 19
  2: 12
  3: 0
  4: 0
  5: 0
  6: 0

Stats --
                               Compactions
Level  Files Size(MB) Time(sec) Read(MB) Write(MB)
--------------------------------------------------
  0        9       36         0        0         0
  1       19       36         0        0         0
  2       12       24         0        0         0

SSTables --
--- level 0 ---
 92:4124646['user10046604894068544' @ 9635 : 1 .. 'user971136347768642592' @ 9667 : 1]
 89:4205685['user1005640680888162' @ 8874 : 1 .. 'user960084102193685886' @ 8906 : 1]
 85:4204932['user1005972966029934054' @ 8047 : 1 .. 'user994579075160678783' @ 7972 : 1]
 81:4205504['user1006191281247775937' @ 7456 : 1 .. 'user982188593343599298' @ 7368 : 1]
 78:4205619['user1006532926542074502' @ 6714 : 1 .. 'user99137614613375737' @ 6928 : 1]
 83:4205080['user1018363447847013539' @ 7865 : 1 .. 'user993800799430696452' @ 7820 : 1]
 58:4205091['user1019483368871294435' @ 6367 : 1 .. 'user994360759942836900' @ 6491 : 1]
 91:4205756['user1044594160504054184' @ 9234 : 1 .. 'user95229708324090387' @ 9196 : 1]
 87:4205838['user1050400263547602761' @ 8556 : 1 .. 'user935751586290908468' @ 8619 : 1]
--- level 1 ---
 56:2107550['user1006751241759916385' @ 6221 : 1 .. 'user1498736710723774180' @ 4061 : 1]
 59:2107519['user1499296671235914628' @ 2800 : 1 .. 'user1940937226857796243' @ 3609 : 1]
 60:2107462['user1941497187369936691' @ 3402 : 1 .. 'user2429916395338807701' @ 3442 : 1]
 61:2107602['user2430134710556649584' @ 4885 : 1 .. 'user2893101481598462280' @ 4780 : 1]
 62:2107507['user2895889466863466734' @ 3822 : 1 .. 'user3335631825731085122' @ 5111 : 1]
 63:2107680['user3336191786243225570' @ 5762 : 1 .. 'user3810210802859994972' @ 2664 : 1]
 64:2107439['user3810429118077836855' @ 3175 : 1 .. 'user4256537540501144268' @ 6053 : 1]
 65:2107572['user4257097501013284716' @ 5270 : 1 .. 'user4760135215552099217' @ 2697 : 1]
 66:2107491['user4764821397571366898' @ 2517 : 1 .. 'user5211708095724656642' @ 5413 : 1]
 67:2107613['user5212049741018955207' @ 5233 : 1 .. 'user5623208460573458061' @ 4765 : 1]
 68:2107496['user5623768421085598509' @ 6064 : 1 .. 'user6131835534764733457' @ 4229 : 1]
 69:2107420['user6132395495276873905' @ 5110 : 1 .. 'user6533061929768560501' @ 3508 : 1]
 70:2107414['user65420917376365171' @ 3918 : 1 .. 'user7021699452955273394' @ 6015 : 1]
 71:2107611['user7030293541263826425' @ 5829 : 1 .. 'user7488014169774230992' @ 3403 : 1]
 72:1895765['user7488232484992072875' @ 4916 : 1 .. 'user7891251846139834360' @ 4796 : 1]
 73:2107521['user7900965855472668287' @ 4966 : 1 .. 'user8384575551345814934' @ 3899 : 1]
 74:2107482['user8384917196640113499' @ 2579 : 1 .. 'user8794955995170335457' @ 5853 : 1]
 75:2107295['user8795515955682475905' @ 5104 : 1 .. 'user979960568590735292' @ 3463 : 1]
 76:121025['user982748553855739746' @ 5015 : 1 .. 'user997378877721381023' @ 3797 : 1]
--- level 2 ---
 36:2107527['user1000385178204227360' @ 6 : 1 .. 'user1715321609418666813' @ 1633 : 1]
 45:2107432['user1715539924636508696' @ 2150 : 1 .. 'user2419424110275991443' @ 2320 : 1]
 46:2107346['user2422430410758837780' @ 1503 : 1 .. 'user3111914405046218919' @ 615 : 1]
 47:2107429['user3112132720264060802' @ 104 : 1 .. 'user3832315294009908384' @ 2078 : 1]
 48:2107491['user3835881555004895169' @ 1024 : 1 .. 'user4515091579447301933' @ 169 : 1]
 49:2107419['user4515651539959442381' @ 922 : 1 .. 'user5219194080304626563' @ 398 : 1]
 50:2107468['user5223101986593911913' @ 1398 : 1 .. 'user5911684375074854039' @ 2219 : 1]
 51:2107281['user5912804296099134935' @ 713 : 1 .. 'user6525357629970748697' @ 1972 : 1]
 52:2107377['user6525917590482889145' @ 67 : 1 .. 'user7230580051852354223' @ 1081 : 1]
 53:2107438['user7230798367070196106' @ 1614 : 1 .. 'user789388067335041421' @ 1243 : 1]
 54:2107349['user7908110194758339643' @ 1689 : 1 .. 'user8637323487248424022' @ 309 : 1]
 55:2046806['user8637665132542722587' @ 97 : 1 .. 'user996258956697100127' @ 1207 : 1]
--- level 3 ---
--- level 4 ---
--- level 5 ---
--- level 6 ---

