Finished 1000 requests.

Sorted time elapsed:
 32.088 32.215 32.225 32.261 32.261 32.275 32.289 32.301 32.307 32.317 32.337 32.347 32.357 32.373 32.395 32.401 32.405 32.417 32.437 32.441 32.446 32.447 32.455 32.463 32.469 32.485 32.489 32.498 32.5 32.502 32.502 32.504 32.505 32.506 32.507 32.514 32.527 32.529 32.532 32.538 32.542 32.544 32.544 32.546 32.558 32.558 32.562 32.57 32.57 32.591 32.622 32.633 32.633 32.664 32.666 32.668 32.68 32.684 32.7 32.728 32.728 32.73 32.74 32.744 32.778 32.787 32.792 32.806 32.818 32.838 32.876 32.904 32.909 32.924 32.929 32.968 32.968 33.005 33.035 33.051 33.057 33.101 33.115 33.141 33.147 33.151 33.179 33.205 33.293 33.295 33.436 33.44 33.442 33.472 33.474 33.483 33.49 33.5 33.504 33.522 33.54 33.552 33.558 33.562 33.576 33.582 33.588 33.588 33.602 33.604 33.614 33.62 33.628 33.632 33.636 33.642 33.648 33.656 33.66 33.664 33.666 33.672 33.677 33.686 33.686 33.688 33.688 33.708 33.72 33.722 33.722 33.725 33.727 33.729 33.73 33.73 33.73 33.734 33.737 33.738 33.742 33.746 33.746 33.752 33.758 33.764 33.768 33.781 33.784 33.789 33.803 33.805 33.807 33.815 33.825 33.83 33.833 33.835 33.839 33.843 33.857 33.879 33.881 33.881 33.889 33.893 33.898 33.915 33.929 33.931 33.935 33.935 33.941 33.943 33.966 33.981 33.983 33.985 33.997 34.003 34.017 34.025 34.027 34.033 34.037 34.039 34.055 34.059 34.063 34.065 34.069 34.071 34.085 34.087 34.089 34.091 34.096 34.1 34.101 34.11 34.112 34.114 34.116 34.117 34.119 34.127 34.131 34.133 34.134 34.143 34.145 34.147 34.161 34.162 34.169 34.169 34.17 34.182 34.189 34.192 34.196 34.197 34.199 34.2 34.212 34.213 34.214 34.215 34.215 34.216 34.229 34.23 34.233 34.235 34.236 34.236 34.241 34.241 34.247 34.252 34.253 34.256 34.278 34.278 34.281 34.282 34.293 34.296 34.299 34.301 34.327 34.33 34.338 34.344 34.345 34.348 34.35 34.353 34.354 34.356 34.357 34.357 34.36 34.364 34.368 34.372 34.373 34.374 34.374 34.374 34.38 34.382 34.39 34.39 34.39 34.39 34.392 34.392 34.392 34.394 34.398 34.4 34.408 34.408 34.41 34.41 34.41 34.412 34.414 34.414 34.426 34.426 34.43 34.432 34.432 34.432 34.432 34.434 34.436 34.436 34.438 34.438 34.44 34.444 34.444 34.448 34.448 34.458 34.46 34.462 34.466 34.468 34.472 34.474 34.474 34.478 34.479 34.488 34.488 34.49 34.494 34.494 34.494 34.496 34.496 34.497 34.498 34.498 34.499 34.504 34.504 34.506 34.51 34.516 34.525 34.526 34.534 34.542 34.546 34.55 34.551 34.552 34.554 34.556 34.558 34.564 34.569 34.57 34.572 34.573 34.575 34.578 34.579 34.582 34.583 34.585 34.59 34.593 34.6 34.601 34.603 34.612 34.614 34.617 34.619 34.641 34.658 34.661 34.663 34.663 34.665 34.667 34.668 34.67 34.67 34.676 34.677 34.679 34.684 34.685 34.69 34.694 34.695 34.695 34.696 34.697 34.7 34.715 34.723 34.724 34.728 34.73 34.731 34.733 34.739 34.753 34.753 34.755 34.759 34.775 34.777 34.778 34.779 34.785 34.787 34.797 34.797 34.797 34.803 34.809 34.811 34.813 34.813 34.817 34.825 34.825 34.827 34.837 34.839 34.849 34.849 34.853 34.859 34.861 34.865 34.867 34.867 34.869 34.877 34.901 34.907 34.915 34.919 34.921 34.927 34.931 34.933 34.944 34.947 34.951 34.967 34.97 34.972 34.982 34.983 34.983 35.001 35.011 35.011 35.018 35.032 35.032 35.036 35.045 35.051 35.055 35.056 35.06 35.065 35.066 35.067 35.069 35.07 35.077 35.078 35.089 35.09 35.091 35.1 35.1 35.1 35.111 35.112 35.113 35.146 35.151 35.166 35.172 35.176 35.183 35.184 35.186 35.19 35.215 35.22 35.224 35.228 35.236 35.256 35.256 35.276 35.276 35.282 35.282 35.29 35.292 35.292 35.3 35.304 35.306 35.306 35.312 35.312 35.322 35.326 35.33 35.334 35.35 35.352 35.352 35.356 35.358 35.358 35.374 35.378 35.382 35.384 35.386 35.394 35.395 35.396 35.415 35.431 35.432 35.438 35.439 35.439 35.454 35.457 35.46 35.462 35.464 35.464 35.468 35.48 35.48 35.494 35.509 35.511 35.515 35.519 35.519 35.521 35.531 35.571 35.585 35.594 35.595 35.599 35.611 35.629 35.641 35.641 35.647 35.653 35.657 35.657 35.657 35.659 35.669 35.678 35.687 35.689 35.69 35.701 35.701 35.723 35.729 35.733 35.734 35.743 35.745 35.761 35.763 35.783 35.785 35.791 35.799 35.818 35.823 35.825 35.829 35.829 35.833 35.84 35.859 35.884 35.889 35.891 35.906 35.91 35.911 35.912 35.915 35.916 35.916 35.917 35.922 35.934 35.934 35.96 35.966 35.99 35.997 35.998 36.01 36.012 36.022 36.028 36.054 36.062 36.064 36.07 36.073 36.074 36.076 36.076 36.078 36.079 36.082 36.084 36.088 36.09 36.092 36.096 36.1 36.132 36.144 36.15 36.154 36.158 36.158 36.158 36.16 36.164 36.166 36.17 36.178 36.179 36.18 36.184 36.186 36.188 36.194 36.196 36.211 36.225 36.23 36.234 36.244 36.249 36.249 36.271 36.278 36.292 36.299 36.301 36.311 36.311 36.312 36.313 36.318 36.318 36.318 36.323 36.324 36.328 36.332 36.333 36.338 36.338 36.341 36.344 36.349 36.351 36.352 36.352 36.352 36.353 36.358 36.366 36.366 36.37 36.374 36.381 36.383 36.388 36.391 36.394 36.399 36.399 36.402 36.409 36.417 36.419 36.431 36.455 36.473 36.475 36.475 36.475 36.477 36.477 36.482 36.483 36.497 36.505 36.506 36.507 36.507 36.511 36.513 36.515 36.523 36.523 36.528 36.529 36.531 36.541 36.547 36.565 36.581 36.581 36.581 36.591 36.597 36.599 36.605 36.605 36.607 36.609 36.615 36.618 36.629 36.635 36.637 36.637 36.645 36.649 36.659 36.659 36.663 36.674 36.677 36.679 36.679 36.685 36.693 36.699 36.705 36.718 36.736 36.744 36.745 36.757 36.761 36.761 36.763 36.772 36.776 36.78 36.787 36.8 36.801 36.817 36.818 36.858 36.866 36.866 36.88 36.888 36.895 36.911 36.914 36.915 36.927 36.93 36.949 36.974 36.978 36.981 36.982 37.002 37.004 37.008 37.018 37.024 37.04 37.05 37.056 37.081 37.084 37.124 37.127 37.128 37.133 37.134 37.136 37.138 37.157 37.158 37.158 37.164 37.165 37.175 37.189 37.196 37.197 37.213 37.215 37.23 37.24 37.262 37.263 37.264 37.274 37.281 37.312 37.314 37.346 37.361 37.365 37.379 37.401 37.417 37.561 37.587 37.671 37.854 37.856 37.878 37.88 37.902 37.958 37.964 37.98 37.99 38.073 38.128 38.173 38.205 38.287 38.313 38.359 38.405 38.419 38.439 38.467 38.544 38.666 38.724 38.76 38.784 38.816 38.822 38.857 38.888 38.919 38.949 39.045 39.051 39.067 39.069 39.119 39.137 39.143 39.163 39.324 39.378 40.037 40.218 43.423 44.303 45.173 49.203 52.596 54.333 55.698 71.021 71.033 71.105 71.249 71.253 71.33 71.342 71.358 71.362 71.369 71.378 71.382 71.422 71.422 71.438 71.446 71.458 71.49 71.503 71.522 71.539 71.57 71.602 71.735 71.759 72.079 73.15 73.198 73.27 73.331 73.347 73.395 73.507 73.579 73.647 73.656 73.715 74.685 75.082 77.31 77.408 77.416 77.865 78.097 78.107 78.117 79.104 79.345 79.405 79.44 79.485 79.606 79.696 80.131 80.231 80.236 80.251 80.302 81.264 81.574 81.575 81.585 81.745 81.81 81.951 81.99 82.09 82.111 82.246 82.451 82.457 82.487 82.602 83.845 83.95 84.141 84.386 84.556 84.677 84.787 85.027 85.619 86.285 86.296 86.627 86.651 86.742 86.747 86.807 87.233 88.395 88.456 88.569 90.971 91.02 91.112 91.496 93.166 93.377 94.9 95.582 95.654 97.241 97.242 97.702 98.183 99.095 101.079 104.629 105.415 106.533 109.274 109.821 112.811 114.01 115.661 116.635 119.413 130.555 136.774 438.703 4744.35

Time elapsed stats:
  sum  46213.4 us
  avg  46.2134 us
  max  4744.35 us
  min  32.088 us

Removing top/bottom-5:
  sum  40482.5 us
  avg  40.8914 us
  max  116.635 us
  min  32.275 us

Num files at level --
  0: 9
  1: 19
  2: 12
  3: 0
  4: 0
  5: 0
  6: 0

Stats --
                               Compactions
Level  Files Size(MB) Time(sec) Read(MB) Write(MB)
--------------------------------------------------
  0        9       36         0        0         0
  1       19       36         0        0         0
  2       12       24         0        0         0

SSTables --
--- level 0 ---
 92:4124646['user10046604894068544' @ 9635 : 1 .. 'user971136347768642592' @ 9667 : 1]
 89:4205685['user1005640680888162' @ 8874 : 1 .. 'user960084102193685886' @ 8906 : 1]
 85:4204932['user1005972966029934054' @ 8047 : 1 .. 'user994579075160678783' @ 7972 : 1]
 81:4205504['user1006191281247775937' @ 7456 : 1 .. 'user982188593343599298' @ 7368 : 1]
 78:4205619['user1006532926542074502' @ 6714 : 1 .. 'user99137614613375737' @ 6928 : 1]
 83:4205080['user1018363447847013539' @ 7865 : 1 .. 'user993800799430696452' @ 7820 : 1]
 58:4205091['user1019483368871294435' @ 6367 : 1 .. 'user994360759942836900' @ 6491 : 1]
 91:4205756['user1044594160504054184' @ 9234 : 1 .. 'user95229708324090387' @ 9196 : 1]
 87:4205838['user1050400263547602761' @ 8556 : 1 .. 'user935751586290908468' @ 8619 : 1]
--- level 1 ---
 56:2107550['user1006751241759916385' @ 6221 : 1 .. 'user1498736710723774180' @ 4061 : 1]
 59:2107519['user1499296671235914628' @ 2800 : 1 .. 'user1940937226857796243' @ 3609 : 1]
 60:2107462['user1941497187369936691' @ 3402 : 1 .. 'user2429916395338807701' @ 3442 : 1]
 61:2107602['user2430134710556649584' @ 4885 : 1 .. 'user2893101481598462280' @ 4780 : 1]
 62:2107507['user2895889466863466734' @ 3822 : 1 .. 'user3335631825731085122' @ 5111 : 1]
 63:2107680['user3336191786243225570' @ 5762 : 1 .. 'user3810210802859994972' @ 2664 : 1]
 64:2107439['user3810429118077836855' @ 3175 : 1 .. 'user4256537540501144268' @ 6053 : 1]
 65:2107572['user4257097501013284716' @ 5270 : 1 .. 'user4760135215552099217' @ 2697 : 1]
 66:2107491['user4764821397571366898' @ 2517 : 1 .. 'user5211708095724656642' @ 5413 : 1]
 67:2107613['user5212049741018955207' @ 5233 : 1 .. 'user5623208460573458061' @ 4765 : 1]
 68:2107496['user5623768421085598509' @ 6064 : 1 .. 'user6131835534764733457' @ 4229 : 1]
 69:2107420['user6132395495276873905' @ 5110 : 1 .. 'user6533061929768560501' @ 3508 : 1]
 70:2107414['user65420917376365171' @ 3918 : 1 .. 'user7021699452955273394' @ 6015 : 1]
 71:2107611['user7030293541263826425' @ 5829 : 1 .. 'user7488014169774230992' @ 3403 : 1]
 72:1895765['user7488232484992072875' @ 4916 : 1 .. 'user7891251846139834360' @ 4796 : 1]
 73:2107521['user7900965855472668287' @ 4966 : 1 .. 'user8384575551345814934' @ 3899 : 1]
 74:2107482['user8384917196640113499' @ 2579 : 1 .. 'user8794955995170335457' @ 5853 : 1]
 75:2107295['user8795515955682475905' @ 5104 : 1 .. 'user979960568590735292' @ 3463 : 1]
 76:121025['user982748553855739746' @ 5015 : 1 .. 'user997378877721381023' @ 3797 : 1]
--- level 2 ---
 36:2107527['user1000385178204227360' @ 6 : 1 .. 'user1715321609418666813' @ 1633 : 1]
 45:2107432['user1715539924636508696' @ 2150 : 1 .. 'user2419424110275991443' @ 2320 : 1]
 46:2107346['user2422430410758837780' @ 1503 : 1 .. 'user3111914405046218919' @ 615 : 1]
 47:2107429['user3112132720264060802' @ 104 : 1 .. 'user3832315294009908384' @ 2078 : 1]
 48:2107491['user3835881555004895169' @ 1024 : 1 .. 'user4515091579447301933' @ 169 : 1]
 49:2107419['user4515651539959442381' @ 922 : 1 .. 'user5219194080304626563' @ 398 : 1]
 50:2107468['user5223101986593911913' @ 1398 : 1 .. 'user5911684375074854039' @ 2219 : 1]
 51:2107281['user5912804296099134935' @ 713 : 1 .. 'user6525357629970748697' @ 1972 : 1]
 52:2107377['user6525917590482889145' @ 67 : 1 .. 'user7230580051852354223' @ 1081 : 1]
 53:2107438['user7230798367070196106' @ 1614 : 1 .. 'user789388067335041421' @ 1243 : 1]
 54:2107349['user7908110194758339643' @ 1689 : 1 .. 'user8637323487248424022' @ 309 : 1]
 55:2046806['user8637665132542722587' @ 97 : 1 .. 'user996258956697100127' @ 1207 : 1]
--- level 3 ---
--- level 4 ---
--- level 5 ---
--- level 6 ---

