Finished 1000 requests.

Sorted time elapsed:
 12.164 12.23 12.246 12.249 12.273 12.283 12.299 12.316 12.346 12.348 12.352 12.356 12.359 12.366 12.369 12.373 12.387 12.424 12.429 12.449 12.453 12.462 12.469 12.472 12.495 12.502 12.504 12.505 12.53 12.542 12.555 12.567 12.582 12.584 12.597 12.637 12.639 12.655 12.664 12.68 12.699 12.704 12.72 12.727 12.734 12.74 12.747 12.752 12.775 12.78 12.788 12.79 12.8 12.81 12.837 12.88 12.89 12.9 12.907 12.908 12.915 12.922 13.013 13.038 13.04 13.098 13.1 13.14 13.17 13.193 13.218 13.303 13.324 13.373 13.378 13.411 13.419 13.446 13.456 13.476 13.489 13.494 13.499 13.524 13.531 13.552 13.582 13.601 13.626 13.627 13.636 13.641 13.659 13.687 13.694 13.702 13.707 13.715 13.717 13.72 13.724 13.732 13.74 13.744 13.747 13.747 13.749 13.75 13.75 13.754 13.762 13.775 13.777 13.777 13.777 13.792 13.797 13.799 13.8 13.802 13.807 13.812 13.818 13.827 13.83 13.833 13.834 13.845 13.847 13.847 13.852 13.858 13.87 13.882 13.888 13.89 13.898 13.9 13.905 13.917 13.93 13.933 13.94 13.955 13.957 13.957 13.958 13.962 13.967 13.97 13.973 13.975 13.978 13.985 13.99 13.995 13.995 14.01 14.015 14.015 14.015 14.015 14.02 14.02 14.02 14.03 14.032 14.04 14.04 14.043 14.045 14.05 14.05 14.06 14.062 14.066 14.068 14.07 14.072 14.09 14.09 14.091 14.108 14.11 14.113 14.125 14.14 14.141 14.153 14.163 14.168 14.171 14.178 14.183 14.193 14.193 14.198 14.201 14.206 14.208 14.208 14.216 14.233 14.235 14.241 14.298 14.311 14.318 14.323 14.336 14.338 14.338 14.346 14.356 14.364 14.393 14.394 14.401 14.421 14.433 14.438 14.438 14.439 14.449 14.479 14.576 14.684 14.722 14.752 14.776 14.8 14.817 14.824 14.832 14.837 14.837 14.847 14.847 14.86 14.86 14.872 14.884 14.888 14.889 14.892 14.904 14.92 14.93 14.93 14.937 14.949 14.95 14.955 14.967 14.972 14.979 14.985 14.987 14.99 14.992 14.994 14.995 14.995 15.01 15.012 15.013 15.013 15.018 15.022 15.03 15.032 15.032 15.04 15.048 15.048 15.05 15.05 15.052 15.055 15.057 15.058 15.058 15.072 15.075 15.083 15.085 15.1 15.103 15.103 15.11 15.11 15.112 15.122 15.123 15.123 15.125 15.125 15.13 15.133 15.137 15.137 15.14 15.141 15.143 15.143 15.146 15.148 15.152 15.153 15.155 15.155 15.16 15.16 15.162 15.185 15.185 15.19 15.192 15.198 15.202 15.207 15.208 15.21 15.21 15.211 15.215 15.215 15.216 15.216 15.216 15.236 15.238 15.245 15.248 15.251 15.253 15.256 15.258 15.26 15.263 15.265 15.273 15.275 15.275 15.278 15.278 15.28 15.283 15.283 15.288 15.291 15.293 15.305 15.311 15.313 15.316 15.318 15.318 15.323 15.329 15.33 15.331 15.333 15.333 15.335 15.338 15.339 15.341 15.343 15.35 15.353 15.355 15.359 15.37 15.373 15.374 15.378 15.383 15.386 15.389 15.395 15.413 15.421 15.421 15.431 15.434 15.441 15.443 15.444 15.445 15.449 15.458 15.458 15.458 15.461 15.468 15.469 15.473 15.479 15.489 15.491 15.496 15.498 15.506 15.511 15.518 15.526 15.526 15.531 15.531 15.536 15.536 15.541 15.544 15.544 15.554 15.556 15.556 15.564 15.576 15.576 15.579 15.579 15.584 15.584 15.593 15.596 15.616 15.619 15.624 15.627 15.627 15.631 15.632 15.636 15.642 15.648 15.648 15.649 15.654 15.654 15.659 15.662 15.664 15.666 15.673 15.679 15.682 15.684 15.686 15.687 15.687 15.692 15.694 15.694 15.694 15.696 15.699 15.701 15.704 15.706 15.709 15.719 15.729 15.729 15.734 15.734 15.736 15.742 15.746 15.747 15.752 15.754 15.754 15.754 15.757 15.792 15.799 15.799 15.802 15.804 15.807 15.824 15.824 15.829 15.834 15.836 15.839 15.847 15.85 15.855 15.867 15.874 15.877 15.879 15.884 15.887 15.887 15.897 15.904 15.907 15.909 15.912 15.937 15.94 15.94 15.942 15.945 15.947 15.954 15.962 15.977 15.977 15.978 15.982 15.999 16 16.012 16.012 16.015 16.017 16.02 16.02 16.022 16.027 16.027 16.028 16.033 16.042 16.047 16.05 16.053 16.054 16.055 16.057 16.057 16.059 16.06 16.063 16.063 16.064 16.065 16.068 16.075 16.077 16.09 16.092 16.092 16.097 16.108 16.112 16.113 16.12 16.133 16.135 16.138 16.14 16.14 16.14 16.15 16.155 16.17 16.173 16.173 16.178 16.178 16.18 16.185 16.187 16.19 16.197 16.208 16.208 16.213 16.215 16.215 16.218 16.227 16.227 16.24 16.25 16.252 16.268 16.283 16.285 16.288 16.293 16.298 16.301 16.305 16.31 16.31 16.315 16.315 16.318 16.318 16.331 16.333 16.335 16.336 16.346 16.348 16.351 16.351 16.355 16.358 16.36 16.361 16.363 16.371 16.381 16.385 16.388 16.391 16.401 16.418 16.418 16.421 16.423 16.424 16.425 16.426 16.438 16.464 16.465 16.466 16.466 16.468 16.469 16.483 16.496 16.5 16.503 16.518 16.518 16.521 16.529 16.533 16.533 16.541 16.541 16.546 16.549 16.551 16.561 16.564 16.564 16.574 16.591 16.598 16.603 16.606 16.608 16.608 16.609 16.619 16.621 16.623 16.651 16.659 16.664 16.671 16.676 16.684 16.686 16.689 16.697 16.697 16.707 16.716 16.718 16.719 16.724 16.744 16.762 16.764 16.794 16.799 16.801 16.804 16.834 16.834 16.834 16.842 16.852 16.859 16.861 16.872 16.882 16.884 16.896 16.897 16.899 16.902 16.917 16.919 16.937 16.942 16.957 16.977 17.027 17.055 17.067 17.075 17.078 17.083 17.085 17.1 17.12 17.135 17.137 17.15 17.18 17.2 17.2 17.212 17.218 17.26 17.27 17.302 17.318 17.321 17.325 17.325 17.325 17.357 17.365 17.366 17.39 17.391 17.391 17.415 17.45 17.455 17.47 17.478 17.478 17.48 17.481 17.483 17.493 17.494 17.503 17.508 17.508 17.51 17.511 17.518 17.518 17.529 17.534 17.536 17.539 17.539 17.543 17.545 17.556 17.568 17.586 17.598 17.601 17.604 17.623 17.624 17.631 17.631 17.634 17.636 17.653 17.661 17.677 17.693 17.694 17.696 17.701 17.738 17.746 17.753 17.763 17.768 17.774 17.781 17.787 17.791 17.807 17.826 17.832 17.849 17.849 17.854 17.867 17.877 17.886 17.887 17.896 17.897 17.899 17.924 17.934 17.94 17.941 17.942 17.944 17.946 17.949 17.949 17.951 17.951 17.96 17.966 17.971 17.974 17.981 17.982 17.982 17.987 17.987 17.989 17.994 17.995 18 18.004 18.009 18.009 18.01 18.017 18.02 18.022 18.024 18.027 18.034 18.034 18.039 18.042 18.054 18.057 18.057 18.059 18.059 18.06 18.067 18.067 18.067 18.069 18.069 18.072 18.079 18.079 18.087 18.094 18.095 18.099 18.099 18.1 18.102 18.102 18.114 18.117 18.119 18.12 18.12 18.122 18.122 18.127 18.13 18.134 18.14 18.142 18.143 18.147 18.147 18.148 18.167 18.18 18.182 18.183 18.185 18.188 18.195 18.197 18.202 18.205 18.21 18.215 18.222 18.225 18.243 18.245 18.27 18.28 18.28 18.293 18.297 18.315 18.32 18.32 18.322 18.323 18.325 18.328 18.332 18.333 18.335 18.336 18.353 18.358 18.362 18.362 18.372 18.377 18.383 18.388 18.395 18.4 18.402 18.402 18.406 18.408 18.408 18.41 18.41 18.415 18.423 18.428 18.44 18.44 18.44 18.441 18.46 18.461 18.465 18.481 18.51 18.523 18.525 18.526 18.531 18.544 18.546 18.548 18.553 18.553 18.571 18.578 18.586 18.593 18.599 18.601 18.606 18.616 18.618 18.626 18.643 18.656 18.663 18.671 18.734 18.753 18.761 18.764 18.773 18.791 18.799 18.834 18.869 18.891 18.907 18.936 19 19.012 19.017 19.019 19.025 19.049 19.08 19.085 19.125 19.147 19.179 19.225 19.242 19.269 19.563 19.688 19.791 19.801 20.192 20.34 20.535 21.808 22.029 22.524 23.82 25.837 29.077 29.534 34.61 60.761 61.987 1794.3

Time elapsed stats:
  sum  17897.7 us
  avg  17.8977 us
  max  1794.3 us
  min  12.164 us

Removing top/bottom-5:
  sum  15855.4 us
  avg  16.0155 us
  max  29.077 us
  min  12.283 us

Num files at level --
  0: 9
  1: 19
  2: 12
  3: 0
  4: 0
  5: 0
  6: 0

Stats --
                               Compactions
Level  Files Size(MB) Time(sec) Read(MB) Write(MB)
--------------------------------------------------
  0        9       36         0        0         0
  1       19       36         0        0         0
  2       12       24         0        0         0

SSTables --
--- level 0 ---
 92:4124646['user10046604894068544' @ 9635 : 1 .. 'user971136347768642592' @ 9667 : 1]
 89:4205685['user1005640680888162' @ 8874 : 1 .. 'user960084102193685886' @ 8906 : 1]
 85:4204932['user1005972966029934054' @ 8047 : 1 .. 'user994579075160678783' @ 7972 : 1]
 81:4205504['user1006191281247775937' @ 7456 : 1 .. 'user982188593343599298' @ 7368 : 1]
 78:4205619['user1006532926542074502' @ 6714 : 1 .. 'user99137614613375737' @ 6928 : 1]
 83:4205080['user1018363447847013539' @ 7865 : 1 .. 'user993800799430696452' @ 7820 : 1]
 58:4205091['user1019483368871294435' @ 6367 : 1 .. 'user994360759942836900' @ 6491 : 1]
 91:4205756['user1044594160504054184' @ 9234 : 1 .. 'user95229708324090387' @ 9196 : 1]
 87:4205838['user1050400263547602761' @ 8556 : 1 .. 'user935751586290908468' @ 8619 : 1]
--- level 1 ---
 56:2107550['user1006751241759916385' @ 6221 : 1 .. 'user1498736710723774180' @ 4061 : 1]
 59:2107519['user1499296671235914628' @ 2800 : 1 .. 'user1940937226857796243' @ 3609 : 1]
 60:2107462['user1941497187369936691' @ 3402 : 1 .. 'user2429916395338807701' @ 3442 : 1]
 61:2107602['user2430134710556649584' @ 4885 : 1 .. 'user2893101481598462280' @ 4780 : 1]
 62:2107507['user2895889466863466734' @ 3822 : 1 .. 'user3335631825731085122' @ 5111 : 1]
 63:2107680['user3336191786243225570' @ 5762 : 1 .. 'user3810210802859994972' @ 2664 : 1]
 64:2107439['user3810429118077836855' @ 3175 : 1 .. 'user4256537540501144268' @ 6053 : 1]
 65:2107572['user4257097501013284716' @ 5270 : 1 .. 'user4760135215552099217' @ 2697 : 1]
 66:2107491['user4764821397571366898' @ 2517 : 1 .. 'user5211708095724656642' @ 5413 : 1]
 67:2107613['user5212049741018955207' @ 5233 : 1 .. 'user5623208460573458061' @ 4765 : 1]
 68:2107496['user5623768421085598509' @ 6064 : 1 .. 'user6131835534764733457' @ 4229 : 1]
 69:2107420['user6132395495276873905' @ 5110 : 1 .. 'user6533061929768560501' @ 3508 : 1]
 70:2107414['user65420917376365171' @ 3918 : 1 .. 'user7021699452955273394' @ 6015 : 1]
 71:2107611['user7030293541263826425' @ 5829 : 1 .. 'user7488014169774230992' @ 3403 : 1]
 72:1895765['user7488232484992072875' @ 4916 : 1 .. 'user7891251846139834360' @ 4796 : 1]
 73:2107521['user7900965855472668287' @ 4966 : 1 .. 'user8384575551345814934' @ 3899 : 1]
 74:2107482['user8384917196640113499' @ 2579 : 1 .. 'user8794955995170335457' @ 5853 : 1]
 75:2107295['user8795515955682475905' @ 5104 : 1 .. 'user979960568590735292' @ 3463 : 1]
 76:121025['user982748553855739746' @ 5015 : 1 .. 'user997378877721381023' @ 3797 : 1]
--- level 2 ---
 36:2107527['user1000385178204227360' @ 6 : 1 .. 'user1715321609418666813' @ 1633 : 1]
 45:2107432['user1715539924636508696' @ 2150 : 1 .. 'user2419424110275991443' @ 2320 : 1]
 46:2107346['user2422430410758837780' @ 1503 : 1 .. 'user3111914405046218919' @ 615 : 1]
 47:2107429['user3112132720264060802' @ 104 : 1 .. 'user3832315294009908384' @ 2078 : 1]
 48:2107491['user3835881555004895169' @ 1024 : 1 .. 'user4515091579447301933' @ 169 : 1]
 49:2107419['user4515651539959442381' @ 922 : 1 .. 'user5219194080304626563' @ 398 : 1]
 50:2107468['user5223101986593911913' @ 1398 : 1 .. 'user5911684375074854039' @ 2219 : 1]
 51:2107281['user5912804296099134935' @ 713 : 1 .. 'user6525357629970748697' @ 1972 : 1]
 52:2107377['user6525917590482889145' @ 67 : 1 .. 'user7230580051852354223' @ 1081 : 1]
 53:2107438['user7230798367070196106' @ 1614 : 1 .. 'user789388067335041421' @ 1243 : 1]
 54:2107349['user7908110194758339643' @ 1689 : 1 .. 'user8637323487248424022' @ 309 : 1]
 55:2046806['user8637665132542722587' @ 97 : 1 .. 'user996258956697100127' @ 1207 : 1]
--- level 3 ---
--- level 4 ---
--- level 5 ---
--- level 6 ---

