Finished 1000 requests.

Sorted time elapsed:
 18.946 19.152 19.195 19.211 19.219 19.227 19.251 19.357 19.391 19.444 19.483 19.491 19.627 19.629 19.68 19.69 19.737 19.782 19.782 19.998 20.103 20.139 20.149 20.155 20.163 20.179 20.193 20.201 20.207 20.211 20.215 20.227 20.239 20.241 20.261 20.269 20.274 20.277 20.305 20.325 20.326 20.333 20.333 20.337 20.348 20.351 20.359 20.383 20.388 20.39 20.391 20.396 20.397 20.398 20.402 20.404 20.407 20.411 20.413 20.416 20.417 20.419 20.433 20.438 20.448 20.45 20.454 20.481 20.498 20.512 20.514 20.52 20.522 20.526 20.528 20.528 20.53 20.535 20.536 20.537 20.537 20.539 20.546 20.572 20.578 20.578 20.581 20.584 20.587 20.588 20.589 20.592 20.614 20.634 20.66 20.66 20.662 20.67 20.67 20.676 20.678 20.68 20.682 20.692 20.694 20.696 20.704 20.706 20.708 20.714 20.718 20.718 20.726 20.736 20.744 20.745 20.749 20.766 20.768 20.775 20.78 20.845 20.846 20.876 20.903 20.909 20.955 20.965 20.971 20.978 20.982 21.007 21.011 21.017 21.019 21.021 21.025 21.033 21.041 21.043 21.061 21.065 21.085 21.087 21.095 21.125 21.141 21.143 21.146 21.157 21.163 21.181 21.188 21.197 21.241 21.255 21.26 21.265 21.267 21.267 21.271 21.276 21.285 21.286 21.286 21.287 21.305 21.314 21.321 21.326 21.326 21.327 21.34 21.343 21.36 21.36 21.368 21.372 21.38 21.384 21.386 21.388 21.397 21.4 21.401 21.404 21.405 21.406 21.416 21.416 21.422 21.428 21.432 21.432 21.437 21.44 21.446 21.446 21.446 21.449 21.453 21.454 21.456 21.468 21.468 21.488 21.488 21.488 21.494 21.494 21.496 21.496 21.504 21.506 21.51 21.516 21.526 21.53 21.53 21.538 21.544 21.55 21.55 21.554 21.554 21.554 21.555 21.57 21.572 21.578 21.58 21.588 21.59 21.593 21.594 21.606 21.606 21.616 21.62 21.622 21.628 21.628 21.638 21.642 21.644 21.65 21.65 21.655 21.655 21.66 21.66 21.662 21.664 21.664 21.667 21.67 21.676 21.677 21.684 21.691 21.7 21.713 21.72 21.724 21.724 21.725 21.726 21.732 21.735 21.741 21.745 21.747 21.747 21.762 21.764 21.767 21.772 21.781 21.783 21.783 21.785 21.793 21.795 21.797 21.798 21.8 21.801 21.804 21.804 21.807 21.813 21.817 21.817 21.817 21.822 21.826 21.833 21.84 21.84 21.841 21.843 21.843 21.847 21.848 21.855 21.857 21.86 21.861 21.871 21.876 21.884 21.884 21.889 21.891 21.891 21.892 21.895 21.898 21.903 21.905 21.905 21.905 21.911 21.915 21.917 21.917 21.917 21.917 21.919 21.92 21.923 21.931 21.935 21.941 21.941 21.943 21.945 21.949 21.951 21.953 21.955 21.955 21.957 21.957 21.959 21.965 21.967 21.973 21.973 21.977 21.979 21.981 21.991 21.995 21.997 22.015 22.026 22.031 22.033 22.034 22.041 22.051 22.052 22.054 22.061 22.067 22.068 22.07 22.087 22.091 22.095 22.098 22.1 22.101 22.105 22.105 22.115 22.123 22.123 22.133 22.151 22.153 22.154 22.157 22.16 22.163 22.168 22.171 22.176 22.18 22.19 22.194 22.197 22.208 22.218 22.226 22.226 22.227 22.235 22.242 22.254 22.256 22.258 22.26 22.266 22.267 22.272 22.278 22.284 22.312 22.312 22.314 22.314 22.316 22.32 22.324 22.328 22.332 22.344 22.368 22.37 22.372 22.374 22.378 22.384 22.394 22.402 22.407 22.416 22.417 22.418 22.42 22.421 22.422 22.422 22.424 22.424 22.434 22.434 22.438 22.442 22.449 22.452 22.452 22.452 22.455 22.458 22.458 22.462 22.471 22.479 22.486 22.496 22.5 22.5 22.508 22.509 22.512 22.517 22.522 22.522 22.526 22.526 22.538 22.542 22.548 22.55 22.55 22.561 22.566 22.568 22.578 22.586 22.59 22.602 22.603 22.603 22.608 22.619 22.619 22.627 22.63 22.63 22.634 22.637 22.638 22.65 22.655 22.656 22.66 22.665 22.669 22.671 22.683 22.691 22.693 22.709 22.713 22.721 22.727 22.733 22.737 22.739 22.751 22.754 22.757 22.759 22.765 22.77 22.783 22.789 22.795 22.797 22.801 22.805 22.817 22.823 22.823 22.829 22.835 22.837 22.841 22.844 22.847 22.847 22.849 22.853 22.857 22.859 22.861 22.868 22.869 22.877 22.882 22.884 22.887 22.888 22.891 22.892 22.897 22.899 22.901 22.903 22.905 22.911 22.919 22.923 22.924 22.926 22.928 22.941 22.943 22.944 22.946 22.954 22.955 22.965 22.969 22.97 22.973 22.98 22.985 22.992 22.993 22.994 23.003 23.032 23.042 23.044 23.045 23.05 23.052 23.058 23.062 23.064 23.072 23.078 23.081 23.084 23.085 23.086 23.1 23.104 23.106 23.124 23.132 23.133 23.136 23.137 23.144 23.144 23.145 23.148 23.158 23.158 23.164 23.168 23.174 23.18 23.18 23.194 23.202 23.206 23.206 23.208 23.214 23.22 23.226 23.226 23.234 23.248 23.254 23.254 23.264 23.27 23.282 23.284 23.295 23.302 23.31 23.312 23.314 23.322 23.333 23.335 23.343 23.354 23.364 23.364 23.368 23.37 23.372 23.373 23.376 23.385 23.392 23.393 23.401 23.402 23.402 23.406 23.41 23.413 23.421 23.424 23.426 23.428 23.435 23.436 23.442 23.443 23.448 23.453 23.453 23.463 23.467 23.482 23.493 23.499 23.511 23.527 23.547 23.559 23.581 23.583 23.594 23.597 23.601 23.601 23.605 23.615 23.643 23.643 23.649 23.651 23.661 23.671 23.683 23.693 23.715 23.715 23.725 23.729 23.729 23.735 23.737 23.739 23.759 23.766 23.773 23.79 23.79 23.792 23.792 23.792 23.796 23.813 23.831 23.855 23.86 23.863 23.864 23.876 23.884 23.885 23.895 23.897 23.899 23.907 23.91 23.914 23.924 23.958 23.958 23.973 23.998 24.01 24.012 24.052 24.056 24.056 24.058 24.078 24.082 24.12 24.134 24.168 24.17 24.188 24.196 24.203 24.214 24.24 24.25 24.254 24.274 24.274 24.277 24.281 24.296 24.311 24.319 24.326 24.327 24.333 24.343 24.365 24.383 24.393 24.442 24.448 24.452 24.472 24.491 24.515 24.537 24.539 24.561 24.563 24.567 24.579 24.579 24.599 24.631 24.655 24.685 24.703 24.705 24.709 24.726 24.752 24.756 24.782 24.815 24.826 24.844 24.882 24.89 24.904 24.917 24.944 24.972 24.992 24.998 25.002 25.022 25.023 25.052 25.054 25.076 25.145 25.158 25.175 25.197 25.218 25.268 25.275 25.365 25.397 25.437 25.459 25.507 25.519 25.597 25.687 25.709 25.919 25.996 26.178 26.413 26.606 26.702 28.117 29.046 29.16 29.212 29.288 29.433 29.595 29.639 29.763 29.821 29.848 29.865 30.312 30.481 30.503 30.649 30.775 30.794 30.821 31.014 31.029 31.032 31.032 31.125 31.183 31.277 31.28 31.383 31.393 31.521 31.543 31.565 31.757 31.808 32.128 32.151 32.265 32.312 32.361 32.475 32.483 32.499 32.542 32.672 32.696 32.71 32.844 32.884 32.889 32.89 32.983 32.985 32.989 33.057 33.07 33.131 33.145 33.173 33.342 33.528 33.544 33.604 33.615 33.616 33.676 33.718 33.721 33.722 33.735 33.762 33.773 33.785 33.788 33.809 33.836 33.842 33.846 33.865 33.866 33.916 33.922 33.942 33.956 33.962 33.969 33.969 33.999 33.999 34.036 34.052 34.053 34.059 34.062 34.092 34.096 34.107 34.123 34.166 34.176 34.179 34.182 34.36 34.376 34.4 34.427 34.52 34.521 34.53 34.591 34.63 34.68 34.731 34.848 34.951 35.062 35.289 35.309 35.328 35.6 35.63 35.639 35.648 35.709 35.71 35.716 35.72 35.763 35.883 35.96 36.087 36.187 36.194 36.265 36.284 36.525 36.545 36.592 36.645 36.742 36.748 36.768 36.782 36.82 36.842 36.849 36.883 36.892 36.96 36.983 37.016 37.177 37.186 37.19 37.212 37.257 37.273 37.317 37.327 37.37 37.581 37.595 37.637 37.761 37.778 37.804 37.901 38.219 38.276 38.319 39.267 39.382 39.953 41.767 42.689 43.004 43.159 43.906 44.769 46.468 46.843 46.989 47.02 47.19 49.024 53.605 86.514 125.135 1684.41

Time elapsed stats:
  sum  26513.1 us
  avg  26.5131 us
  max  1684.41 us
  min  18.946 us

Removing top/bottom-5:
  sum  24418.7 us
  avg  24.6654 us
  max  47.19 us
  min  19.227 us

Num files at level --
  0: 9
  1: 19
  2: 12
  3: 0
  4: 0
  5: 0
  6: 0

Stats --
                               Compactions
Level  Files Size(MB) Time(sec) Read(MB) Write(MB)
--------------------------------------------------
  0        9       36         0        0         0
  1       19       36         0        0         0
  2       12       24         0        0         0

SSTables --
--- level 0 ---
 92:4124646['user10046604894068544' @ 9635 : 1 .. 'user971136347768642592' @ 9667 : 1]
 89:4205685['user1005640680888162' @ 8874 : 1 .. 'user960084102193685886' @ 8906 : 1]
 85:4204932['user1005972966029934054' @ 8047 : 1 .. 'user994579075160678783' @ 7972 : 1]
 81:4205504['user1006191281247775937' @ 7456 : 1 .. 'user982188593343599298' @ 7368 : 1]
 78:4205619['user1006532926542074502' @ 6714 : 1 .. 'user99137614613375737' @ 6928 : 1]
 83:4205080['user1018363447847013539' @ 7865 : 1 .. 'user993800799430696452' @ 7820 : 1]
 58:4205091['user1019483368871294435' @ 6367 : 1 .. 'user994360759942836900' @ 6491 : 1]
 91:4205756['user1044594160504054184' @ 9234 : 1 .. 'user95229708324090387' @ 9196 : 1]
 87:4205838['user1050400263547602761' @ 8556 : 1 .. 'user935751586290908468' @ 8619 : 1]
--- level 1 ---
 56:2107550['user1006751241759916385' @ 6221 : 1 .. 'user1498736710723774180' @ 4061 : 1]
 59:2107519['user1499296671235914628' @ 2800 : 1 .. 'user1940937226857796243' @ 3609 : 1]
 60:2107462['user1941497187369936691' @ 3402 : 1 .. 'user2429916395338807701' @ 3442 : 1]
 61:2107602['user2430134710556649584' @ 4885 : 1 .. 'user2893101481598462280' @ 4780 : 1]
 62:2107507['user2895889466863466734' @ 3822 : 1 .. 'user3335631825731085122' @ 5111 : 1]
 63:2107680['user3336191786243225570' @ 5762 : 1 .. 'user3810210802859994972' @ 2664 : 1]
 64:2107439['user3810429118077836855' @ 3175 : 1 .. 'user4256537540501144268' @ 6053 : 1]
 65:2107572['user4257097501013284716' @ 5270 : 1 .. 'user4760135215552099217' @ 2697 : 1]
 66:2107491['user4764821397571366898' @ 2517 : 1 .. 'user5211708095724656642' @ 5413 : 1]
 67:2107613['user5212049741018955207' @ 5233 : 1 .. 'user5623208460573458061' @ 4765 : 1]
 68:2107496['user5623768421085598509' @ 6064 : 1 .. 'user6131835534764733457' @ 4229 : 1]
 69:2107420['user6132395495276873905' @ 5110 : 1 .. 'user6533061929768560501' @ 3508 : 1]
 70:2107414['user65420917376365171' @ 3918 : 1 .. 'user7021699452955273394' @ 6015 : 1]
 71:2107611['user7030293541263826425' @ 5829 : 1 .. 'user7488014169774230992' @ 3403 : 1]
 72:1895765['user7488232484992072875' @ 4916 : 1 .. 'user7891251846139834360' @ 4796 : 1]
 73:2107521['user7900965855472668287' @ 4966 : 1 .. 'user8384575551345814934' @ 3899 : 1]
 74:2107482['user8384917196640113499' @ 2579 : 1 .. 'user8794955995170335457' @ 5853 : 1]
 75:2107295['user8795515955682475905' @ 5104 : 1 .. 'user979960568590735292' @ 3463 : 1]
 76:121025['user982748553855739746' @ 5015 : 1 .. 'user997378877721381023' @ 3797 : 1]
--- level 2 ---
 36:2107527['user1000385178204227360' @ 6 : 1 .. 'user1715321609418666813' @ 1633 : 1]
 45:2107432['user1715539924636508696' @ 2150 : 1 .. 'user2419424110275991443' @ 2320 : 1]
 46:2107346['user2422430410758837780' @ 1503 : 1 .. 'user3111914405046218919' @ 615 : 1]
 47:2107429['user3112132720264060802' @ 104 : 1 .. 'user3832315294009908384' @ 2078 : 1]
 48:2107491['user3835881555004895169' @ 1024 : 1 .. 'user4515091579447301933' @ 169 : 1]
 49:2107419['user4515651539959442381' @ 922 : 1 .. 'user5219194080304626563' @ 398 : 1]
 50:2107468['user5223101986593911913' @ 1398 : 1 .. 'user5911684375074854039' @ 2219 : 1]
 51:2107281['user5912804296099134935' @ 713 : 1 .. 'user6525357629970748697' @ 1972 : 1]
 52:2107377['user6525917590482889145' @ 67 : 1 .. 'user7230580051852354223' @ 1081 : 1]
 53:2107438['user7230798367070196106' @ 1614 : 1 .. 'user789388067335041421' @ 1243 : 1]
 54:2107349['user7908110194758339643' @ 1689 : 1 .. 'user8637323487248424022' @ 309 : 1]
 55:2046806['user8637665132542722587' @ 97 : 1 .. 'user996258956697100127' @ 1207 : 1]
--- level 3 ---
--- level 4 ---
--- level 5 ---
--- level 6 ---

