Finished 1000 requests.

Sorted time elapsed:
 18.174 18.187 18.268 18.279 18.385 18.399 18.423 18.439 18.455 18.473 18.493 18.497 18.503 18.507 18.511 18.541 18.542 18.577 18.593 18.625 18.645 18.682 18.683 18.694 18.729 18.742 18.769 18.791 18.816 18.83 18.832 18.842 18.864 18.864 18.881 18.902 18.904 18.91 18.936 18.983 18.985 18.994 18.998 19.111 19.122 19.137 19.14 19.153 19.179 19.197 19.231 19.249 19.249 19.271 19.277 19.289 19.325 19.333 19.363 19.371 19.397 19.411 19.417 19.433 19.437 19.443 19.457 19.457 19.463 19.469 19.473 19.474 19.485 19.486 19.487 19.487 19.507 19.511 19.512 19.512 19.515 19.521 19.521 19.532 19.54 19.544 19.549 19.556 19.563 19.569 19.569 19.57 19.578 19.582 19.583 19.584 19.586 19.586 19.588 19.592 19.6 19.603 19.609 19.622 19.632 19.632 19.634 19.652 19.653 19.656 19.664 19.666 19.674 19.674 19.682 19.694 19.696 19.696 19.698 19.7 19.702 19.702 19.704 19.705 19.706 19.706 19.716 19.72 19.727 19.727 19.728 19.728 19.729 19.73 19.73 19.732 19.736 19.74 19.744 19.748 19.748 19.758 19.762 19.764 19.764 19.764 19.764 19.766 19.766 19.766 19.772 19.78 19.784 19.784 19.786 19.786 19.786 19.79 19.79 19.792 19.792 19.794 19.794 19.8 19.8 19.802 19.81 19.812 19.812 19.818 19.822 19.828 19.834 19.84 19.85 19.854 19.856 19.86 19.864 19.866 19.868 19.875 19.875 19.878 19.879 19.88 19.886 19.889 19.89 19.89 19.898 19.908 19.909 19.91 19.911 19.912 19.916 19.919 19.927 19.935 19.951 19.966 19.966 19.976 19.98 19.986 19.987 19.989 19.989 19.999 20.003 20.005 20.006 20.011 20.015 20.019 20.028 20.035 20.044 20.047 20.05 20.054 20.059 20.059 20.061 20.071 20.083 20.107 20.124 20.125 20.126 20.131 20.153 20.154 20.154 20.163 20.165 20.165 20.179 20.193 20.197 20.199 20.215 20.215 20.219 20.223 20.225 20.247 20.253 20.257 20.267 20.269 20.285 20.291 20.303 20.304 20.307 20.317 20.321 20.331 20.345 20.351 20.359 20.361 20.373 20.373 20.38 20.384 20.396 20.401 20.402 20.406 20.412 20.42 20.427 20.438 20.441 20.469 20.475 20.476 20.48 20.498 20.528 20.552 20.552 20.562 20.562 20.568 20.572 20.574 20.58 20.594 20.6 20.604 20.605 20.606 20.616 20.619 20.642 20.648 20.66 20.662 20.678 20.68 20.68 20.688 20.691 20.694 20.696 20.697 20.702 20.702 20.705 20.708 20.722 20.724 20.739 20.742 20.744 20.748 20.752 20.758 20.763 20.773 20.779 20.78 20.791 20.793 20.793 20.799 20.803 20.809 20.81 20.812 20.837 20.837 20.844 20.849 20.851 20.851 20.852 20.857 20.858 20.86 20.869 20.874 20.876 20.876 20.882 20.893 20.898 20.899 20.899 20.901 20.901 20.903 20.911 20.915 20.917 20.917 20.921 20.923 20.935 20.937 20.939 20.939 20.941 20.949 20.951 20.957 20.963 20.964 20.969 20.971 20.973 20.974 20.983 20.995 20.998 20.999 21.007 21.007 21.015 21.037 21.047 21.053 21.055 21.059 21.063 21.069 21.077 21.077 21.077 21.083 21.087 21.093 21.109 21.113 21.12 21.123 21.127 21.129 21.133 21.139 21.139 21.151 21.153 21.161 21.162 21.165 21.167 21.183 21.189 21.195 21.195 21.199 21.201 21.209 21.21 21.211 21.215 21.217 21.22 21.225 21.225 21.229 21.245 21.249 21.255 21.259 21.263 21.265 21.267 21.268 21.271 21.273 21.275 21.281 21.283 21.291 21.291 21.31 21.312 21.314 21.319 21.334 21.339 21.342 21.343 21.346 21.347 21.352 21.356 21.358 21.361 21.362 21.372 21.384 21.386 21.391 21.392 21.396 21.396 21.402 21.403 21.41 21.422 21.43 21.434 21.438 21.442 21.446 21.466 21.488 21.502 21.506 21.514 21.518 21.526 21.526 21.53 21.538 21.542 21.542 21.548 21.56 21.564 21.566 21.566 21.572 21.58 21.589 21.594 21.596 21.597 21.602 21.605 21.607 21.611 21.612 21.618 21.623 21.628 21.633 21.634 21.641 21.644 21.654 21.657 21.664 21.664 21.672 21.677 21.68 21.683 21.685 21.689 21.689 21.695 21.7 21.729 21.731 21.748 21.75 21.753 21.757 21.762 21.764 21.766 21.767 21.771 21.772 21.773 21.774 21.782 21.783 21.791 21.796 21.797 21.798 21.799 21.801 21.801 21.806 21.809 21.81 21.81 21.817 21.819 21.825 21.826 21.829 21.833 21.834 21.845 21.849 21.854 21.855 21.855 21.859 21.859 21.865 21.867 21.871 21.879 21.883 21.893 21.895 21.899 21.909 21.915 21.919 21.921 21.921 21.921 21.923 21.923 21.927 21.935 21.939 21.939 21.941 21.943 21.943 21.947 21.947 21.965 21.965 21.965 21.967 21.985 21.987 21.991 22.001 22.001 22.001 22.007 22.014 22.016 22.017 22.021 22.023 22.033 22.037 22.041 22.045 22.048 22.049 22.057 22.065 22.068 22.069 22.083 22.09 22.09 22.105 22.108 22.118 22.125 22.131 22.139 22.14 22.143 22.16 22.173 22.173 22.184 22.201 22.206 22.206 22.218 22.218 22.223 22.227 22.231 22.244 22.266 22.271 22.294 22.296 22.304 22.306 22.32 22.336 22.344 22.36 22.37 22.39 22.392 22.404 22.406 22.408 22.414 22.414 22.416 22.418 22.418 22.426 22.43 22.437 22.443 22.468 22.488 22.489 22.502 22.53 22.536 22.544 22.548 22.569 22.575 22.591 22.606 22.613 22.614 22.615 22.685 22.697 22.701 22.708 22.711 22.714 22.724 22.731 22.731 22.737 22.757 22.763 22.763 22.765 22.769 22.779 22.809 22.813 22.813 22.825 22.853 22.867 22.869 22.877 22.881 22.883 22.885 22.885 22.892 22.895 22.899 22.901 22.917 22.931 22.937 22.938 22.941 22.961 22.981 23.008 23.019 23.043 23.046 23.05 23.068 23.092 23.095 23.118 23.131 23.135 23.137 23.146 23.147 23.147 23.174 23.206 23.248 23.274 23.294 23.333 23.338 23.342 23.342 23.396 23.411 23.416 23.417 23.428 23.443 23.462 23.465 23.524 23.527 23.537 23.545 23.583 23.589 23.645 23.659 23.717 23.761 23.765 23.769 23.799 23.89 23.932 23.934 23.982 24.002 24.018 24.124 24.142 24.154 24.164 24.174 24.217 24.349 24.412 24.413 24.669 24.829 24.838 25.058 25.172 25.292 25.349 25.694 26.209 26.235 26.724 27.415 27.677 27.887 27.945 28.103 28.137 28.446 28.512 28.53 28.707 28.955 28.991 29.126 29.543 30.058 30.396 30.715 30.803 30.813 30.889 31.055 31.228 31.359 31.92 32.407 34.681 38.46 38.558 38.742 38.77 38.806 39.03 39.107 39.376 40.338 40.539 40.635 40.759 40.795 40.807 40.811 40.903 40.903 40.928 40.935 41.095 41.316 41.372 41.392 41.392 41.452 41.48 41.493 41.493 41.549 41.565 41.656 41.684 41.709 41.817 41.873 42.014 42.294 42.326 42.366 42.394 42.414 42.511 42.527 42.575 42.655 42.664 42.82 42.859 42.884 42.904 42.936 42.971 42.984 43 43.036 43.121 43.165 43.228 43.293 43.364 43.389 43.389 43.453 43.497 43.545 43.605 43.654 43.89 44.1 44.115 44.118 44.215 44.247 44.295 44.339 44.379 44.472 44.508 44.523 44.632 44.636 44.648 44.776 44.796 44.804 44.832 44.841 44.864 44.865 44.872 44.872 44.876 44.876 44.884 45.02 45.077 45.077 45.161 45.281 45.305 45.322 45.33 45.342 45.346 45.409 45.446 45.686 45.69 45.75 45.818 46.124 46.376 46.452 46.492 46.548 46.548 46.617 46.633 46.672 46.684 46.701 46.704 46.72 46.753 46.761 46.769 46.825 46.828 46.929 46.941 47.001 47.013 47.431 47.671 47.803 47.839 47.859 48.3 48.449 48.456 48.476 48.509 48.557 48.597 48.617 48.753 48.761 48.774 48.786 48.97 49.074 49.09 49.23 49.355 49.583 49.892 49.936 50.517 50.517 50.649 50.722 50.77 50.931 51.515 51.957 52.234 52.843 53.532 56.463 56.579 56.644 57.494 60.064 60.388 61.96 62.545 63.764 64.322 64.554 65.941 66.27 69.819 71.486 75.404 77.998 110.473 180.079 1915.42

Time elapsed stats:
  sum  28207.4 us
  avg  28.2074 us
  max  1915.42 us
  min  18.174 us

Removing top/bottom-5:
  sum  25756.8 us
  avg  26.0169 us
  max  71.486 us
  min  18.399 us

Num files at level --
  0: 9
  1: 19
  2: 12
  3: 0
  4: 0
  5: 0
  6: 0

Stats --
                               Compactions
Level  Files Size(MB) Time(sec) Read(MB) Write(MB)
--------------------------------------------------
  0        9       36         0        0         0
  1       19       36         0        0         0
  2       12       24         0        0         0

SSTables --
--- level 0 ---
 92:4124646['user10046604894068544' @ 9635 : 1 .. 'user971136347768642592' @ 9667 : 1]
 89:4205685['user1005640680888162' @ 8874 : 1 .. 'user960084102193685886' @ 8906 : 1]
 85:4204932['user1005972966029934054' @ 8047 : 1 .. 'user994579075160678783' @ 7972 : 1]
 81:4205504['user1006191281247775937' @ 7456 : 1 .. 'user982188593343599298' @ 7368 : 1]
 78:4205619['user1006532926542074502' @ 6714 : 1 .. 'user99137614613375737' @ 6928 : 1]
 83:4205080['user1018363447847013539' @ 7865 : 1 .. 'user993800799430696452' @ 7820 : 1]
 58:4205091['user1019483368871294435' @ 6367 : 1 .. 'user994360759942836900' @ 6491 : 1]
 91:4205756['user1044594160504054184' @ 9234 : 1 .. 'user95229708324090387' @ 9196 : 1]
 87:4205838['user1050400263547602761' @ 8556 : 1 .. 'user935751586290908468' @ 8619 : 1]
--- level 1 ---
 56:2107550['user1006751241759916385' @ 6221 : 1 .. 'user1498736710723774180' @ 4061 : 1]
 59:2107519['user1499296671235914628' @ 2800 : 1 .. 'user1940937226857796243' @ 3609 : 1]
 60:2107462['user1941497187369936691' @ 3402 : 1 .. 'user2429916395338807701' @ 3442 : 1]
 61:2107602['user2430134710556649584' @ 4885 : 1 .. 'user2893101481598462280' @ 4780 : 1]
 62:2107507['user2895889466863466734' @ 3822 : 1 .. 'user3335631825731085122' @ 5111 : 1]
 63:2107680['user3336191786243225570' @ 5762 : 1 .. 'user3810210802859994972' @ 2664 : 1]
 64:2107439['user3810429118077836855' @ 3175 : 1 .. 'user4256537540501144268' @ 6053 : 1]
 65:2107572['user4257097501013284716' @ 5270 : 1 .. 'user4760135215552099217' @ 2697 : 1]
 66:2107491['user4764821397571366898' @ 2517 : 1 .. 'user5211708095724656642' @ 5413 : 1]
 67:2107613['user5212049741018955207' @ 5233 : 1 .. 'user5623208460573458061' @ 4765 : 1]
 68:2107496['user5623768421085598509' @ 6064 : 1 .. 'user6131835534764733457' @ 4229 : 1]
 69:2107420['user6132395495276873905' @ 5110 : 1 .. 'user6533061929768560501' @ 3508 : 1]
 70:2107414['user65420917376365171' @ 3918 : 1 .. 'user7021699452955273394' @ 6015 : 1]
 71:2107611['user7030293541263826425' @ 5829 : 1 .. 'user7488014169774230992' @ 3403 : 1]
 72:1895765['user7488232484992072875' @ 4916 : 1 .. 'user7891251846139834360' @ 4796 : 1]
 73:2107521['user7900965855472668287' @ 4966 : 1 .. 'user8384575551345814934' @ 3899 : 1]
 74:2107482['user8384917196640113499' @ 2579 : 1 .. 'user8794955995170335457' @ 5853 : 1]
 75:2107295['user8795515955682475905' @ 5104 : 1 .. 'user979960568590735292' @ 3463 : 1]
 76:121025['user982748553855739746' @ 5015 : 1 .. 'user997378877721381023' @ 3797 : 1]
--- level 2 ---
 36:2107527['user1000385178204227360' @ 6 : 1 .. 'user1715321609418666813' @ 1633 : 1]
 45:2107432['user1715539924636508696' @ 2150 : 1 .. 'user2419424110275991443' @ 2320 : 1]
 46:2107346['user2422430410758837780' @ 1503 : 1 .. 'user3111914405046218919' @ 615 : 1]
 47:2107429['user3112132720264060802' @ 104 : 1 .. 'user3832315294009908384' @ 2078 : 1]
 48:2107491['user3835881555004895169' @ 1024 : 1 .. 'user4515091579447301933' @ 169 : 1]
 49:2107419['user4515651539959442381' @ 922 : 1 .. 'user5219194080304626563' @ 398 : 1]
 50:2107468['user5223101986593911913' @ 1398 : 1 .. 'user5911684375074854039' @ 2219 : 1]
 51:2107281['user5912804296099134935' @ 713 : 1 .. 'user6525357629970748697' @ 1972 : 1]
 52:2107377['user6525917590482889145' @ 67 : 1 .. 'user7230580051852354223' @ 1081 : 1]
 53:2107438['user7230798367070196106' @ 1614 : 1 .. 'user789388067335041421' @ 1243 : 1]
 54:2107349['user7908110194758339643' @ 1689 : 1 .. 'user8637323487248424022' @ 309 : 1]
 55:2046806['user8637665132542722587' @ 97 : 1 .. 'user996258956697100127' @ 1207 : 1]
--- level 3 ---
--- level 4 ---
--- level 5 ---
--- level 6 ---

