Finished 1000 requests.

Sorted time elapsed:
 20.053 20.215 20.287 20.313 20.444 20.465 20.532 20.534 20.568 20.576 20.622 20.658 20.674 20.676 20.716 20.719 20.724 20.758 20.764 20.764 20.788 20.796 20.803 20.812 20.815 20.822 20.845 20.848 20.849 20.856 20.882 20.894 20.904 20.925 20.932 20.944 20.945 20.952 20.957 20.957 20.981 20.998 21.013 21.019 21.061 21.079 21.097 21.123 21.127 21.131 21.141 21.147 21.163 21.169 21.176 21.189 21.189 21.202 21.209 21.214 21.277 21.281 21.302 21.306 21.323 21.356 21.368 21.39 21.412 21.436 21.456 21.471 21.496 21.52 21.56 21.562 21.584 21.593 21.596 21.599 21.614 21.628 21.65 21.668 21.668 21.676 21.679 21.68 21.692 21.74 21.75 21.753 21.756 21.756 21.809 21.822 21.839 21.839 21.849 21.851 21.858 21.861 21.865 21.871 21.871 21.887 21.891 21.893 21.899 21.907 21.927 21.929 21.931 21.935 21.945 21.945 21.949 21.969 21.971 21.975 21.979 21.981 21.987 21.989 21.989 21.996 21.999 22.011 22.015 22.015 22.017 22.029 22.031 22.033 22.037 22.037 22.041 22.048 22.055 22.065 22.069 22.073 22.085 22.097 22.098 22.105 22.107 22.114 22.119 22.132 22.133 22.142 22.153 22.16 22.166 22.17 22.18 22.188 22.19 22.195 22.198 22.201 22.206 22.206 22.21 22.214 22.224 22.224 22.225 22.232 22.233 22.238 22.27 22.273 22.276 22.278 22.285 22.286 22.292 22.292 22.302 22.302 22.312 22.324 22.342 22.346 22.346 22.348 22.35 22.356 22.36 22.364 22.364 22.366 22.38 22.384 22.392 22.396 22.398 22.421 22.422 22.426 22.426 22.45 22.454 22.466 22.486 22.49 22.49 22.491 22.5 22.505 22.507 22.536 22.541 22.543 22.543 22.544 22.548 22.554 22.584 22.591 22.593 22.594 22.596 22.617 22.625 22.636 22.661 22.665 22.677 22.687 22.695 22.699 22.705 22.709 22.712 22.715 22.723 22.739 22.743 22.743 22.765 22.771 22.774 22.777 22.783 22.793 22.795 22.805 22.817 22.817 22.821 22.839 22.843 22.845 22.847 22.851 22.853 22.863 22.869 22.877 22.877 22.882 22.889 22.903 22.913 22.915 22.917 22.919 22.919 22.925 22.929 22.933 22.943 22.949 22.956 22.969 22.98 22.983 22.984 22.984 22.986 22.995 22.995 22.995 22.996 23.001 23.003 23.008 23.021 23.024 23.031 23.033 23.04 23.041 23.045 23.049 23.05 23.051 23.06 23.07 23.073 23.082 23.084 23.085 23.091 23.092 23.098 23.099 23.1 23.12 23.127 23.132 23.132 23.134 23.138 23.142 23.15 23.151 23.155 23.156 23.157 23.162 23.168 23.169 23.174 23.174 23.179 23.186 23.186 23.188 23.19 23.19 23.194 23.2 23.2 23.206 23.208 23.21 23.213 23.219 23.226 23.226 23.228 23.246 23.248 23.252 23.256 23.27 23.271 23.296 23.304 23.311 23.311 23.322 23.324 23.342 23.347 23.355 23.357 23.358 23.364 23.366 23.366 23.366 23.368 23.372 23.372 23.383 23.385 23.387 23.387 23.388 23.406 23.411 23.414 23.414 23.42 23.428 23.433 23.443 23.446 23.454 23.456 23.461 23.469 23.474 23.494 23.497 23.498 23.499 23.501 23.505 23.505 23.509 23.514 23.53 23.533 23.537 23.538 23.543 23.547 23.558 23.575 23.577 23.587 23.597 23.597 23.605 23.605 23.607 23.607 23.612 23.615 23.627 23.631 23.639 23.64 23.643 23.645 23.647 23.649 23.651 23.655 23.657 23.661 23.665 23.667 23.675 23.691 23.695 23.713 23.717 23.719 23.721 23.722 23.723 23.724 23.727 23.727 23.729 23.733 23.735 23.739 23.741 23.741 23.742 23.75 23.751 23.753 23.756 23.767 23.767 23.769 23.769 23.771 23.775 23.777 23.777 23.782 23.786 23.788 23.793 23.798 23.8 23.802 23.803 23.814 23.82 23.825 23.827 23.828 23.832 23.837 23.839 23.844 23.859 23.861 23.866 23.866 23.874 23.889 23.893 23.893 23.905 23.908 23.908 23.909 23.912 23.912 23.916 23.928 23.941 23.948 23.952 23.953 23.954 23.968 23.99 23.991 23.992 23.993 23.994 23.997 23.998 24.008 24.013 24.026 24.028 24.036 24.04 24.05 24.052 24.053 24.054 24.064 24.064 24.08 24.084 24.088 24.102 24.102 24.106 24.108 24.109 24.112 24.116 24.12 24.126 24.134 24.136 24.138 24.138 24.157 24.162 24.163 24.164 24.168 24.174 24.176 24.179 24.182 24.19 24.198 24.202 24.228 24.241 24.252 24.254 24.258 24.262 24.269 24.272 24.276 24.277 24.278 24.28 24.281 24.289 24.292 24.296 24.298 24.3 24.301 24.304 24.307 24.31 24.317 24.328 24.355 24.369 24.376 24.377 24.377 24.383 24.401 24.421 24.439 24.453 24.459 24.469 24.473 24.475 24.481 24.483 24.491 24.501 24.503 24.513 24.517 24.523 24.535 24.545 24.547 24.565 24.569 24.583 24.59 24.595 24.605 24.609 24.613 24.627 24.628 24.629 24.63 24.635 24.64 24.65 24.657 24.663 24.681 24.691 24.695 24.709 24.72 24.734 24.746 24.749 24.753 24.762 24.8 24.802 24.815 24.818 24.828 24.841 24.85 24.858 24.882 24.898 24.902 24.908 24.913 24.918 24.922 24.93 24.94 24.95 24.954 24.954 24.958 24.976 24.99 24.992 24.998 25.002 25.013 25.016 25.024 25.027 25.028 25.033 25.034 25.046 25.054 25.055 25.059 25.065 25.066 25.068 25.076 25.101 25.111 25.115 25.134 25.135 25.15 25.152 25.158 25.159 25.162 25.198 25.206 25.222 25.233 25.241 25.245 25.253 25.263 25.273 25.274 25.277 25.288 25.311 25.317 25.321 25.323 25.327 25.327 25.331 25.333 25.338 25.353 25.355 25.359 25.373 25.377 25.383 25.417 25.425 25.425 25.429 25.457 25.461 25.465 25.477 25.479 25.479 25.479 25.487 25.501 25.505 25.525 25.526 25.528 25.551 25.552 25.554 25.566 25.579 25.58 25.587 25.595 25.601 25.603 25.609 25.612 25.632 25.636 25.644 25.652 25.657 25.674 25.683 25.686 25.713 25.731 25.742 25.75 25.754 25.792 25.806 25.81 25.844 25.854 25.884 25.908 25.916 25.926 25.93 25.93 25.932 25.99 26 26.053 26.053 26.071 26.084 26.101 26.131 26.181 26.185 26.203 26.217 26.217 26.233 26.235 26.271 26.339 26.357 26.357 26.427 26.473 26.487 26.528 26.546 26.59 26.818 26.841 26.899 26.917 26.923 26.971 27.061 27.143 27.265 27.526 27.648 27.658 27.678 27.751 28.024 28.029 28.069 28.175 28.184 28.262 28.521 28.572 29.284 29.316 29.332 29.62 29.928 30.036 30.038 30.15 30.293 30.674 30.992 31.007 31.136 31.24 31.275 31.507 31.81 31.856 32.135 32.373 32.379 32.466 32.817 33.231 33.953 35.53 35.95 41.152 41.216 41.541 41.677 41.753 41.802 41.918 42.098 42.126 42.162 42.206 42.418 42.591 42.631 42.724 42.807 42.824 42.964 43.036 43.172 43.18 43.213 43.357 43.395 43.437 43.453 43.489 43.553 43.589 43.601 43.722 43.89 43.934 43.95 44.043 44.063 44.195 44.199 44.207 44.239 44.275 44.279 44.339 44.411 44.44 44.459 44.467 44.467 44.479 44.507 44.515 44.519 44.529 44.559 44.576 44.62 44.812 44.897 44.945 44.968 45.021 45.024 45.041 45.253 45.361 45.469 45.598 45.866 45.914 45.919 45.926 45.991 46.011 46.011 46.027 46.039 46.063 46.075 46.168 46.207 46.356 46.376 46.4 46.404 46.46 46.48 46.488 46.492 46.508 46.512 46.612 46.673 46.673 46.68 46.72 46.773 46.853 46.857 46.893 46.949 47.342 47.502 47.551 47.603 47.622 47.723 47.819 48.052 48.059 48.148 48.18 48.184 48.196 48.304 48.345 48.472 48.472 48.476 48.645 48.649 48.693 48.762 48.774 48.941 49.098 49.174 49.338 49.643 49.7 50.188 50.201 50.285 50.293 50.414 50.589 50.818 50.826 51.359 51.567 52.193 52.193 52.262 52.41 52.482 52.53 52.554 52.615 52.715 52.771 52.79 52.875 53.24 53.336 53.797 53.861 54.519 54.623 54.948 55.032 57 58.949 59.185 60.168 63.251 63.251 63.644 70.94 84.497 89.492 131.879 229.954 2223.82

Time elapsed stats:
  sum  30422.2 us
  avg  30.4222 us
  max  2223.82 us
  min  20.053 us

Removing top/bottom-5:
  sum  27561.2 us
  avg  27.8396 us
  max  70.94 us
  min  20.465 us

Num files at level --
  0: 9
  1: 19
  2: 12
  3: 0
  4: 0
  5: 0
  6: 0

Stats --
                               Compactions
Level  Files Size(MB) Time(sec) Read(MB) Write(MB)
--------------------------------------------------
  0        9       36         0        0         0
  1       19       36         0        0         0
  2       12       24         0        0         0

SSTables --
--- level 0 ---
 92:4124646['user10046604894068544' @ 9635 : 1 .. 'user971136347768642592' @ 9667 : 1]
 89:4205685['user1005640680888162' @ 8874 : 1 .. 'user960084102193685886' @ 8906 : 1]
 85:4204932['user1005972966029934054' @ 8047 : 1 .. 'user994579075160678783' @ 7972 : 1]
 81:4205504['user1006191281247775937' @ 7456 : 1 .. 'user982188593343599298' @ 7368 : 1]
 78:4205619['user1006532926542074502' @ 6714 : 1 .. 'user99137614613375737' @ 6928 : 1]
 83:4205080['user1018363447847013539' @ 7865 : 1 .. 'user993800799430696452' @ 7820 : 1]
 58:4205091['user1019483368871294435' @ 6367 : 1 .. 'user994360759942836900' @ 6491 : 1]
 91:4205756['user1044594160504054184' @ 9234 : 1 .. 'user95229708324090387' @ 9196 : 1]
 87:4205838['user1050400263547602761' @ 8556 : 1 .. 'user935751586290908468' @ 8619 : 1]
--- level 1 ---
 56:2107550['user1006751241759916385' @ 6221 : 1 .. 'user1498736710723774180' @ 4061 : 1]
 59:2107519['user1499296671235914628' @ 2800 : 1 .. 'user1940937226857796243' @ 3609 : 1]
 60:2107462['user1941497187369936691' @ 3402 : 1 .. 'user2429916395338807701' @ 3442 : 1]
 61:2107602['user2430134710556649584' @ 4885 : 1 .. 'user2893101481598462280' @ 4780 : 1]
 62:2107507['user2895889466863466734' @ 3822 : 1 .. 'user3335631825731085122' @ 5111 : 1]
 63:2107680['user3336191786243225570' @ 5762 : 1 .. 'user3810210802859994972' @ 2664 : 1]
 64:2107439['user3810429118077836855' @ 3175 : 1 .. 'user4256537540501144268' @ 6053 : 1]
 65:2107572['user4257097501013284716' @ 5270 : 1 .. 'user4760135215552099217' @ 2697 : 1]
 66:2107491['user4764821397571366898' @ 2517 : 1 .. 'user5211708095724656642' @ 5413 : 1]
 67:2107613['user5212049741018955207' @ 5233 : 1 .. 'user5623208460573458061' @ 4765 : 1]
 68:2107496['user5623768421085598509' @ 6064 : 1 .. 'user6131835534764733457' @ 4229 : 1]
 69:2107420['user6132395495276873905' @ 5110 : 1 .. 'user6533061929768560501' @ 3508 : 1]
 70:2107414['user65420917376365171' @ 3918 : 1 .. 'user7021699452955273394' @ 6015 : 1]
 71:2107611['user7030293541263826425' @ 5829 : 1 .. 'user7488014169774230992' @ 3403 : 1]
 72:1895765['user7488232484992072875' @ 4916 : 1 .. 'user7891251846139834360' @ 4796 : 1]
 73:2107521['user7900965855472668287' @ 4966 : 1 .. 'user8384575551345814934' @ 3899 : 1]
 74:2107482['user8384917196640113499' @ 2579 : 1 .. 'user8794955995170335457' @ 5853 : 1]
 75:2107295['user8795515955682475905' @ 5104 : 1 .. 'user979960568590735292' @ 3463 : 1]
 76:121025['user982748553855739746' @ 5015 : 1 .. 'user997378877721381023' @ 3797 : 1]
--- level 2 ---
 36:2107527['user1000385178204227360' @ 6 : 1 .. 'user1715321609418666813' @ 1633 : 1]
 45:2107432['user1715539924636508696' @ 2150 : 1 .. 'user2419424110275991443' @ 2320 : 1]
 46:2107346['user2422430410758837780' @ 1503 : 1 .. 'user3111914405046218919' @ 615 : 1]
 47:2107429['user3112132720264060802' @ 104 : 1 .. 'user3832315294009908384' @ 2078 : 1]
 48:2107491['user3835881555004895169' @ 1024 : 1 .. 'user4515091579447301933' @ 169 : 1]
 49:2107419['user4515651539959442381' @ 922 : 1 .. 'user5219194080304626563' @ 398 : 1]
 50:2107468['user5223101986593911913' @ 1398 : 1 .. 'user5911684375074854039' @ 2219 : 1]
 51:2107281['user5912804296099134935' @ 713 : 1 .. 'user6525357629970748697' @ 1972 : 1]
 52:2107377['user6525917590482889145' @ 67 : 1 .. 'user7230580051852354223' @ 1081 : 1]
 53:2107438['user7230798367070196106' @ 1614 : 1 .. 'user789388067335041421' @ 1243 : 1]
 54:2107349['user7908110194758339643' @ 1689 : 1 .. 'user8637323487248424022' @ 309 : 1]
 55:2046806['user8637665132542722587' @ 97 : 1 .. 'user996258956697100127' @ 1207 : 1]
--- level 3 ---
--- level 4 ---
--- level 5 ---
--- level 6 ---

