Finished 1000 requests.

Sorted time elapsed:
 33.021 33.091 33.097 33.181 33.233 33.245 33.29 33.406 33.414 33.421 33.46 33.486 33.49 33.502 33.506 33.509 33.528 33.529 33.552 33.554 33.614 33.617 33.632 33.662 33.69 33.719 33.72 33.731 33.755 33.772 33.78 33.823 33.825 33.835 33.837 33.9 33.915 33.919 33.931 34.039 34.043 34.053 34.055 34.057 34.066 34.127 34.132 34.147 34.149 34.158 34.159 34.194 34.222 34.258 34.262 34.277 34.286 34.32 34.326 34.342 34.354 34.378 34.388 34.394 34.406 34.414 34.416 34.418 34.424 34.426 34.44 34.442 34.448 34.489 34.502 34.511 34.518 34.521 34.522 34.538 34.544 34.548 34.551 34.552 34.554 34.554 34.575 34.578 34.58 34.581 34.611 34.626 34.634 34.638 34.64 34.651 34.656 34.671 34.684 34.686 34.692 34.696 34.705 34.711 34.719 34.722 34.729 34.771 34.783 34.789 34.799 34.807 34.811 34.819 34.833 34.845 34.847 34.851 34.855 34.865 34.873 34.879 34.897 34.901 34.919 34.929 34.931 34.937 34.939 34.953 34.963 34.977 34.977 34.977 34.993 35.005 35.04 35.041 35.057 35.065 35.074 35.082 35.089 35.096 35.105 35.107 35.121 35.129 35.131 35.141 35.152 35.158 35.166 35.174 35.184 35.206 35.21 35.214 35.238 35.238 35.246 35.25 35.252 35.252 35.258 35.258 35.262 35.27 35.274 35.284 35.292 35.294 35.296 35.298 35.312 35.312 35.313 35.318 35.322 35.346 35.352 35.369 35.37 35.373 35.374 35.383 35.386 35.386 35.394 35.407 35.408 35.425 35.425 35.427 35.431 35.431 35.437 35.44 35.443 35.448 35.466 35.472 35.473 35.495 35.499 35.511 35.514 35.52 35.523 35.559 35.561 35.561 35.565 35.567 35.569 35.57 35.575 35.597 35.601 35.609 35.615 35.625 35.629 35.655 35.657 35.661 35.665 35.665 35.675 35.68 35.693 35.701 35.705 35.711 35.715 35.719 35.729 35.739 35.763 35.763 35.763 35.785 35.794 35.805 35.805 35.808 35.813 35.828 35.829 35.838 35.845 35.849 35.858 35.866 35.869 35.875 35.875 35.878 35.887 35.887 35.89 35.891 35.895 35.901 35.907 35.907 35.913 35.914 35.925 35.926 35.93 35.934 35.934 35.948 35.958 35.974 35.988 35.994 35.996 36.011 36.018 36.033 36.038 36.046 36.046 36.053 36.07 36.07 36.08 36.092 36.092 36.094 36.098 36.111 36.12 36.132 36.144 36.144 36.15 36.15 36.15 36.174 36.184 36.188 36.2 36.202 36.205 36.208 36.21 36.211 36.222 36.222 36.229 36.232 36.234 36.241 36.244 36.245 36.247 36.248 36.248 36.249 36.251 36.262 36.264 36.272 36.28 36.288 36.296 36.302 36.306 36.311 36.326 36.327 36.35 36.357 36.36 36.364 36.366 36.37 36.385 36.385 36.387 36.389 36.393 36.393 36.397 36.407 36.409 36.415 36.415 36.417 36.421 36.422 36.423 36.437 36.451 36.453 36.453 36.465 36.469 36.471 36.479 36.485 36.486 36.491 36.506 36.509 36.515 36.527 36.529 36.531 36.533 36.539 36.541 36.541 36.551 36.557 36.579 36.58 36.585 36.587 36.589 36.595 36.599 36.603 36.637 36.651 36.681 36.689 36.697 36.705 36.712 36.712 36.717 36.757 36.762 36.762 36.765 36.768 36.785 36.789 36.796 36.796 36.802 36.806 36.807 36.81 36.816 36.817 36.844 36.859 36.863 36.868 36.87 36.88 36.88 36.883 36.888 36.89 36.891 36.9 36.902 36.902 36.903 36.924 36.929 36.93 36.94 36.944 36.964 36.968 36.968 36.97 36.974 36.982 36.99 37.004 37.02 37.034 37.046 37.058 37.06 37.066 37.082 37.086 37.092 37.1 37.1 37.1 37.102 37.104 37.106 37.108 37.139 37.146 37.147 37.166 37.176 37.178 37.185 37.189 37.194 37.205 37.207 37.23 37.237 37.241 37.242 37.247 37.255 37.27 37.275 37.276 37.278 37.28 37.283 37.283 37.293 37.303 37.313 37.322 37.325 37.331 37.331 37.351 37.367 37.369 37.369 37.371 37.379 37.389 37.393 37.397 37.411 37.455 37.463 37.467 37.475 37.489 37.492 37.535 37.536 37.567 37.579 37.601 37.609 37.61 37.614 37.658 37.662 37.669 37.686 37.704 37.704 37.724 37.742 37.744 37.746 37.748 37.754 37.763 37.77 37.772 37.79 37.808 37.812 37.814 37.84 37.854 37.856 37.87 37.884 37.89 37.9 37.904 37.912 37.914 37.916 37.923 38.006 38.025 38.034 38.045 38.051 38.089 38.097 38.125 38.145 38.146 38.153 38.161 38.174 38.191 38.212 38.243 38.245 38.255 38.255 38.269 38.279 38.285 38.289 38.293 38.297 38.303 38.305 38.333 38.333 38.333 38.35 38.357 38.367 38.413 38.415 38.423 38.429 38.433 38.437 38.487 38.502 38.523 38.565 38.596 38.598 38.615 38.676 38.68 38.683 38.697 38.728 38.818 38.822 38.829 38.909 38.943 38.945 38.952 39.013 39.061 39.217 39.278 39.313 39.361 39.411 39.427 39.471 39.51 39.516 39.523 39.554 39.69 39.712 39.851 39.931 40.149 40.171 40.263 40.558 40.919 41.259 41.312 41.324 41.414 41.501 41.527 41.547 41.607 41.707 41.763 41.86 41.877 41.897 41.928 41.945 41.958 41.975 41.988 42.002 42.022 42.031 42.033 42.085 42.095 42.1 42.127 42.156 42.184 42.211 42.228 42.238 42.294 42.323 42.326 42.499 42.542 42.599 42.599 42.607 42.685 42.687 42.767 42.769 42.769 42.782 42.798 42.855 42.855 42.859 42.869 42.889 42.889 42.944 43.003 43.02 43.055 43.072 43.102 43.112 43.158 43.198 43.223 43.238 43.273 43.298 43.306 43.361 43.382 43.401 43.403 43.506 43.521 43.539 43.546 43.566 43.581 43.62 43.644 43.762 43.787 43.868 43.9 43.91 43.94 43.95 43.968 43.988 43.992 43.998 44.018 44.052 44.135 44.146 44.148 44.218 44.22 44.226 44.243 44.266 44.286 44.29 44.291 44.293 44.339 44.35 44.351 44.377 44.403 44.403 44.408 44.408 44.408 44.409 44.418 44.448 44.45 44.479 44.481 44.498 44.504 44.514 44.523 44.556 44.624 44.624 44.684 44.701 44.711 44.719 44.729 44.744 44.744 44.777 44.801 44.817 44.838 44.854 44.892 44.922 44.924 44.927 44.937 44.977 44.984 44.987 45.004 45.01 45.047 45.054 45.057 45.062 45.065 45.143 45.154 45.163 45.185 45.213 45.237 45.255 45.258 45.275 45.283 45.299 45.314 45.361 45.371 45.385 45.413 45.443 45.451 45.468 45.468 45.471 45.473 45.473 45.483 45.501 45.506 45.523 45.588 45.594 45.596 45.634 45.641 45.736 45.799 45.805 45.827 45.829 45.856 45.882 45.891 45.899 45.937 45.941 45.949 45.96 46.017 46.07 46.104 46.107 46.133 46.152 46.17 46.177 46.19 46.207 46.237 46.242 46.258 46.325 46.358 46.411 46.423 46.488 46.508 46.541 46.568 46.628 46.656 46.679 46.681 46.696 46.711 46.741 46.744 46.799 46.813 46.867 46.919 46.927 46.929 47.062 47.082 47.084 47.115 47.142 47.214 47.235 47.256 47.259 47.265 47.268 47.289 47.333 47.342 47.362 47.367 47.398 47.41 47.523 47.55 47.616 47.618 47.652 47.684 47.701 47.753 47.978 48.019 48.092 48.114 48.122 48.182 48.2 48.254 48.283 48.435 48.573 48.596 48.598 48.613 48.743 48.791 48.858 48.897 49.059 49.148 49.198 49.497 49.686 49.958 49.968 50.106 50.402 50.465 50.675 50.885 51.508 51.765 51.768 51.993 52.031 52.131 52.155 52.602 52.953 53.039 53.064 53.107 53.297 53.369 53.44 53.494 53.759 55.562 56.125 56.431 57.469 57.982 58.095 59.592 59.614 59.725 59.759 60.009 60.613 60.657 60.788 61.196 61.226 61.278 61.327 61.637 61.655 62.014 62.151 62.312 62.331 62.566 62.654 62.733 62.739 62.819 62.848 63.001 63.027 63.089 63.119 63.26 63.38 63.581 63.618 63.661 63.686 63.843 64.025 64.029 64.043 64.102 64.301 64.955 65.009 65.148 65.177 65.249 65.702 65.824 66.084 66.225 66.278 66.351 66.961 67.056 67.174 67.357 67.414 67.914 68.213 68.579 68.753 69.679 69.925 77.307 77.387 78.79 100.189 159.264 161.619 2947.77

Time elapsed stats:
  sum  44256.8 us
  avg  44.2568 us
  max  2947.77 us
  min  33.021 us

Removing top/bottom-5:
  sum  40643.6 us
  avg  41.0541 us
  max  77.387 us
  min  33.245 us

Num files at level --
  0: 9
  1: 19
  2: 12
  3: 0
  4: 0
  5: 0
  6: 0

Stats --
                               Compactions
Level  Files Size(MB) Time(sec) Read(MB) Write(MB)
--------------------------------------------------
  0        9       36         0        0         0
  1       19       36         0        0         0
  2       12       24         0        0         0

SSTables --
--- level 0 ---
 92:4124646['user10046604894068544' @ 9635 : 1 .. 'user971136347768642592' @ 9667 : 1]
 89:4205685['user1005640680888162' @ 8874 : 1 .. 'user960084102193685886' @ 8906 : 1]
 85:4204932['user1005972966029934054' @ 8047 : 1 .. 'user994579075160678783' @ 7972 : 1]
 81:4205504['user1006191281247775937' @ 7456 : 1 .. 'user982188593343599298' @ 7368 : 1]
 78:4205619['user1006532926542074502' @ 6714 : 1 .. 'user99137614613375737' @ 6928 : 1]
 83:4205080['user1018363447847013539' @ 7865 : 1 .. 'user993800799430696452' @ 7820 : 1]
 58:4205091['user1019483368871294435' @ 6367 : 1 .. 'user994360759942836900' @ 6491 : 1]
 91:4205756['user1044594160504054184' @ 9234 : 1 .. 'user95229708324090387' @ 9196 : 1]
 87:4205838['user1050400263547602761' @ 8556 : 1 .. 'user935751586290908468' @ 8619 : 1]
--- level 1 ---
 56:2107550['user1006751241759916385' @ 6221 : 1 .. 'user1498736710723774180' @ 4061 : 1]
 59:2107519['user1499296671235914628' @ 2800 : 1 .. 'user1940937226857796243' @ 3609 : 1]
 60:2107462['user1941497187369936691' @ 3402 : 1 .. 'user2429916395338807701' @ 3442 : 1]
 61:2107602['user2430134710556649584' @ 4885 : 1 .. 'user2893101481598462280' @ 4780 : 1]
 62:2107507['user2895889466863466734' @ 3822 : 1 .. 'user3335631825731085122' @ 5111 : 1]
 63:2107680['user3336191786243225570' @ 5762 : 1 .. 'user3810210802859994972' @ 2664 : 1]
 64:2107439['user3810429118077836855' @ 3175 : 1 .. 'user4256537540501144268' @ 6053 : 1]
 65:2107572['user4257097501013284716' @ 5270 : 1 .. 'user4760135215552099217' @ 2697 : 1]
 66:2107491['user4764821397571366898' @ 2517 : 1 .. 'user5211708095724656642' @ 5413 : 1]
 67:2107613['user5212049741018955207' @ 5233 : 1 .. 'user5623208460573458061' @ 4765 : 1]
 68:2107496['user5623768421085598509' @ 6064 : 1 .. 'user6131835534764733457' @ 4229 : 1]
 69:2107420['user6132395495276873905' @ 5110 : 1 .. 'user6533061929768560501' @ 3508 : 1]
 70:2107414['user65420917376365171' @ 3918 : 1 .. 'user7021699452955273394' @ 6015 : 1]
 71:2107611['user7030293541263826425' @ 5829 : 1 .. 'user7488014169774230992' @ 3403 : 1]
 72:1895765['user7488232484992072875' @ 4916 : 1 .. 'user7891251846139834360' @ 4796 : 1]
 73:2107521['user7900965855472668287' @ 4966 : 1 .. 'user8384575551345814934' @ 3899 : 1]
 74:2107482['user8384917196640113499' @ 2579 : 1 .. 'user8794955995170335457' @ 5853 : 1]
 75:2107295['user8795515955682475905' @ 5104 : 1 .. 'user979960568590735292' @ 3463 : 1]
 76:121025['user982748553855739746' @ 5015 : 1 .. 'user997378877721381023' @ 3797 : 1]
--- level 2 ---
 36:2107527['user1000385178204227360' @ 6 : 1 .. 'user1715321609418666813' @ 1633 : 1]
 45:2107432['user1715539924636508696' @ 2150 : 1 .. 'user2419424110275991443' @ 2320 : 1]
 46:2107346['user2422430410758837780' @ 1503 : 1 .. 'user3111914405046218919' @ 615 : 1]
 47:2107429['user3112132720264060802' @ 104 : 1 .. 'user3832315294009908384' @ 2078 : 1]
 48:2107491['user3835881555004895169' @ 1024 : 1 .. 'user4515091579447301933' @ 169 : 1]
 49:2107419['user4515651539959442381' @ 922 : 1 .. 'user5219194080304626563' @ 398 : 1]
 50:2107468['user5223101986593911913' @ 1398 : 1 .. 'user5911684375074854039' @ 2219 : 1]
 51:2107281['user5912804296099134935' @ 713 : 1 .. 'user6525357629970748697' @ 1972 : 1]
 52:2107377['user6525917590482889145' @ 67 : 1 .. 'user7230580051852354223' @ 1081 : 1]
 53:2107438['user7230798367070196106' @ 1614 : 1 .. 'user789388067335041421' @ 1243 : 1]
 54:2107349['user7908110194758339643' @ 1689 : 1 .. 'user8637323487248424022' @ 309 : 1]
 55:2046806['user8637665132542722587' @ 97 : 1 .. 'user996258956697100127' @ 1207 : 1]
--- level 3 ---
--- level 4 ---
--- level 5 ---
--- level 6 ---

