Finished 1000 requests.

Sorted time elapsed:
 30.924 30.956 31.03 31.041 31.104 31.159 31.171 31.191 31.202 31.297 31.385 31.459 31.483 31.493 31.531 31.565 31.577 31.598 31.628 31.636 31.648 31.659 31.7 31.718 31.74 31.76 31.918 31.922 31.94 31.94 31.952 31.987 32.003 32.003 32.035 32.038 32.039 32.042 32.049 32.068 32.093 32.097 32.098 32.104 32.112 32.119 32.135 32.15 32.193 32.193 32.203 32.209 32.229 32.249 32.251 32.263 32.275 32.295 32.303 32.304 32.307 32.313 32.315 32.323 32.337 32.345 32.346 32.365 32.366 32.367 32.371 32.395 32.399 32.407 32.408 32.411 32.419 32.425 32.438 32.441 32.443 32.444 32.444 32.453 32.456 32.458 32.466 32.478 32.48 32.489 32.49 32.511 32.514 32.516 32.532 32.544 32.547 32.563 32.574 32.578 32.583 32.586 32.586 32.592 32.608 32.609 32.618 32.622 32.624 32.632 32.636 32.637 32.644 32.648 32.666 32.668 32.674 32.68 32.686 32.694 32.702 32.704 32.708 32.72 32.73 32.736 32.738 32.738 32.758 32.77 32.774 32.784 32.784 32.794 32.801 32.802 32.806 32.807 32.82 32.83 32.83 32.846 32.846 32.851 32.853 32.854 32.864 32.872 32.878 32.879 32.879 32.896 32.897 32.898 32.906 32.911 32.915 32.919 32.921 32.924 32.925 32.939 32.94 32.951 32.963 32.967 32.975 32.976 32.981 32.996 33.009 33.011 33.033 33.035 33.037 33.057 33.06 33.061 33.067 33.067 33.069 33.073 33.081 33.087 33.093 33.107 33.109 33.109 33.111 33.133 33.154 33.155 33.159 33.165 33.167 33.171 33.173 33.183 33.187 33.189 33.2 33.225 33.233 33.238 33.252 33.255 33.255 33.263 33.267 33.278 33.279 33.283 33.291 33.293 33.293 33.324 33.33 33.333 33.341 33.36 33.36 33.363 33.364 33.367 33.369 33.37 33.372 33.372 33.373 33.376 33.388 33.394 33.4 33.401 33.41 33.416 33.418 33.424 33.425 33.432 33.44 33.44 33.446 33.448 33.452 33.462 33.478 33.488 33.488 33.497 33.504 33.506 33.508 33.512 33.516 33.522 33.538 33.546 33.548 33.558 33.562 33.57 33.574 33.608 33.63 33.63 33.64 33.654 33.684 33.697 33.712 33.735 33.758 33.767 33.768 33.769 33.782 33.791 33.799 33.799 33.801 33.807 33.81 33.87 33.872 33.876 33.893 33.895 33.915 33.917 33.919 33.921 33.933 33.939 33.959 33.959 33.967 33.985 33.987 33.989 33.991 33.997 34.001 34.003 34.005 34.011 34.015 34.023 34.025 34.037 34.039 34.039 34.047 34.061 34.073 34.08 34.09 34.09 34.099 34.11 34.121 34.122 34.148 34.149 34.163 34.164 34.167 34.172 34.172 34.177 34.177 34.182 34.184 34.191 34.212 34.213 34.222 34.222 34.224 34.228 34.23 34.232 34.236 34.237 34.24 34.244 34.257 34.26 34.262 34.266 34.271 34.278 34.292 34.293 34.296 34.299 34.306 34.312 34.313 34.314 34.317 34.32 34.328 34.33 34.332 34.332 34.336 34.338 34.34 34.347 34.362 34.37 34.376 34.382 34.4 34.4 34.408 34.41 34.412 34.414 34.418 34.422 34.446 34.454 34.46 34.464 34.474 34.478 34.482 34.482 34.482 34.494 34.502 34.512 34.514 34.52 34.52 34.523 34.53 34.532 34.536 34.538 34.544 34.548 34.549 34.55 34.551 34.556 34.564 34.57 34.571 34.572 34.574 34.577 34.58 34.582 34.582 34.583 34.583 34.586 34.588 34.599 34.6 34.6 34.604 34.607 34.619 34.619 34.622 34.623 34.633 34.639 34.648 34.652 34.654 34.677 34.677 34.679 34.681 34.689 34.693 34.694 34.695 34.702 34.709 34.717 34.722 34.725 34.731 34.733 34.747 34.751 34.76 34.763 34.781 34.785 34.785 34.788 34.792 34.803 34.811 34.813 34.815 34.821 34.831 34.833 34.833 34.837 34.841 34.861 34.861 34.869 34.873 34.877 34.881 34.891 34.891 34.903 34.905 34.914 34.918 34.925 34.927 34.945 34.961 34.973 34.981 34.989 34.989 34.991 34.993 35.001 35.006 35.007 35.007 35.009 35.022 35.025 35.025 35.027 35.027 35.041 35.044 35.054 35.065 35.067 35.067 35.075 35.08 35.084 35.087 35.092 35.122 35.124 35.126 35.13 35.14 35.147 35.148 35.154 35.16 35.173 35.18 35.188 35.207 35.21 35.22 35.245 35.25 35.262 35.269 35.27 35.288 35.292 35.294 35.3 35.306 35.318 35.324 35.326 35.338 35.338 35.346 35.356 35.366 35.382 35.388 35.393 35.396 35.407 35.41 35.414 35.435 35.448 35.46 35.478 35.48 35.487 35.488 35.491 35.494 35.497 35.502 35.509 35.514 35.517 35.519 35.529 35.539 35.541 35.541 35.555 35.567 35.577 35.608 35.609 35.615 35.629 35.641 35.655 35.657 35.667 35.669 35.669 35.695 35.697 35.717 35.725 35.741 35.743 35.753 35.755 35.755 35.759 35.777 35.781 35.783 35.784 35.797 35.802 35.811 35.815 35.815 35.823 35.825 35.831 35.844 35.851 35.856 35.861 35.867 35.868 35.87 35.875 35.877 35.879 35.882 35.892 35.895 35.904 35.914 35.915 35.924 35.925 35.927 35.934 35.935 35.94 35.942 35.988 35.997 36.038 36.038 36.041 36.072 36.082 36.105 36.13 36.132 36.142 36.143 36.16 36.166 36.168 36.174 36.178 36.194 36.211 36.222 36.228 36.231 36.232 36.238 36.248 36.252 36.253 36.255 36.256 36.262 36.281 36.31 36.31 36.311 36.314 36.322 36.323 36.329 36.352 36.359 36.366 36.369 36.379 36.391 36.404 36.419 36.421 36.425 36.429 36.433 36.438 36.441 36.441 36.454 36.455 36.461 36.461 36.471 36.487 36.493 36.502 36.503 36.505 36.513 36.521 36.527 36.533 36.539 36.539 36.553 36.559 36.579 36.591 36.607 36.607 36.615 36.617 36.619 36.625 36.641 36.642 36.647 36.655 36.661 36.67 36.679 36.681 36.689 36.704 36.704 36.715 36.741 36.749 36.753 36.755 36.798 36.802 36.817 36.833 36.839 36.843 36.908 36.916 36.916 36.936 36.939 36.942 36.96 36.984 36.994 37.002 37.004 37.006 37.02 37.02 37.028 37.038 37.052 37.086 37.103 37.107 37.118 37.14 37.155 37.156 37.188 37.191 37.219 37.225 37.229 37.23 37.264 37.274 37.295 37.314 37.327 37.341 37.355 37.359 37.367 37.383 37.427 37.439 37.456 37.459 37.473 37.481 37.55 37.585 37.586 37.661 37.708 37.733 37.751 37.773 37.819 37.846 37.956 38.001 38.014 38.022 38.053 38.117 38.177 38.181 38.209 38.213 38.301 38.369 38.385 38.395 38.489 38.493 38.583 38.594 38.643 38.686 38.72 38.73 38.746 38.756 38.762 38.772 38.909 39.065 39.067 39.187 39.329 39.365 39.423 39.574 40.28 40.585 40.658 40.666 40.72 41.14 41.184 41.197 41.223 41.553 41.765 41.886 41.915 41.923 42.134 42.174 42.27 42.341 42.423 42.468 42.485 42.497 42.523 42.601 42.615 42.644 42.677 42.835 42.918 43.181 43.24 43.273 43.341 43.413 43.505 43.589 43.643 43.673 43.73 43.776 43.854 43.868 43.898 44.072 44.118 44.203 44.253 44.449 44.471 44.54 44.54 44.614 44.794 44.898 45.129 45.258 45.277 45.37 45.41 45.467 45.54 45.62 45.726 45.875 47.146 47.161 47.228 47.238 47.878 48.166 48.93 49 50.468 51.697 51.931 52.606 52.795 53.044 53.143 53.374 53.542 53.543 53.586 53.715 53.801 54.42 54.567 54.691 54.912 55.112 55.136 55.337 55.66 55.711 55.939 55.993 56.268 56.308 56.418 56.728 56.812 56.875 57.042 57.162 57.199 57.302 57.338 57.524 57.55 57.574 57.673 57.731 57.768 57.839 57.861 57.912 57.913 58.124 58.288 58.322 58.332 58.372 58.416 58.423 58.449 58.453 58.546 58.55 58.742 58.832 58.839 58.926 59.029 59.108 59.17 59.251 59.345 59.385 59.407 59.485 59.509 59.633 59.699 59.732 59.772 60.005 60.02 60.081 60.239 60.293 60.304 60.327 60.493 60.856 61.208 61.273 61.313 61.332 61.427 61.469 61.631 62.315 62.442 62.493 62.549 63.113 63.567 64.013 64.383 65.586 71.624 72.904 73.041 73.061 73.37 93.125 126.039 139.197 152.358 2901.3

Time elapsed stats:
  sum  41029.5 us
  avg  41.0295 us
  max  2901.3 us
  min  30.924 us

Removing top/bottom-5:
  sum  37462.5 us
  avg  37.8409 us
  max  73.37 us
  min  31.159 us

Num files at level --
  0: 9
  1: 19
  2: 12
  3: 0
  4: 0
  5: 0
  6: 0

Stats --
                               Compactions
Level  Files Size(MB) Time(sec) Read(MB) Write(MB)
--------------------------------------------------
  0        9       36         0        0         0
  1       19       36         0        0         0
  2       12       24         0        0         0

SSTables --
--- level 0 ---
 92:4124646['user10046604894068544' @ 9635 : 1 .. 'user971136347768642592' @ 9667 : 1]
 89:4205685['user1005640680888162' @ 8874 : 1 .. 'user960084102193685886' @ 8906 : 1]
 85:4204932['user1005972966029934054' @ 8047 : 1 .. 'user994579075160678783' @ 7972 : 1]
 81:4205504['user1006191281247775937' @ 7456 : 1 .. 'user982188593343599298' @ 7368 : 1]
 78:4205619['user1006532926542074502' @ 6714 : 1 .. 'user99137614613375737' @ 6928 : 1]
 83:4205080['user1018363447847013539' @ 7865 : 1 .. 'user993800799430696452' @ 7820 : 1]
 58:4205091['user1019483368871294435' @ 6367 : 1 .. 'user994360759942836900' @ 6491 : 1]
 91:4205756['user1044594160504054184' @ 9234 : 1 .. 'user95229708324090387' @ 9196 : 1]
 87:4205838['user1050400263547602761' @ 8556 : 1 .. 'user935751586290908468' @ 8619 : 1]
--- level 1 ---
 56:2107550['user1006751241759916385' @ 6221 : 1 .. 'user1498736710723774180' @ 4061 : 1]
 59:2107519['user1499296671235914628' @ 2800 : 1 .. 'user1940937226857796243' @ 3609 : 1]
 60:2107462['user1941497187369936691' @ 3402 : 1 .. 'user2429916395338807701' @ 3442 : 1]
 61:2107602['user2430134710556649584' @ 4885 : 1 .. 'user2893101481598462280' @ 4780 : 1]
 62:2107507['user2895889466863466734' @ 3822 : 1 .. 'user3335631825731085122' @ 5111 : 1]
 63:2107680['user3336191786243225570' @ 5762 : 1 .. 'user3810210802859994972' @ 2664 : 1]
 64:2107439['user3810429118077836855' @ 3175 : 1 .. 'user4256537540501144268' @ 6053 : 1]
 65:2107572['user4257097501013284716' @ 5270 : 1 .. 'user4760135215552099217' @ 2697 : 1]
 66:2107491['user4764821397571366898' @ 2517 : 1 .. 'user5211708095724656642' @ 5413 : 1]
 67:2107613['user5212049741018955207' @ 5233 : 1 .. 'user5623208460573458061' @ 4765 : 1]
 68:2107496['user5623768421085598509' @ 6064 : 1 .. 'user6131835534764733457' @ 4229 : 1]
 69:2107420['user6132395495276873905' @ 5110 : 1 .. 'user6533061929768560501' @ 3508 : 1]
 70:2107414['user65420917376365171' @ 3918 : 1 .. 'user7021699452955273394' @ 6015 : 1]
 71:2107611['user7030293541263826425' @ 5829 : 1 .. 'user7488014169774230992' @ 3403 : 1]
 72:1895765['user7488232484992072875' @ 4916 : 1 .. 'user7891251846139834360' @ 4796 : 1]
 73:2107521['user7900965855472668287' @ 4966 : 1 .. 'user8384575551345814934' @ 3899 : 1]
 74:2107482['user8384917196640113499' @ 2579 : 1 .. 'user8794955995170335457' @ 5853 : 1]
 75:2107295['user8795515955682475905' @ 5104 : 1 .. 'user979960568590735292' @ 3463 : 1]
 76:121025['user982748553855739746' @ 5015 : 1 .. 'user997378877721381023' @ 3797 : 1]
--- level 2 ---
 36:2107527['user1000385178204227360' @ 6 : 1 .. 'user1715321609418666813' @ 1633 : 1]
 45:2107432['user1715539924636508696' @ 2150 : 1 .. 'user2419424110275991443' @ 2320 : 1]
 46:2107346['user2422430410758837780' @ 1503 : 1 .. 'user3111914405046218919' @ 615 : 1]
 47:2107429['user3112132720264060802' @ 104 : 1 .. 'user3832315294009908384' @ 2078 : 1]
 48:2107491['user3835881555004895169' @ 1024 : 1 .. 'user4515091579447301933' @ 169 : 1]
 49:2107419['user4515651539959442381' @ 922 : 1 .. 'user5219194080304626563' @ 398 : 1]
 50:2107468['user5223101986593911913' @ 1398 : 1 .. 'user5911684375074854039' @ 2219 : 1]
 51:2107281['user5912804296099134935' @ 713 : 1 .. 'user6525357629970748697' @ 1972 : 1]
 52:2107377['user6525917590482889145' @ 67 : 1 .. 'user7230580051852354223' @ 1081 : 1]
 53:2107438['user7230798367070196106' @ 1614 : 1 .. 'user789388067335041421' @ 1243 : 1]
 54:2107349['user7908110194758339643' @ 1689 : 1 .. 'user8637323487248424022' @ 309 : 1]
 55:2046806['user8637665132542722587' @ 97 : 1 .. 'user996258956697100127' @ 1207 : 1]
--- level 3 ---
--- level 4 ---
--- level 5 ---
--- level 6 ---

