Finished 1000 requests.

Sorted time elapsed:
 43.748 43.856 43.862 43.995 44.056 44.329 44.359 44.399 44.457 44.503 44.506 44.549 44.564 44.623 44.644 44.688 44.706 44.722 44.746 44.78 44.802 44.829 44.837 44.848 44.9 44.926 44.932 44.932 44.976 44.987 45.103 45.107 45.185 45.312 45.327 45.342 45.39 45.395 45.442 45.468 45.471 45.48 45.54 45.556 45.578 45.622 45.622 45.65 45.656 45.674 45.7 45.71 45.712 45.732 45.736 45.745 45.772 45.772 45.83 45.831 45.859 45.869 45.873 45.881 45.911 45.927 45.927 45.928 45.929 45.932 45.933 45.937 45.943 45.945 45.961 45.975 45.994 46.029 46.037 46.043 46.047 46.049 46.055 46.063 46.105 46.119 46.121 46.184 46.186 46.188 46.189 46.2 46.219 46.22 46.253 46.27 46.286 46.292 46.297 46.304 46.313 46.352 46.364 46.38 46.404 46.436 46.436 46.452 46.455 46.456 46.468 46.48 46.498 46.508 46.517 46.528 46.533 46.534 46.538 46.54 46.574 46.578 46.581 46.612 46.619 46.632 46.639 46.643 46.648 46.656 46.701 46.702 46.711 46.713 46.736 46.743 46.765 46.773 46.809 46.821 46.831 46.847 46.853 46.861 46.879 46.883 46.891 46.897 46.907 46.909 46.929 46.939 46.947 46.977 46.987 46.989 46.992 46.995 46.997 47.013 47.016 47.045 47.058 47.096 47.099 47.149 47.157 47.181 47.218 47.234 47.237 47.246 47.246 47.254 47.278 47.298 47.312 47.344 47.351 47.36 47.366 47.386 47.388 47.39 47.39 47.4 47.402 47.444 47.45 47.455 47.497 47.498 47.501 47.52 47.592 47.613 47.649 47.665 47.689 47.717 47.723 47.735 47.737 47.739 47.773 47.777 47.791 47.797 47.831 47.851 47.869 47.898 47.899 47.909 47.921 47.93 47.932 47.936 47.949 47.984 47.995 48.01 48.024 48.033 48.036 48.062 48.07 48.074 48.074 48.082 48.082 48.11 48.132 48.168 48.188 48.218 48.226 48.247 48.248 48.264 48.282 48.286 48.323 48.366 48.373 48.374 48.4 48.403 48.423 48.449 48.462 48.462 48.468 48.49 48.495 48.523 48.527 48.601 48.605 48.623 48.627 48.637 48.651 48.683 48.694 48.749 48.756 48.823 48.824 48.829 48.849 48.866 48.89 48.894 48.9 48.905 48.928 48.932 49.052 49.067 49.07 49.09 49.112 49.112 49.134 49.166 49.17 49.174 49.18 49.19 49.287 49.313 49.317 49.343 49.363 49.39 49.397 49.414 49.451 49.491 49.537 49.661 49.706 49.743 49.826 49.89 50.313 50.317 50.325 50.411 50.563 50.69 50.8 50.818 50.956 51.079 51.117 51.247 51.298 51.36 51.604 51.999 52.081 52.185 52.608 53.19 53.332 53.336 53.544 53.607 53.624 53.875 54.056 54.244 54.432 54.466 54.509 54.511 54.659 54.667 54.752 54.763 54.9 54.958 55.132 55.425 55.473 55.697 55.948 56.243 56.389 56.674 56.979 57.01 57.432 57.999 58.752 58.879 59.102 60.306 60.597 60.745 60.814 61.148 62.874 64.287 64.47 65.153 65.215 65.306 66.174 67.318 81.477 81.927 82.211 82.303 82.452 82.524 82.881 83.178 83.619 83.626 83.959 84.02 84.047 84.051 84.127 84.152 84.192 84.259 84.708 85.066 85.07 85.267 85.423 85.567 85.643 85.691 85.723 85.735 85.868 85.936 85.992 86.116 86.168 86.328 86.333 86.401 86.481 86.617 86.678 86.994 87.13 87.688 87.82 87.848 87.856 87.864 87.904 88.337 88.361 88.715 88.883 89.007 89.195 90.018 90.166 90.687 90.9 92.066 92.134 92.174 92.864 93.629 94.856 95.695 96.901 98.702 99.082 99.682 100.002 100.004 100.263 100.288 100.354 100.438 100.699 100.784 100.815 100.862 100.889 100.9 100.93 100.935 100.964 100.964 100.965 101.015 101.11 101.135 101.225 101.365 101.41 101.426 101.47 101.526 101.528 101.546 101.566 101.566 101.581 101.626 101.672 101.696 101.721 101.736 101.807 101.912 101.947 102.043 102.067 102.088 102.097 102.142 102.157 102.182 102.223 102.243 102.245 102.323 102.343 102.348 102.373 102.419 102.448 102.468 102.498 102.509 102.513 102.564 102.578 102.579 102.809 102.844 102.88 102.909 102.929 103.004 103.05 103.099 103.11 103.15 103.215 103.22 103.23 103.461 103.491 103.506 103.526 103.555 103.736 103.791 103.791 103.812 103.831 103.837 103.842 103.897 103.902 103.906 103.917 103.931 103.962 104.051 104.102 104.107 104.117 104.142 104.147 104.187 104.272 104.282 104.338 104.388 104.423 104.438 104.447 104.451 104.458 104.488 104.518 104.528 104.533 104.584 104.584 104.593 104.608 104.633 104.663 104.668 104.669 104.718 104.738 104.773 104.773 104.814 104.858 104.914 104.944 104.984 105.009 105.019 105.029 105.059 105.074 105.104 105.11 105.124 105.14 105.169 105.235 105.269 105.33 105.36 105.36 105.385 105.405 105.435 105.446 105.465 105.465 105.5 105.545 105.55 105.551 105.625 105.626 105.641 105.671 105.676 105.705 105.726 105.731 105.731 105.741 105.761 105.766 105.795 105.801 105.806 105.816 105.816 105.836 105.876 105.911 105.916 105.926 105.932 105.941 105.966 105.967 106.006 106.007 106.032 106.057 106.071 106.077 106.081 106.082 106.086 106.116 106.127 106.131 106.162 106.162 106.172 106.187 106.202 106.202 106.222 106.247 106.262 106.262 106.277 106.292 106.312 106.312 106.327 106.353 106.377 106.402 106.427 106.432 106.447 106.452 106.473 106.482 106.488 106.493 106.503 106.513 106.513 106.538 106.538 106.548 106.562 106.577 106.578 106.588 106.593 106.597 106.618 106.623 106.653 106.673 106.678 106.728 106.763 106.798 106.828 106.829 106.833 106.839 106.839 106.843 106.843 106.853 106.853 106.869 106.874 106.883 106.898 106.924 106.949 106.953 106.954 106.979 107.004 107.029 107.049 107.074 107.079 107.124 107.144 107.164 107.174 107.214 107.244 107.255 107.26 107.294 107.3 107.305 107.319 107.33 107.365 107.379 107.39 107.399 107.409 107.419 107.475 107.5 107.525 107.529 107.55 107.56 107.565 107.565 107.59 107.61 107.62 107.64 107.66 107.675 107.74 107.745 107.756 107.76 107.79 107.79 107.796 107.815 107.816 107.836 107.876 107.881 107.931 107.931 107.936 107.941 107.951 107.956 107.986 107.996 108.001 108.016 108.061 108.066 108.066 108.126 108.126 108.131 108.267 108.267 108.277 108.301 108.352 108.427 108.437 108.462 108.472 108.472 108.492 108.492 108.497 108.502 108.513 108.527 108.553 108.587 108.622 108.642 108.678 108.742 108.748 108.788 108.793 108.843 108.843 108.843 108.863 108.879 108.883 108.923 108.928 108.934 108.943 108.948 108.973 109.133 109.134 109.183 109.193 109.194 109.229 109.229 109.269 109.284 109.31 109.324 109.339 109.379 109.399 109.409 109.445 109.445 109.449 109.519 109.53 109.594 109.63 109.71 109.735 109.745 109.816 109.835 109.865 109.925 109.941 109.951 109.971 109.996 110.031 110.036 110.041 110.055 110.086 110.221 110.266 110.272 110.276 110.307 110.346 110.366 110.401 110.437 110.466 110.507 110.507 110.723 110.738 110.762 110.828 110.873 110.903 110.912 110.973 110.978 111.003 111.048 111.059 111.078 111.113 111.153 111.159 111.174 111.179 111.183 111.269 111.344 111.364 111.374 111.509 111.554 111.56 111.645 111.71 111.845 111.88 111.966 112.03 112.046 112.101 112.16 112.211 112.221 112.351 112.356 112.371 112.446 112.506 112.537 112.546 112.612 112.732 112.797 112.833 112.843 112.872 113.097 113.173 113.248 113.279 113.293 113.374 113.539 113.659 113.885 113.93 114.185 114.326 114.451 114.461 114.522 114.636 115.358 115.373 115.789 116.14 116.386 116.39 116.426 116.446 116.596 116.676 116.982 118.004 118.04 118.175 118.185 118.215 118.25 119.072 119.382 119.628 119.753 119.908 119.929 119.929 120.114 120.254 120.385 120.395 120.53 120.551 120.561 120.61 120.876 121.131 121.422 121.497 121.602 121.603 121.638 121.683 121.748 121.803 121.828 122.119 122.156 123.061 123.186 123.612 123.717 124.118 124.57 124.67 124.725 124.73 125.241 125.266 126.129 126.198 126.665 126.91 127.537 127.807 127.972 128.88 130.513 131.23 131.61 131.717 131.771 132.358 134.011 135.996 138.542 140.853 141.609 141.81 142.501 145.463 145.614 149.006 160.538 239.2 481.153 3243.51

Time elapsed stats:
  sum  88961 us
  avg  88.961 us
  max  3243.51 us
  min  43.748 us

Removing top/bottom-5:
  sum  84468.1 us
  avg  85.3213 us
  max  145.614 us
  min  44.329 us

Num files at level --
  0: 9
  1: 19
  2: 12
  3: 0
  4: 0
  5: 0
  6: 0

Stats --
                               Compactions
Level  Files Size(MB) Time(sec) Read(MB) Write(MB)
--------------------------------------------------
  0        9       36         0        0         0
  1       19       36         0        0         0
  2       12       24         0        0         0

SSTables --
--- level 0 ---
 92:4124646['user10046604894068544' @ 9635 : 1 .. 'user971136347768642592' @ 9667 : 1]
 89:4205685['user1005640680888162' @ 8874 : 1 .. 'user960084102193685886' @ 8906 : 1]
 85:4204932['user1005972966029934054' @ 8047 : 1 .. 'user994579075160678783' @ 7972 : 1]
 81:4205504['user1006191281247775937' @ 7456 : 1 .. 'user982188593343599298' @ 7368 : 1]
 78:4205619['user1006532926542074502' @ 6714 : 1 .. 'user99137614613375737' @ 6928 : 1]
 83:4205080['user1018363447847013539' @ 7865 : 1 .. 'user993800799430696452' @ 7820 : 1]
 58:4205091['user1019483368871294435' @ 6367 : 1 .. 'user994360759942836900' @ 6491 : 1]
 91:4205756['user1044594160504054184' @ 9234 : 1 .. 'user95229708324090387' @ 9196 : 1]
 87:4205838['user1050400263547602761' @ 8556 : 1 .. 'user935751586290908468' @ 8619 : 1]
--- level 1 ---
 56:2107550['user1006751241759916385' @ 6221 : 1 .. 'user1498736710723774180' @ 4061 : 1]
 59:2107519['user1499296671235914628' @ 2800 : 1 .. 'user1940937226857796243' @ 3609 : 1]
 60:2107462['user1941497187369936691' @ 3402 : 1 .. 'user2429916395338807701' @ 3442 : 1]
 61:2107602['user2430134710556649584' @ 4885 : 1 .. 'user2893101481598462280' @ 4780 : 1]
 62:2107507['user2895889466863466734' @ 3822 : 1 .. 'user3335631825731085122' @ 5111 : 1]
 63:2107680['user3336191786243225570' @ 5762 : 1 .. 'user3810210802859994972' @ 2664 : 1]
 64:2107439['user3810429118077836855' @ 3175 : 1 .. 'user4256537540501144268' @ 6053 : 1]
 65:2107572['user4257097501013284716' @ 5270 : 1 .. 'user4760135215552099217' @ 2697 : 1]
 66:2107491['user4764821397571366898' @ 2517 : 1 .. 'user5211708095724656642' @ 5413 : 1]
 67:2107613['user5212049741018955207' @ 5233 : 1 .. 'user5623208460573458061' @ 4765 : 1]
 68:2107496['user5623768421085598509' @ 6064 : 1 .. 'user6131835534764733457' @ 4229 : 1]
 69:2107420['user6132395495276873905' @ 5110 : 1 .. 'user6533061929768560501' @ 3508 : 1]
 70:2107414['user65420917376365171' @ 3918 : 1 .. 'user7021699452955273394' @ 6015 : 1]
 71:2107611['user7030293541263826425' @ 5829 : 1 .. 'user7488014169774230992' @ 3403 : 1]
 72:1895765['user7488232484992072875' @ 4916 : 1 .. 'user7891251846139834360' @ 4796 : 1]
 73:2107521['user7900965855472668287' @ 4966 : 1 .. 'user8384575551345814934' @ 3899 : 1]
 74:2107482['user8384917196640113499' @ 2579 : 1 .. 'user8794955995170335457' @ 5853 : 1]
 75:2107295['user8795515955682475905' @ 5104 : 1 .. 'user979960568590735292' @ 3463 : 1]
 76:121025['user982748553855739746' @ 5015 : 1 .. 'user997378877721381023' @ 3797 : 1]
--- level 2 ---
 36:2107527['user1000385178204227360' @ 6 : 1 .. 'user1715321609418666813' @ 1633 : 1]
 45:2107432['user1715539924636508696' @ 2150 : 1 .. 'user2419424110275991443' @ 2320 : 1]
 46:2107346['user2422430410758837780' @ 1503 : 1 .. 'user3111914405046218919' @ 615 : 1]
 47:2107429['user3112132720264060802' @ 104 : 1 .. 'user3832315294009908384' @ 2078 : 1]
 48:2107491['user3835881555004895169' @ 1024 : 1 .. 'user4515091579447301933' @ 169 : 1]
 49:2107419['user4515651539959442381' @ 922 : 1 .. 'user5219194080304626563' @ 398 : 1]
 50:2107468['user5223101986593911913' @ 1398 : 1 .. 'user5911684375074854039' @ 2219 : 1]
 51:2107281['user5912804296099134935' @ 713 : 1 .. 'user6525357629970748697' @ 1972 : 1]
 52:2107377['user6525917590482889145' @ 67 : 1 .. 'user7230580051852354223' @ 1081 : 1]
 53:2107438['user7230798367070196106' @ 1614 : 1 .. 'user789388067335041421' @ 1243 : 1]
 54:2107349['user7908110194758339643' @ 1689 : 1 .. 'user8637323487248424022' @ 309 : 1]
 55:2046806['user8637665132542722587' @ 97 : 1 .. 'user996258956697100127' @ 1207 : 1]
--- level 3 ---
--- level 4 ---
--- level 5 ---
--- level 6 ---

