Finished 1000 requests.

Sorted time elapsed:
 34.843 34.985 35.076 35.089 35.109 35.136 35.166 35.172 35.175 35.188 35.202 35.211 35.222 35.23 35.266 35.34 35.356 35.36 35.363 35.398 35.398 35.405 35.42 35.44 35.516 35.555 35.599 35.691 35.954 35.976 35.989 36.028 36.038 36.042 36.06 36.068 36.088 36.114 36.12 36.122 36.124 36.124 36.132 36.136 36.138 36.138 36.142 36.152 36.156 36.166 36.168 36.18 36.192 36.198 36.212 36.222 36.23 36.23 36.248 36.251 36.252 36.257 36.262 36.267 36.276 36.28 36.28 36.288 36.297 36.299 36.309 36.309 36.312 36.314 36.32 36.32 36.33 36.331 36.332 36.335 36.336 36.344 36.345 36.357 36.359 36.361 36.363 36.364 36.365 36.368 36.375 36.376 36.379 36.38 36.383 36.389 36.39 36.392 36.392 36.392 36.397 36.398 36.407 36.411 36.419 36.428 36.429 36.433 36.441 36.442 36.444 36.447 36.459 36.467 36.469 36.478 36.491 36.506 36.507 36.509 36.517 36.519 36.525 36.527 36.537 36.539 36.545 36.559 36.563 36.563 36.569 36.569 36.577 36.579 36.581 36.581 36.595 36.599 36.599 36.603 36.603 36.619 36.622 36.636 36.643 36.647 36.655 36.683 36.692 36.697 36.699 36.702 36.713 36.717 36.722 36.725 36.726 36.727 36.732 36.737 36.751 36.755 36.756 36.776 36.78 36.785 36.786 36.816 36.834 36.844 36.85 36.85 36.861 36.865 36.865 36.866 36.872 36.873 36.876 36.877 36.882 36.883 36.899 36.9 36.902 36.902 36.904 36.905 36.932 36.936 36.943 36.944 36.948 36.954 36.966 36.972 36.978 36.98 36.99 36.996 37 37 37.004 37.024 37.03 37.03 37.042 37.05 37.052 37.054 37.056 37.057 37.062 37.072 37.076 37.082 37.086 37.091 37.095 37.102 37.106 37.11 37.111 37.118 37.129 37.136 37.15 37.15 37.153 37.157 37.157 37.159 37.162 37.163 37.168 37.168 37.168 37.172 37.179 37.184 37.185 37.196 37.197 37.201 37.202 37.202 37.202 37.207 37.215 37.215 37.218 37.223 37.232 37.233 37.239 37.24 37.245 37.246 37.252 37.255 37.256 37.26 37.269 37.283 37.284 37.285 37.287 37.303 37.308 37.32 37.323 37.331 37.335 37.339 37.345 37.355 37.359 37.366 37.366 37.373 37.383 37.387 37.387 37.387 37.389 37.393 37.395 37.397 37.399 37.401 37.405 37.405 37.409 37.411 37.413 37.417 37.417 37.419 37.424 37.437 37.445 37.447 37.451 37.455 37.46 37.466 37.467 37.483 37.487 37.496 37.503 37.503 37.503 37.509 37.521 37.522 37.525 37.527 37.531 37.535 37.535 37.548 37.557 37.562 37.565 37.571 37.58 37.585 37.595 37.597 37.598 37.6 37.61 37.611 37.615 37.621 37.631 37.644 37.659 37.664 37.671 37.688 37.688 37.688 37.69 37.702 37.706 37.716 37.717 37.724 37.728 37.729 37.73 37.732 37.744 37.751 37.755 37.762 37.77 37.794 37.814 37.818 37.826 37.831 37.832 37.846 37.854 37.868 37.87 37.902 37.912 37.916 37.928 37.932 37.946 37.956 37.96 37.96 37.974 37.997 38.006 38.013 38.025 38.033 38.043 38.045 38.058 38.059 38.076 38.081 38.082 38.082 38.119 38.121 38.123 38.127 38.128 38.143 38.149 38.174 38.184 38.189 38.192 38.207 38.214 38.22 38.241 38.241 38.243 38.244 38.261 38.269 38.271 38.307 38.312 38.317 38.319 38.319 38.321 38.325 38.325 38.331 38.339 38.34 38.355 38.355 38.359 38.367 38.369 38.377 38.378 38.379 38.387 38.393 38.395 38.4 38.402 38.402 38.405 38.405 38.406 38.417 38.419 38.422 38.43 38.432 38.432 38.443 38.445 38.445 38.447 38.448 38.467 38.472 38.486 38.496 38.503 38.505 38.517 38.523 38.524 38.534 38.536 38.537 38.538 38.54 38.542 38.547 38.556 38.558 38.57 38.571 38.575 38.579 38.582 38.595 38.599 38.6 38.6 38.601 38.602 38.617 38.618 38.618 38.628 38.639 38.64 38.641 38.644 38.646 38.647 38.652 38.656 38.66 38.664 38.664 38.666 38.668 38.684 38.686 38.69 38.698 38.704 38.706 38.706 38.708 38.716 38.718 38.724 38.738 38.758 38.76 38.76 38.772 38.786 38.786 38.79 38.803 38.818 38.82 38.831 38.84 38.857 38.86 38.862 38.872 38.873 38.876 38.876 38.88 38.888 38.888 38.891 38.893 38.937 38.937 38.953 38.974 38.994 39.007 39.017 39.034 39.035 39.037 39.044 39.056 39.107 39.117 39.121 39.121 39.133 39.141 39.149 39.153 39.165 39.165 39.17 39.171 39.172 39.173 39.179 39.203 39.207 39.217 39.221 39.227 39.23 39.241 39.245 39.254 39.259 39.266 39.269 39.292 39.295 39.299 39.303 39.303 39.303 39.328 39.338 39.341 39.361 39.362 39.363 39.378 39.385 39.39 39.394 39.403 39.408 39.42 39.424 39.428 39.435 39.437 39.445 39.448 39.45 39.454 39.466 39.476 39.479 39.48 39.486 39.519 39.543 39.554 39.588 39.59 39.632 39.634 39.666 39.675 39.696 39.7 39.703 39.704 39.708 39.719 39.722 39.731 39.738 39.74 39.766 39.791 39.803 39.809 39.825 39.861 39.868 39.885 39.894 39.897 39.943 39.963 39.969 39.971 39.983 40.001 40.003 40.017 40.019 40.042 40.043 40.052 40.095 40.101 40.115 40.123 40.135 40.137 40.168 40.179 40.213 40.213 40.227 40.236 40.245 40.245 40.252 40.252 40.255 40.26 40.265 40.269 40.294 40.311 40.33 40.347 40.366 40.366 40.37 40.378 40.394 40.396 40.4 40.408 40.412 40.422 40.434 40.47 40.472 40.476 40.492 40.493 40.5 40.502 40.504 40.514 40.532 40.54 40.556 40.565 40.568 40.571 40.593 40.638 40.66 40.718 40.732 40.755 40.825 40.829 40.837 40.841 40.849 40.901 40.913 40.962 40.994 40.994 41.009 41.03 41.098 41.131 41.135 41.139 41.192 41.209 41.228 41.23 41.236 41.243 41.254 41.264 41.265 41.298 41.312 41.312 41.336 41.34 41.362 41.376 41.38 41.406 41.427 41.482 41.484 41.484 41.49 41.491 41.495 41.509 41.516 41.532 41.538 41.544 41.546 41.55 41.55 41.57 41.585 41.614 41.62 41.629 41.641 41.647 41.653 41.657 41.669 41.677 41.681 41.697 41.703 41.715 41.743 41.763 41.775 41.777 41.796 41.852 41.931 41.957 41.985 42.023 42.06 42.076 42.091 42.096 42.1 42.106 42.116 42.12 42.136 42.148 42.16 42.238 42.245 42.303 42.306 42.313 42.32 42.322 42.334 42.344 42.349 42.358 42.363 42.364 42.391 42.393 42.397 42.405 42.413 42.421 42.426 42.487 42.487 42.517 42.541 42.547 42.555 42.565 42.567 42.623 42.641 42.665 42.687 42.695 42.696 42.713 42.717 42.732 42.785 42.79 42.807 42.822 42.833 42.852 42.864 42.881 42.886 42.888 42.91 42.919 42.936 42.938 42.962 42.994 43.022 43.04 43.07 43.074 43.082 43.118 43.13 43.178 43.192 43.2 43.201 43.207 43.224 43.263 43.272 43.279 43.285 43.29 43.296 43.306 43.323 43.351 43.351 43.361 43.382 43.385 43.401 43.405 43.419 43.439 43.441 43.445 43.451 43.455 43.459 43.461 43.477 43.481 43.503 43.505 43.536 43.589 43.599 43.606 43.647 43.655 43.665 43.665 43.671 43.673 43.681 43.682 43.683 43.711 43.719 43.742 43.751 43.772 43.774 43.778 43.799 43.816 43.818 43.82 43.836 43.85 43.864 43.868 43.876 43.904 43.916 43.916 43.928 44 44.015 44.042 44.066 44.107 44.133 44.165 44.209 44.387 44.417 44.44 44.441 44.441 44.47 44.519 44.531 44.531 44.533 44.563 44.608 44.624 44.651 44.668 44.67 44.68 44.694 44.698 44.722 44.73 44.742 44.752 44.778 44.79 44.85 44.892 45.011 45.109 45.136 45.303 45.494 45.58 45.724 45.75 45.773 45.796 45.886 46.681 48.02 48.466 49.92 50.806 51.863 54.212 55.884 56.165 58.306 58.909 60.387 80.07 86.606 86.832 86.983 87.232 88.17 88.496 88.827 88.886 88.992 89.227 89.297 90.094 90.155 90.37 90.457 91.237 91.417 91.894 92.385 92.726 92.921 93.186 93.527 94.174 94.289 141.042 146.425 5661.56

Time elapsed stats:
  sum  46557.4 us
  avg  46.5574 us
  max  5661.56 us
  min  34.843 us

Removing top/bottom-5:
  sum  40244.8 us
  avg  40.6513 us
  max  93.527 us
  min  35.136 us

Num files at level --
  0: 9
  1: 19
  2: 12
  3: 0
  4: 0
  5: 0
  6: 0

Stats --
                               Compactions
Level  Files Size(MB) Time(sec) Read(MB) Write(MB)
--------------------------------------------------
  0        9       36         0        0         0
  1       19       36         0        0         0
  2       12       24         0        0         0

SSTables --
--- level 0 ---
 92:4124646['user10046604894068544' @ 9635 : 1 .. 'user971136347768642592' @ 9667 : 1]
 89:4205685['user1005640680888162' @ 8874 : 1 .. 'user960084102193685886' @ 8906 : 1]
 85:4204932['user1005972966029934054' @ 8047 : 1 .. 'user994579075160678783' @ 7972 : 1]
 81:4205504['user1006191281247775937' @ 7456 : 1 .. 'user982188593343599298' @ 7368 : 1]
 78:4205619['user1006532926542074502' @ 6714 : 1 .. 'user99137614613375737' @ 6928 : 1]
 83:4205080['user1018363447847013539' @ 7865 : 1 .. 'user993800799430696452' @ 7820 : 1]
 58:4205091['user1019483368871294435' @ 6367 : 1 .. 'user994360759942836900' @ 6491 : 1]
 91:4205756['user1044594160504054184' @ 9234 : 1 .. 'user95229708324090387' @ 9196 : 1]
 87:4205838['user1050400263547602761' @ 8556 : 1 .. 'user935751586290908468' @ 8619 : 1]
--- level 1 ---
 56:2107550['user1006751241759916385' @ 6221 : 1 .. 'user1498736710723774180' @ 4061 : 1]
 59:2107519['user1499296671235914628' @ 2800 : 1 .. 'user1940937226857796243' @ 3609 : 1]
 60:2107462['user1941497187369936691' @ 3402 : 1 .. 'user2429916395338807701' @ 3442 : 1]
 61:2107602['user2430134710556649584' @ 4885 : 1 .. 'user2893101481598462280' @ 4780 : 1]
 62:2107507['user2895889466863466734' @ 3822 : 1 .. 'user3335631825731085122' @ 5111 : 1]
 63:2107680['user3336191786243225570' @ 5762 : 1 .. 'user3810210802859994972' @ 2664 : 1]
 64:2107439['user3810429118077836855' @ 3175 : 1 .. 'user4256537540501144268' @ 6053 : 1]
 65:2107572['user4257097501013284716' @ 5270 : 1 .. 'user4760135215552099217' @ 2697 : 1]
 66:2107491['user4764821397571366898' @ 2517 : 1 .. 'user5211708095724656642' @ 5413 : 1]
 67:2107613['user5212049741018955207' @ 5233 : 1 .. 'user5623208460573458061' @ 4765 : 1]
 68:2107496['user5623768421085598509' @ 6064 : 1 .. 'user6131835534764733457' @ 4229 : 1]
 69:2107420['user6132395495276873905' @ 5110 : 1 .. 'user6533061929768560501' @ 3508 : 1]
 70:2107414['user65420917376365171' @ 3918 : 1 .. 'user7021699452955273394' @ 6015 : 1]
 71:2107611['user7030293541263826425' @ 5829 : 1 .. 'user7488014169774230992' @ 3403 : 1]
 72:1895765['user7488232484992072875' @ 4916 : 1 .. 'user7891251846139834360' @ 4796 : 1]
 73:2107521['user7900965855472668287' @ 4966 : 1 .. 'user8384575551345814934' @ 3899 : 1]
 74:2107482['user8384917196640113499' @ 2579 : 1 .. 'user8794955995170335457' @ 5853 : 1]
 75:2107295['user8795515955682475905' @ 5104 : 1 .. 'user979960568590735292' @ 3463 : 1]
 76:121025['user982748553855739746' @ 5015 : 1 .. 'user997378877721381023' @ 3797 : 1]
--- level 2 ---
 36:2107527['user1000385178204227360' @ 6 : 1 .. 'user1715321609418666813' @ 1633 : 1]
 45:2107432['user1715539924636508696' @ 2150 : 1 .. 'user2419424110275991443' @ 2320 : 1]
 46:2107346['user2422430410758837780' @ 1503 : 1 .. 'user3111914405046218919' @ 615 : 1]
 47:2107429['user3112132720264060802' @ 104 : 1 .. 'user3832315294009908384' @ 2078 : 1]
 48:2107491['user3835881555004895169' @ 1024 : 1 .. 'user4515091579447301933' @ 169 : 1]
 49:2107419['user4515651539959442381' @ 922 : 1 .. 'user5219194080304626563' @ 398 : 1]
 50:2107468['user5223101986593911913' @ 1398 : 1 .. 'user5911684375074854039' @ 2219 : 1]
 51:2107281['user5912804296099134935' @ 713 : 1 .. 'user6525357629970748697' @ 1972 : 1]
 52:2107377['user6525917590482889145' @ 67 : 1 .. 'user7230580051852354223' @ 1081 : 1]
 53:2107438['user7230798367070196106' @ 1614 : 1 .. 'user789388067335041421' @ 1243 : 1]
 54:2107349['user7908110194758339643' @ 1689 : 1 .. 'user8637323487248424022' @ 309 : 1]
 55:2046806['user8637665132542722587' @ 97 : 1 .. 'user996258956697100127' @ 1207 : 1]
--- level 3 ---
--- level 4 ---
--- level 5 ---
--- level 6 ---

