Finished 1000 requests.

Sorted time elapsed:
 12.575 12.589 12.886 13.387 13.458 13.471 13.473 13.475 13.479 13.497 13.556 13.57 13.583 13.589 13.594 13.622 13.624 13.626 13.638 13.639 13.642 13.643 13.655 13.698 13.706 13.722 13.722 13.724 13.729 13.748 13.758 13.799 13.801 13.826 13.832 13.832 13.832 13.834 13.854 13.864 13.87 13.874 13.88 13.884 13.886 13.888 13.892 13.894 13.902 13.912 13.957 13.965 13.972 13.988 13.995 14.012 14.012 14.047 14.053 14.059 14.067 14.068 14.069 14.072 14.073 14.091 14.099 14.133 14.171 14.193 14.213 14.233 14.269 14.277 14.283 14.289 14.321 14.331 14.349 14.367 14.379 14.391 14.395 14.408 14.416 14.422 14.442 14.455 14.459 14.506 14.525 14.532 14.538 14.556 14.556 14.564 14.599 14.6 14.614 14.614 14.616 14.62 14.626 14.642 14.646 14.648 14.681 14.702 14.703 14.704 14.71 14.719 14.756 14.758 14.765 14.771 14.786 14.794 14.813 14.814 14.829 14.83 14.834 14.873 14.875 14.903 14.905 14.906 14.938 14.939 14.981 14.991 15.013 15.017 15.021 15.033 15.051 15.063 15.079 15.097 15.103 15.126 15.131 15.133 15.145 15.153 15.156 15.18 15.187 15.191 15.191 15.197 15.203 15.213 15.22 15.251 15.27 15.284 15.29 15.294 15.297 15.302 15.306 15.309 15.31 15.319 15.32 15.32 15.321 15.322 15.325 15.327 15.337 15.365 15.37 15.37 15.374 15.376 15.378 15.384 15.385 15.394 15.396 15.398 15.4 15.4 15.402 15.404 15.405 15.41 15.41 15.413 15.415 15.421 15.43 15.432 15.432 15.438 15.442 15.446 15.452 15.454 15.458 15.459 15.46 15.474 15.478 15.48 15.488 15.492 15.494 15.506 15.506 15.508 15.51 15.512 15.518 15.52 15.522 15.53 15.53 15.534 15.534 15.535 15.538 15.538 15.543 15.544 15.546 15.556 15.556 15.558 15.562 15.564 15.567 15.578 15.581 15.586 15.592 15.592 15.593 15.596 15.601 15.61 15.612 15.613 15.615 15.616 15.617 15.618 15.621 15.623 15.623 15.625 15.626 15.636 15.641 15.648 15.65 15.652 15.659 15.66 15.66 15.661 15.661 15.664 15.669 15.673 15.682 15.703 15.709 15.711 15.715 15.716 15.719 15.72 15.721 15.724 15.734 15.734 15.738 15.742 15.747 15.75 15.753 15.761 15.78 15.786 15.791 15.793 15.799 15.8 15.809 15.809 15.809 15.817 15.817 15.819 15.819 15.841 15.845 15.855 15.855 15.863 15.865 15.875 15.883 15.885 15.887 15.889 15.899 15.921 15.921 15.931 15.931 15.931 15.933 15.935 15.939 15.949 15.951 15.955 15.963 15.965 15.967 15.969 15.973 15.973 15.981 15.983 15.985 15.991 15.993 15.994 15.997 16.001 16.001 16.005 16.007 16.009 16.011 16.015 16.015 16.015 16.016 16.019 16.021 16.024 16.026 16.027 16.031 16.031 16.033 16.035 16.037 16.039 16.041 16.042 16.044 16.045 16.045 16.048 16.049 16.051 16.053 16.054 16.055 16.058 16.061 16.063 16.065 16.073 16.081 16.083 16.095 16.095 16.099 16.101 16.101 16.103 16.103 16.103 16.109 16.109 16.109 16.112 16.114 16.115 16.116 16.117 16.119 16.121 16.122 16.123 16.123 16.126 16.134 16.135 16.138 16.144 16.147 16.149 16.159 16.161 16.163 16.165 16.173 16.178 16.178 16.18 16.18 16.182 16.186 16.196 16.196 16.196 16.196 16.196 16.198 16.206 16.208 16.21 16.212 16.216 16.216 16.218 16.222 16.228 16.238 16.24 16.244 16.25 16.251 16.254 16.254 16.265 16.266 16.266 16.268 16.27 16.272 16.272 16.276 16.278 16.285 16.286 16.292 16.294 16.296 16.298 16.3 16.303 16.304 16.308 16.312 16.312 16.318 16.326 16.33 16.336 16.336 16.338 16.346 16.35 16.356 16.362 16.366 16.366 16.366 16.366 16.37 16.37 16.372 16.38 16.386 16.392 16.392 16.395 16.398 16.402 16.407 16.411 16.416 16.416 16.419 16.42 16.426 16.442 16.446 16.454 16.456 16.458 16.475 16.492 16.495 16.501 16.502 16.512 16.513 16.525 16.541 16.555 16.556 16.562 16.568 16.574 16.577 16.58 16.587 16.591 16.616 16.621 16.65 16.651 16.654 16.663 16.679 16.684 16.685 16.697 16.715 16.723 16.739 16.741 16.749 16.751 16.753 16.755 16.791 16.797 16.816 16.825 16.835 16.839 16.845 16.863 16.864 16.875 16.883 16.885 16.887 16.891 16.898 16.901 16.908 16.914 16.965 16.988 16.996 17.025 17.088 17.094 17.102 17.132 17.153 17.154 17.171 17.186 17.192 17.194 17.202 17.204 17.22 17.227 17.232 17.236 17.236 17.238 17.238 17.238 17.245 17.254 17.254 17.256 17.26 17.266 17.27 17.276 17.286 17.286 17.286 17.288 17.298 17.302 17.31 17.312 17.32 17.329 17.33 17.334 17.336 17.337 17.338 17.339 17.342 17.343 17.347 17.348 17.352 17.353 17.355 17.361 17.369 17.372 17.375 17.379 17.386 17.388 17.389 17.397 17.398 17.401 17.41 17.414 17.423 17.425 17.426 17.426 17.428 17.445 17.448 17.448 17.451 17.452 17.454 17.456 17.461 17.462 17.469 17.469 17.47 17.47 17.47 17.473 17.483 17.489 17.491 17.493 17.495 17.499 17.499 17.506 17.507 17.508 17.515 17.515 17.539 17.539 17.557 17.563 17.566 17.569 17.571 17.577 17.579 17.582 17.583 17.593 17.597 17.599 17.601 17.607 17.619 17.62 17.623 17.623 17.635 17.637 17.639 17.639 17.641 17.643 17.649 17.649 17.655 17.655 17.657 17.673 17.676 17.677 17.679 17.681 17.685 17.691 17.695 17.697 17.697 17.701 17.727 17.729 17.73 17.731 17.739 17.741 17.751 17.758 17.761 17.761 17.762 17.775 17.789 17.815 17.835 17.845 17.857 17.858 17.859 17.863 17.866 17.874 17.897 17.898 17.902 17.913 17.916 17.932 17.933 17.94 17.944 17.945 17.95 17.954 17.954 17.958 17.959 17.964 17.966 17.985 18 18.002 18.004 18.008 18.01 18.012 18.02 18.024 18.036 18.046 18.048 18.062 18.064 18.066 18.068 18.07 18.08 18.082 18.094 18.098 18.1 18.104 18.104 18.114 18.116 18.116 18.116 18.118 18.126 18.128 18.132 18.132 18.134 18.135 18.138 18.14 18.142 18.144 18.15 18.16 18.162 18.162 18.164 18.173 18.174 18.18 18.18 18.189 18.192 18.196 18.2 18.228 18.253 18.26 18.261 18.274 18.277 18.279 18.293 18.293 18.295 18.305 18.315 18.323 18.329 18.334 18.337 18.34 18.343 18.359 18.361 18.361 18.365 18.388 18.403 18.417 18.419 18.469 18.469 18.485 18.529 18.577 18.65 19.582 23.647 24.437 24.79 25.203 26.185 26.333 27.071 27.111 27.223 27.231 27.253 27.26 27.335 27.391 27.424 27.436 27.452 27.6 28.057 28.21 28.386 28.403 28.791 28.827 28.983 29.108 29.108 29.108 29.136 29.14 29.329 29.332 29.493 29.572 29.572 29.617 29.629 29.681 29.697 29.713 29.761 29.834 29.846 29.905 29.977 30.03 30.042 30.058 30.062 30.287 30.335 30.339 30.571 30.643 30.712 30.816 30.932 30.936 30.972 30.972 30.992 30.996 30.996 31.048 31.048 31.089 31.1 31.1 31.108 31.124 31.128 31.152 31.164 31.18 31.192 31.217 31.285 31.289 31.297 31.321 31.333 31.429 31.445 31.502 31.537 31.549 31.574 31.597 31.633 31.638 31.685 31.914 31.971 31.994 32.09 32.107 32.114 32.132 32.263 32.343 32.379 32.488 32.608 32.676 32.756 32.808 32.825 32.852 32.869 32.925 33.085 33.177 33.23 33.31 33.321 33.342 33.35 33.354 33.39 33.41 33.413 33.426 33.482 33.502 33.554 33.562 33.598 33.602 33.614 33.634 33.674 33.682 33.686 33.743 33.75 33.754 33.802 33.819 33.851 33.887 33.907 33.915 33.923 34.003 34.011 34.075 34.099 34.212 34.215 34.24 34.36 34.556 34.64 34.685 34.701 34.737 34.769 34.772 34.781 34.829 34.849 34.885 34.929 34.941 34.954 35.009 35.026 35.073 35.134 35.146 35.222 35.23 35.306 35.382 35.546 36.73 36.902 37.19 37.226 37.299 37.582 39.255 40.101 40.458 40.787 55.389 75.135 2016.97

Time elapsed stats:
  sum  21256.5 us
  avg  21.2565 us
  max  2016.97 us
  min  12.575 us

Removing top/bottom-5:
  sum  18962.9 us
  avg  19.1544 us
  max  40.101 us
  min  13.471 us

Num files at level --
  0: 9
  1: 19
  2: 12
  3: 0
  4: 0
  5: 0
  6: 0

Stats --
                               Compactions
Level  Files Size(MB) Time(sec) Read(MB) Write(MB)
--------------------------------------------------
  0        9       36         0        0         0
  1       19       36         0        0         0
  2       12       24         0        0         0

SSTables --
--- level 0 ---
 92:4124646['user10046604894068544' @ 9635 : 1 .. 'user971136347768642592' @ 9667 : 1]
 89:4205685['user1005640680888162' @ 8874 : 1 .. 'user960084102193685886' @ 8906 : 1]
 85:4204932['user1005972966029934054' @ 8047 : 1 .. 'user994579075160678783' @ 7972 : 1]
 81:4205504['user1006191281247775937' @ 7456 : 1 .. 'user982188593343599298' @ 7368 : 1]
 78:4205619['user1006532926542074502' @ 6714 : 1 .. 'user99137614613375737' @ 6928 : 1]
 83:4205080['user1018363447847013539' @ 7865 : 1 .. 'user993800799430696452' @ 7820 : 1]
 58:4205091['user1019483368871294435' @ 6367 : 1 .. 'user994360759942836900' @ 6491 : 1]
 91:4205756['user1044594160504054184' @ 9234 : 1 .. 'user95229708324090387' @ 9196 : 1]
 87:4205838['user1050400263547602761' @ 8556 : 1 .. 'user935751586290908468' @ 8619 : 1]
--- level 1 ---
 56:2107550['user1006751241759916385' @ 6221 : 1 .. 'user1498736710723774180' @ 4061 : 1]
 59:2107519['user1499296671235914628' @ 2800 : 1 .. 'user1940937226857796243' @ 3609 : 1]
 60:2107462['user1941497187369936691' @ 3402 : 1 .. 'user2429916395338807701' @ 3442 : 1]
 61:2107602['user2430134710556649584' @ 4885 : 1 .. 'user2893101481598462280' @ 4780 : 1]
 62:2107507['user2895889466863466734' @ 3822 : 1 .. 'user3335631825731085122' @ 5111 : 1]
 63:2107680['user3336191786243225570' @ 5762 : 1 .. 'user3810210802859994972' @ 2664 : 1]
 64:2107439['user3810429118077836855' @ 3175 : 1 .. 'user4256537540501144268' @ 6053 : 1]
 65:2107572['user4257097501013284716' @ 5270 : 1 .. 'user4760135215552099217' @ 2697 : 1]
 66:2107491['user4764821397571366898' @ 2517 : 1 .. 'user5211708095724656642' @ 5413 : 1]
 67:2107613['user5212049741018955207' @ 5233 : 1 .. 'user5623208460573458061' @ 4765 : 1]
 68:2107496['user5623768421085598509' @ 6064 : 1 .. 'user6131835534764733457' @ 4229 : 1]
 69:2107420['user6132395495276873905' @ 5110 : 1 .. 'user6533061929768560501' @ 3508 : 1]
 70:2107414['user65420917376365171' @ 3918 : 1 .. 'user7021699452955273394' @ 6015 : 1]
 71:2107611['user7030293541263826425' @ 5829 : 1 .. 'user7488014169774230992' @ 3403 : 1]
 72:1895765['user7488232484992072875' @ 4916 : 1 .. 'user7891251846139834360' @ 4796 : 1]
 73:2107521['user7900965855472668287' @ 4966 : 1 .. 'user8384575551345814934' @ 3899 : 1]
 74:2107482['user8384917196640113499' @ 2579 : 1 .. 'user8794955995170335457' @ 5853 : 1]
 75:2107295['user8795515955682475905' @ 5104 : 1 .. 'user979960568590735292' @ 3463 : 1]
 76:121025['user982748553855739746' @ 5015 : 1 .. 'user997378877721381023' @ 3797 : 1]
--- level 2 ---
 36:2107527['user1000385178204227360' @ 6 : 1 .. 'user1715321609418666813' @ 1633 : 1]
 45:2107432['user1715539924636508696' @ 2150 : 1 .. 'user2419424110275991443' @ 2320 : 1]
 46:2107346['user2422430410758837780' @ 1503 : 1 .. 'user3111914405046218919' @ 615 : 1]
 47:2107429['user3112132720264060802' @ 104 : 1 .. 'user3832315294009908384' @ 2078 : 1]
 48:2107491['user3835881555004895169' @ 1024 : 1 .. 'user4515091579447301933' @ 169 : 1]
 49:2107419['user4515651539959442381' @ 922 : 1 .. 'user5219194080304626563' @ 398 : 1]
 50:2107468['user5223101986593911913' @ 1398 : 1 .. 'user5911684375074854039' @ 2219 : 1]
 51:2107281['user5912804296099134935' @ 713 : 1 .. 'user6525357629970748697' @ 1972 : 1]
 52:2107377['user6525917590482889145' @ 67 : 1 .. 'user7230580051852354223' @ 1081 : 1]
 53:2107438['user7230798367070196106' @ 1614 : 1 .. 'user789388067335041421' @ 1243 : 1]
 54:2107349['user7908110194758339643' @ 1689 : 1 .. 'user8637323487248424022' @ 309 : 1]
 55:2046806['user8637665132542722587' @ 97 : 1 .. 'user996258956697100127' @ 1207 : 1]
--- level 3 ---
--- level 4 ---
--- level 5 ---
--- level 6 ---

