Finished 1000 requests.

Sorted time elapsed:
 29.94 30.168 30.283 30.347 30.381 30.535 30.541 30.648 30.684 30.706 30.742 30.747 30.752 30.777 30.81 30.854 30.885 30.887 30.958 30.964 31.018 31.022 31.042 31.05 31.054 31.112 31.143 31.152 31.161 31.204 31.239 31.239 31.245 31.249 31.27 31.277 31.289 31.299 31.328 31.335 31.347 31.368 31.375 31.481 31.503 31.565 31.583 31.695 31.715 31.772 31.788 31.824 31.846 31.86 31.882 31.89 31.894 31.895 31.906 31.914 31.923 31.988 32.011 32.03 32.04 32.058 32.059 32.09 32.124 32.13 32.143 32.145 32.165 32.195 32.205 32.233 32.247 32.289 32.297 32.319 32.336 32.351 32.391 32.397 32.409 32.411 32.437 32.441 32.443 32.451 32.455 32.475 32.476 32.477 32.521 32.529 32.539 32.548 32.565 32.584 32.604 32.629 32.634 32.64 32.68 32.694 32.716 32.742 32.752 32.758 32.768 32.778 32.788 32.793 32.799 32.813 32.82 32.823 32.849 32.858 32.859 32.868 32.868 32.872 32.881 32.889 32.891 32.902 32.965 32.994 33.005 33.008 33.009 33.016 33.069 33.101 33.107 33.157 33.214 33.259 33.263 33.268 33.309 33.373 33.382 33.394 33.426 33.43 33.448 33.488 33.496 33.526 33.546 33.548 33.558 33.574 33.58 33.594 33.6 33.602 33.608 33.642 33.669 33.674 33.682 33.686 33.69 33.7 33.702 33.739 33.747 33.759 33.764 33.777 33.78 33.785 33.795 33.81 33.823 33.85 33.861 33.873 33.896 33.903 33.945 33.947 33.963 33.973 33.981 34.001 34.022 34.035 34.038 34.039 34.047 34.048 34.054 34.055 34.057 34.071 34.091 34.125 34.132 34.147 34.147 34.161 34.202 34.252 34.254 34.26 34.302 34.305 34.308 34.328 34.329 34.34 34.36 34.404 34.422 34.444 34.448 34.488 34.507 34.512 34.522 34.646 34.651 34.659 34.668 34.71 34.742 34.865 34.879 34.921 34.957 35.004 35.061 35.072 35.135 35.204 35.238 35.272 35.272 35.29 35.362 35.373 35.38 35.458 35.591 35.635 35.853 35.861 35.887 35.905 35.926 35.952 35.992 36.044 36.115 36.128 36.212 36.212 36.227 36.304 36.603 36.689 36.783 38.021 38.04 38.568 38.658 39.51 39.519 39.646 39.951 40.361 40.547 40.689 40.84 40.857 40.917 40.921 41 41.003 41.038 41.126 41.158 41.164 41.301 41.346 41.371 41.404 41.441 41.466 41.544 41.555 41.717 41.809 41.813 41.825 41.85 41.886 41.887 42.088 42.133 42.183 42.186 42.368 42.419 42.444 42.446 42.544 42.566 42.611 42.707 42.717 42.725 42.732 42.751 42.757 42.76 42.762 42.769 42.769 42.777 42.779 42.784 42.787 42.792 42.804 42.814 42.837 42.837 42.857 42.865 42.882 42.885 42.957 42.99 43.04 43.07 43.075 43.118 43.133 43.156 43.173 43.176 43.178 43.193 43.2 43.223 43.258 43.296 43.296 43.311 43.356 43.387 43.406 43.426 43.458 43.471 43.471 43.504 43.511 43.611 43.641 43.644 43.701 43.701 43.744 43.767 43.784 43.804 43.845 43.847 43.878 43.917 43.917 43.939 43.958 43.962 43.962 43.976 43.998 44.008 44.009 44.06 44.078 44.09 44.092 44.103 44.105 44.112 44.115 44.117 44.122 44.123 44.125 44.132 44.133 44.145 44.158 44.163 44.175 44.2 44.22 44.223 44.231 44.237 44.243 44.248 44.256 44.263 44.272 44.311 44.321 44.334 44.404 44.421 44.446 44.478 44.483 44.488 44.491 44.516 44.526 44.533 44.538 44.541 44.561 44.584 44.596 44.614 44.637 44.646 44.651 44.676 44.689 44.737 44.744 44.752 44.77 44.779 44.779 44.796 44.799 44.849 44.897 44.907 44.92 44.97 44.98 44.98 45.05 45.085 45.095 45.137 45.143 45.315 45.341 45.358 45.406 45.441 45.453 45.486 45.496 45.569 45.664 45.679 45.689 45.707 45.732 45.734 45.787 45.796 45.839 45.849 45.862 45.864 45.874 45.906 45.947 45.971 46.009 46.035 46.088 46.117 46.14 46.17 46.179 46.212 46.235 46.252 46.253 46.262 46.273 46.287 46.3 46.352 46.387 46.4 46.441 46.473 46.476 46.555 46.581 46.589 46.611 46.616 46.654 46.668 46.714 46.746 46.764 46.766 46.791 46.799 46.827 46.859 46.869 46.887 46.894 46.939 46.954 46.979 47.024 47.032 47.069 47.08 47.125 47.127 47.13 47.144 47.164 47.177 47.202 47.21 47.23 47.239 47.242 47.308 47.315 47.32 47.345 47.348 47.357 47.383 47.465 47.601 47.628 47.639 47.644 47.821 47.886 47.954 48.022 48.029 48.184 48.234 48.247 48.723 48.748 49.23 49.349 49.525 49.733 49.778 50.199 50.242 50.553 51.069 51.845 52.842 52.916 53.088 54.527 54.887 54.915 55.123 55.587 55.652 55.702 55.8 56.219 56.394 56.431 56.945 57.075 57.308 57.39 58.055 59.178 60.318 60.629 61.438 62.846 64.876 66.966 67.848 68.274 68.394 68.434 68.549 68.645 68.695 68.745 68.77 68.78 68.825 68.905 68.93 69.016 69.026 69.041 69.056 69.076 69.12 69.156 69.437 69.466 69.497 69.501 69.522 69.581 69.597 69.752 69.792 69.953 69.983 70.043 70.058 70.078 70.233 70.248 70.408 70.449 70.464 70.499 70.504 70.534 70.679 70.85 70.865 70.875 70.915 70.925 70.935 70.965 70.985 71.01 71.051 71.09 71.121 71.156 71.18 71.21 71.231 71.436 71.466 71.481 71.541 71.546 71.561 71.596 71.642 71.647 71.672 71.757 71.797 71.807 71.857 71.952 71.952 72.022 72.027 72.042 72.048 72.072 72.128 72.158 72.178 72.218 72.228 72.373 72.428 72.453 72.464 72.493 72.524 72.533 72.563 72.578 72.579 72.589 72.603 72.613 72.684 72.694 72.704 72.709 72.709 72.745 72.774 72.93 72.949 72.98 72.98 73.02 73.04 73.07 73.105 73.11 73.155 73.165 73.17 73.17 73.2 73.21 73.23 73.316 73.32 73.325 73.331 73.34 73.366 73.39 73.411 73.44 73.446 73.456 73.461 73.511 73.536 73.566 73.631 73.661 73.667 73.671 73.696 73.747 73.807 73.926 73.957 73.987 73.987 74.027 74.037 74.067 74.097 74.108 74.148 74.152 74.153 74.203 74.228 74.263 74.267 74.293 74.303 74.323 74.328 74.368 74.438 74.448 74.453 74.463 74.463 74.473 74.484 74.563 74.579 74.583 74.583 74.598 74.623 74.638 74.703 74.703 74.709 74.749 74.774 74.779 74.794 74.834 74.844 74.87 74.929 74.979 75.039 75.039 75.065 75.075 75.075 75.099 75.165 75.175 75.19 75.205 75.225 75.265 75.28 75.285 75.3 75.31 75.335 75.456 75.461 75.485 75.485 75.485 75.491 75.5 75.506 75.52 75.521 75.536 75.541 75.556 75.566 75.57 75.595 75.606 75.661 75.671 75.701 75.701 75.706 75.756 75.776 75.781 75.796 75.806 75.826 75.827 75.836 75.846 75.847 75.852 75.862 75.866 75.866 75.876 75.892 75.912 75.931 75.956 75.962 76.011 76.021 76.052 76.067 76.092 76.097 76.102 76.107 76.127 76.227 76.233 76.237 76.247 76.262 76.313 76.342 76.418 76.448 76.458 76.493 76.518 76.553 76.563 76.588 76.608 76.633 76.708 76.744 76.774 76.798 76.798 76.808 76.919 76.954 76.959 76.968 76.999 77.004 77.008 77.019 77.065 77.069 77.08 77.099 77.135 77.19 77.259 77.264 77.295 77.34 77.415 77.48 77.596 77.615 77.74 77.766 77.801 77.912 78.016 78.062 78.097 78.137 78.162 78.172 78.186 78.217 78.261 78.287 78.352 78.373 78.403 78.477 78.518 78.522 78.613 78.713 78.733 78.743 78.864 78.884 78.884 78.894 79.364 79.374 79.4 79.499 79.525 79.57 79.585 79.836 79.891 79.911 80.051 80.226 80.322 80.562 80.562 80.578 80.763 81.003 81.043 81.078 81.123 81.728 82.005 84.13 85.203 85.419 85.849 86.336 86.677 86.737 87.263 87.664 88.09 88.585 88.731 88.802 88.852 89.478 90.085 90.204 90.445 90.796 91.568 92.079 92.114 92.595 92.695 92.921 93.332 94.384 94.425 94.52 95.147 96.96 97.972 99.296 100.128 101.065 101.17 102.634 102.754 104.142 114.411 116.446 119.989 121.272 127.026 131.205 132.503 441.34 2637.96

Time elapsed stats:
  sum  57862.7 us
  avg  57.8627 us
  max  2637.96 us
  min  29.94 us

Removing top/bottom-5:
  sum  54241.5 us
  avg  54.7894 us
  max  121.272 us
  min  30.535 us

Num files at level --
  0: 9
  1: 19
  2: 12
  3: 0
  4: 0
  5: 0
  6: 0

Stats --
                               Compactions
Level  Files Size(MB) Time(sec) Read(MB) Write(MB)
--------------------------------------------------
  0        9       36         0        0         0
  1       19       36         0        0         0
  2       12       24         0        0         0

SSTables --
--- level 0 ---
 92:4124646['user10046604894068544' @ 9635 : 1 .. 'user971136347768642592' @ 9667 : 1]
 89:4205685['user1005640680888162' @ 8874 : 1 .. 'user960084102193685886' @ 8906 : 1]
 85:4204932['user1005972966029934054' @ 8047 : 1 .. 'user994579075160678783' @ 7972 : 1]
 81:4205504['user1006191281247775937' @ 7456 : 1 .. 'user982188593343599298' @ 7368 : 1]
 78:4205619['user1006532926542074502' @ 6714 : 1 .. 'user99137614613375737' @ 6928 : 1]
 83:4205080['user1018363447847013539' @ 7865 : 1 .. 'user993800799430696452' @ 7820 : 1]
 58:4205091['user1019483368871294435' @ 6367 : 1 .. 'user994360759942836900' @ 6491 : 1]
 91:4205756['user1044594160504054184' @ 9234 : 1 .. 'user95229708324090387' @ 9196 : 1]
 87:4205838['user1050400263547602761' @ 8556 : 1 .. 'user935751586290908468' @ 8619 : 1]
--- level 1 ---
 56:2107550['user1006751241759916385' @ 6221 : 1 .. 'user1498736710723774180' @ 4061 : 1]
 59:2107519['user1499296671235914628' @ 2800 : 1 .. 'user1940937226857796243' @ 3609 : 1]
 60:2107462['user1941497187369936691' @ 3402 : 1 .. 'user2429916395338807701' @ 3442 : 1]
 61:2107602['user2430134710556649584' @ 4885 : 1 .. 'user2893101481598462280' @ 4780 : 1]
 62:2107507['user2895889466863466734' @ 3822 : 1 .. 'user3335631825731085122' @ 5111 : 1]
 63:2107680['user3336191786243225570' @ 5762 : 1 .. 'user3810210802859994972' @ 2664 : 1]
 64:2107439['user3810429118077836855' @ 3175 : 1 .. 'user4256537540501144268' @ 6053 : 1]
 65:2107572['user4257097501013284716' @ 5270 : 1 .. 'user4760135215552099217' @ 2697 : 1]
 66:2107491['user4764821397571366898' @ 2517 : 1 .. 'user5211708095724656642' @ 5413 : 1]
 67:2107613['user5212049741018955207' @ 5233 : 1 .. 'user5623208460573458061' @ 4765 : 1]
 68:2107496['user5623768421085598509' @ 6064 : 1 .. 'user6131835534764733457' @ 4229 : 1]
 69:2107420['user6132395495276873905' @ 5110 : 1 .. 'user6533061929768560501' @ 3508 : 1]
 70:2107414['user65420917376365171' @ 3918 : 1 .. 'user7021699452955273394' @ 6015 : 1]
 71:2107611['user7030293541263826425' @ 5829 : 1 .. 'user7488014169774230992' @ 3403 : 1]
 72:1895765['user7488232484992072875' @ 4916 : 1 .. 'user7891251846139834360' @ 4796 : 1]
 73:2107521['user7900965855472668287' @ 4966 : 1 .. 'user8384575551345814934' @ 3899 : 1]
 74:2107482['user8384917196640113499' @ 2579 : 1 .. 'user8794955995170335457' @ 5853 : 1]
 75:2107295['user8795515955682475905' @ 5104 : 1 .. 'user979960568590735292' @ 3463 : 1]
 76:121025['user982748553855739746' @ 5015 : 1 .. 'user997378877721381023' @ 3797 : 1]
--- level 2 ---
 36:2107527['user1000385178204227360' @ 6 : 1 .. 'user1715321609418666813' @ 1633 : 1]
 45:2107432['user1715539924636508696' @ 2150 : 1 .. 'user2419424110275991443' @ 2320 : 1]
 46:2107346['user2422430410758837780' @ 1503 : 1 .. 'user3111914405046218919' @ 615 : 1]
 47:2107429['user3112132720264060802' @ 104 : 1 .. 'user3832315294009908384' @ 2078 : 1]
 48:2107491['user3835881555004895169' @ 1024 : 1 .. 'user4515091579447301933' @ 169 : 1]
 49:2107419['user4515651539959442381' @ 922 : 1 .. 'user5219194080304626563' @ 398 : 1]
 50:2107468['user5223101986593911913' @ 1398 : 1 .. 'user5911684375074854039' @ 2219 : 1]
 51:2107281['user5912804296099134935' @ 713 : 1 .. 'user6525357629970748697' @ 1972 : 1]
 52:2107377['user6525917590482889145' @ 67 : 1 .. 'user7230580051852354223' @ 1081 : 1]
 53:2107438['user7230798367070196106' @ 1614 : 1 .. 'user789388067335041421' @ 1243 : 1]
 54:2107349['user7908110194758339643' @ 1689 : 1 .. 'user8637323487248424022' @ 309 : 1]
 55:2046806['user8637665132542722587' @ 97 : 1 .. 'user996258956697100127' @ 1207 : 1]
--- level 3 ---
--- level 4 ---
--- level 5 ---
--- level 6 ---

