Finished 1000 requests.

Sorted time elapsed:
 72.34 72.976 73.216 73.216 73.264 73.284 73.361 73.383 73.402 73.557 73.789 73.817 73.828 73.876 74.002 74.016 74.081 74.124 74.136 74.16 74.178 74.181 74.232 74.247 74.267 74.281 74.303 74.326 74.347 74.349 74.349 74.415 74.431 74.433 74.457 74.477 74.483 74.487 74.489 74.492 74.494 74.515 74.53 74.563 74.595 74.6 74.633 74.76 74.782 74.784 74.793 74.824 74.852 74.854 74.858 74.878 74.903 74.921 74.936 74.964 74.966 74.97 74.976 74.983 74.991 74.996 75.032 75.037 75.055 75.069 75.093 75.093 75.137 75.146 75.159 75.168 75.177 75.235 75.247 75.249 75.25 75.26 75.345 75.363 75.363 75.364 75.474 75.475 75.476 75.501 75.531 75.531 75.532 75.558 75.566 75.575 75.603 75.618 75.631 75.662 75.664 75.676 75.696 75.706 75.714 75.72 75.722 75.754 75.756 75.758 75.76 75.78 75.788 75.802 75.814 75.826 75.832 75.852 75.854 75.856 75.857 75.873 75.917 75.933 75.941 75.975 75.988 76.006 76.008 76.009 76.041 76.042 76.045 76.045 76.052 76.062 76.069 76.071 76.077 76.081 76.09 76.105 76.111 76.113 76.133 76.137 76.139 76.153 76.157 76.157 76.163 76.165 76.173 76.201 76.212 76.222 76.222 76.233 76.261 76.274 76.275 76.278 76.289 76.293 76.301 76.314 76.325 76.335 76.339 76.345 76.345 76.351 76.353 76.355 76.362 76.366 76.381 76.398 76.405 76.407 76.416 76.428 76.443 76.444 76.452 76.457 76.462 76.475 76.49 76.491 76.492 76.498 76.502 76.522 76.524 76.534 76.536 76.54 76.546 76.564 76.578 76.59 76.604 76.616 76.628 76.632 76.642 76.65 76.656 76.66 76.662 76.666 76.686 76.691 76.694 76.694 76.7 76.702 76.712 76.716 76.726 76.728 76.735 76.745 76.753 76.753 76.754 76.754 76.763 76.774 76.786 76.789 76.79 76.79 76.793 76.797 76.805 76.81 76.815 76.817 76.819 76.832 76.847 76.861 76.865 76.873 76.888 76.895 76.917 76.925 76.929 76.951 76.953 76.973 76.975 77.011 77.013 77.019 77.029 77.041 77.043 77.049 77.059 77.063 77.067 77.071 77.075 77.083 77.088 77.105 77.117 77.134 77.135 77.145 77.153 77.189 77.202 77.226 77.264 77.268 77.319 77.32 77.332 77.334 77.34 77.346 77.35 77.352 77.364 77.365 77.373 77.374 77.386 77.406 77.438 77.456 77.462 77.48 77.488 77.49 77.496 77.502 77.502 77.506 77.518 77.521 77.53 77.532 77.539 77.542 77.543 77.544 77.547 77.558 77.558 77.56 77.576 77.584 77.588 77.606 77.61 77.634 77.653 77.675 77.685 77.687 77.695 77.696 77.741 77.749 77.763 77.769 77.775 77.781 77.791 77.803 77.809 77.813 77.817 77.837 77.84 77.875 77.879 77.885 77.891 77.895 77.905 77.913 77.917 77.925 77.927 77.957 77.961 77.969 77.97 77.971 77.975 77.975 77.983 77.991 77.996 78 78.026 78.03 78.033 78.057 78.058 78.061 78.066 78.071 78.081 78.096 78.103 78.114 78.12 78.121 78.134 78.148 78.152 78.155 78.162 78.162 78.174 78.176 78.178 78.179 78.185 78.192 78.195 78.198 78.223 78.228 78.23 78.232 78.242 78.243 78.248 78.254 78.256 78.256 78.257 78.258 78.262 78.264 78.266 78.268 78.27 78.274 78.296 78.296 78.302 78.308 78.314 78.318 78.324 78.332 78.344 78.346 78.348 78.368 78.368 78.372 78.378 78.378 78.384 78.39 78.396 78.401 78.408 78.413 78.418 78.422 78.425 78.436 78.446 78.458 78.466 78.473 78.474 78.498 78.499 78.507 78.51 78.523 78.526 78.534 78.539 78.547 78.556 78.558 78.575 78.575 78.576 78.586 78.589 78.593 78.601 78.645 78.651 78.655 78.673 78.697 78.719 78.731 78.739 78.747 78.751 78.761 78.763 78.765 78.773 78.779 78.783 78.785 78.795 78.826 78.853 78.863 78.869 78.88 78.887 78.897 78.897 78.909 78.922 78.933 78.949 78.972 78.997 78.999 79.006 79.014 79.017 79.026 79.027 79.06 79.062 79.064 79.064 79.072 79.078 79.08 79.1 79.1 79.104 79.12 79.122 79.148 79.15 79.15 79.162 79.164 79.166 79.176 79.18 79.183 79.194 79.206 79.221 79.232 79.246 79.264 79.296 79.3 79.301 79.314 79.325 79.325 79.326 79.332 79.341 79.366 79.378 79.386 79.388 79.389 79.391 79.399 79.412 79.416 79.44 79.459 79.475 79.485 79.492 79.493 79.497 79.499 79.545 79.559 79.561 79.577 79.577 79.587 79.599 79.627 79.675 79.697 79.71 79.763 79.765 79.799 79.8 79.804 79.812 79.863 79.869 79.906 79.906 79.92 79.926 79.97 79.988 79.992 80.008 80.034 80.048 80.05 80.064 80.068 80.088 80.089 80.124 80.138 80.155 80.172 80.172 80.179 80.198 80.227 80.233 80.239 80.24 80.274 80.287 80.297 80.325 80.327 80.337 80.337 80.341 80.345 80.347 80.389 80.391 80.393 80.401 80.421 80.435 80.459 80.465 80.471 80.509 80.521 80.53 80.535 80.541 80.563 80.574 80.588 80.613 80.627 80.631 80.643 80.657 80.675 80.684 80.694 80.7 80.754 80.768 80.793 80.796 80.802 80.824 80.826 80.89 80.898 80.908 80.918 80.926 80.944 80.978 80.978 80.989 81.081 81.1 81.158 81.177 81.177 81.209 81.221 81.225 81.225 81.255 81.315 81.319 81.338 81.353 81.355 81.425 81.446 81.451 81.456 81.507 81.526 81.552 81.58 81.581 81.583 81.589 81.59 81.638 81.662 81.694 81.706 81.736 81.736 81.75 81.762 81.778 81.792 81.828 81.884 81.936 81.993 82.041 82.049 82.103 82.157 82.167 82.177 82.178 82.227 82.232 82.269 82.304 82.323 82.337 82.339 82.347 82.395 82.396 82.399 82.406 82.427 82.429 82.454 82.473 82.562 82.568 82.6 82.604 82.656 82.658 82.678 82.7 82.708 82.734 82.816 82.836 82.856 82.863 82.881 82.92 83.015 83.031 83.078 83.176 83.217 83.254 83.256 83.326 83.37 83.414 83.468 83.54 83.593 83.624 83.655 83.66 83.733 83.749 83.755 83.839 84.018 84.093 84.096 84.101 84.132 84.158 84.215 84.248 84.298 84.386 84.408 84.445 84.474 84.539 84.587 84.636 84.671 84.775 84.803 84.851 84.877 85.002 85.104 85.112 85.192 85.204 85.206 85.325 85.358 85.404 85.429 85.443 85.503 85.536 85.547 85.559 85.583 85.643 85.734 85.761 85.771 85.821 85.838 85.844 85.846 86.03 86.06 86.086 86.161 86.17 86.195 86.231 86.329 86.33 86.491 86.535 86.541 86.581 86.744 86.744 86.882 87.183 87.205 87.223 87.251 87.389 87.393 87.468 87.506 87.531 87.669 87.71 87.768 87.952 88.183 88.207 88.528 88.616 88.797 88.907 89.228 89.415 89.424 89.55 89.754 89.823 89.935 90.016 90.035 90.045 90.188 90.191 90.328 90.538 90.637 90.717 91.06 91.198 91.224 91.349 91.389 91.485 91.487 91.513 91.77 91.773 92.172 92.276 92.304 92.32 92.358 92.386 92.435 92.513 92.617 92.767 92.809 93 93.295 93.339 93.562 93.746 93.838 93.896 94.317 94.441 94.544 94.554 94.706 94.871 95.099 95.266 95.636 95.684 95.925 95.971 95.997 96.019 96.523 96.588 96.649 96.811 97.075 97.08 97.43 98.27 98.276 98.477 99.932 102.428 103.847 103.99 107.123 109.567 120.424 131.689 132.038 132.274 132.325 132.759 133.176 133.185 133.273 133.343 133.397 134.8 134.86 135.836 136.143 138.153 139.741 139.821 140.342 140.346 140.475 140.771 140.847 141.112 141.269 141.341 141.557 141.629 141.629 141.654 141.761 141.814 141.822 141.876 142.034 142.255 142.307 142.487 142.515 142.571 142.752 142.912 143.028 143.145 143.209 143.241 143.285 143.293 143.309 143.525 143.554 143.722 144.043 144.107 144.175 144.483 144.544 144.56 144.677 144.993 144.993 145.038 145.165 145.245 145.486 145.679 145.707 145.818 145.887 146.256 146.569 146.789 146.826 147.267 147.435 147.535 149.267 150.082 151.14 151.34 151.593 152.695 153.092 155.269 155.501 155.614 156.443 156.443 157.665 159.058 159.221 165.702 168.592 169.036 169.181 170.777 172.18 191.148 314.112 346.61 5893.76

Time elapsed stats:
  sum  92893.3 us
  avg  92.8933 us
  max  5893.76 us
  min  72.34 us

Removing top/bottom-5:
  sum  85610.5 us
  avg  86.4752 us
  max  170.777 us
  min  73.284 us

Num files at level --
  0: 9
  1: 19
  2: 12
  3: 0
  4: 0
  5: 0
  6: 0

Stats --
                               Compactions
Level  Files Size(MB) Time(sec) Read(MB) Write(MB)
--------------------------------------------------
  0        9       36         0        0         0
  1       19       36         0        0         0
  2       12       24         0        0         0

SSTables --
--- level 0 ---
 92:4124646['user10046604894068544' @ 9635 : 1 .. 'user971136347768642592' @ 9667 : 1]
 89:4205685['user1005640680888162' @ 8874 : 1 .. 'user960084102193685886' @ 8906 : 1]
 85:4204932['user1005972966029934054' @ 8047 : 1 .. 'user994579075160678783' @ 7972 : 1]
 81:4205504['user1006191281247775937' @ 7456 : 1 .. 'user982188593343599298' @ 7368 : 1]
 78:4205619['user1006532926542074502' @ 6714 : 1 .. 'user99137614613375737' @ 6928 : 1]
 83:4205080['user1018363447847013539' @ 7865 : 1 .. 'user993800799430696452' @ 7820 : 1]
 58:4205091['user1019483368871294435' @ 6367 : 1 .. 'user994360759942836900' @ 6491 : 1]
 91:4205756['user1044594160504054184' @ 9234 : 1 .. 'user95229708324090387' @ 9196 : 1]
 87:4205838['user1050400263547602761' @ 8556 : 1 .. 'user935751586290908468' @ 8619 : 1]
--- level 1 ---
 56:2107550['user1006751241759916385' @ 6221 : 1 .. 'user1498736710723774180' @ 4061 : 1]
 59:2107519['user1499296671235914628' @ 2800 : 1 .. 'user1940937226857796243' @ 3609 : 1]
 60:2107462['user1941497187369936691' @ 3402 : 1 .. 'user2429916395338807701' @ 3442 : 1]
 61:2107602['user2430134710556649584' @ 4885 : 1 .. 'user2893101481598462280' @ 4780 : 1]
 62:2107507['user2895889466863466734' @ 3822 : 1 .. 'user3335631825731085122' @ 5111 : 1]
 63:2107680['user3336191786243225570' @ 5762 : 1 .. 'user3810210802859994972' @ 2664 : 1]
 64:2107439['user3810429118077836855' @ 3175 : 1 .. 'user4256537540501144268' @ 6053 : 1]
 65:2107572['user4257097501013284716' @ 5270 : 1 .. 'user4760135215552099217' @ 2697 : 1]
 66:2107491['user4764821397571366898' @ 2517 : 1 .. 'user5211708095724656642' @ 5413 : 1]
 67:2107613['user5212049741018955207' @ 5233 : 1 .. 'user5623208460573458061' @ 4765 : 1]
 68:2107496['user5623768421085598509' @ 6064 : 1 .. 'user6131835534764733457' @ 4229 : 1]
 69:2107420['user6132395495276873905' @ 5110 : 1 .. 'user6533061929768560501' @ 3508 : 1]
 70:2107414['user65420917376365171' @ 3918 : 1 .. 'user7021699452955273394' @ 6015 : 1]
 71:2107611['user7030293541263826425' @ 5829 : 1 .. 'user7488014169774230992' @ 3403 : 1]
 72:1895765['user7488232484992072875' @ 4916 : 1 .. 'user7891251846139834360' @ 4796 : 1]
 73:2107521['user7900965855472668287' @ 4966 : 1 .. 'user8384575551345814934' @ 3899 : 1]
 74:2107482['user8384917196640113499' @ 2579 : 1 .. 'user8794955995170335457' @ 5853 : 1]
 75:2107295['user8795515955682475905' @ 5104 : 1 .. 'user979960568590735292' @ 3463 : 1]
 76:121025['user982748553855739746' @ 5015 : 1 .. 'user997378877721381023' @ 3797 : 1]
--- level 2 ---
 36:2107527['user1000385178204227360' @ 6 : 1 .. 'user1715321609418666813' @ 1633 : 1]
 45:2107432['user1715539924636508696' @ 2150 : 1 .. 'user2419424110275991443' @ 2320 : 1]
 46:2107346['user2422430410758837780' @ 1503 : 1 .. 'user3111914405046218919' @ 615 : 1]
 47:2107429['user3112132720264060802' @ 104 : 1 .. 'user3832315294009908384' @ 2078 : 1]
 48:2107491['user3835881555004895169' @ 1024 : 1 .. 'user4515091579447301933' @ 169 : 1]
 49:2107419['user4515651539959442381' @ 922 : 1 .. 'user5219194080304626563' @ 398 : 1]
 50:2107468['user5223101986593911913' @ 1398 : 1 .. 'user5911684375074854039' @ 2219 : 1]
 51:2107281['user5912804296099134935' @ 713 : 1 .. 'user6525357629970748697' @ 1972 : 1]
 52:2107377['user6525917590482889145' @ 67 : 1 .. 'user7230580051852354223' @ 1081 : 1]
 53:2107438['user7230798367070196106' @ 1614 : 1 .. 'user789388067335041421' @ 1243 : 1]
 54:2107349['user7908110194758339643' @ 1689 : 1 .. 'user8637323487248424022' @ 309 : 1]
 55:2046806['user8637665132542722587' @ 97 : 1 .. 'user996258956697100127' @ 1207 : 1]
--- level 3 ---
--- level 4 ---
--- level 5 ---
--- level 6 ---

