Finished 1000 requests.

Sorted time elapsed:
 17.801 17.908 18.022 18.084 18.106 18.11 18.114 18.114 18.116 18.124 18.182 18.19 18.216 18.255 18.262 18.267 18.299 18.309 18.321 18.354 18.409 18.431 18.437 18.447 18.449 18.461 18.463 18.485 18.521 18.539 18.545 18.556 18.571 18.575 18.577 18.599 18.617 18.623 18.632 18.788 18.792 18.838 18.9 18.99 18.998 19.076 19.078 19.166 19.194 19.204 19.237 19.273 19.285 19.305 19.305 19.307 19.321 19.337 19.353 19.361 19.365 19.369 19.373 19.387 19.395 19.407 19.411 19.437 19.465 19.491 19.493 19.493 19.501 19.503 19.525 19.53 19.533 19.537 19.542 19.577 19.577 19.579 19.584 19.621 19.624 19.632 19.634 19.644 19.644 19.651 19.674 19.685 19.697 19.704 19.713 19.756 19.76 19.764 19.774 19.778 19.792 19.812 19.83 19.846 19.856 19.866 19.876 19.882 19.884 19.886 19.894 19.9 19.91 19.91 19.912 19.919 19.959 19.97 19.972 19.988 19.998 20.029 20.03 20.035 20.043 20.046 20.049 20.08 20.093 20.099 20.099 20.103 20.107 20.115 20.118 20.121 20.127 20.133 20.141 20.179 20.185 20.188 20.188 20.189 20.205 20.207 20.219 20.227 20.231 20.233 20.241 20.255 20.271 20.281 20.287 20.303 20.308 20.312 20.326 20.347 20.347 20.353 20.353 20.357 20.371 20.371 20.373 20.381 20.39 20.4 20.409 20.41 20.433 20.437 20.444 20.446 20.45 20.452 20.453 20.458 20.476 20.48 20.483 20.493 20.496 20.5 20.504 20.508 20.508 20.525 20.536 20.544 20.544 20.546 20.549 20.55 20.552 20.566 20.596 20.602 20.605 20.618 20.638 20.64 20.642 20.654 20.672 20.678 20.686 20.69 20.706 20.71 20.721 20.722 20.723 20.738 20.755 20.778 20.79 20.79 20.795 20.808 20.811 20.845 20.86 20.898 20.907 20.914 20.947 20.961 20.963 20.97 20.975 21.003 21.005 21.007 21.023 21.041 21.041 21.043 21.046 21.047 21.047 21.051 21.057 21.061 21.077 21.079 21.097 21.101 21.105 21.121 21.141 21.145 21.159 21.165 21.167 21.174 21.182 21.189 21.195 21.199 21.21 21.232 21.235 21.248 21.254 21.263 21.265 21.284 21.285 21.287 21.296 21.302 21.307 21.318 21.329 21.336 21.341 21.347 21.353 21.365 21.384 21.384 21.386 21.4 21.406 21.41 21.411 21.417 21.43 21.43 21.444 21.45 21.464 21.47 21.47 21.476 21.479 21.485 21.51 21.512 21.518 21.52 21.53 21.534 21.55 21.554 21.573 21.578 21.582 21.584 21.62 21.648 21.65 21.673 21.675 21.685 21.698 21.702 21.717 21.728 21.732 21.734 21.742 21.744 21.755 21.767 21.773 21.776 21.794 21.811 21.823 21.827 21.843 21.847 21.857 21.885 21.891 21.905 21.906 21.909 21.925 21.927 21.929 21.931 21.933 21.933 21.937 21.945 21.953 21.967 21.968 21.971 21.973 22.021 22.027 22.035 22.058 22.065 22.076 22.089 22.09 22.128 22.139 22.145 22.171 22.174 22.178 22.181 22.186 22.187 22.199 22.202 22.205 22.221 22.222 22.228 22.229 22.235 22.236 22.249 22.25 22.26 22.265 22.286 22.304 22.307 22.309 22.32 22.32 22.322 22.328 22.345 22.346 22.357 22.358 22.36 22.362 22.38 22.391 22.396 22.41 22.412 22.417 22.437 22.44 22.442 22.452 22.452 22.454 22.458 22.462 22.49 22.502 22.529 22.544 22.545 22.548 22.57 22.574 22.578 22.593 22.609 22.615 22.641 22.653 22.656 22.668 22.695 22.703 22.705 22.705 22.708 22.717 22.723 22.731 22.743 22.753 22.759 22.763 22.771 22.777 22.783 22.789 22.793 22.801 22.809 22.817 22.818 22.825 22.829 22.833 22.859 22.884 22.936 22.941 22.961 22.961 22.973 22.986 22.991 23.006 23.029 23.031 23.038 23.042 23.046 23.064 23.066 23.093 23.1 23.101 23.101 23.131 23.138 23.141 23.164 23.18 23.2 23.204 23.211 23.212 23.25 23.252 23.256 23.257 23.268 23.28 23.282 23.284 23.315 23.34 23.362 23.367 23.375 23.414 23.414 23.442 23.445 23.46 23.477 23.495 23.498 23.548 23.572 23.615 23.642 23.653 23.687 23.688 23.695 23.707 23.75 23.755 23.756 23.757 23.758 23.785 23.793 23.826 23.83 23.848 23.856 23.863 23.891 23.901 23.913 23.933 23.948 23.953 23.961 23.963 23.973 23.983 23.989 24.019 24.038 24.041 24.051 24.084 24.116 24.154 24.154 24.159 24.189 24.193 24.239 24.249 24.259 24.268 24.299 24.319 24.328 24.359 24.389 24.389 24.419 24.444 24.445 24.474 24.482 24.522 24.554 24.557 24.56 24.587 24.59 24.62 24.654 24.66 24.667 24.675 24.675 24.679 24.69 24.742 24.745 24.747 24.755 24.768 24.78 24.791 24.81 24.818 24.835 24.853 24.861 24.862 24.865 24.873 24.878 24.888 24.893 24.913 24.931 24.938 24.938 24.943 24.963 24.963 24.965 24.965 24.966 24.978 24.98 24.986 24.988 24.993 25.006 25.021 25.033 25.04 25.04 25.043 25.06 25.068 25.086 25.111 25.121 25.131 25.141 25.151 25.169 25.181 25.189 25.191 25.194 25.216 25.219 25.226 25.253 25.261 25.276 25.279 25.296 25.304 25.319 25.354 25.364 25.372 25.379 25.391 25.404 25.406 25.464 25.466 25.477 25.495 25.499 25.5 25.527 25.529 25.575 25.575 25.587 25.599 25.602 25.607 25.627 25.642 25.647 25.657 25.657 25.659 25.662 25.667 25.675 25.684 25.705 25.705 25.712 25.72 25.725 25.74 25.754 25.774 25.775 25.777 25.79 25.795 25.8 25.818 25.82 25.833 25.837 25.843 25.86 25.865 25.868 25.88 25.893 25.903 25.913 25.928 25.95 25.965 25.97 25.97 25.988 26.038 26.038 26.053 26.056 26.061 26.064 26.075 26.113 26.135 26.156 26.158 26.174 26.188 26.211 26.229 26.229 26.246 26.259 26.273 26.276 26.281 26.284 26.291 26.319 26.324 26.329 26.348 26.349 26.357 26.384 26.396 26.412 26.424 26.427 26.427 26.429 26.431 26.432 26.434 26.436 26.444 26.461 26.497 26.502 26.509 26.524 26.549 26.557 26.559 26.564 26.57 26.577 26.582 26.59 26.598 26.599 26.605 26.615 26.617 26.639 26.645 26.664 26.672 26.68 26.687 26.695 26.7 26.702 26.717 26.732 26.732 26.759 26.762 26.79 26.792 26.805 26.832 26.845 26.87 26.883 26.894 26.908 26.915 26.942 26.97 27.063 27.068 27.118 27.126 27.128 27.139 27.148 27.158 27.165 27.201 27.221 27.236 27.243 27.256 27.261 27.266 27.268 27.281 27.281 27.293 27.293 27.303 27.306 27.331 27.336 27.346 27.356 27.366 27.371 27.381 27.384 27.404 27.411 27.412 27.421 27.451 27.467 27.477 27.478 27.482 27.511 27.521 27.537 27.541 27.562 27.567 27.584 27.614 27.619 27.619 27.624 27.667 27.677 27.679 27.684 27.698 27.705 27.719 27.73 27.732 27.735 27.75 27.772 27.79 27.794 27.802 27.807 27.825 27.945 27.959 27.978 27.981 27.985 27.988 27.99 27.992 28.053 28.071 28.083 28.085 28.09 28.163 28.165 28.236 28.265 28.266 28.291 28.363 28.373 28.386 28.408 28.464 28.609 28.632 28.679 28.757 28.774 28.789 28.97 28.975 28.977 28.985 29.035 29.08 29.083 29.1 29.291 29.331 29.341 29.346 29.444 29.564 29.624 29.681 29.761 30.017 30.144 30.188 30.288 30.33 30.391 30.431 30.439 30.5 31.348 31.421 31.824 32.36 33.402 33.533 33.643 33.651 33.671 34.721 35.185 35.889 35.92 36.482 36.485 36.597 37.873 38.596 38.613 38.77 41.552 42.113 42.925 42.93 42.939 43.216 43.639 43.797 45.31 45.707 45.862 45.917 45.992 46.132 46.308 46.343 46.408 46.603 46.628 46.954 47.165 47.31 47.436 47.581 47.685 47.726 47.796 47.821 47.959 47.972 48.011 48.358 48.397 48.418 48.588 48.834 49.134 49.185 49.46 49.891 50.056 50.056 50.102 50.107 50.287 50.312 50.503 50.793 51.711 51.876 52.322 52.382 52.612 52.748 53.288 53.319 53.84 53.88 53.915 55.203 56.01 56.06 56.451 57.205 57.75 58.435 71.341 72.258 104.789 123.748 2048.24

Time elapsed stats:
  sum  27590.9 us
  avg  27.5909 us
  max  2048.24 us
  min  17.801 us

Removing top/bottom-5:
  sum  25080.6 us
  avg  25.3339 us
  max  58.435 us
  min  18.11 us

Num files at level --
  0: 9
  1: 19
  2: 12
  3: 0
  4: 0
  5: 0
  6: 0

Stats --
                               Compactions
Level  Files Size(MB) Time(sec) Read(MB) Write(MB)
--------------------------------------------------
  0        9       36         0        0         0
  1       19       36         0        0         0
  2       12       24         0        0         0

SSTables --
--- level 0 ---
 92:4124646['user10046604894068544' @ 9635 : 1 .. 'user971136347768642592' @ 9667 : 1]
 89:4205685['user1005640680888162' @ 8874 : 1 .. 'user960084102193685886' @ 8906 : 1]
 85:4204932['user1005972966029934054' @ 8047 : 1 .. 'user994579075160678783' @ 7972 : 1]
 81:4205504['user1006191281247775937' @ 7456 : 1 .. 'user982188593343599298' @ 7368 : 1]
 78:4205619['user1006532926542074502' @ 6714 : 1 .. 'user99137614613375737' @ 6928 : 1]
 83:4205080['user1018363447847013539' @ 7865 : 1 .. 'user993800799430696452' @ 7820 : 1]
 58:4205091['user1019483368871294435' @ 6367 : 1 .. 'user994360759942836900' @ 6491 : 1]
 91:4205756['user1044594160504054184' @ 9234 : 1 .. 'user95229708324090387' @ 9196 : 1]
 87:4205838['user1050400263547602761' @ 8556 : 1 .. 'user935751586290908468' @ 8619 : 1]
--- level 1 ---
 56:2107550['user1006751241759916385' @ 6221 : 1 .. 'user1498736710723774180' @ 4061 : 1]
 59:2107519['user1499296671235914628' @ 2800 : 1 .. 'user1940937226857796243' @ 3609 : 1]
 60:2107462['user1941497187369936691' @ 3402 : 1 .. 'user2429916395338807701' @ 3442 : 1]
 61:2107602['user2430134710556649584' @ 4885 : 1 .. 'user2893101481598462280' @ 4780 : 1]
 62:2107507['user2895889466863466734' @ 3822 : 1 .. 'user3335631825731085122' @ 5111 : 1]
 63:2107680['user3336191786243225570' @ 5762 : 1 .. 'user3810210802859994972' @ 2664 : 1]
 64:2107439['user3810429118077836855' @ 3175 : 1 .. 'user4256537540501144268' @ 6053 : 1]
 65:2107572['user4257097501013284716' @ 5270 : 1 .. 'user4760135215552099217' @ 2697 : 1]
 66:2107491['user4764821397571366898' @ 2517 : 1 .. 'user5211708095724656642' @ 5413 : 1]
 67:2107613['user5212049741018955207' @ 5233 : 1 .. 'user5623208460573458061' @ 4765 : 1]
 68:2107496['user5623768421085598509' @ 6064 : 1 .. 'user6131835534764733457' @ 4229 : 1]
 69:2107420['user6132395495276873905' @ 5110 : 1 .. 'user6533061929768560501' @ 3508 : 1]
 70:2107414['user65420917376365171' @ 3918 : 1 .. 'user7021699452955273394' @ 6015 : 1]
 71:2107611['user7030293541263826425' @ 5829 : 1 .. 'user7488014169774230992' @ 3403 : 1]
 72:1895765['user7488232484992072875' @ 4916 : 1 .. 'user7891251846139834360' @ 4796 : 1]
 73:2107521['user7900965855472668287' @ 4966 : 1 .. 'user8384575551345814934' @ 3899 : 1]
 74:2107482['user8384917196640113499' @ 2579 : 1 .. 'user8794955995170335457' @ 5853 : 1]
 75:2107295['user8795515955682475905' @ 5104 : 1 .. 'user979960568590735292' @ 3463 : 1]
 76:121025['user982748553855739746' @ 5015 : 1 .. 'user997378877721381023' @ 3797 : 1]
--- level 2 ---
 36:2107527['user1000385178204227360' @ 6 : 1 .. 'user1715321609418666813' @ 1633 : 1]
 45:2107432['user1715539924636508696' @ 2150 : 1 .. 'user2419424110275991443' @ 2320 : 1]
 46:2107346['user2422430410758837780' @ 1503 : 1 .. 'user3111914405046218919' @ 615 : 1]
 47:2107429['user3112132720264060802' @ 104 : 1 .. 'user3832315294009908384' @ 2078 : 1]
 48:2107491['user3835881555004895169' @ 1024 : 1 .. 'user4515091579447301933' @ 169 : 1]
 49:2107419['user4515651539959442381' @ 922 : 1 .. 'user5219194080304626563' @ 398 : 1]
 50:2107468['user5223101986593911913' @ 1398 : 1 .. 'user5911684375074854039' @ 2219 : 1]
 51:2107281['user5912804296099134935' @ 713 : 1 .. 'user6525357629970748697' @ 1972 : 1]
 52:2107377['user6525917590482889145' @ 67 : 1 .. 'user7230580051852354223' @ 1081 : 1]
 53:2107438['user7230798367070196106' @ 1614 : 1 .. 'user789388067335041421' @ 1243 : 1]
 54:2107349['user7908110194758339643' @ 1689 : 1 .. 'user8637323487248424022' @ 309 : 1]
 55:2046806['user8637665132542722587' @ 97 : 1 .. 'user996258956697100127' @ 1207 : 1]
--- level 3 ---
--- level 4 ---
--- level 5 ---
--- level 6 ---

