Finished 1000 requests.

Sorted time elapsed:
 24.299 24.401 24.409 24.462 24.684 24.737 24.801 24.846 24.854 24.866 24.918 24.94 24.976 24.982 24.999 25.002 25.018 25.052 25.064 25.066 25.076 25.081 25.118 25.12 25.121 25.122 25.125 25.166 25.172 25.175 25.177 25.202 25.209 25.209 25.226 25.229 25.235 25.245 25.265 25.283 25.285 25.335 25.337 25.345 25.349 25.363 25.363 25.379 25.411 25.412 25.415 25.421 25.427 25.431 25.431 25.443 25.445 25.445 25.453 25.456 25.489 25.505 25.507 25.517 25.522 25.527 25.529 25.531 25.535 25.539 25.559 25.561 25.561 25.569 25.569 25.582 25.588 25.593 25.595 25.604 25.612 25.63 25.632 25.641 25.641 25.642 25.654 25.66 25.666 25.68 25.687 25.694 25.718 25.732 25.733 25.736 25.75 25.77 25.78 25.814 25.814 25.818 25.828 25.84 25.868 25.87 25.882 25.89 25.896 25.904 25.929 25.93 25.94 25.948 25.963 25.968 25.975 25.988 25.992 25.995 25.998 26.008 26.051 26.061 26.077 26.085 26.095 26.095 26.105 26.12 26.127 26.127 26.128 26.139 26.14 26.151 26.175 26.196 26.206 26.209 26.211 26.229 26.249 26.249 26.249 26.253 26.263 26.285 26.291 26.293 26.297 26.325 26.326 26.342 26.345 26.351 26.364 26.373 26.387 26.388 26.394 26.394 26.395 26.395 26.397 26.405 26.411 26.422 26.434 26.438 26.452 26.457 26.46 26.46 26.464 26.468 26.471 26.494 26.495 26.527 26.527 26.528 26.531 26.539 26.542 26.57 26.573 26.591 26.594 26.594 26.597 26.6 26.611 26.613 26.613 26.62 26.634 26.638 26.648 26.648 26.662 26.668 26.67 26.698 26.7 26.703 26.718 26.734 26.744 26.746 26.758 26.758 26.774 26.782 26.796 26.805 26.827 26.829 26.84 26.841 26.85 26.858 26.859 26.867 26.873 26.913 26.922 26.931 26.961 26.972 26.979 26.981 26.987 27.013 27.016 27.02 27.029 27.045 27.063 27.063 27.079 27.085 27.109 27.113 27.121 27.125 27.134 27.137 27.145 27.148 27.171 27.175 27.198 27.211 27.22 27.224 27.233 27.241 27.245 27.247 27.251 27.284 27.29 27.299 27.3 27.31 27.32 27.325 27.329 27.332 27.337 27.343 27.343 27.345 27.35 27.36 27.36 27.369 27.37 27.382 27.393 27.396 27.411 27.414 27.432 27.437 27.442 27.453 27.454 27.456 27.466 27.474 27.476 27.484 27.498 27.504 27.514 27.518 27.52 27.522 27.524 27.53 27.554 27.562 27.568 27.58 27.586 27.597 27.598 27.624 27.63 27.644 27.658 27.658 27.664 27.67 27.672 27.682 27.682 27.686 27.69 27.696 27.709 27.721 27.727 27.728 27.729 27.729 27.732 27.748 27.749 27.751 27.752 27.754 27.758 27.763 27.779 27.779 27.782 27.785 27.806 27.807 27.812 27.813 27.82 27.827 27.828 27.835 27.84 27.844 27.85 27.853 27.854 27.865 27.877 27.88 27.881 27.885 27.891 27.891 27.911 27.913 27.913 27.927 27.933 27.937 27.967 27.973 27.987 27.989 27.991 27.991 27.993 27.999 28.003 28.003 28.007 28.011 28.011 28.011 28.013 28.023 28.029 28.029 28.031 28.031 28.033 28.039 28.045 28.061 28.072 28.074 28.079 28.09 28.095 28.097 28.099 28.113 28.115 28.117 28.122 28.13 28.13 28.131 28.135 28.147 28.149 28.177 28.18 28.191 28.197 28.199 28.202 28.222 28.224 28.234 28.234 28.238 28.249 28.252 28.257 28.26 28.264 28.282 28.285 28.288 28.295 28.308 28.31 28.31 28.316 28.321 28.333 28.334 28.344 28.346 28.372 28.392 28.392 28.396 28.4 28.402 28.404 28.41 28.424 28.43 28.434 28.438 28.45 28.45 28.478 28.481 28.483 28.495 28.495 28.499 28.5 28.5 28.501 28.502 28.502 28.506 28.512 28.514 28.518 28.52 28.523 28.523 28.532 28.538 28.556 28.56 28.577 28.583 28.589 28.59 28.592 28.595 28.602 28.618 28.62 28.629 28.63 28.639 28.648 28.656 28.695 28.699 28.701 28.705 28.707 28.708 28.711 28.711 28.717 28.726 28.732 28.735 28.743 28.753 28.753 28.763 28.781 28.789 28.791 28.797 28.799 28.801 28.807 28.811 28.821 28.833 28.833 28.855 28.871 28.879 28.899 28.902 28.903 28.907 28.916 28.922 28.932 28.941 28.941 28.942 28.944 28.945 28.961 28.969 28.973 28.987 28.99 29.003 29.035 29.043 29.058 29.072 29.08 29.089 29.096 29.12 29.125 29.127 29.132 29.142 29.166 29.176 29.19 29.192 29.206 29.226 29.24 29.25 29.268 29.31 29.318 29.338 29.342 29.372 29.372 29.381 29.382 29.389 29.402 29.402 29.406 29.409 29.414 29.432 29.444 29.446 29.45 29.464 29.517 29.519 29.522 29.524 29.526 29.545 29.55 29.551 29.563 29.574 29.595 29.605 29.605 29.617 29.631 29.637 29.657 29.659 29.663 29.677 29.685 29.729 29.733 29.75 29.755 29.767 29.799 29.824 29.824 29.824 29.831 29.836 29.894 29.904 29.916 29.933 29.957 29.966 29.976 29.976 29.99 30.068 30.072 30.082 30.086 30.098 30.11 30.116 30.124 30.126 30.14 30.174 30.196 30.212 30.216 30.249 30.25 30.252 30.26 30.266 30.269 30.324 30.325 30.354 30.393 30.399 30.403 30.404 30.417 30.445 30.445 30.521 30.533 30.543 30.567 30.571 30.577 30.619 30.627 30.627 30.654 30.679 30.683 30.71 30.75 30.756 30.756 30.853 30.904 30.91 30.922 30.942 30.958 30.958 30.978 31.016 31.018 31.06 31.062 31.123 31.142 31.15 31.165 31.196 31.217 31.253 31.26 31.269 31.283 31.291 31.379 31.383 31.395 31.447 31.495 31.501 31.529 31.557 31.566 31.567 31.585 31.742 31.758 31.812 31.868 31.968 32.025 32.058 32.134 32.273 33.098 33.805 34.264 34.349 34.469 34.709 34.746 34.79 34.791 35.009 35.037 35.191 35.322 35.344 35.589 35.627 35.643 35.667 35.926 35.948 35.978 36.047 36.15 36.156 36.156 36.281 36.351 36.739 36.75 36.799 37.038 37.163 37.245 37.339 37.535 37.8 37.84 37.872 38.271 38.313 38.676 39.325 39.402 39.816 39.862 39.965 40.003 40.07 40.083 40.137 40.15 40.376 40.485 40.487 40.497 40.511 40.544 40.662 40.752 40.804 40.834 40.892 40.921 41.068 41.132 41.156 41.249 41.303 41.308 41.319 41.376 41.426 41.439 41.467 41.522 41.53 41.536 41.541 41.543 41.567 41.593 41.607 41.64 41.68 41.71 41.737 41.768 41.784 41.791 41.83 41.925 41.985 42.011 42.063 42.148 42.168 42.174 42.205 42.265 42.328 42.406 42.571 42.582 42.625 42.659 42.676 42.706 42.724 42.783 42.802 42.853 43.003 43.013 43.073 43.09 43.1 43.108 43.127 43.147 43.161 43.191 43.248 43.25 43.294 43.3 43.37 43.377 43.377 43.385 43.398 43.401 43.415 43.421 43.434 43.434 43.498 43.551 43.555 43.561 43.574 43.601 43.662 43.708 43.759 43.797 43.798 43.812 43.815 43.912 43.922 43.923 43.928 43.936 43.962 43.972 44.039 44.052 44.052 44.059 44.11 44.182 44.193 44.215 44.359 44.369 44.393 44.423 44.453 44.471 44.473 44.479 44.484 44.52 44.526 44.529 44.574 44.611 44.624 44.634 44.663 44.704 44.711 44.717 44.721 44.731 44.738 44.778 44.787 44.787 44.874 44.977 44.981 44.987 45.001 45.017 45.024 45.042 45.085 45.108 45.202 45.208 45.208 45.266 45.272 45.285 45.285 45.338 45.338 45.349 45.375 45.381 45.415 45.446 45.483 45.502 45.51 45.539 45.559 45.559 45.586 45.606 45.626 45.857 45.899 45.906 45.913 45.95 46.037 46.064 46.09 46.12 46.223 46.231 46.323 46.325 46.358 46.4 46.691 46.702 46.718 46.718 46.799 46.843 47.013 47.016 47.019 47.045 47.1 47.283 47.467 47.498 47.534 47.711 47.765 47.811 47.828 47.861 48.044 48.248 48.284 48.726 48.827 48.917 48.928 49.222 49.288 49.335 49.548 49.585 49.622 49.699 49.728 50.301 51.835 52.826 52.903 53.246 53.348 53.419 54.477 55.05 55.201 56.114 56.962 57.564 57.775 57.788 58.063 58.777 59.163 61.085 73.701 87.711 116.872 122.402 2363.09

Time elapsed stats:
  sum  35107.6 us
  avg  35.1076 us
  max  2363.09 us
  min  24.299 us

Removing top/bottom-5:
  sum  32221.5 us
  avg  32.547 us
  max  61.085 us
  min  24.737 us

Num files at level --
  0: 9
  1: 19
  2: 12
  3: 0
  4: 0
  5: 0
  6: 0

Stats --
                               Compactions
Level  Files Size(MB) Time(sec) Read(MB) Write(MB)
--------------------------------------------------
  0        9       36         0        0         0
  1       19       36         0        0         0
  2       12       24         0        0         0

SSTables --
--- level 0 ---
 92:4124646['user10046604894068544' @ 9635 : 1 .. 'user971136347768642592' @ 9667 : 1]
 89:4205685['user1005640680888162' @ 8874 : 1 .. 'user960084102193685886' @ 8906 : 1]
 85:4204932['user1005972966029934054' @ 8047 : 1 .. 'user994579075160678783' @ 7972 : 1]
 81:4205504['user1006191281247775937' @ 7456 : 1 .. 'user982188593343599298' @ 7368 : 1]
 78:4205619['user1006532926542074502' @ 6714 : 1 .. 'user99137614613375737' @ 6928 : 1]
 83:4205080['user1018363447847013539' @ 7865 : 1 .. 'user993800799430696452' @ 7820 : 1]
 58:4205091['user1019483368871294435' @ 6367 : 1 .. 'user994360759942836900' @ 6491 : 1]
 91:4205756['user1044594160504054184' @ 9234 : 1 .. 'user95229708324090387' @ 9196 : 1]
 87:4205838['user1050400263547602761' @ 8556 : 1 .. 'user935751586290908468' @ 8619 : 1]
--- level 1 ---
 56:2107550['user1006751241759916385' @ 6221 : 1 .. 'user1498736710723774180' @ 4061 : 1]
 59:2107519['user1499296671235914628' @ 2800 : 1 .. 'user1940937226857796243' @ 3609 : 1]
 60:2107462['user1941497187369936691' @ 3402 : 1 .. 'user2429916395338807701' @ 3442 : 1]
 61:2107602['user2430134710556649584' @ 4885 : 1 .. 'user2893101481598462280' @ 4780 : 1]
 62:2107507['user2895889466863466734' @ 3822 : 1 .. 'user3335631825731085122' @ 5111 : 1]
 63:2107680['user3336191786243225570' @ 5762 : 1 .. 'user3810210802859994972' @ 2664 : 1]
 64:2107439['user3810429118077836855' @ 3175 : 1 .. 'user4256537540501144268' @ 6053 : 1]
 65:2107572['user4257097501013284716' @ 5270 : 1 .. 'user4760135215552099217' @ 2697 : 1]
 66:2107491['user4764821397571366898' @ 2517 : 1 .. 'user5211708095724656642' @ 5413 : 1]
 67:2107613['user5212049741018955207' @ 5233 : 1 .. 'user5623208460573458061' @ 4765 : 1]
 68:2107496['user5623768421085598509' @ 6064 : 1 .. 'user6131835534764733457' @ 4229 : 1]
 69:2107420['user6132395495276873905' @ 5110 : 1 .. 'user6533061929768560501' @ 3508 : 1]
 70:2107414['user65420917376365171' @ 3918 : 1 .. 'user7021699452955273394' @ 6015 : 1]
 71:2107611['user7030293541263826425' @ 5829 : 1 .. 'user7488014169774230992' @ 3403 : 1]
 72:1895765['user7488232484992072875' @ 4916 : 1 .. 'user7891251846139834360' @ 4796 : 1]
 73:2107521['user7900965855472668287' @ 4966 : 1 .. 'user8384575551345814934' @ 3899 : 1]
 74:2107482['user8384917196640113499' @ 2579 : 1 .. 'user8794955995170335457' @ 5853 : 1]
 75:2107295['user8795515955682475905' @ 5104 : 1 .. 'user979960568590735292' @ 3463 : 1]
 76:121025['user982748553855739746' @ 5015 : 1 .. 'user997378877721381023' @ 3797 : 1]
--- level 2 ---
 36:2107527['user1000385178204227360' @ 6 : 1 .. 'user1715321609418666813' @ 1633 : 1]
 45:2107432['user1715539924636508696' @ 2150 : 1 .. 'user2419424110275991443' @ 2320 : 1]
 46:2107346['user2422430410758837780' @ 1503 : 1 .. 'user3111914405046218919' @ 615 : 1]
 47:2107429['user3112132720264060802' @ 104 : 1 .. 'user3832315294009908384' @ 2078 : 1]
 48:2107491['user3835881555004895169' @ 1024 : 1 .. 'user4515091579447301933' @ 169 : 1]
 49:2107419['user4515651539959442381' @ 922 : 1 .. 'user5219194080304626563' @ 398 : 1]
 50:2107468['user5223101986593911913' @ 1398 : 1 .. 'user5911684375074854039' @ 2219 : 1]
 51:2107281['user5912804296099134935' @ 713 : 1 .. 'user6525357629970748697' @ 1972 : 1]
 52:2107377['user6525917590482889145' @ 67 : 1 .. 'user7230580051852354223' @ 1081 : 1]
 53:2107438['user7230798367070196106' @ 1614 : 1 .. 'user789388067335041421' @ 1243 : 1]
 54:2107349['user7908110194758339643' @ 1689 : 1 .. 'user8637323487248424022' @ 309 : 1]
 55:2046806['user8637665132542722587' @ 97 : 1 .. 'user996258956697100127' @ 1207 : 1]
--- level 3 ---
--- level 4 ---
--- level 5 ---
--- level 6 ---

