Finished 1000 requests.

Sorted time elapsed:
 24.673 24.76 24.798 24.98 25.018 25.106 25.114 25.168 25.191 25.197 25.237 25.268 25.292 25.315 25.331 25.351 25.381 25.407 25.455 25.488 25.494 25.497 25.541 25.541 25.542 25.576 25.613 25.648 25.67 25.694 25.702 25.712 25.784 25.862 25.872 25.89 25.904 25.928 25.962 25.966 25.966 25.976 25.997 26.021 26.069 26.078 26.117 26.14 26.145 26.162 26.217 26.219 26.249 26.253 26.283 26.299 26.305 26.317 26.317 26.32 26.371 26.392 26.403 26.411 26.441 26.443 26.443 26.455 26.49 26.492 26.5 26.522 26.54 26.542 26.56 26.561 26.571 26.584 26.595 26.596 26.612 26.614 26.636 26.636 26.64 26.664 26.668 26.672 26.676 26.682 26.696 26.7 26.702 26.704 26.734 26.736 26.746 26.748 26.75 26.75 26.752 26.772 26.78 26.78 26.782 26.783 26.786 26.8 26.804 26.812 26.823 26.824 26.826 26.83 26.838 26.841 26.842 26.848 26.856 26.864 26.866 26.868 26.872 26.889 26.908 26.91 26.918 26.918 26.921 26.923 26.957 26.963 26.969 26.971 26.975 26.979 26.981 26.994 27.001 27.007 27.011 27.019 27.043 27.043 27.055 27.077 27.083 27.089 27.097 27.101 27.103 27.103 27.105 27.113 27.113 27.119 27.153 27.183 27.187 27.195 27.235 27.28 27.291 27.309 27.316 27.32 27.341 27.346 27.347 27.352 27.353 27.354 27.356 27.37 27.379 27.382 27.384 27.402 27.475 27.476 27.494 27.498 27.514 27.516 27.526 27.532 27.536 27.536 27.544 27.55 27.55 27.563 27.582 27.586 27.59 27.606 27.616 27.622 27.637 27.64 27.642 27.643 27.648 27.65 27.658 27.664 27.686 27.69 27.691 27.699 27.705 27.726 27.73 27.737 27.739 27.759 27.77 27.785 27.787 27.793 27.805 27.819 27.828 27.829 27.832 27.841 27.843 27.845 27.849 27.853 27.861 27.865 27.869 27.871 27.877 27.884 27.885 27.903 27.905 27.905 27.906 27.906 27.909 27.909 27.909 27.912 27.913 27.919 27.921 27.921 27.925 27.929 27.931 27.931 27.933 27.939 27.941 27.941 27.941 27.949 27.949 27.951 27.957 27.957 27.959 27.961 27.963 27.999 28.011 28.015 28.017 28.022 28.025 28.029 28.038 28.055 28.056 28.057 28.057 28.059 28.073 28.081 28.106 28.112 28.117 28.131 28.133 28.134 28.138 28.139 28.143 28.153 28.156 28.17 28.171 28.174 28.186 28.198 28.199 28.207 28.208 28.211 28.211 28.218 28.232 28.238 28.244 28.249 28.258 28.258 28.265 28.267 28.268 28.273 28.276 28.282 28.286 28.298 28.3 28.312 28.332 28.343 28.344 28.348 28.352 28.354 28.36 28.364 28.37 28.374 28.378 28.38 28.382 28.384 28.386 28.388 28.388 28.39 28.394 28.394 28.396 28.41 28.41 28.412 28.414 28.422 28.444 28.448 28.454 28.463 28.469 28.474 28.493 28.494 28.494 28.495 28.503 28.508 28.512 28.523 28.529 28.532 28.537 28.557 28.558 28.561 28.561 28.562 28.566 28.567 28.577 28.585 28.594 28.61 28.617 28.644 28.652 28.658 28.659 28.663 28.663 28.668 28.673 28.675 28.695 28.699 28.713 28.717 28.719 28.721 28.727 28.728 28.737 28.743 28.745 28.765 28.767 28.783 28.785 28.795 28.799 28.805 28.811 28.829 28.831 28.831 28.831 28.835 28.837 28.837 28.859 28.861 28.915 28.921 28.921 28.923 28.925 28.927 28.931 28.934 28.935 28.935 28.935 28.935 28.943 28.959 28.959 28.963 28.968 28.972 28.975 28.976 28.978 28.986 28.989 29.003 29.004 29.007 29.01 29.016 29.02 29.027 29.032 29.033 29.036 29.036 29.04 29.041 29.06 29.06 29.065 29.086 29.086 29.089 29.09 29.096 29.099 29.106 29.107 29.111 29.112 29.114 29.116 29.118 29.123 29.125 29.125 29.126 29.136 29.136 29.138 29.138 29.144 29.151 29.152 29.176 29.18 29.192 29.192 29.206 29.212 29.213 29.214 29.214 29.226 29.226 29.238 29.238 29.24 29.24 29.24 29.242 29.25 29.252 29.26 29.264 29.276 29.302 29.306 29.308 29.31 29.312 29.313 29.316 29.318 29.321 29.331 29.34 29.346 29.35 29.351 29.352 29.363 29.366 29.376 29.382 29.382 29.384 29.391 29.393 29.394 29.396 29.4 29.422 29.428 29.432 29.435 29.435 29.44 29.482 29.484 29.497 29.504 29.509 29.519 29.528 29.529 29.539 29.546 29.559 29.566 29.599 29.611 29.611 29.619 29.621 29.63 29.637 29.645 29.655 29.663 29.683 29.687 29.689 29.711 29.721 29.723 29.723 29.725 29.729 29.733 29.733 29.735 29.749 29.767 29.768 29.775 29.777 29.777 29.779 29.785 29.797 29.804 29.815 29.821 29.825 29.835 29.848 29.853 29.858 29.87 29.889 29.902 29.912 29.931 29.931 29.934 29.936 29.938 29.94 29.943 29.953 29.957 29.961 29.962 29.969 29.97 29.986 29.994 29.994 30 30.012 30.029 30.035 30.038 30.052 30.068 30.088 30.096 30.098 30.102 30.104 30.108 30.11 30.11 30.112 30.114 30.132 30.136 30.146 30.148 30.16 30.164 30.165 30.17 30.172 30.18 30.19 30.198 30.21 30.225 30.252 30.255 30.258 30.26 30.274 30.288 30.295 30.296 30.296 30.296 30.3 30.303 30.314 30.322 30.325 30.331 30.336 30.342 30.342 30.344 30.344 30.355 30.361 30.394 30.413 30.414 30.417 30.431 30.447 30.449 30.461 30.461 30.464 30.465 30.475 30.475 30.495 30.515 30.515 30.521 30.529 30.541 30.549 30.555 30.563 30.591 30.593 30.615 30.623 30.631 30.632 30.635 30.639 30.639 30.642 30.649 30.65 30.651 30.663 30.671 30.673 30.677 30.679 30.689 30.699 30.709 30.714 30.724 30.735 30.749 30.777 30.788 30.802 30.82 30.821 30.832 30.848 30.854 30.855 30.866 30.876 30.88 30.89 30.891 30.894 30.924 30.948 30.966 30.97 30.972 30.974 30.988 30.994 31.024 31.032 31.048 31.08 31.108 31.11 31.113 31.114 31.116 31.128 31.162 31.166 31.196 31.211 31.211 31.249 31.255 31.265 31.267 31.285 31.297 31.321 31.323 31.329 31.343 31.343 31.383 31.395 31.453 31.457 31.457 31.457 31.463 31.499 31.521 31.523 31.535 31.537 31.537 31.584 31.599 31.614 31.624 31.626 31.638 31.639 31.644 31.668 31.69 31.733 31.741 31.746 31.774 31.78 31.794 31.8 31.804 31.834 31.865 31.872 31.884 31.896 31.965 31.978 31.991 31.993 31.997 32.138 32.173 32.259 32.275 32.339 32.364 32.387 32.427 32.495 32.591 32.604 32.613 32.698 32.746 32.857 32.954 33.079 33.43 33.532 33.536 33.684 33.807 33.916 34.122 34.187 34.227 34.267 34.28 34.315 34.32 34.348 34.354 34.388 34.498 34.503 34.514 34.54 34.545 34.594 34.643 34.706 34.731 34.761 34.766 34.783 34.838 34.881 34.934 34.941 34.941 34.943 34.947 35.07 35.074 35.086 35.124 35.165 35.189 35.202 35.237 35.272 35.282 35.304 35.322 35.332 35.34 35.365 35.412 35.485 35.522 35.556 35.587 35.606 35.661 35.665 35.743 35.767 35.781 35.783 35.796 35.806 35.835 35.924 35.973 35.979 36.036 36.07 36.071 36.127 36.15 36.194 36.264 36.279 36.28 36.284 36.302 36.375 36.385 36.429 36.449 36.46 36.465 36.49 36.578 36.632 36.738 36.766 36.771 36.8 36.825 36.847 36.893 36.996 36.996 37.014 37.081 37.085 37.094 37.104 37.109 37.206 37.269 37.374 37.382 37.469 37.471 37.495 37.505 37.515 37.591 37.607 37.709 37.765 37.77 37.795 37.866 37.936 37.963 37.98 38.001 38.036 38.054 38.187 38.211 38.234 38.255 38.257 38.269 38.272 38.283 38.331 38.442 38.519 38.557 38.61 38.618 38.625 38.647 38.662 38.704 38.755 38.778 38.833 38.855 38.863 38.953 39.003 39.031 39.157 39.279 39.306 39.449 39.47 39.974 39.981 40.091 40.284 40.655 40.752 40.779 40.787 40.837 40.901 41.594 42.803 44.257 44.42 45.06 45.351 45.533 45.874 46.014 46.402 47.395 47.888 48.553 48.776 49.194 49.92 50.756 50.964 56.676 56.768 66.355 70.867 79.372 84.757 100.335 2296.94

Time elapsed stats:
  sum  33015.7 us
  avg  33.0157 us
  max  2296.94 us
  min  24.673 us

Removing top/bottom-5:
  sum  30259.2 us
  avg  30.5648 us
  max  66.355 us
  min  25.106 us

Num files at level --
  0: 9
  1: 19
  2: 12
  3: 0
  4: 0
  5: 0
  6: 0

Stats --
                               Compactions
Level  Files Size(MB) Time(sec) Read(MB) Write(MB)
--------------------------------------------------
  0        9       36         0        0         0
  1       19       36         0        0         0
  2       12       24         0        0         0

SSTables --
--- level 0 ---
 92:4124646['user10046604894068544' @ 9635 : 1 .. 'user971136347768642592' @ 9667 : 1]
 89:4205685['user1005640680888162' @ 8874 : 1 .. 'user960084102193685886' @ 8906 : 1]
 85:4204932['user1005972966029934054' @ 8047 : 1 .. 'user994579075160678783' @ 7972 : 1]
 81:4205504['user1006191281247775937' @ 7456 : 1 .. 'user982188593343599298' @ 7368 : 1]
 78:4205619['user1006532926542074502' @ 6714 : 1 .. 'user99137614613375737' @ 6928 : 1]
 83:4205080['user1018363447847013539' @ 7865 : 1 .. 'user993800799430696452' @ 7820 : 1]
 58:4205091['user1019483368871294435' @ 6367 : 1 .. 'user994360759942836900' @ 6491 : 1]
 91:4205756['user1044594160504054184' @ 9234 : 1 .. 'user95229708324090387' @ 9196 : 1]
 87:4205838['user1050400263547602761' @ 8556 : 1 .. 'user935751586290908468' @ 8619 : 1]
--- level 1 ---
 56:2107550['user1006751241759916385' @ 6221 : 1 .. 'user1498736710723774180' @ 4061 : 1]
 59:2107519['user1499296671235914628' @ 2800 : 1 .. 'user1940937226857796243' @ 3609 : 1]
 60:2107462['user1941497187369936691' @ 3402 : 1 .. 'user2429916395338807701' @ 3442 : 1]
 61:2107602['user2430134710556649584' @ 4885 : 1 .. 'user2893101481598462280' @ 4780 : 1]
 62:2107507['user2895889466863466734' @ 3822 : 1 .. 'user3335631825731085122' @ 5111 : 1]
 63:2107680['user3336191786243225570' @ 5762 : 1 .. 'user3810210802859994972' @ 2664 : 1]
 64:2107439['user3810429118077836855' @ 3175 : 1 .. 'user4256537540501144268' @ 6053 : 1]
 65:2107572['user4257097501013284716' @ 5270 : 1 .. 'user4760135215552099217' @ 2697 : 1]
 66:2107491['user4764821397571366898' @ 2517 : 1 .. 'user5211708095724656642' @ 5413 : 1]
 67:2107613['user5212049741018955207' @ 5233 : 1 .. 'user5623208460573458061' @ 4765 : 1]
 68:2107496['user5623768421085598509' @ 6064 : 1 .. 'user6131835534764733457' @ 4229 : 1]
 69:2107420['user6132395495276873905' @ 5110 : 1 .. 'user6533061929768560501' @ 3508 : 1]
 70:2107414['user65420917376365171' @ 3918 : 1 .. 'user7021699452955273394' @ 6015 : 1]
 71:2107611['user7030293541263826425' @ 5829 : 1 .. 'user7488014169774230992' @ 3403 : 1]
 72:1895765['user7488232484992072875' @ 4916 : 1 .. 'user7891251846139834360' @ 4796 : 1]
 73:2107521['user7900965855472668287' @ 4966 : 1 .. 'user8384575551345814934' @ 3899 : 1]
 74:2107482['user8384917196640113499' @ 2579 : 1 .. 'user8794955995170335457' @ 5853 : 1]
 75:2107295['user8795515955682475905' @ 5104 : 1 .. 'user979960568590735292' @ 3463 : 1]
 76:121025['user982748553855739746' @ 5015 : 1 .. 'user997378877721381023' @ 3797 : 1]
--- level 2 ---
 36:2107527['user1000385178204227360' @ 6 : 1 .. 'user1715321609418666813' @ 1633 : 1]
 45:2107432['user1715539924636508696' @ 2150 : 1 .. 'user2419424110275991443' @ 2320 : 1]
 46:2107346['user2422430410758837780' @ 1503 : 1 .. 'user3111914405046218919' @ 615 : 1]
 47:2107429['user3112132720264060802' @ 104 : 1 .. 'user3832315294009908384' @ 2078 : 1]
 48:2107491['user3835881555004895169' @ 1024 : 1 .. 'user4515091579447301933' @ 169 : 1]
 49:2107419['user4515651539959442381' @ 922 : 1 .. 'user5219194080304626563' @ 398 : 1]
 50:2107468['user5223101986593911913' @ 1398 : 1 .. 'user5911684375074854039' @ 2219 : 1]
 51:2107281['user5912804296099134935' @ 713 : 1 .. 'user6525357629970748697' @ 1972 : 1]
 52:2107377['user6525917590482889145' @ 67 : 1 .. 'user7230580051852354223' @ 1081 : 1]
 53:2107438['user7230798367070196106' @ 1614 : 1 .. 'user789388067335041421' @ 1243 : 1]
 54:2107349['user7908110194758339643' @ 1689 : 1 .. 'user8637323487248424022' @ 309 : 1]
 55:2046806['user8637665132542722587' @ 97 : 1 .. 'user996258956697100127' @ 1207 : 1]
--- level 3 ---
--- level 4 ---
--- level 5 ---
--- level 6 ---

