Finished 1000 requests.

Sorted time elapsed:
 28.837 29.119 29.122 29.152 29.164 29.242 29.242 29.278 29.373 29.374 29.403 29.407 29.521 29.523 29.587 29.727 29.729 29.78 29.829 29.881 29.955 30.034 30.052 30.081 30.108 30.134 30.15 30.158 30.192 30.204 30.228 30.25 30.256 30.31 30.312 30.34 30.34 30.345 30.345 30.353 30.353 30.378 30.381 30.383 30.385 30.393 30.419 30.433 30.463 30.467 30.467 30.471 30.473 30.483 30.487 30.497 30.503 30.527 30.535 30.537 30.555 30.559 30.567 30.571 30.583 30.585 30.6 30.613 30.617 30.621 30.627 30.627 30.63 30.656 30.662 30.671 30.672 30.674 30.679 30.691 30.692 30.71 30.733 30.74 30.741 30.741 30.743 30.747 30.748 30.754 30.756 30.764 30.794 30.8 30.805 30.808 30.845 30.852 30.863 30.866 30.872 30.879 30.914 30.916 30.922 30.936 30.938 30.96 30.962 30.968 30.978 30.986 30.994 31.014 31.068 31.072 31.12 31.128 31.13 31.147 31.159 31.163 31.166 31.178 31.195 31.203 31.211 31.212 31.213 31.218 31.219 31.229 31.247 31.256 31.269 31.27 31.271 31.273 31.289 31.296 31.297 31.302 31.311 31.312 31.333 31.343 31.344 31.345 31.359 31.361 31.361 31.363 31.369 31.369 31.379 31.383 31.391 31.393 31.401 31.407 31.409 31.417 31.445 31.449 31.467 31.475 31.477 31.48 31.483 31.487 31.494 31.497 31.505 31.513 31.535 31.542 31.561 31.564 31.565 31.566 31.571 31.573 31.578 31.581 31.589 31.591 31.604 31.609 31.612 31.616 31.619 31.625 31.628 31.631 31.634 31.642 31.646 31.652 31.653 31.655 31.655 31.675 31.679 31.681 31.69 31.693 31.696 31.7 31.706 31.707 31.707 31.71 31.712 31.727 31.736 31.748 31.757 31.758 31.764 31.766 31.766 31.768 31.774 31.779 31.78 31.782 31.786 31.788 31.794 31.799 31.804 31.816 31.816 31.818 31.818 31.826 31.834 31.84 31.84 31.842 31.846 31.858 31.864 31.866 31.872 31.874 31.88 31.884 31.886 31.894 31.896 31.908 31.912 31.914 31.918 31.92 31.926 31.93 31.938 31.948 31.955 31.958 31.961 31.964 31.966 31.972 31.98 31.994 31.998 32.003 32.009 32.016 32.019 32.022 32.029 32.049 32.053 32.058 32.058 32.086 32.091 32.098 32.101 32.11 32.127 32.129 32.133 32.133 32.135 32.141 32.159 32.165 32.165 32.184 32.185 32.186 32.189 32.193 32.195 32.197 32.199 32.209 32.211 32.217 32.219 32.223 32.225 32.225 32.229 32.233 32.235 32.247 32.257 32.263 32.265 32.267 32.269 32.269 32.279 32.283 32.284 32.303 32.305 32.305 32.311 32.313 32.315 32.317 32.319 32.321 32.322 32.327 32.349 32.367 32.367 32.404 32.407 32.408 32.413 32.415 32.416 32.422 32.423 32.423 32.439 32.449 32.458 32.46 32.472 32.473 32.488 32.489 32.491 32.497 32.501 32.504 32.506 32.507 32.511 32.513 32.514 32.514 32.515 32.523 32.53 32.538 32.539 32.543 32.546 32.546 32.564 32.571 32.574 32.576 32.586 32.588 32.596 32.598 32.6 32.611 32.612 32.614 32.616 32.623 32.624 32.634 32.642 32.645 32.648 32.65 32.65 32.656 32.666 32.668 32.67 32.688 32.688 32.69 32.69 32.702 32.706 32.712 32.716 32.726 32.728 32.729 32.732 32.744 32.746 32.754 32.758 32.758 32.76 32.761 32.764 32.78 32.784 32.788 32.807 32.808 32.814 32.828 32.83 32.851 32.859 32.869 32.87 32.875 32.876 32.876 32.89 32.893 32.896 32.911 32.921 32.923 32.923 32.935 32.938 32.946 32.952 32.958 32.963 32.963 32.963 32.969 32.975 32.979 32.981 32.985 32.995 33.001 33.002 33.002 33.008 33.015 33.015 33.026 33.042 33.058 33.059 33.061 33.061 33.063 33.075 33.083 33.09 33.109 33.109 33.109 33.123 33.141 33.149 33.151 33.155 33.159 33.161 33.161 33.171 33.172 33.179 33.195 33.199 33.199 33.201 33.203 33.217 33.224 33.225 33.243 33.244 33.245 33.265 33.267 33.275 33.279 33.289 33.295 33.3 33.308 33.312 33.323 33.331 33.341 33.342 33.347 33.357 33.37 33.371 33.372 33.384 33.388 33.39 33.394 33.396 33.399 33.402 33.404 33.41 33.418 33.428 33.43 33.455 33.461 33.472 33.48 33.496 33.5 33.501 33.504 33.508 33.518 33.524 33.526 33.532 33.536 33.536 33.538 33.54 33.544 33.554 33.562 33.564 33.564 33.566 33.568 33.587 33.588 33.592 33.598 33.599 33.609 33.614 33.622 33.626 33.63 33.641 33.656 33.66 33.665 33.668 33.678 33.684 33.686 33.687 33.689 33.69 33.695 33.699 33.704 33.704 33.708 33.709 33.711 33.714 33.726 33.731 33.731 33.734 33.738 33.74 33.742 33.761 33.767 33.768 33.779 33.785 33.789 33.797 33.812 33.825 33.829 33.834 33.846 33.849 33.871 33.877 33.886 33.889 33.913 33.921 33.933 33.936 33.939 33.944 33.945 33.957 33.959 33.985 33.993 33.995 33.997 33.997 33.997 34.007 34.009 34.015 34.017 34.021 34.023 34.025 34.025 34.026 34.048 34.049 34.069 34.077 34.093 34.097 34.105 34.107 34.109 34.113 34.116 34.127 34.131 34.133 34.141 34.143 34.166 34.172 34.178 34.179 34.193 34.202 34.205 34.207 34.211 34.236 34.244 34.244 34.248 34.249 34.252 34.252 34.256 34.26 34.266 34.276 34.284 34.289 34.292 34.294 34.298 34.302 34.323 34.359 34.37 34.384 34.388 34.422 34.432 34.434 34.436 34.454 34.462 34.47 34.478 34.481 34.495 34.499 34.512 34.532 34.56 34.563 34.564 34.585 34.598 34.598 34.598 34.639 34.642 34.642 34.649 34.654 34.664 34.665 34.667 34.671 34.674 34.707 34.733 34.743 34.765 34.771 34.775 34.787 34.791 34.805 34.829 34.865 34.893 34.913 34.917 34.931 34.957 34.961 34.977 34.989 34.991 35.007 35.084 35.085 35.144 35.18 35.186 35.19 35.194 35.194 35.206 35.21 35.224 35.226 35.228 35.242 35.298 35.318 35.331 35.338 35.34 35.348 35.396 35.398 35.412 35.456 35.496 35.593 35.6 35.623 35.653 35.657 35.663 35.695 35.709 35.711 35.779 35.801 35.806 35.823 35.824 35.93 35.939 35.954 35.975 35.99 35.994 36.023 36.066 36.071 36.09 36.146 36.15 36.172 36.222 36.226 36.35 36.543 36.553 36.561 36.703 37.064 37.784 37.832 37.862 38.117 38.227 38.476 38.488 38.502 38.74 38.802 38.967 39.004 39.123 39.366 39.403 39.642 39.79 39.939 40.062 40.085 40.321 40.39 40.42 40.434 40.58 40.737 40.775 40.804 40.875 41.12 41.254 41.308 41.322 41.5 41.691 41.869 41.883 41.943 42.086 42.232 42.291 42.34 42.467 42.531 42.577 42.655 42.663 42.696 42.831 42.972 42.994 43.056 43.129 43.15 43.553 43.94 43.948 43.969 44.118 44.156 44.656 44.674 44.69 44.859 45.021 46.296 47.655 47.883 48.589 49.297 49.397 49.679 51.055 51.787 51.955 53.392 53.537 54.757 55.84 57.734 58.911 61.302 61.88 62.626 62.867 63.147 63.15 63.223 63.476 63.868 63.896 63.993 64.318 64.558 64.59 64.806 65.044 65.2 65.224 65.335 65.685 65.825 66.13 66.37 66.419 66.643 66.735 66.799 66.8 67.172 67.24 67.449 67.569 67.589 67.621 67.637 67.781 67.802 67.837 68.042 68.062 68.078 68.135 68.319 68.343 68.395 68.447 68.567 68.599 68.639 68.672 68.768 68.864 68.993 69.04 69.506 69.541 69.553 69.554 69.558 69.858 70.239 70.639 70.905 71.045 71.683 71.692 71.857 71.872 71.997 72.023 72.208 72.516 72.644 72.729 72.785 72.794 72.835 72.859 72.965 73.13 73.32 73.351 73.401 73.715 73.892 74.348 74.393 75.055 75.119 75.19 75.392 75.646 75.776 75.856 75.921 76.734 76.949 77.229 77.49 77.56 79.096 80.383 80.542 80.896 81.47 81.495 81.774 82.047 82.761 83.949 84.281 85.464 85.715 86.281 86.516 87.133 87.192 87.438 87.834 87.889 88.19 88.249 88.646 90.235 91.53 92.24 94.139 100.143 101.747 104.623 116.198 117.067 117.353 118.305 118.711 173.054 346.385 3117.96

Time elapsed stats:
  sum  42867.8 us
  avg  42.8678 us
  max  3117.96 us
  min  28.837 us

Removing top/bottom-5:
  sum  38848 us
  avg  39.2404 us
  max  117.353 us
  min  29.242 us

Num files at level --
  0: 9
  1: 19
  2: 12
  3: 0
  4: 0
  5: 0
  6: 0

Stats --
                               Compactions
Level  Files Size(MB) Time(sec) Read(MB) Write(MB)
--------------------------------------------------
  0        9       36         0        0         0
  1       19       36         0        0         0
  2       12       24         0        0         0

SSTables --
--- level 0 ---
 92:4124646['user10046604894068544' @ 9635 : 1 .. 'user971136347768642592' @ 9667 : 1]
 89:4205685['user1005640680888162' @ 8874 : 1 .. 'user960084102193685886' @ 8906 : 1]
 85:4204932['user1005972966029934054' @ 8047 : 1 .. 'user994579075160678783' @ 7972 : 1]
 81:4205504['user1006191281247775937' @ 7456 : 1 .. 'user982188593343599298' @ 7368 : 1]
 78:4205619['user1006532926542074502' @ 6714 : 1 .. 'user99137614613375737' @ 6928 : 1]
 83:4205080['user1018363447847013539' @ 7865 : 1 .. 'user993800799430696452' @ 7820 : 1]
 58:4205091['user1019483368871294435' @ 6367 : 1 .. 'user994360759942836900' @ 6491 : 1]
 91:4205756['user1044594160504054184' @ 9234 : 1 .. 'user95229708324090387' @ 9196 : 1]
 87:4205838['user1050400263547602761' @ 8556 : 1 .. 'user935751586290908468' @ 8619 : 1]
--- level 1 ---
 56:2107550['user1006751241759916385' @ 6221 : 1 .. 'user1498736710723774180' @ 4061 : 1]
 59:2107519['user1499296671235914628' @ 2800 : 1 .. 'user1940937226857796243' @ 3609 : 1]
 60:2107462['user1941497187369936691' @ 3402 : 1 .. 'user2429916395338807701' @ 3442 : 1]
 61:2107602['user2430134710556649584' @ 4885 : 1 .. 'user2893101481598462280' @ 4780 : 1]
 62:2107507['user2895889466863466734' @ 3822 : 1 .. 'user3335631825731085122' @ 5111 : 1]
 63:2107680['user3336191786243225570' @ 5762 : 1 .. 'user3810210802859994972' @ 2664 : 1]
 64:2107439['user3810429118077836855' @ 3175 : 1 .. 'user4256537540501144268' @ 6053 : 1]
 65:2107572['user4257097501013284716' @ 5270 : 1 .. 'user4760135215552099217' @ 2697 : 1]
 66:2107491['user4764821397571366898' @ 2517 : 1 .. 'user5211708095724656642' @ 5413 : 1]
 67:2107613['user5212049741018955207' @ 5233 : 1 .. 'user5623208460573458061' @ 4765 : 1]
 68:2107496['user5623768421085598509' @ 6064 : 1 .. 'user6131835534764733457' @ 4229 : 1]
 69:2107420['user6132395495276873905' @ 5110 : 1 .. 'user6533061929768560501' @ 3508 : 1]
 70:2107414['user65420917376365171' @ 3918 : 1 .. 'user7021699452955273394' @ 6015 : 1]
 71:2107611['user7030293541263826425' @ 5829 : 1 .. 'user7488014169774230992' @ 3403 : 1]
 72:1895765['user7488232484992072875' @ 4916 : 1 .. 'user7891251846139834360' @ 4796 : 1]
 73:2107521['user7900965855472668287' @ 4966 : 1 .. 'user8384575551345814934' @ 3899 : 1]
 74:2107482['user8384917196640113499' @ 2579 : 1 .. 'user8794955995170335457' @ 5853 : 1]
 75:2107295['user8795515955682475905' @ 5104 : 1 .. 'user979960568590735292' @ 3463 : 1]
 76:121025['user982748553855739746' @ 5015 : 1 .. 'user997378877721381023' @ 3797 : 1]
--- level 2 ---
 36:2107527['user1000385178204227360' @ 6 : 1 .. 'user1715321609418666813' @ 1633 : 1]
 45:2107432['user1715539924636508696' @ 2150 : 1 .. 'user2419424110275991443' @ 2320 : 1]
 46:2107346['user2422430410758837780' @ 1503 : 1 .. 'user3111914405046218919' @ 615 : 1]
 47:2107429['user3112132720264060802' @ 104 : 1 .. 'user3832315294009908384' @ 2078 : 1]
 48:2107491['user3835881555004895169' @ 1024 : 1 .. 'user4515091579447301933' @ 169 : 1]
 49:2107419['user4515651539959442381' @ 922 : 1 .. 'user5219194080304626563' @ 398 : 1]
 50:2107468['user5223101986593911913' @ 1398 : 1 .. 'user5911684375074854039' @ 2219 : 1]
 51:2107281['user5912804296099134935' @ 713 : 1 .. 'user6525357629970748697' @ 1972 : 1]
 52:2107377['user6525917590482889145' @ 67 : 1 .. 'user7230580051852354223' @ 1081 : 1]
 53:2107438['user7230798367070196106' @ 1614 : 1 .. 'user789388067335041421' @ 1243 : 1]
 54:2107349['user7908110194758339643' @ 1689 : 1 .. 'user8637323487248424022' @ 309 : 1]
 55:2046806['user8637665132542722587' @ 97 : 1 .. 'user996258956697100127' @ 1207 : 1]
--- level 3 ---
--- level 4 ---
--- level 5 ---
--- level 6 ---

