Finished 1000 requests.

Sorted time elapsed:
 66.511 66.651 66.829 66.863 66.877 67.032 67.09 67.369 67.375 67.421 67.453 67.539 67.575 67.637 67.691 67.814 67.828 67.886 67.895 67.94 67.942 67.964 67.964 67.974 67.976 67.982 68.02 68.026 68.116 68.123 68.129 68.134 68.139 68.147 68.149 68.194 68.283 68.311 68.313 68.317 68.367 68.377 68.385 68.389 68.397 68.411 68.413 68.447 68.455 68.467 68.497 68.511 68.532 68.563 68.613 68.617 68.638 68.641 68.644 68.651 68.655 68.679 68.704 68.738 68.784 68.836 68.866 68.897 68.91 68.922 68.928 68.93 68.949 68.968 69.013 69.031 69.034 69.046 69.05 69.052 69.052 69.066 69.115 69.118 69.128 69.147 69.161 69.166 69.173 69.181 69.195 69.199 69.245 69.267 69.279 69.294 69.309 69.315 69.336 69.339 69.349 69.364 69.397 69.449 69.476 69.481 69.482 69.52 69.533 69.562 69.578 69.579 69.584 69.584 69.59 69.602 69.602 69.61 69.618 69.636 69.656 69.678 69.726 69.768 69.778 69.788 69.796 69.796 69.808 69.815 69.825 69.834 69.848 69.882 69.888 69.897 69.925 69.931 69.933 69.945 69.955 69.965 69.997 70.008 70.013 70.041 70.05 70.055 70.069 70.073 70.087 70.093 70.103 70.103 70.115 70.137 70.143 70.189 70.201 70.211 70.219 70.227 70.227 70.255 70.289 70.299 70.312 70.319 70.349 70.357 70.36 70.366 70.374 70.396 70.4 70.4 70.407 70.43 70.434 70.44 70.458 70.466 70.472 70.484 70.497 70.548 70.55 70.56 70.562 70.568 70.589 70.624 70.638 70.687 70.698 70.714 70.719 70.742 70.753 70.774 70.792 70.795 70.798 70.82 70.837 70.838 70.855 70.877 70.89 70.899 70.919 70.92 70.947 70.955 70.961 70.969 70.973 70.987 71.046 71.059 71.063 71.065 71.081 71.092 71.1 71.103 71.109 71.11 71.119 71.152 71.156 71.158 71.17 71.198 71.209 71.211 71.222 71.23 71.24 71.264 71.29 71.297 71.31 71.318 71.342 71.374 71.382 71.39 71.4 71.4 71.406 71.42 71.462 71.488 71.494 71.542 71.543 71.543 71.544 71.562 71.583 71.587 71.618 71.65 71.659 71.666 71.689 71.719 71.749 71.761 71.803 71.835 71.841 71.845 71.849 71.863 71.891 71.899 71.919 71.921 71.929 71.932 71.956 71.959 71.965 71.974 71.985 71.991 72.003 72.024 72.038 72.068 72.082 72.083 72.092 72.106 72.114 72.127 72.131 72.132 72.141 72.18 72.206 72.206 72.242 72.244 72.244 72.26 72.268 72.274 72.292 72.304 72.33 72.334 72.336 72.346 72.362 72.371 72.382 72.382 72.384 72.434 72.44 72.458 72.465 72.468 72.489 72.521 72.552 72.554 72.557 72.573 72.593 72.624 72.677 72.687 72.689 72.709 72.715 72.721 72.729 72.739 72.741 72.809 72.811 72.843 72.847 72.86 72.863 72.868 72.87 72.88 72.888 72.896 72.909 72.942 72.998 73.008 73.03 73.033 73.072 73.088 73.09 73.092 73.112 73.152 73.172 73.19 73.194 73.228 73.233 73.236 73.272 73.307 73.31 73.311 73.312 73.333 73.337 73.337 73.368 73.383 73.384 73.4 73.412 73.423 73.435 73.461 73.466 73.466 73.499 73.506 73.527 73.559 73.561 73.569 73.585 73.589 73.603 73.605 73.63 73.661 73.678 73.683 73.687 73.691 73.755 73.801 73.822 73.836 73.924 73.94 73.972 73.974 73.98 73.986 74.006 74.038 74.048 74.062 74.063 74.066 74.082 74.095 74.114 74.143 74.157 74.22 74.222 74.223 74.23 74.233 74.271 74.325 74.349 74.371 74.397 74.411 74.425 74.429 74.463 74.503 74.523 74.572 74.575 74.586 74.595 74.646 74.652 74.686 74.716 74.736 74.848 74.915 74.916 74.944 74.986 75.001 75.099 75.101 75.206 75.225 75.227 75.245 75.301 75.309 75.325 75.331 75.351 75.373 75.378 75.39 75.409 75.413 75.441 75.453 75.478 75.478 75.481 75.498 75.499 75.508 75.509 75.54 75.594 75.626 75.628 75.63 75.662 75.716 75.736 75.805 75.883 75.89 75.921 75.928 76.025 76.067 76.091 76.155 76.226 76.267 76.32 76.371 76.385 76.436 76.498 76.546 76.61 76.658 76.662 76.67 76.686 76.777 76.867 76.929 77.003 77.009 77.093 77.11 77.197 77.212 77.247 77.282 77.392 77.404 77.44 77.51 77.647 77.657 77.691 77.831 77.899 77.949 77.978 78.055 78.146 78.223 78.235 78.27 78.32 78.33 78.416 78.422 78.57 78.595 78.661 78.775 78.869 78.881 78.895 78.999 79.022 79.106 79.19 79.198 79.252 79.295 79.328 79.4 79.583 79.678 79.762 79.857 79.865 79.902 80.07 80.188 80.19 80.194 80.198 80.211 80.381 80.394 80.403 80.439 80.523 80.529 80.551 80.553 80.565 80.581 80.637 80.646 80.868 80.908 80.916 81.082 81.085 81.128 81.299 81.485 81.623 82.033 82.426 82.648 82.957 82.993 83.055 83.161 83.65 83.672 83.724 84.019 84.171 84.274 84.488 84.769 84.848 85.05 85.883 85.93 86.03 86.208 86.26 86.714 86.714 87.419 87.545 87.792 87.991 88 88.213 88.858 89.54 89.581 89.717 89.805 92.545 92.912 93.878 93.973 95.41 96.107 97.397 98.663 108.791 122.714 123.067 123.354 123.491 123.876 123.984 124.237 124.241 124.305 124.481 124.678 124.786 124.922 125.143 125.5 125.5 125.504 125.512 125.516 125.564 125.644 125.644 125.753 125.892 125.921 125.94 125.98 125.985 126.077 126.181 126.234 126.258 126.265 126.277 126.362 126.542 126.558 126.558 126.582 126.666 126.763 126.818 126.826 126.887 126.979 126.983 127.019 127.035 127.059 127.095 127.228 127.232 127.32 127.324 127.416 127.436 127.512 127.524 127.564 127.616 127.649 127.649 127.737 127.765 127.825 127.837 127.877 127.909 127.913 127.934 127.938 127.957 127.969 127.974 128.018 128.154 128.214 128.222 128.226 128.242 128.258 128.278 128.282 128.314 128.326 128.33 128.347 128.358 128.363 128.386 128.418 128.43 128.611 128.615 128.631 128.739 128.807 128.9 128.984 128.984 128.996 129.04 129.088 129.121 129.225 129.257 129.26 129.281 129.289 129.301 129.301 129.32 129.389 129.401 129.477 129.509 129.569 129.61 129.629 129.63 129.633 129.653 129.762 129.774 129.806 129.818 129.882 129.902 129.91 129.95 129.962 129.994 129.998 130.014 130.038 130.074 130.118 130.138 130.215 130.247 130.283 130.298 130.307 130.315 130.338 130.387 130.387 130.403 130.419 130.439 130.452 130.46 130.471 130.515 130.547 130.551 130.551 130.563 130.564 130.596 130.64 130.656 130.696 130.704 130.708 130.776 130.788 130.8 130.904 130.916 130.916 131.056 131.081 131.149 131.164 131.173 131.305 131.329 131.353 131.386 131.421 131.437 131.562 131.57 131.585 131.614 131.614 131.67 131.678 131.75 131.811 131.831 131.878 131.886 131.954 132.003 132.015 132.026 132.095 132.115 132.143 132.256 132.323 132.396 132.552 132.556 132.72 132.729 132.741 132.776 132.781 132.785 132.849 132.853 132.957 132.961 132.993 133.017 133.21 133.233 133.246 133.386 133.466 133.474 133.591 133.595 133.739 133.787 133.795 133.919 134.072 134.092 134.119 134.216 134.352 134.368 134.392 134.428 134.565 134.593 134.705 135.058 135.283 135.286 135.291 135.407 135.431 135.479 135.487 135.571 135.711 135.932 136.161 136.232 136.309 136.369 136.397 136.453 137.066 137.476 137.736 138.057 138.57 138.631 138.915 138.983 139.231 139.552 140.054 140.174 140.174 140.194 140.206 140.302 140.574 140.671 140.915 140.988 141.252 141.272 141.381 141.589 142.022 142.131 142.251 142.54 142.739 142.864 142.952 143 143.125 143.221 143.293 143.357 143.666 143.742 143.767 144.203 144.255 144.271 144.352 144.428 144.648 144.792 145.005 145.066 145.085 145.294 145.374 145.819 145.859 146.813 147.041 147.507 147.519 147.683 148.205 148.878 148.886 149.255 149.335 149.492 150.057 150.261 150.622 150.939 151.344 151.553 151.6 151.62 151.748 151.749 152.017 152.214 152.29 152.354 152.795 152.931 153.08 153.854 153.97 154.415 154.451 154.487 155.148 155.47 155.906 156.921 158.159 159.835 161.728 162.241 163.059 167.188 169.113 175.788 181.213 190.655 191.345 245.701 409.387 483.087 6055.79

Time elapsed stats:
  sum  102673 us
  avg  102.673 us
  max  6055.79 us
  min  66.511 us

Removing top/bottom-5:
  sum  94954 us
  avg  95.9132 us
  max  190.655 us
  min  67.032 us

Num files at level --
  0: 9
  1: 19
  2: 12
  3: 0
  4: 0
  5: 0
  6: 0

Stats --
                               Compactions
Level  Files Size(MB) Time(sec) Read(MB) Write(MB)
--------------------------------------------------
  0        9       36         0        0         0
  1       19       36         0        0         0
  2       12       24         0        0         0

SSTables --
--- level 0 ---
 92:4124646['user10046604894068544' @ 9635 : 1 .. 'user971136347768642592' @ 9667 : 1]
 89:4205685['user1005640680888162' @ 8874 : 1 .. 'user960084102193685886' @ 8906 : 1]
 85:4204932['user1005972966029934054' @ 8047 : 1 .. 'user994579075160678783' @ 7972 : 1]
 81:4205504['user1006191281247775937' @ 7456 : 1 .. 'user982188593343599298' @ 7368 : 1]
 78:4205619['user1006532926542074502' @ 6714 : 1 .. 'user99137614613375737' @ 6928 : 1]
 83:4205080['user1018363447847013539' @ 7865 : 1 .. 'user993800799430696452' @ 7820 : 1]
 58:4205091['user1019483368871294435' @ 6367 : 1 .. 'user994360759942836900' @ 6491 : 1]
 91:4205756['user1044594160504054184' @ 9234 : 1 .. 'user95229708324090387' @ 9196 : 1]
 87:4205838['user1050400263547602761' @ 8556 : 1 .. 'user935751586290908468' @ 8619 : 1]
--- level 1 ---
 56:2107550['user1006751241759916385' @ 6221 : 1 .. 'user1498736710723774180' @ 4061 : 1]
 59:2107519['user1499296671235914628' @ 2800 : 1 .. 'user1940937226857796243' @ 3609 : 1]
 60:2107462['user1941497187369936691' @ 3402 : 1 .. 'user2429916395338807701' @ 3442 : 1]
 61:2107602['user2430134710556649584' @ 4885 : 1 .. 'user2893101481598462280' @ 4780 : 1]
 62:2107507['user2895889466863466734' @ 3822 : 1 .. 'user3335631825731085122' @ 5111 : 1]
 63:2107680['user3336191786243225570' @ 5762 : 1 .. 'user3810210802859994972' @ 2664 : 1]
 64:2107439['user3810429118077836855' @ 3175 : 1 .. 'user4256537540501144268' @ 6053 : 1]
 65:2107572['user4257097501013284716' @ 5270 : 1 .. 'user4760135215552099217' @ 2697 : 1]
 66:2107491['user4764821397571366898' @ 2517 : 1 .. 'user5211708095724656642' @ 5413 : 1]
 67:2107613['user5212049741018955207' @ 5233 : 1 .. 'user5623208460573458061' @ 4765 : 1]
 68:2107496['user5623768421085598509' @ 6064 : 1 .. 'user6131835534764733457' @ 4229 : 1]
 69:2107420['user6132395495276873905' @ 5110 : 1 .. 'user6533061929768560501' @ 3508 : 1]
 70:2107414['user65420917376365171' @ 3918 : 1 .. 'user7021699452955273394' @ 6015 : 1]
 71:2107611['user7030293541263826425' @ 5829 : 1 .. 'user7488014169774230992' @ 3403 : 1]
 72:1895765['user7488232484992072875' @ 4916 : 1 .. 'user7891251846139834360' @ 4796 : 1]
 73:2107521['user7900965855472668287' @ 4966 : 1 .. 'user8384575551345814934' @ 3899 : 1]
 74:2107482['user8384917196640113499' @ 2579 : 1 .. 'user8794955995170335457' @ 5853 : 1]
 75:2107295['user8795515955682475905' @ 5104 : 1 .. 'user979960568590735292' @ 3463 : 1]
 76:121025['user982748553855739746' @ 5015 : 1 .. 'user997378877721381023' @ 3797 : 1]
--- level 2 ---
 36:2107527['user1000385178204227360' @ 6 : 1 .. 'user1715321609418666813' @ 1633 : 1]
 45:2107432['user1715539924636508696' @ 2150 : 1 .. 'user2419424110275991443' @ 2320 : 1]
 46:2107346['user2422430410758837780' @ 1503 : 1 .. 'user3111914405046218919' @ 615 : 1]
 47:2107429['user3112132720264060802' @ 104 : 1 .. 'user3832315294009908384' @ 2078 : 1]
 48:2107491['user3835881555004895169' @ 1024 : 1 .. 'user4515091579447301933' @ 169 : 1]
 49:2107419['user4515651539959442381' @ 922 : 1 .. 'user5219194080304626563' @ 398 : 1]
 50:2107468['user5223101986593911913' @ 1398 : 1 .. 'user5911684375074854039' @ 2219 : 1]
 51:2107281['user5912804296099134935' @ 713 : 1 .. 'user6525357629970748697' @ 1972 : 1]
 52:2107377['user6525917590482889145' @ 67 : 1 .. 'user7230580051852354223' @ 1081 : 1]
 53:2107438['user7230798367070196106' @ 1614 : 1 .. 'user789388067335041421' @ 1243 : 1]
 54:2107349['user7908110194758339643' @ 1689 : 1 .. 'user8637323487248424022' @ 309 : 1]
 55:2046806['user8637665132542722587' @ 97 : 1 .. 'user996258956697100127' @ 1207 : 1]
--- level 3 ---
--- level 4 ---
--- level 5 ---
--- level 6 ---

