Finished 1000 requests.

Sorted time elapsed:
 62.8 62.906 62.917 62.942 63.065 63.065 63.093 63.201 63.263 63.431 63.466 63.542 63.558 63.572 63.582 63.604 63.63 63.648 63.694 63.724 63.751 63.78 63.836 63.871 63.965 63.995 64.001 64.002 64.085 64.159 64.169 64.219 64.228 64.234 64.271 64.291 64.292 64.296 64.323 64.339 64.35 64.376 64.4 64.406 64.448 64.536 64.536 64.568 64.586 64.616 64.62 64.63 64.634 64.652 64.662 64.664 64.674 64.682 64.696 64.708 64.712 64.727 64.745 64.75 64.771 64.783 64.787 64.8 64.813 64.814 64.816 64.817 64.839 64.855 64.859 64.862 64.881 64.897 64.917 64.949 64.967 64.993 65.001 65.005 65.011 65.103 65.113 65.115 65.133 65.145 65.146 65.165 65.169 65.175 65.181 65.181 65.194 65.194 65.198 65.212 65.228 65.254 65.263 65.265 65.268 65.28 65.346 65.35 65.37 65.4 65.402 65.406 65.414 65.438 65.444 65.446 65.454 65.466 65.498 65.51 65.548 65.549 65.572 65.573 65.581 65.589 65.591 65.612 65.613 65.614 65.625 65.638 65.649 65.65 65.665 65.673 65.677 65.685 65.703 65.711 65.729 65.729 65.731 65.795 65.807 65.817 65.819 65.825 65.827 65.842 65.845 65.847 65.855 65.869 65.873 65.879 65.881 65.883 65.883 65.902 65.923 65.957 65.967 65.977 65.977 65.979 66.006 66.009 66.02 66.038 66.038 66.043 66.059 66.061 66.086 66.094 66.1 66.11 66.114 66.114 66.12 66.122 66.124 66.126 66.134 66.16 66.174 66.178 66.184 66.192 66.192 66.204 66.224 66.232 66.26 66.266 66.278 66.284 66.286 66.314 66.317 66.318 66.328 66.328 66.391 66.392 66.403 66.409 66.423 66.424 66.448 66.45 66.451 66.454 66.461 66.465 66.466 66.469 66.47 66.472 66.487 66.496 66.5 66.515 66.518 66.518 66.529 66.54 66.552 66.569 66.583 66.586 66.586 66.587 66.601 66.609 66.637 66.657 66.663 66.665 66.691 66.705 66.71 66.711 66.725 66.727 66.767 66.769 66.771 66.772 66.815 66.822 66.826 66.843 66.847 66.849 66.852 66.862 66.867 66.868 66.869 66.92 66.931 66.931 66.942 66.943 66.944 66.95 66.961 66.971 66.994 67.007 67.01 67.026 67.033 67.034 67.122 67.132 67.144 67.148 67.15 67.152 67.156 67.18 67.183 67.193 67.194 67.215 67.234 67.234 67.248 67.264 67.274 67.275 67.278 67.285 67.298 67.34 67.357 67.373 67.382 67.39 67.393 67.403 67.407 67.441 67.445 67.463 67.463 67.475 67.485 67.491 67.501 67.507 67.511 67.511 67.515 67.521 67.535 67.537 67.547 67.549 67.549 67.563 67.569 67.575 67.579 67.595 67.599 67.604 67.613 67.613 67.617 67.619 67.621 67.623 67.631 67.635 67.636 67.645 67.653 67.663 67.675 67.676 67.701 67.711 67.719 67.732 67.738 67.739 67.741 67.747 67.763 67.764 67.767 67.768 67.771 67.773 67.79 67.791 67.794 67.804 67.81 67.817 67.83 67.834 67.869 67.872 67.874 67.88 67.882 67.91 67.914 67.914 67.936 67.94 67.946 67.946 67.954 67.963 67.97 67.982 67.996 68.006 68.014 68.016 68.034 68.034 68.048 68.088 68.126 68.135 68.137 68.141 68.148 68.148 68.154 68.156 68.157 68.18 68.19 68.24 68.247 68.261 68.263 68.269 68.271 68.287 68.289 68.33 68.332 68.351 68.351 68.357 68.371 68.375 68.381 68.385 68.385 68.386 68.403 68.409 68.413 68.419 68.423 68.429 68.431 68.451 68.451 68.451 68.463 68.475 68.478 68.479 68.481 68.487 68.489 68.501 68.501 68.511 68.515 68.521 68.534 68.547 68.559 68.567 68.574 68.577 68.58 68.588 68.596 68.614 68.616 68.624 68.63 68.645 68.646 68.651 68.652 68.656 68.661 68.666 68.676 68.685 68.716 68.724 68.738 68.745 68.751 68.758 68.76 68.784 68.817 68.826 68.838 68.874 68.874 68.896 68.901 68.916 68.936 68.939 68.94 68.954 68.964 68.971 68.972 68.972 68.972 68.976 68.991 68.999 69.002 69.014 69.021 69.037 69.044 69.059 69.067 69.082 69.084 69.085 69.098 69.112 69.113 69.127 69.128 69.151 69.175 69.183 69.186 69.193 69.197 69.217 69.221 69.225 69.229 69.229 69.257 69.259 69.277 69.281 69.285 69.285 69.295 69.313 69.324 69.335 69.337 69.341 69.375 69.39 69.391 69.392 69.421 69.421 69.434 69.437 69.441 69.455 69.465 69.479 69.48 69.485 69.506 69.521 69.528 69.543 69.552 69.565 69.57 69.576 69.582 69.59 69.6 69.614 69.616 69.629 69.632 69.65 69.674 69.688 69.692 69.704 69.708 69.712 69.732 69.758 69.766 69.773 69.835 69.842 69.863 69.864 69.889 69.894 69.895 69.904 69.913 69.932 69.938 69.941 69.948 69.958 69.971 69.978 69.981 69.984 69.997 70.069 70.093 70.095 70.103 70.185 70.189 70.221 70.225 70.243 70.247 70.274 70.291 70.302 70.307 70.313 70.336 70.344 70.345 70.362 70.364 70.443 70.448 70.468 70.51 70.534 70.554 70.556 70.558 70.566 70.594 70.606 70.622 70.648 70.678 70.681 70.689 70.72 70.73 70.757 70.765 70.806 70.825 70.828 70.844 70.859 70.859 70.865 70.879 70.907 70.969 70.971 71.007 71.009 71.011 71.037 71.051 71.064 71.069 71.072 71.099 71.105 71.149 71.155 71.16 71.198 71.206 71.211 71.214 71.24 71.268 71.33 71.331 71.344 71.348 71.352 71.354 71.372 71.402 71.446 71.474 71.48 71.481 71.484 71.506 71.54 71.577 71.589 71.591 71.593 71.626 71.627 71.727 71.789 71.799 71.801 71.833 71.851 71.865 71.865 71.881 71.896 71.959 71.987 71.994 72.001 72.004 72.007 72.057 72.076 72.096 72.119 72.136 72.166 72.185 72.198 72.2 72.215 72.226 72.262 72.278 72.326 72.333 72.344 72.376 72.378 72.388 72.398 72.457 72.5 72.531 72.565 72.567 72.612 72.621 72.753 72.767 72.819 72.823 72.846 72.856 72.923 72.988 73.005 73.128 73.142 73.16 73.185 73.206 73.215 73.266 73.31 73.42 73.437 73.447 73.531 73.659 73.737 73.745 73.756 73.816 73.822 73.864 73.88 73.896 73.91 73.925 73.932 73.982 74.058 74.096 74.102 74.186 74.238 74.261 74.31 74.315 74.359 74.361 74.429 74.429 74.472 74.475 74.547 74.567 74.568 74.575 74.719 74.723 74.791 74.826 74.852 74.892 74.894 74.988 75.027 75.086 75.091 75.229 75.35 75.372 75.447 75.632 75.708 75.72 75.746 75.827 75.893 75.964 76.041 76.051 76.069 76.339 76.376 76.388 76.5 76.55 76.562 76.57 76.638 76.77 76.799 76.819 76.975 77.049 77.095 77.234 77.416 77.432 77.58 77.661 77.665 77.715 77.771 77.781 77.841 77.997 78.035 78.073 78.204 78.29 78.32 78.426 78.458 78.473 78.555 78.656 79.015 79.106 79.264 79.455 79.617 79.713 79.823 80.277 80.581 80.64 81.016 81.019 81.073 81.321 81.367 81.395 81.754 81.848 82.002 82.007 82.082 82.193 82.335 82.369 82.419 83.037 83.071 83.183 83.251 83.408 83.426 83.619 84.133 84.374 84.487 84.535 84.652 84.653 84.933 84.965 85.07 85.521 85.966 86.002 86.06 86.113 86.356 86.434 86.44 86.477 86.509 86.516 86.544 86.558 86.585 86.606 86.727 86.8 86.85 86.919 86.968 86.979 87.004 87.005 87.12 87.287 87.355 87.355 87.377 87.519 87.526 87.604 87.789 87.794 87.9 88.022 88.148 88.227 88.285 88.526 88.531 88.556 88.626 88.679 88.748 88.804 88.879 88.985 89.049 89.117 89.14 89.23 89.35 89.478 89.478 89.513 89.706 89.854 89.889 89.954 90.109 90.16 90.189 90.2 90.275 90.35 90.366 90.375 90.433 90.473 90.563 90.599 90.786 90.861 91.267 91.29 91.347 91.432 91.487 91.666 92.122 92.209 93.154 93.32 93.72 94.174 95.116 95.272 96.201 96.264 97.055 97.125 97.765 98.078 98.118 98.156 98.489 98.735 98.813 101.223 101.323 102.999 104.208 109.645 110.75 111.075 115.729 117.613 135.151 135.515 137.952 139.207 143.193 143.277 143.77 144.929 145.17 147.579 150.871 152.855 159.255 177.456 191.657 320.81 5369.14

Time elapsed stats:
  sum  78603.2 us
  avg  78.6032 us
  max  5369.14 us
  min  62.8 us

Removing top/bottom-5:
  sum  72070.2 us
  avg  72.7982 us
  max  152.855 us
  min  63.065 us

Num files at level --
  0: 9
  1: 19
  2: 12
  3: 0
  4: 0
  5: 0
  6: 0

Stats --
                               Compactions
Level  Files Size(MB) Time(sec) Read(MB) Write(MB)
--------------------------------------------------
  0        9       36         0        0         0
  1       19       36         0        0         0
  2       12       24         0        0         0

SSTables --
--- level 0 ---
 92:4124646['user10046604894068544' @ 9635 : 1 .. 'user971136347768642592' @ 9667 : 1]
 89:4205685['user1005640680888162' @ 8874 : 1 .. 'user960084102193685886' @ 8906 : 1]
 85:4204932['user1005972966029934054' @ 8047 : 1 .. 'user994579075160678783' @ 7972 : 1]
 81:4205504['user1006191281247775937' @ 7456 : 1 .. 'user982188593343599298' @ 7368 : 1]
 78:4205619['user1006532926542074502' @ 6714 : 1 .. 'user99137614613375737' @ 6928 : 1]
 83:4205080['user1018363447847013539' @ 7865 : 1 .. 'user993800799430696452' @ 7820 : 1]
 58:4205091['user1019483368871294435' @ 6367 : 1 .. 'user994360759942836900' @ 6491 : 1]
 91:4205756['user1044594160504054184' @ 9234 : 1 .. 'user95229708324090387' @ 9196 : 1]
 87:4205838['user1050400263547602761' @ 8556 : 1 .. 'user935751586290908468' @ 8619 : 1]
--- level 1 ---
 56:2107550['user1006751241759916385' @ 6221 : 1 .. 'user1498736710723774180' @ 4061 : 1]
 59:2107519['user1499296671235914628' @ 2800 : 1 .. 'user1940937226857796243' @ 3609 : 1]
 60:2107462['user1941497187369936691' @ 3402 : 1 .. 'user2429916395338807701' @ 3442 : 1]
 61:2107602['user2430134710556649584' @ 4885 : 1 .. 'user2893101481598462280' @ 4780 : 1]
 62:2107507['user2895889466863466734' @ 3822 : 1 .. 'user3335631825731085122' @ 5111 : 1]
 63:2107680['user3336191786243225570' @ 5762 : 1 .. 'user3810210802859994972' @ 2664 : 1]
 64:2107439['user3810429118077836855' @ 3175 : 1 .. 'user4256537540501144268' @ 6053 : 1]
 65:2107572['user4257097501013284716' @ 5270 : 1 .. 'user4760135215552099217' @ 2697 : 1]
 66:2107491['user4764821397571366898' @ 2517 : 1 .. 'user5211708095724656642' @ 5413 : 1]
 67:2107613['user5212049741018955207' @ 5233 : 1 .. 'user5623208460573458061' @ 4765 : 1]
 68:2107496['user5623768421085598509' @ 6064 : 1 .. 'user6131835534764733457' @ 4229 : 1]
 69:2107420['user6132395495276873905' @ 5110 : 1 .. 'user6533061929768560501' @ 3508 : 1]
 70:2107414['user65420917376365171' @ 3918 : 1 .. 'user7021699452955273394' @ 6015 : 1]
 71:2107611['user7030293541263826425' @ 5829 : 1 .. 'user7488014169774230992' @ 3403 : 1]
 72:1895765['user7488232484992072875' @ 4916 : 1 .. 'user7891251846139834360' @ 4796 : 1]
 73:2107521['user7900965855472668287' @ 4966 : 1 .. 'user8384575551345814934' @ 3899 : 1]
 74:2107482['user8384917196640113499' @ 2579 : 1 .. 'user8794955995170335457' @ 5853 : 1]
 75:2107295['user8795515955682475905' @ 5104 : 1 .. 'user979960568590735292' @ 3463 : 1]
 76:121025['user982748553855739746' @ 5015 : 1 .. 'user997378877721381023' @ 3797 : 1]
--- level 2 ---
 36:2107527['user1000385178204227360' @ 6 : 1 .. 'user1715321609418666813' @ 1633 : 1]
 45:2107432['user1715539924636508696' @ 2150 : 1 .. 'user2419424110275991443' @ 2320 : 1]
 46:2107346['user2422430410758837780' @ 1503 : 1 .. 'user3111914405046218919' @ 615 : 1]
 47:2107429['user3112132720264060802' @ 104 : 1 .. 'user3832315294009908384' @ 2078 : 1]
 48:2107491['user3835881555004895169' @ 1024 : 1 .. 'user4515091579447301933' @ 169 : 1]
 49:2107419['user4515651539959442381' @ 922 : 1 .. 'user5219194080304626563' @ 398 : 1]
 50:2107468['user5223101986593911913' @ 1398 : 1 .. 'user5911684375074854039' @ 2219 : 1]
 51:2107281['user5912804296099134935' @ 713 : 1 .. 'user6525357629970748697' @ 1972 : 1]
 52:2107377['user6525917590482889145' @ 67 : 1 .. 'user7230580051852354223' @ 1081 : 1]
 53:2107438['user7230798367070196106' @ 1614 : 1 .. 'user789388067335041421' @ 1243 : 1]
 54:2107349['user7908110194758339643' @ 1689 : 1 .. 'user8637323487248424022' @ 309 : 1]
 55:2046806['user8637665132542722587' @ 97 : 1 .. 'user996258956697100127' @ 1207 : 1]
--- level 3 ---
--- level 4 ---
--- level 5 ---
--- level 6 ---

