Finished 1000 requests.

Sorted time elapsed:
 20.213 20.459 20.459 20.463 20.498 20.512 20.515 20.558 20.58 20.596 20.69 20.706 20.716 20.725 20.731 20.786 20.796 20.905 20.938 20.989 20.991 21.053 21.097 21.117 21.131 21.142 21.174 21.189 21.216 21.229 21.237 21.243 21.251 21.256 21.261 21.275 21.277 21.31 21.312 21.324 21.337 21.337 21.352 21.355 21.362 21.377 21.381 21.402 21.403 21.404 21.406 21.452 21.458 21.459 21.463 21.47 21.496 21.499 21.504 21.506 21.508 21.508 21.538 21.538 21.549 21.566 21.57 21.588 21.592 21.592 21.596 21.602 21.62 21.624 21.629 21.646 21.658 21.66 21.664 21.67 21.673 21.674 21.676 21.677 21.688 21.696 21.728 21.732 21.743 21.747 21.748 21.754 21.767 21.771 21.771 21.773 21.78 21.782 21.796 21.796 21.797 21.799 21.813 21.815 21.83 21.83 21.843 21.846 21.859 21.859 21.867 21.867 21.876 21.877 21.893 21.902 21.903 21.911 21.913 21.915 21.917 21.931 21.967 21.971 21.973 21.985 22.004 22.016 22.016 22.027 22.043 22.043 22.054 22.061 22.096 22.104 22.104 22.115 22.121 22.123 22.123 22.128 22.134 22.142 22.147 22.156 22.165 22.167 22.187 22.19 22.191 22.196 22.211 22.224 22.236 22.242 22.244 22.26 22.277 22.278 22.288 22.29 22.292 22.294 22.3 22.301 22.311 22.312 22.314 22.318 22.322 22.326 22.326 22.335 22.348 22.35 22.354 22.364 22.372 22.376 22.38 22.39 22.392 22.418 22.421 22.436 22.44 22.446 22.447 22.46 22.463 22.464 22.47 22.48 22.488 22.508 22.517 22.532 22.535 22.542 22.554 22.56 22.567 22.578 22.58 22.586 22.601 22.602 22.605 22.618 22.622 22.626 22.627 22.629 22.643 22.646 22.647 22.66 22.661 22.663 22.664 22.665 22.667 22.681 22.685 22.697 22.698 22.707 22.709 22.71 22.725 22.727 22.73 22.737 22.746 22.747 22.753 22.763 22.775 22.791 22.793 22.803 22.805 22.813 22.815 22.817 22.825 22.845 22.849 22.853 22.857 22.859 22.859 22.863 22.863 22.866 22.869 22.871 22.875 22.886 22.89 22.892 22.895 22.897 22.903 22.905 22.92 22.92 22.925 22.95 22.961 22.965 22.979 22.98 22.981 22.982 23.005 23.01 23.017 23.023 23.036 23.037 23.046 23.046 23.051 23.073 23.079 23.086 23.086 23.09 23.094 23.104 23.107 23.116 23.125 23.128 23.133 23.136 23.144 23.15 23.152 23.16 23.175 23.184 23.184 23.186 23.21 23.216 23.218 23.234 23.236 23.242 23.244 23.248 23.25 23.256 23.258 23.258 23.264 23.265 23.266 23.268 23.268 23.27 23.278 23.278 23.278 23.28 23.288 23.294 23.309 23.314 23.316 23.318 23.323 23.328 23.335 23.345 23.351 23.368 23.369 23.376 23.38 23.382 23.385 23.402 23.403 23.408 23.41 23.419 23.421 23.423 23.424 23.426 23.44 23.44 23.446 23.447 23.448 23.465 23.467 23.472 23.48 23.481 23.489 23.496 23.503 23.505 23.511 23.513 23.518 23.52 23.522 23.527 23.532 23.536 23.538 23.543 23.559 23.559 23.563 23.567 23.567 23.57 23.573 23.577 23.579 23.581 23.589 23.593 23.593 23.599 23.6 23.613 23.615 23.617 23.621 23.627 23.635 23.635 23.641 23.655 23.661 23.667 23.669 23.689 23.689 23.709 23.711 23.717 23.725 23.727 23.731 23.747 23.749 23.749 23.752 23.752 23.753 23.759 23.778 23.796 23.797 23.803 23.804 23.805 23.825 23.826 23.827 23.828 23.832 23.845 23.85 23.856 23.859 23.862 23.875 23.892 23.893 23.896 23.9 23.909 23.91 23.91 23.914 23.918 23.918 23.921 23.938 23.943 23.947 23.959 23.966 23.968 23.969 23.97 23.976 23.978 23.986 23.99 23.994 24.01 24.014 24.022 24.032 24.036 24.042 24.046 24.062 24.068 24.068 24.084 24.092 24.1 24.11 24.116 24.14 24.147 24.15 24.156 24.157 24.164 24.164 24.166 24.186 24.19 24.192 24.197 24.229 24.23 24.234 24.271 24.285 24.303 24.304 24.311 24.319 24.329 24.342 24.377 24.381 24.393 24.401 24.405 24.407 24.417 24.418 24.428 24.435 24.441 24.443 24.449 24.47 24.475 24.495 24.503 24.509 24.513 24.521 24.551 24.553 24.578 24.584 24.601 24.607 24.611 24.621 24.623 24.639 24.641 24.644 24.659 24.672 24.695 24.712 24.731 24.75 24.761 24.764 24.766 24.77 24.773 24.819 24.838 24.874 24.882 24.902 24.906 24.908 24.922 24.93 24.946 24.95 24.992 25.022 25.03 25.042 25.086 25.107 25.111 25.112 25.118 25.119 25.162 25.164 25.169 25.194 25.195 25.217 25.221 25.225 25.231 25.248 25.271 25.275 25.293 25.299 25.303 25.309 25.331 25.331 25.339 25.339 25.349 25.352 25.371 25.394 25.397 25.403 25.415 25.431 25.433 25.442 25.443 25.452 25.455 25.472 25.481 25.482 25.492 25.499 25.503 25.529 25.533 25.545 25.572 25.585 25.597 25.616 25.626 25.627 25.694 25.703 25.722 25.727 25.729 25.737 25.742 25.745 25.752 25.755 25.772 25.772 25.773 25.786 25.788 25.794 25.818 25.83 25.845 25.888 25.904 25.92 25.963 25.966 25.999 26.004 26.004 26.058 26.066 26.082 26.108 26.124 26.198 26.205 26.219 26.221 26.241 26.246 26.269 26.346 26.404 26.426 26.431 26.474 26.474 26.476 26.482 26.491 26.536 26.536 26.544 26.545 26.564 26.57 26.599 26.604 26.605 26.607 26.612 26.627 26.63 26.652 26.657 26.672 26.699 26.722 26.727 26.748 26.756 26.757 26.77 26.78 26.805 26.825 26.85 26.858 26.908 26.935 26.938 26.973 26.985 26.988 27.02 27.048 27.051 27.065 27.11 27.259 27.274 27.291 27.326 27.494 27.497 27.514 27.534 27.589 27.617 27.626 27.652 27.669 27.702 27.709 27.712 27.765 27.77 27.777 27.784 27.802 27.807 27.845 27.872 27.892 27.905 27.91 27.917 27.922 27.94 27.945 27.963 27.968 27.975 27.983 27.985 27.998 28 28.023 28.028 28.03 28.035 28.047 28.053 28.085 28.095 28.103 28.108 28.115 28.116 28.133 28.161 28.165 28.17 28.186 28.188 28.226 28.25 28.258 28.283 28.309 28.326 28.326 28.341 28.346 28.346 28.353 28.356 28.361 28.361 28.378 28.396 28.398 28.448 28.566 28.69 28.704 28.752 28.825 28.83 28.837 28.847 28.852 28.86 28.885 28.895 28.895 28.897 28.92 28.926 28.927 28.937 28.944 28.974 28.977 29.002 29.015 29.04 29.067 29.07 29.09 29.109 29.12 29.145 29.163 29.173 29.178 29.194 29.198 29.22 29.226 29.237 29.245 29.248 29.261 29.265 29.268 29.268 29.28 29.28 29.311 29.314 29.333 29.368 29.401 29.402 29.481 29.522 29.554 29.559 29.606 29.612 29.614 29.704 29.753 29.899 29.902 29.934 29.962 29.979 30.04 30.063 30.08 30.093 30.15 30.15 30.155 30.155 30.163 30.171 30.195 30.24 30.251 30.298 30.303 30.318 30.321 30.336 30.341 30.345 30.403 30.478 30.503 30.516 30.516 30.529 30.536 30.547 30.589 30.604 30.622 30.677 30.681 30.714 30.772 30.777 30.869 30.97 31.104 31.132 31.3 31.305 31.325 31.349 31.488 31.513 31.756 31.846 31.851 31.86 31.882 32.062 32.62 33.028 33.167 33.306 34.167 34.528 35.558 35.64 35.728 35.815 36.016 36.286 36.697 36.713 37.31 38.201 38.626 38.823 38.975 38.979 39.063 39.119 39.167 39.251 39.339 39.476 39.492 39.604 39.751 39.785 39.809 39.96 40.49 40.769 40.903 41.081 41.084 41.123 41.137 41.317 41.423 41.488 41.717 42.001 42.062 42.126 42.235 42.318 42.506 42.535 42.563 42.699 42.862 42.864 42.892 42.924 43 43.012 43.084 43.36 43.377 43.469 43.497 43.705 43.814 44.043 44.198 44.447 44.48 44.524 44.715 44.724 44.792 44.941 44.948 44.989 45.353 45.626 45.766 46.007 46.048 46.135 46.316 46.352 46.392 46.392 46.48 46.536 46.64 46.717 46.756 46.825 47.182 47.646 47.655 47.834 48.019 48.1 49.362 49.896 50.125 50.234 50.466 54.84 55.527 59.871 60.705 111.527 303.129 2466.04

Time elapsed stats:
  sum  29503 us
  avg  29.503 us
  max  2466.04 us
  min  20.213 us

Removing top/bottom-5:
  sum  26399.6 us
  avg  26.6663 us
  max  55.527 us
  min  20.512 us

Num files at level --
  0: 9
  1: 19
  2: 12
  3: 0
  4: 0
  5: 0
  6: 0

Stats --
                               Compactions
Level  Files Size(MB) Time(sec) Read(MB) Write(MB)
--------------------------------------------------
  0        9       36         0        0         0
  1       19       36         0        0         0
  2       12       24         0        0         0

SSTables --
--- level 0 ---
 92:4124646['user10046604894068544' @ 9635 : 1 .. 'user971136347768642592' @ 9667 : 1]
 89:4205685['user1005640680888162' @ 8874 : 1 .. 'user960084102193685886' @ 8906 : 1]
 85:4204932['user1005972966029934054' @ 8047 : 1 .. 'user994579075160678783' @ 7972 : 1]
 81:4205504['user1006191281247775937' @ 7456 : 1 .. 'user982188593343599298' @ 7368 : 1]
 78:4205619['user1006532926542074502' @ 6714 : 1 .. 'user99137614613375737' @ 6928 : 1]
 83:4205080['user1018363447847013539' @ 7865 : 1 .. 'user993800799430696452' @ 7820 : 1]
 58:4205091['user1019483368871294435' @ 6367 : 1 .. 'user994360759942836900' @ 6491 : 1]
 91:4205756['user1044594160504054184' @ 9234 : 1 .. 'user95229708324090387' @ 9196 : 1]
 87:4205838['user1050400263547602761' @ 8556 : 1 .. 'user935751586290908468' @ 8619 : 1]
--- level 1 ---
 56:2107550['user1006751241759916385' @ 6221 : 1 .. 'user1498736710723774180' @ 4061 : 1]
 59:2107519['user1499296671235914628' @ 2800 : 1 .. 'user1940937226857796243' @ 3609 : 1]
 60:2107462['user1941497187369936691' @ 3402 : 1 .. 'user2429916395338807701' @ 3442 : 1]
 61:2107602['user2430134710556649584' @ 4885 : 1 .. 'user2893101481598462280' @ 4780 : 1]
 62:2107507['user2895889466863466734' @ 3822 : 1 .. 'user3335631825731085122' @ 5111 : 1]
 63:2107680['user3336191786243225570' @ 5762 : 1 .. 'user3810210802859994972' @ 2664 : 1]
 64:2107439['user3810429118077836855' @ 3175 : 1 .. 'user4256537540501144268' @ 6053 : 1]
 65:2107572['user4257097501013284716' @ 5270 : 1 .. 'user4760135215552099217' @ 2697 : 1]
 66:2107491['user4764821397571366898' @ 2517 : 1 .. 'user5211708095724656642' @ 5413 : 1]
 67:2107613['user5212049741018955207' @ 5233 : 1 .. 'user5623208460573458061' @ 4765 : 1]
 68:2107496['user5623768421085598509' @ 6064 : 1 .. 'user6131835534764733457' @ 4229 : 1]
 69:2107420['user6132395495276873905' @ 5110 : 1 .. 'user6533061929768560501' @ 3508 : 1]
 70:2107414['user65420917376365171' @ 3918 : 1 .. 'user7021699452955273394' @ 6015 : 1]
 71:2107611['user7030293541263826425' @ 5829 : 1 .. 'user7488014169774230992' @ 3403 : 1]
 72:1895765['user7488232484992072875' @ 4916 : 1 .. 'user7891251846139834360' @ 4796 : 1]
 73:2107521['user7900965855472668287' @ 4966 : 1 .. 'user8384575551345814934' @ 3899 : 1]
 74:2107482['user8384917196640113499' @ 2579 : 1 .. 'user8794955995170335457' @ 5853 : 1]
 75:2107295['user8795515955682475905' @ 5104 : 1 .. 'user979960568590735292' @ 3463 : 1]
 76:121025['user982748553855739746' @ 5015 : 1 .. 'user997378877721381023' @ 3797 : 1]
--- level 2 ---
 36:2107527['user1000385178204227360' @ 6 : 1 .. 'user1715321609418666813' @ 1633 : 1]
 45:2107432['user1715539924636508696' @ 2150 : 1 .. 'user2419424110275991443' @ 2320 : 1]
 46:2107346['user2422430410758837780' @ 1503 : 1 .. 'user3111914405046218919' @ 615 : 1]
 47:2107429['user3112132720264060802' @ 104 : 1 .. 'user3832315294009908384' @ 2078 : 1]
 48:2107491['user3835881555004895169' @ 1024 : 1 .. 'user4515091579447301933' @ 169 : 1]
 49:2107419['user4515651539959442381' @ 922 : 1 .. 'user5219194080304626563' @ 398 : 1]
 50:2107468['user5223101986593911913' @ 1398 : 1 .. 'user5911684375074854039' @ 2219 : 1]
 51:2107281['user5912804296099134935' @ 713 : 1 .. 'user6525357629970748697' @ 1972 : 1]
 52:2107377['user6525917590482889145' @ 67 : 1 .. 'user7230580051852354223' @ 1081 : 1]
 53:2107438['user7230798367070196106' @ 1614 : 1 .. 'user789388067335041421' @ 1243 : 1]
 54:2107349['user7908110194758339643' @ 1689 : 1 .. 'user8637323487248424022' @ 309 : 1]
 55:2046806['user8637665132542722587' @ 97 : 1 .. 'user996258956697100127' @ 1207 : 1]
--- level 3 ---
--- level 4 ---
--- level 5 ---
--- level 6 ---

