Finished 1000 requests.

Sorted time elapsed:
 54.541 54.649 54.712 54.735 54.809 54.854 54.911 54.918 54.932 55.036 55.102 55.144 55.154 55.173 55.182 55.188 55.221 55.225 55.247 55.32 55.332 55.357 55.362 55.413 55.416 55.419 55.421 55.467 55.491 55.599 55.601 55.627 55.644 55.668 55.719 55.806 55.81 55.932 55.976 55.994 55.996 56.004 56.006 56.028 56.058 56.068 56.079 56.08 56.114 56.137 56.14 56.151 56.199 56.243 56.269 56.282 56.287 56.317 56.317 56.355 56.357 56.389 56.411 56.411 56.435 56.453 56.477 56.478 56.497 56.499 56.501 56.505 56.506 56.51 56.518 56.533 56.555 56.557 56.584 56.619 56.622 56.653 56.654 56.67 56.684 56.722 56.724 56.724 56.726 56.746 56.758 56.77 56.776 56.79 56.808 56.809 56.82 56.828 56.83 56.836 56.846 56.848 56.856 56.874 56.888 56.913 56.985 56.988 56.997 57.008 57.01 57.051 57.057 57.062 57.089 57.096 57.103 57.107 57.113 57.119 57.136 57.185 57.197 57.203 57.209 57.211 57.219 57.247 57.255 57.261 57.271 57.279 57.28 57.299 57.323 57.339 57.353 57.355 57.386 57.387 57.394 57.436 57.458 57.47 57.477 57.48 57.523 57.548 57.554 57.564 57.566 57.588 57.628 57.628 57.632 57.648 57.65 57.662 57.67 57.674 57.676 57.678 57.68 57.684 57.69 57.7 57.704 57.726 57.732 57.732 57.748 57.75 57.75 57.755 57.778 57.787 57.794 57.795 57.805 57.822 57.829 57.829 57.83 57.84 57.85 57.856 57.868 57.882 57.891 57.894 57.896 57.903 57.908 57.909 57.911 57.911 57.925 57.93 57.933 57.952 57.957 57.961 57.963 57.993 57.995 57.995 58.007 58.009 58.019 58.028 58.037 58.045 58.055 58.057 58.059 58.062 58.069 58.073 58.083 58.087 58.097 58.105 58.107 58.111 58.115 58.129 58.129 58.131 58.133 58.137 58.145 58.151 58.157 58.159 58.169 58.175 58.179 58.179 58.183 58.189 58.203 58.209 58.21 58.21 58.212 58.233 58.244 58.251 58.258 58.264 58.279 58.299 58.3 58.302 58.316 58.32 58.325 58.351 58.36 58.371 58.376 58.378 58.391 58.392 58.402 58.404 58.409 58.414 58.433 58.436 58.442 58.442 58.444 58.468 58.474 58.478 58.479 58.48 58.494 58.5 58.502 58.504 58.51 58.512 58.526 58.532 58.538 58.548 58.556 58.59 58.594 58.597 58.6 58.606 58.618 58.641 58.644 58.646 58.647 58.66 58.66 58.661 58.665 58.669 58.688 58.688 58.69 58.692 58.693 58.693 58.695 58.696 58.7 58.707 58.71 58.722 58.726 58.739 58.76 58.761 58.769 58.773 58.775 58.782 58.785 58.84 58.85 58.86 58.861 58.863 58.863 58.872 58.909 58.915 58.933 58.939 58.945 58.957 58.969 58.979 59.003 59.017 59.023 59.039 59.051 59.063 59.065 59.07 59.075 59.077 59.086 59.099 59.1 59.101 59.105 59.105 59.128 59.177 59.199 59.2 59.205 59.215 59.222 59.225 59.225 59.246 59.252 59.256 59.257 59.259 59.264 59.273 59.29 59.3 59.3 59.326 59.334 59.334 59.356 59.384 59.4 59.402 59.41 59.426 59.436 59.436 59.436 59.438 59.446 59.456 59.459 59.472 59.482 59.492 59.496 59.508 59.512 59.53 59.531 59.536 59.548 59.574 59.576 59.58 59.591 59.614 59.677 59.677 59.679 59.693 59.695 59.695 59.713 59.715 59.721 59.723 59.733 59.747 59.765 59.785 59.811 59.823 59.827 59.847 59.851 59.861 59.865 59.871 59.875 59.893 59.9 59.901 59.903 59.921 59.923 59.98 60.008 60.022 60.03 60.033 60.034 60.048 60.051 60.052 60.056 60.065 60.072 60.102 60.12 60.124 60.13 60.136 60.148 60.17 60.212 60.224 60.226 60.236 60.26 60.264 60.27 60.28 60.28 60.282 60.298 60.337 60.338 60.363 60.364 60.376 60.38 60.391 60.397 60.424 60.427 60.43 60.45 60.471 60.486 60.489 60.5 60.516 60.521 60.525 60.545 60.556 60.558 60.559 60.573 60.587 60.621 60.631 60.637 60.651 60.653 60.665 60.667 60.671 60.693 60.698 60.727 60.729 60.737 60.737 60.747 60.749 60.756 60.787 60.819 60.832 60.872 60.873 60.877 60.901 60.902 60.904 60.94 60.966 60.978 61 61.009 61.012 61.022 61.037 61.04 61.04 61.084 61.11 61.126 61.142 61.151 61.17 61.256 61.286 61.325 61.333 61.345 61.391 61.429 61.449 61.515 61.519 61.525 61.537 61.541 61.559 61.565 61.567 61.571 61.571 61.607 61.627 61.633 61.643 61.669 61.685 61.691 61.697 61.711 61.731 61.742 61.744 61.748 61.77 61.78 61.79 61.799 61.8 61.82 61.845 61.852 61.86 61.877 61.9 61.9 61.903 61.922 61.936 61.936 61.962 61.966 61.97 61.972 61.996 62.034 62.069 62.076 62.092 62.117 62.137 62.156 62.176 62.178 62.195 62.199 62.208 62.238 62.241 62.249 62.269 62.275 62.285 62.337 62.343 62.361 62.409 62.427 62.467 62.467 62.501 62.519 62.59 62.605 62.62 62.628 62.638 62.64 62.651 62.653 62.662 62.672 62.688 62.702 62.736 62.736 62.742 62.77 62.802 62.9 62.904 62.962 63.022 63.041 63.063 63.095 63.132 63.133 63.137 63.173 63.223 63.233 63.273 63.281 63.377 63.394 63.395 63.43 63.439 63.456 63.476 63.51 63.54 63.554 63.56 63.576 63.578 63.598 63.602 63.622 63.634 63.672 63.678 63.682 63.692 63.692 63.724 63.805 63.839 63.852 63.86 63.875 63.908 63.933 63.979 63.989 63.997 64.014 64.015 64.072 64.123 64.181 64.187 64.219 64.231 64.278 64.288 64.297 64.332 64.375 64.408 64.42 64.424 64.434 64.44 64.444 64.447 64.454 64.454 64.478 64.524 64.544 64.568 64.61 64.682 64.708 64.735 64.736 64.741 64.806 64.833 64.833 64.847 64.856 64.862 64.915 64.959 64.981 64.987 64.993 65.005 65.029 65.049 65.049 65.052 65.109 65.154 65.158 65.159 65.218 65.255 65.265 65.268 65.288 65.3 65.308 65.314 65.364 65.38 65.41 65.414 65.42 65.481 65.488 65.542 65.569 65.581 65.592 65.646 65.663 65.717 65.728 65.729 65.819 65.843 65.894 65.912 65.943 65.98 65.998 66.012 66.02 66.039 66.111 66.17 66.174 66.248 66.268 66.27 66.286 66.316 66.324 66.354 66.378 66.396 66.414 66.501 66.525 66.535 66.615 66.683 66.689 66.694 66.723 66.737 66.774 66.775 66.777 66.799 66.829 66.868 66.882 66.946 67.022 67.102 67.106 67.106 67.15 67.223 67.296 67.318 67.35 67.493 67.543 67.593 67.615 67.675 67.761 67.782 67.789 68.033 68.14 68.148 68.152 68.179 68.375 68.443 68.451 68.516 68.525 68.541 68.631 68.65 68.67 68.894 68.952 68.963 69.051 69.08 69.359 69.544 69.55 69.608 69.684 69.702 69.716 69.786 69.814 70.113 70.219 70.271 70.284 70.302 70.314 70.674 70.764 70.951 71.023 71.023 71.129 71.292 71.468 71.638 71.771 71.965 72.017 72.097 72.286 72.659 72.689 72.755 72.767 72.897 72.906 73.122 74.234 74.331 74.351 74.443 74.726 74.751 74.846 75.044 75.181 75.221 75.62 75.846 75.893 76.071 76.09 76.308 76.554 76.6 77.893 78.364 78.681 78.739 79.485 79.569 79.585 79.655 80.106 81.205 81.283 81.851 82.251 82.439 83.425 83.853 84.151 85.35 85.615 88.923 89.508 97.19 99.059 100.137 100.402 100.87 101.403 102.222 102.35 102.466 102.582 102.691 102.783 103.044 103.1 103.282 103.529 104.09 104.142 104.194 104.371 104.467 104.599 104.739 104.86 104.915 105.1 105.201 105.597 105.63 108.508 108.644 109.751 110.669 117.088 117.493 117.501 117.959 118.155 118.66 119.001 119.045 119.314 119.43 119.49 119.686 120.941 121.202 121.599 121.703 122.016 122.806 122.998 123.335 124.485 125.662 125.867 126.308 127.112 127.573 128.052 128.11 128.278 130.006 130.063 130.503 131.125 131.731 132.027 132.448 132.458 133.3 134.282 135.049 135.908 136.122 136.967 138.061 138.291 138.963 139.849 141.007 141.309 143.878 146.425 146.502 148.558 148.834 154.88 155.972 156.734 157.235 173.503 176.125 183.747 285.215 322.59 4769.1

Time elapsed stats:
  sum  72659.7 us
  avg  72.6597 us
  max  4769.1 us
  min  54.541 us

Removing top/bottom-5:
  sum  66649.5 us
  avg  67.3227 us
  max  173.503 us
  min  54.854 us

Num files at level --
  0: 9
  1: 19
  2: 12
  3: 0
  4: 0
  5: 0
  6: 0

Stats --
                               Compactions
Level  Files Size(MB) Time(sec) Read(MB) Write(MB)
--------------------------------------------------
  0        9       36         0        0         0
  1       19       36         0        0         0
  2       12       24         0        0         0

SSTables --
--- level 0 ---
 92:4124646['user10046604894068544' @ 9635 : 1 .. 'user971136347768642592' @ 9667 : 1]
 89:4205685['user1005640680888162' @ 8874 : 1 .. 'user960084102193685886' @ 8906 : 1]
 85:4204932['user1005972966029934054' @ 8047 : 1 .. 'user994579075160678783' @ 7972 : 1]
 81:4205504['user1006191281247775937' @ 7456 : 1 .. 'user982188593343599298' @ 7368 : 1]
 78:4205619['user1006532926542074502' @ 6714 : 1 .. 'user99137614613375737' @ 6928 : 1]
 83:4205080['user1018363447847013539' @ 7865 : 1 .. 'user993800799430696452' @ 7820 : 1]
 58:4205091['user1019483368871294435' @ 6367 : 1 .. 'user994360759942836900' @ 6491 : 1]
 91:4205756['user1044594160504054184' @ 9234 : 1 .. 'user95229708324090387' @ 9196 : 1]
 87:4205838['user1050400263547602761' @ 8556 : 1 .. 'user935751586290908468' @ 8619 : 1]
--- level 1 ---
 56:2107550['user1006751241759916385' @ 6221 : 1 .. 'user1498736710723774180' @ 4061 : 1]
 59:2107519['user1499296671235914628' @ 2800 : 1 .. 'user1940937226857796243' @ 3609 : 1]
 60:2107462['user1941497187369936691' @ 3402 : 1 .. 'user2429916395338807701' @ 3442 : 1]
 61:2107602['user2430134710556649584' @ 4885 : 1 .. 'user2893101481598462280' @ 4780 : 1]
 62:2107507['user2895889466863466734' @ 3822 : 1 .. 'user3335631825731085122' @ 5111 : 1]
 63:2107680['user3336191786243225570' @ 5762 : 1 .. 'user3810210802859994972' @ 2664 : 1]
 64:2107439['user3810429118077836855' @ 3175 : 1 .. 'user4256537540501144268' @ 6053 : 1]
 65:2107572['user4257097501013284716' @ 5270 : 1 .. 'user4760135215552099217' @ 2697 : 1]
 66:2107491['user4764821397571366898' @ 2517 : 1 .. 'user5211708095724656642' @ 5413 : 1]
 67:2107613['user5212049741018955207' @ 5233 : 1 .. 'user5623208460573458061' @ 4765 : 1]
 68:2107496['user5623768421085598509' @ 6064 : 1 .. 'user6131835534764733457' @ 4229 : 1]
 69:2107420['user6132395495276873905' @ 5110 : 1 .. 'user6533061929768560501' @ 3508 : 1]
 70:2107414['user65420917376365171' @ 3918 : 1 .. 'user7021699452955273394' @ 6015 : 1]
 71:2107611['user7030293541263826425' @ 5829 : 1 .. 'user7488014169774230992' @ 3403 : 1]
 72:1895765['user7488232484992072875' @ 4916 : 1 .. 'user7891251846139834360' @ 4796 : 1]
 73:2107521['user7900965855472668287' @ 4966 : 1 .. 'user8384575551345814934' @ 3899 : 1]
 74:2107482['user8384917196640113499' @ 2579 : 1 .. 'user8794955995170335457' @ 5853 : 1]
 75:2107295['user8795515955682475905' @ 5104 : 1 .. 'user979960568590735292' @ 3463 : 1]
 76:121025['user982748553855739746' @ 5015 : 1 .. 'user997378877721381023' @ 3797 : 1]
--- level 2 ---
 36:2107527['user1000385178204227360' @ 6 : 1 .. 'user1715321609418666813' @ 1633 : 1]
 45:2107432['user1715539924636508696' @ 2150 : 1 .. 'user2419424110275991443' @ 2320 : 1]
 46:2107346['user2422430410758837780' @ 1503 : 1 .. 'user3111914405046218919' @ 615 : 1]
 47:2107429['user3112132720264060802' @ 104 : 1 .. 'user3832315294009908384' @ 2078 : 1]
 48:2107491['user3835881555004895169' @ 1024 : 1 .. 'user4515091579447301933' @ 169 : 1]
 49:2107419['user4515651539959442381' @ 922 : 1 .. 'user5219194080304626563' @ 398 : 1]
 50:2107468['user5223101986593911913' @ 1398 : 1 .. 'user5911684375074854039' @ 2219 : 1]
 51:2107281['user5912804296099134935' @ 713 : 1 .. 'user6525357629970748697' @ 1972 : 1]
 52:2107377['user6525917590482889145' @ 67 : 1 .. 'user7230580051852354223' @ 1081 : 1]
 53:2107438['user7230798367070196106' @ 1614 : 1 .. 'user789388067335041421' @ 1243 : 1]
 54:2107349['user7908110194758339643' @ 1689 : 1 .. 'user8637323487248424022' @ 309 : 1]
 55:2046806['user8637665132542722587' @ 97 : 1 .. 'user996258956697100127' @ 1207 : 1]
--- level 3 ---
--- level 4 ---
--- level 5 ---
--- level 6 ---

