Finished 1000 requests.

Sorted time elapsed:
 47.983 48.124 48.2 48.322 48.329 48.394 48.434 48.436 48.564 48.669 48.718 48.746 48.788 48.81 48.848 48.942 49 49.181 49.283 49.317 49.324 49.325 49.347 49.365 49.408 49.417 49.421 49.443 49.449 49.489 49.519 49.569 49.573 49.582 49.59 49.612 49.625 49.626 49.639 49.669 49.682 49.726 49.732 49.733 49.761 49.767 49.783 49.79 49.838 49.842 49.85 49.872 49.904 49.906 49.938 49.952 49.952 49.958 49.96 49.966 49.969 49.978 49.994 50.022 50.036 50.043 50.056 50.078 50.086 50.111 50.121 50.159 50.188 50.199 50.215 50.229 50.23 50.245 50.257 50.274 50.279 50.279 50.288 50.289 50.303 50.309 50.315 50.347 50.359 50.393 50.403 50.415 50.421 50.423 50.424 50.443 50.445 50.446 50.477 50.485 50.494 50.566 50.569 50.579 50.593 50.601 50.605 50.608 50.616 50.644 50.646 50.675 50.677 50.682 50.692 50.697 50.71 50.712 50.714 50.72 50.722 50.75 50.754 50.768 50.784 50.808 50.814 50.834 50.836 50.838 50.864 50.87 50.872 50.897 50.922 50.955 50.959 50.968 50.991 50.994 50.997 51.019 51.02 51.025 51.028 51.029 51.05 51.06 51.064 51.073 51.076 51.083 51.087 51.088 51.095 51.095 51.119 51.129 51.13 51.137 51.139 51.153 51.155 51.159 51.161 51.171 51.207 51.209 51.228 51.233 51.253 51.253 51.261 51.267 51.283 51.283 51.287 51.299 51.299 51.299 51.301 51.309 51.335 51.357 51.371 51.38 51.383 51.4 51.404 51.412 51.425 51.425 51.431 51.449 51.459 51.47 51.473 51.476 51.477 51.489 51.501 51.505 51.536 51.56 51.564 51.564 51.584 51.588 51.594 51.602 51.602 51.618 51.624 51.628 51.638 51.648 51.674 51.682 51.696 51.698 51.724 51.726 51.734 51.735 51.745 51.746 51.75 51.759 51.759 51.776 51.778 51.795 51.811 51.812 51.814 51.817 51.835 51.835 51.838 51.842 51.851 51.854 51.873 51.881 51.884 51.889 51.906 51.908 51.919 51.929 51.931 51.95 51.961 51.965 51.965 51.973 51.973 51.98 51.981 51.983 51.983 51.985 51.989 52.007 52.013 52.027 52.027 52.033 52.037 52.057 52.069 52.073 52.079 52.079 52.089 52.097 52.097 52.099 52.103 52.115 52.119 52.135 52.137 52.148 52.154 52.156 52.165 52.191 52.201 52.207 52.212 52.213 52.22 52.237 52.237 52.24 52.241 52.241 52.243 52.244 52.25 52.258 52.263 52.267 52.27 52.272 52.277 52.287 52.294 52.297 52.311 52.311 52.317 52.319 52.337 52.344 52.344 52.358 52.376 52.378 52.381 52.385 52.392 52.408 52.42 52.428 52.43 52.434 52.438 52.442 52.444 52.444 52.446 52.464 52.472 52.474 52.488 52.51 52.516 52.52 52.528 52.53 52.534 52.54 52.54 52.546 52.556 52.572 52.601 52.602 52.61 52.614 52.616 52.652 52.655 52.687 52.692 52.692 52.692 52.695 52.7 52.7 52.713 52.725 52.729 52.738 52.743 52.754 52.759 52.762 52.778 52.785 52.788 52.789 52.793 52.793 52.799 52.821 52.821 52.821 52.828 52.849 52.853 52.853 52.856 52.857 52.861 52.868 52.871 52.883 52.897 52.899 52.917 52.937 52.941 52.969 53.001 53.005 53.005 53.007 53.014 53.015 53.029 53.033 53.035 53.04 53.042 53.061 53.078 53.082 53.089 53.093 53.093 53.101 53.101 53.104 53.122 53.135 53.139 53.15 53.151 53.163 53.174 53.193 53.221 53.224 53.233 53.238 53.24 53.242 53.248 53.254 53.262 53.272 53.292 53.302 53.307 53.311 53.312 53.322 53.322 53.338 53.344 53.348 53.366 53.374 53.378 53.384 53.388 53.398 53.404 53.428 53.43 53.434 53.442 53.444 53.449 53.46 53.462 53.468 53.473 53.482 53.483 53.486 53.502 53.506 53.515 53.605 53.607 53.63 53.649 53.671 53.683 53.685 53.7 53.702 53.709 53.735 53.739 53.747 53.757 53.763 53.791 53.813 53.861 53.862 53.863 53.891 53.899 53.918 53.919 53.922 53.933 53.935 53.938 53.976 53.979 53.982 54.012 54.023 54.026 54.034 54.05 54.061 54.068 54.08 54.082 54.113 54.128 54.155 54.196 54.236 54.242 54.254 54.262 54.267 54.383 54.402 54.473 54.509 54.516 54.521 54.573 54.575 54.577 54.577 54.601 54.621 54.639 54.639 54.655 54.657 54.665 54.669 54.701 54.705 54.757 54.799 54.805 54.824 54.841 54.843 54.875 54.879 54.884 54.985 55.014 55.018 55.138 55.187 55.198 55.208 55.213 55.241 55.245 55.249 55.323 55.331 55.353 55.393 55.447 55.511 55.667 55.756 55.809 55.892 55.898 55.9 55.946 55.96 56.027 56.028 56.028 56.05 56.059 56.087 56.089 56.137 56.199 56.217 56.234 56.235 56.295 56.299 56.347 56.397 56.399 56.405 56.411 56.443 56.491 56.505 56.538 56.564 56.574 56.587 56.628 56.636 56.688 56.804 56.804 56.814 56.84 56.864 56.901 56.916 56.931 56.932 56.934 56.955 57.019 57.075 57.092 57.097 57.157 57.185 57.219 57.297 57.381 57.405 57.438 57.474 57.505 57.545 57.614 57.636 57.68 57.716 57.722 57.826 57.834 57.839 57.925 57.945 57.983 57.991 58.019 58.054 58.061 58.085 58.097 58.127 58.159 58.187 58.291 58.322 58.432 58.49 58.548 58.589 58.59 58.635 58.755 58.793 58.879 58.893 58.927 58.975 59.069 59.103 59.316 59.328 59.364 59.414 59.527 59.607 59.791 59.853 59.941 59.955 60.107 60.198 60.236 60.334 60.374 60.413 60.416 60.553 60.6 60.665 60.699 60.958 60.976 61.182 61.187 61.299 61.428 61.449 61.466 61.521 61.579 61.627 61.714 61.812 61.834 61.888 61.948 61.982 62.137 62.243 62.455 62.531 62.778 63.035 63.117 63.157 63.159 64.267 64.4 64.588 64.933 65.148 65.464 65.672 66.133 66.378 67.056 67.36 67.74 67.894 68.407 69.131 69.143 69.522 69.539 70.183 70.795 71.047 71.053 71.069 71.669 72.707 73.399 73.998 74.846 75.601 76.801 78.09 79.214 79.935 81.632 83.481 84.862 85.912 86.509 86.668 86.722 86.792 86.992 87.307 88.092 88.146 88.365 88.463 88.763 88.884 89.146 89.167 89.237 89.47 89.608 89.659 89.743 89.901 89.929 90.016 90.117 90.257 90.333 90.533 90.599 90.651 91.081 91.238 91.306 91.398 91.555 92.061 92.071 92.418 92.529 92.739 93.049 93.429 93.46 93.895 94.132 94.158 95.094 95.378 95.523 96.168 98.101 99.37 104.705 104.854 105.605 105.729 105.916 106.313 112.596 113.584 114.12 114.266 114.496 114.686 114.796 114.902 115.037 115.192 115.243 115.769 115.794 115.874 116.435 116.53 116.596 117.107 117.167 117.182 117.248 117.317 117.378 117.498 117.518 117.558 117.623 117.643 117.698 117.794 117.804 117.864 117.894 118.004 118.019 118.239 118.254 118.365 118.39 118.495 118.531 118.6 118.651 118.686 118.691 118.726 118.886 118.887 118.951 118.952 118.982 119.037 119.092 119.132 119.197 119.267 119.437 119.438 119.442 119.472 119.528 119.593 119.638 119.713 119.823 119.873 119.884 119.918 119.969 119.999 120.034 120.069 120.074 120.185 120.229 120.255 120.305 120.385 120.42 120.55 120.65 120.701 120.701 120.906 120.986 121.091 121.202 121.222 121.302 121.412 121.502 121.587 121.722 121.843 121.953 122.038 122.048 122.088 122.118 122.179 122.274 122.405 122.424 122.429 122.585 122.66 122.67 122.891 122.996 123.086 123.131 123.136 123.196 123.226 123.336 123.457 123.462 123.758 123.798 123.863 123.868 123.883 123.994 124.098 124.124 124.179 124.213 124.369 124.57 124.734 124.93 125.346 125.382 125.481 125.526 125.628 125.893 126.008 126.108 126.985 127.411 127.457 127.576 127.807 128.404 128.76 129.005 129.26 129.606 129.611 129.847 131.555 131.867 131.947 132.373 132.753 132.939 133.1 133.402 133.485 133.506 133.515 134.052 134.122 134.929 136.192 136.988 138.878 139.108 139.956 140.166 140.437 140.717 141.399 142.607 143.313 144.325 144.4 144.4 146.807 147.318 147.418 147.452 148.18 149.622 153.05 156.128 159.887 161.315 161.435 165.805 167.505 168.918 179.652 181.146 194.031 232.45 239.126 360.484 4193.1

Time elapsed stats:
  sum  75416.8 us
  avg  75.4168 us
  max  4193.1 us
  min  47.983 us

Removing top/bottom-5:
  sum  69956.7 us
  avg  70.6633 us
  max  181.146 us
  min  48.394 us

Num files at level --
  0: 9
  1: 19
  2: 12
  3: 0
  4: 0
  5: 0
  6: 0

Stats --
                               Compactions
Level  Files Size(MB) Time(sec) Read(MB) Write(MB)
--------------------------------------------------
  0        9       36         0        0         0
  1       19       36         0        0         0
  2       12       24         0        0         0

SSTables --
--- level 0 ---
 92:4124646['user10046604894068544' @ 9635 : 1 .. 'user971136347768642592' @ 9667 : 1]
 89:4205685['user1005640680888162' @ 8874 : 1 .. 'user960084102193685886' @ 8906 : 1]
 85:4204932['user1005972966029934054' @ 8047 : 1 .. 'user994579075160678783' @ 7972 : 1]
 81:4205504['user1006191281247775937' @ 7456 : 1 .. 'user982188593343599298' @ 7368 : 1]
 78:4205619['user1006532926542074502' @ 6714 : 1 .. 'user99137614613375737' @ 6928 : 1]
 83:4205080['user1018363447847013539' @ 7865 : 1 .. 'user993800799430696452' @ 7820 : 1]
 58:4205091['user1019483368871294435' @ 6367 : 1 .. 'user994360759942836900' @ 6491 : 1]
 91:4205756['user1044594160504054184' @ 9234 : 1 .. 'user95229708324090387' @ 9196 : 1]
 87:4205838['user1050400263547602761' @ 8556 : 1 .. 'user935751586290908468' @ 8619 : 1]
--- level 1 ---
 56:2107550['user1006751241759916385' @ 6221 : 1 .. 'user1498736710723774180' @ 4061 : 1]
 59:2107519['user1499296671235914628' @ 2800 : 1 .. 'user1940937226857796243' @ 3609 : 1]
 60:2107462['user1941497187369936691' @ 3402 : 1 .. 'user2429916395338807701' @ 3442 : 1]
 61:2107602['user2430134710556649584' @ 4885 : 1 .. 'user2893101481598462280' @ 4780 : 1]
 62:2107507['user2895889466863466734' @ 3822 : 1 .. 'user3335631825731085122' @ 5111 : 1]
 63:2107680['user3336191786243225570' @ 5762 : 1 .. 'user3810210802859994972' @ 2664 : 1]
 64:2107439['user3810429118077836855' @ 3175 : 1 .. 'user4256537540501144268' @ 6053 : 1]
 65:2107572['user4257097501013284716' @ 5270 : 1 .. 'user4760135215552099217' @ 2697 : 1]
 66:2107491['user4764821397571366898' @ 2517 : 1 .. 'user5211708095724656642' @ 5413 : 1]
 67:2107613['user5212049741018955207' @ 5233 : 1 .. 'user5623208460573458061' @ 4765 : 1]
 68:2107496['user5623768421085598509' @ 6064 : 1 .. 'user6131835534764733457' @ 4229 : 1]
 69:2107420['user6132395495276873905' @ 5110 : 1 .. 'user6533061929768560501' @ 3508 : 1]
 70:2107414['user65420917376365171' @ 3918 : 1 .. 'user7021699452955273394' @ 6015 : 1]
 71:2107611['user7030293541263826425' @ 5829 : 1 .. 'user7488014169774230992' @ 3403 : 1]
 72:1895765['user7488232484992072875' @ 4916 : 1 .. 'user7891251846139834360' @ 4796 : 1]
 73:2107521['user7900965855472668287' @ 4966 : 1 .. 'user8384575551345814934' @ 3899 : 1]
 74:2107482['user8384917196640113499' @ 2579 : 1 .. 'user8794955995170335457' @ 5853 : 1]
 75:2107295['user8795515955682475905' @ 5104 : 1 .. 'user979960568590735292' @ 3463 : 1]
 76:121025['user982748553855739746' @ 5015 : 1 .. 'user997378877721381023' @ 3797 : 1]
--- level 2 ---
 36:2107527['user1000385178204227360' @ 6 : 1 .. 'user1715321609418666813' @ 1633 : 1]
 45:2107432['user1715539924636508696' @ 2150 : 1 .. 'user2419424110275991443' @ 2320 : 1]
 46:2107346['user2422430410758837780' @ 1503 : 1 .. 'user3111914405046218919' @ 615 : 1]
 47:2107429['user3112132720264060802' @ 104 : 1 .. 'user3832315294009908384' @ 2078 : 1]
 48:2107491['user3835881555004895169' @ 1024 : 1 .. 'user4515091579447301933' @ 169 : 1]
 49:2107419['user4515651539959442381' @ 922 : 1 .. 'user5219194080304626563' @ 398 : 1]
 50:2107468['user5223101986593911913' @ 1398 : 1 .. 'user5911684375074854039' @ 2219 : 1]
 51:2107281['user5912804296099134935' @ 713 : 1 .. 'user6525357629970748697' @ 1972 : 1]
 52:2107377['user6525917590482889145' @ 67 : 1 .. 'user7230580051852354223' @ 1081 : 1]
 53:2107438['user7230798367070196106' @ 1614 : 1 .. 'user789388067335041421' @ 1243 : 1]
 54:2107349['user7908110194758339643' @ 1689 : 1 .. 'user8637323487248424022' @ 309 : 1]
 55:2046806['user8637665132542722587' @ 97 : 1 .. 'user996258956697100127' @ 1207 : 1]
--- level 3 ---
--- level 4 ---
--- level 5 ---
--- level 6 ---

