Finished 1000 requests.

Sorted time elapsed:
 4.184 4.186 4.192 4.222 4.29 4.29 4.3 4.337 4.356 4.487 5.245 5.281 5.304 5.309 5.314 5.343 5.357 5.358 5.363 5.368 5.37 5.37 5.386 5.388 5.392 5.394 5.395 5.398 5.399 5.407 5.408 5.411 5.413 5.417 5.419 5.422 5.432 5.436 5.443 5.451 5.451 5.457 5.461 5.469 5.487 5.499 5.501 5.509 5.515 5.553 5.565 5.579 5.583 5.605 5.625 5.653 5.672 5.685 5.703 5.916 6.014 6.034 6.034 6.034 6.036 6.038 6.038 6.042 6.05 6.051 6.064 6.064 6.064 6.066 6.068 6.076 6.078 6.08 6.082 6.086 6.086 6.09 6.092 6.094 6.095 6.096 6.098 6.102 6.104 6.104 6.108 6.109 6.11 6.11 6.11 6.114 6.12 6.123 6.126 6.126 6.126 6.127 6.132 6.132 6.138 6.14 6.142 6.145 6.148 6.151 6.154 6.155 6.156 6.169 6.169 6.175 6.186 6.186 6.188 6.188 6.194 6.196 6.197 6.201 6.204 6.206 6.206 6.207 6.208 6.209 6.21 6.211 6.212 6.215 6.22 6.226 6.234 6.238 6.243 6.246 6.248 6.249 6.261 6.269 6.27 6.271 6.271 6.277 6.289 6.295 6.295 6.312 6.32 6.324 6.337 6.381 6.386 6.393 6.482 6.509 6.511 6.541 6.577 6.584 6.586 6.591 6.599 6.602 6.611 6.616 6.656 6.752 6.952 6.996 6.998 7.095 7.171 7.173 7.187 7.201 7.201 7.213 7.215 7.217 7.217 7.22 7.22 7.223 7.231 7.233 7.236 7.24 7.246 7.253 7.255 7.257 7.257 7.261 7.262 7.263 7.265 7.279 7.285 7.285 7.289 7.295 7.313 7.313 7.319 7.319 7.323 7.331 7.333 7.335 7.337 7.337 7.341 7.353 7.355 7.359 7.373 7.393 7.397 7.413 7.419 7.421 7.421 7.438 7.477 7.479 7.483 7.497 7.524 7.538 7.574 7.704 7.84 7.846 7.867 7.896 7.898 7.901 7.904 7.914 7.916 7.918 7.92 7.93 7.941 7.944 7.95 7.951 7.955 7.972 7.973 7.976 7.976 7.978 7.986 7.997 7.997 8.007 8.009 8.021 8.023 8.04 8.045 8.047 8.052 8.072 8.084 8.089 8.091 8.091 8.093 8.093 8.096 8.129 8.129 8.129 8.136 8.139 8.139 8.147 8.175 8.181 8.185 8.185 8.217 8.243 8.335 8.837 8.961 9.005 9.019 9.021 9.029 9.029 9.049 9.073 9.081 9.089 9.097 9.101 9.113 9.125 9.149 9.157 9.173 9.174 9.177 9.197 9.202 9.222 9.226 9.229 9.237 9.258 9.274 9.277 9.286 9.294 9.294 9.297 9.298 9.302 9.31 9.314 9.318 9.321 9.322 9.322 9.322 9.329 9.334 9.346 9.365 9.37 9.386 9.39 9.41 9.418 9.418 9.434 9.446 9.45 9.454 9.454 9.462 9.47 9.482 9.486 9.49 9.498 9.502 9.51 9.518 9.526 9.538 9.582 9.607 9.634 9.634 9.711 9.754 9.795 9.847 9.991 10.24 10.925 11.026 11.029 11.106 11.109 11.134 11.146 11.166 11.206 11.21 11.214 11.251 11.262 11.266 11.275 11.282 11.294 11.294 11.302 11.306 11.31 11.314 11.346 11.355 11.362 11.375 11.382 11.395 11.442 11.455 11.475 11.499 11.511 11.523 11.523 11.543 11.547 11.559 11.587 11.591 11.595 11.603 11.623 11.627 11.631 11.659 11.663 11.671 11.675 11.676 11.676 11.684 11.691 11.695 11.696 11.707 11.715 11.719 11.723 11.727 11.728 11.731 11.739 11.747 11.747 11.756 11.763 11.771 11.78 11.787 11.792 11.795 11.807 11.808 11.811 11.819 11.828 11.832 11.84 11.84 11.843 11.847 11.851 11.864 11.872 11.888 11.888 11.896 11.899 11.908 11.908 11.955 11.967 11.976 11.984 11.988 11.988 12.02 12.036 12.048 12.048 12.096 12.116 12.116 12.144 12.156 12.161 12.264 12.333 12.558 12.561 12.581 12.629 12.665 12.734 12.758 12.762 12.765 12.778 12.798 12.798 12.801 12.814 12.838 12.838 12.845 12.858 12.87 12.874 12.874 12.874 12.882 12.894 12.894 12.902 12.914 12.918 12.918 12.919 12.922 12.922 12.922 12.926 12.926 12.934 12.938 12.938 12.942 12.942 12.95 12.958 12.958 12.962 12.962 12.97 12.97 12.974 12.983 12.986 12.986 12.99 12.99 12.991 12.995 13.002 13.002 13.006 13.006 13.007 13.01 13.01 13.011 13.018 13.019 13.026 13.026 13.026 13.027 13.03 13.034 13.034 13.035 13.038 13.038 13.038 13.039 13.042 13.043 13.043 13.046 13.05 13.054 13.055 13.055 13.058 13.058 13.059 13.067 13.07 13.074 13.075 13.078 13.078 13.078 13.083 13.083 13.083 13.086 13.086 13.086 13.09 13.095 13.098 13.098 13.106 13.107 13.107 13.11 13.118 13.119 13.122 13.122 13.126 13.134 13.134 13.134 13.138 13.147 13.147 13.15 13.15 13.151 13.158 13.158 13.158 13.162 13.163 13.163 13.166 13.166 13.17 13.175 13.175 13.179 13.182 13.182 13.183 13.187 13.187 13.187 13.195 13.199 13.202 13.214 13.215 13.215 13.218 13.219 13.223 13.223 13.226 13.231 13.235 13.242 13.243 13.243 13.243 13.243 13.247 13.259 13.259 13.262 13.263 13.263 13.267 13.27 13.279 13.287 13.29 13.291 13.291 13.291 13.295 13.299 13.303 13.311 13.319 13.323 13.323 13.331 13.331 13.339 13.339 13.343 13.343 13.347 13.347 13.351 13.359 13.363 13.363 13.371 13.371 13.384 13.387 13.391 13.392 13.403 13.423 13.427 13.427 13.443 13.447 13.451 13.451 13.475 13.475 13.475 13.492 13.5 13.524 13.531 13.531 13.535 13.536 13.547 13.56 13.563 13.571 13.575 13.576 13.588 13.588 13.596 13.603 13.663 13.687 13.704 13.892 13.892 13.908 13.981 14.1 14.313 14.422 14.486 14.63 14.698 14.794 14.795 14.831 14.838 14.859 14.879 14.887 14.906 14.907 14.907 14.923 14.934 14.947 14.951 14.966 14.991 15.003 15.003 15.007 15.018 15.019 15.031 15.031 15.031 15.063 15.067 15.079 15.083 15.083 15.119 15.127 15.128 15.139 15.143 15.155 15.159 15.167 15.171 15.179 15.215 15.251 15.3 15.308 15.323 15.328 15.328 15.355 15.36 15.364 15.372 15.392 15.399 15.42 15.428 15.432 15.448 15.468 15.472 15.476 15.476 15.476 15.484 15.492 15.496 15.516 15.516 15.536 15.552 15.556 15.557 15.576 15.588 15.589 15.592 15.593 15.593 15.608 15.612 15.62 15.621 15.653 15.653 15.66 15.665 15.685 15.692 15.697 15.704 15.704 15.704 15.708 15.72 15.721 15.745 15.749 15.76 15.785 15.785 15.8 15.813 15.829 15.836 15.841 15.849 15.857 15.873 15.897 15.901 15.901 15.905 15.908 15.909 15.921 15.925 15.929 15.953 15.957 16.054 16.138 16.398 16.402 16.522 16.551 16.558 16.566 16.567 16.579 16.582 16.586 16.59 16.599 16.603 16.607 16.607 16.607 16.615 16.622 16.638 16.643 16.643 16.654 16.655 16.659 16.691 16.691 16.691 16.695 16.711 16.719 16.719 16.719 16.739 16.747 16.747 16.751 16.751 16.759 16.771 16.783 16.783 16.787 16.787 16.791 16.795 16.795 16.803 16.803 16.807 16.808 16.811 16.811 16.819 16.823 16.823 16.828 16.839 16.843 16.843 16.844 16.844 16.847 16.855 16.856 16.859 16.859 16.86 16.863 16.867 16.871 16.872 16.875 16.88 16.883 16.883 16.884 16.887 16.888 16.888 16.907 16.907 16.908 16.908 16.915 16.919 16.92 16.923 16.924 16.939 16.94 16.94 16.947 16.951 16.951 16.952 16.955 16.971 16.987 16.988 17.008 17.012 17.012 17.015 17.015 17.016 17.027 17.039 17.039 17.044 17.056 17.06 17.064 17.068 17.068 17.087 17.087 17.092 17.096 17.111 17.111 17.111 17.116 17.12 17.124 17.136 17.14 17.152 17.164 17.172 17.176 17.208 17.208 17.212 17.257 17.26 17.292 17.296 17.297 17.312 17.32 17.328 17.328 17.332 17.396 17.493 17.569 17.581 17.749 17.862 18.435 18.475 18.611 18.724 18.743 18.856 20.347 20.568 22.019 31.493 32.347 34.464 36.611 67.777 592.842

Time elapsed stats:
  sum  12400.9 us
  avg  12.4009 us
  max  592.842 us
  min  4.184 us

Removing top/bottom-5:
  sum  11615.7 us
  avg  11.7331 us
  max  31.493 us
  min  4.29 us

Num files at level --
  0: 9
  1: 19
  2: 12
  3: 0
  4: 0
  5: 0
  6: 0

Stats --
                               Compactions
Level  Files Size(MB) Time(sec) Read(MB) Write(MB)
--------------------------------------------------
  0        9       36         0        0         0
  1       19       36         0        0         0
  2       12       24         0        0         0

SSTables --
--- level 0 ---
 92:4124646['user10046604894068544' @ 9635 : 1 .. 'user971136347768642592' @ 9667 : 1]
 89:4205685['user1005640680888162' @ 8874 : 1 .. 'user960084102193685886' @ 8906 : 1]
 85:4204932['user1005972966029934054' @ 8047 : 1 .. 'user994579075160678783' @ 7972 : 1]
 81:4205504['user1006191281247775937' @ 7456 : 1 .. 'user982188593343599298' @ 7368 : 1]
 78:4205619['user1006532926542074502' @ 6714 : 1 .. 'user99137614613375737' @ 6928 : 1]
 83:4205080['user1018363447847013539' @ 7865 : 1 .. 'user993800799430696452' @ 7820 : 1]
 58:4205091['user1019483368871294435' @ 6367 : 1 .. 'user994360759942836900' @ 6491 : 1]
 91:4205756['user1044594160504054184' @ 9234 : 1 .. 'user95229708324090387' @ 9196 : 1]
 87:4205838['user1050400263547602761' @ 8556 : 1 .. 'user935751586290908468' @ 8619 : 1]
--- level 1 ---
 56:2107550['user1006751241759916385' @ 6221 : 1 .. 'user1498736710723774180' @ 4061 : 1]
 59:2107519['user1499296671235914628' @ 2800 : 1 .. 'user1940937226857796243' @ 3609 : 1]
 60:2107462['user1941497187369936691' @ 3402 : 1 .. 'user2429916395338807701' @ 3442 : 1]
 61:2107602['user2430134710556649584' @ 4885 : 1 .. 'user2893101481598462280' @ 4780 : 1]
 62:2107507['user2895889466863466734' @ 3822 : 1 .. 'user3335631825731085122' @ 5111 : 1]
 63:2107680['user3336191786243225570' @ 5762 : 1 .. 'user3810210802859994972' @ 2664 : 1]
 64:2107439['user3810429118077836855' @ 3175 : 1 .. 'user4256537540501144268' @ 6053 : 1]
 65:2107572['user4257097501013284716' @ 5270 : 1 .. 'user4760135215552099217' @ 2697 : 1]
 66:2107491['user4764821397571366898' @ 2517 : 1 .. 'user5211708095724656642' @ 5413 : 1]
 67:2107613['user5212049741018955207' @ 5233 : 1 .. 'user5623208460573458061' @ 4765 : 1]
 68:2107496['user5623768421085598509' @ 6064 : 1 .. 'user6131835534764733457' @ 4229 : 1]
 69:2107420['user6132395495276873905' @ 5110 : 1 .. 'user6533061929768560501' @ 3508 : 1]
 70:2107414['user65420917376365171' @ 3918 : 1 .. 'user7021699452955273394' @ 6015 : 1]
 71:2107611['user7030293541263826425' @ 5829 : 1 .. 'user7488014169774230992' @ 3403 : 1]
 72:1895765['user7488232484992072875' @ 4916 : 1 .. 'user7891251846139834360' @ 4796 : 1]
 73:2107521['user7900965855472668287' @ 4966 : 1 .. 'user8384575551345814934' @ 3899 : 1]
 74:2107482['user8384917196640113499' @ 2579 : 1 .. 'user8794955995170335457' @ 5853 : 1]
 75:2107295['user8795515955682475905' @ 5104 : 1 .. 'user979960568590735292' @ 3463 : 1]
 76:121025['user982748553855739746' @ 5015 : 1 .. 'user997378877721381023' @ 3797 : 1]
--- level 2 ---
 36:2107527['user1000385178204227360' @ 6 : 1 .. 'user1715321609418666813' @ 1633 : 1]
 45:2107432['user1715539924636508696' @ 2150 : 1 .. 'user2419424110275991443' @ 2320 : 1]
 46:2107346['user2422430410758837780' @ 1503 : 1 .. 'user3111914405046218919' @ 615 : 1]
 47:2107429['user3112132720264060802' @ 104 : 1 .. 'user3832315294009908384' @ 2078 : 1]
 48:2107491['user3835881555004895169' @ 1024 : 1 .. 'user4515091579447301933' @ 169 : 1]
 49:2107419['user4515651539959442381' @ 922 : 1 .. 'user5219194080304626563' @ 398 : 1]
 50:2107468['user5223101986593911913' @ 1398 : 1 .. 'user5911684375074854039' @ 2219 : 1]
 51:2107281['user5912804296099134935' @ 713 : 1 .. 'user6525357629970748697' @ 1972 : 1]
 52:2107377['user6525917590482889145' @ 67 : 1 .. 'user7230580051852354223' @ 1081 : 1]
 53:2107438['user7230798367070196106' @ 1614 : 1 .. 'user789388067335041421' @ 1243 : 1]
 54:2107349['user7908110194758339643' @ 1689 : 1 .. 'user8637323487248424022' @ 309 : 1]
 55:2046806['user8637665132542722587' @ 97 : 1 .. 'user996258956697100127' @ 1207 : 1]
--- level 3 ---
--- level 4 ---
--- level 5 ---
--- level 6 ---

