Finished 1000 requests.

Sorted time elapsed:
 67.675 68.004 68.06 68.19 68.275 68.345 68.561 68.633 68.716 68.804 68.86 68.87 68.88 69.057 69.094 69.156 69.161 69.173 69.181 69.195 69.199 69.223 69.241 69.249 69.257 69.269 69.275 69.297 69.317 69.335 69.337 69.349 69.35 69.393 69.42 69.511 69.533 69.568 69.576 69.597 69.617 69.664 69.72 69.724 69.728 69.736 69.748 69.758 69.796 69.812 69.841 69.855 69.892 69.907 69.918 69.918 69.944 69.946 69.962 69.963 69.966 69.973 70.003 70.023 70.065 70.087 70.097 70.097 70.101 70.179 70.221 70.229 70.232 70.237 70.254 70.261 70.274 70.293 70.314 70.314 70.347 70.368 70.393 70.417 70.43 70.43 70.434 70.445 70.46 70.486 70.488 70.502 70.503 70.506 70.529 70.536 70.55 70.552 70.574 70.588 70.608 70.625 70.642 70.644 70.65 70.662 70.674 70.686 70.691 70.707 70.707 70.744 70.749 70.776 70.778 70.789 70.791 70.796 70.801 70.818 70.86 70.865 70.893 70.91 70.919 70.933 70.938 70.941 70.947 70.955 70.959 70.959 70.977 70.997 71.015 71.025 71.039 71.043 71.057 71.063 71.075 71.079 71.091 71.118 71.119 71.129 71.13 71.143 71.146 71.155 71.187 71.2 71.21 71.215 71.232 71.245 71.246 71.27 71.27 71.29 71.304 71.308 71.326 71.33 71.334 71.336 71.34 71.342 71.35 71.352 71.352 71.355 71.356 71.366 71.374 71.386 71.388 71.388 71.392 71.398 71.412 71.424 71.44 71.448 71.462 71.488 71.494 71.494 71.508 71.513 71.518 71.522 71.544 71.546 71.553 71.582 71.593 71.598 71.612 71.627 71.633 71.641 71.642 71.652 71.659 71.667 71.669 71.675 71.691 71.699 71.709 71.713 71.715 71.716 71.721 71.723 71.723 71.729 71.73 71.73 71.741 71.741 71.743 71.743 71.753 71.765 71.765 71.769 71.773 71.775 71.784 71.793 71.797 71.802 71.807 71.815 71.831 71.845 71.849 71.853 71.855 71.869 71.871 71.875 71.887 71.897 71.938 71.947 71.949 71.949 71.961 71.972 71.986 71.987 71.997 72.003 72.005 72.01 72.031 72.035 72.037 72.038 72.042 72.044 72.057 72.06 72.07 72.076 72.084 72.09 72.098 72.1 72.128 72.154 72.165 72.17 72.172 72.178 72.186 72.2 72.204 72.22 72.25 72.258 72.26 72.27 72.274 72.282 72.286 72.304 72.308 72.327 72.338 72.345 72.362 72.376 72.382 72.383 72.384 72.386 72.396 72.397 72.405 72.406 72.416 72.428 72.444 72.445 72.454 72.461 72.468 72.48 72.484 72.491 72.494 72.498 72.507 72.513 72.525 72.528 72.529 72.53 72.551 72.554 72.581 72.583 72.594 72.603 72.607 72.614 72.615 72.627 72.627 72.633 72.639 72.663 72.665 72.675 72.681 72.685 72.687 72.695 72.697 72.703 72.713 72.715 72.725 72.731 72.751 72.775 72.793 72.797 72.801 72.805 72.807 72.827 72.836 72.842 72.843 72.849 72.859 72.878 72.881 72.888 72.895 72.911 72.912 72.961 72.964 72.984 72.989 72.993 73.002 73.012 73.012 73.022 73.037 73.037 73.043 73.044 73.046 73.048 73.048 73.05 73.051 73.052 73.056 73.058 73.07 73.077 73.082 73.083 73.094 73.118 73.124 73.128 73.134 73.136 73.138 73.146 73.15 73.164 73.184 73.2 73.204 73.206 73.206 73.218 73.221 73.241 73.248 73.269 73.281 73.284 73.288 73.301 73.302 73.313 73.315 73.316 73.316 73.325 73.333 73.343 73.345 73.388 73.391 73.392 73.392 73.393 73.394 73.395 73.399 73.399 73.4 73.424 73.436 73.44 73.444 73.462 73.466 73.473 73.491 73.497 73.501 73.509 73.513 73.515 73.519 73.52 73.525 73.529 73.535 73.537 73.539 73.553 73.557 73.563 73.569 73.575 73.579 73.583 73.601 73.615 73.621 73.638 73.643 73.645 73.664 73.679 73.681 73.693 73.694 73.699 73.715 73.727 73.729 73.731 73.733 73.747 73.765 73.774 73.787 73.82 73.829 73.849 73.856 73.858 73.86 73.868 73.878 73.885 73.886 73.904 73.926 73.94 73.946 73.946 74.018 74.024 74.028 74.054 74.068 74.084 74.113 74.146 74.156 74.164 74.175 74.187 74.197 74.2 74.201 74.204 74.211 74.216 74.224 74.227 74.23 74.233 74.245 74.249 74.253 74.274 74.282 74.283 74.284 74.293 74.293 74.303 74.317 74.327 74.327 74.333 74.343 74.345 74.354 74.361 74.365 74.379 74.397 74.433 74.437 74.439 74.443 74.484 74.485 74.507 74.517 74.534 74.539 74.597 74.6 74.626 74.633 74.651 74.669 74.696 74.708 74.716 74.72 74.723 74.734 74.752 74.758 74.76 74.764 74.77 74.782 74.806 74.88 74.882 74.9 74.916 74.97 74.976 74.993 75.001 75.007 75.016 75.032 75.037 75.045 75.078 75.092 75.106 75.117 75.123 75.123 75.139 75.144 75.151 75.157 75.158 75.158 75.189 75.193 75.204 75.217 75.255 75.275 75.278 75.297 75.299 75.303 75.329 75.369 75.383 75.409 75.413 75.433 75.445 75.457 75.508 75.549 75.564 75.619 75.62 75.67 75.68 75.694 75.724 75.74 75.742 75.742 75.75 75.752 75.762 75.772 75.774 75.799 75.818 75.832 75.85 75.871 75.897 75.918 75.98 75.981 75.982 76.012 76.065 76.067 76.079 76.099 76.103 76.161 76.163 76.177 76.183 76.195 76.233 76.235 76.239 76.288 76.312 76.319 76.325 76.357 76.363 76.384 76.388 76.389 76.411 76.419 76.425 76.476 76.496 76.504 76.528 76.552 76.556 76.6 76.606 76.629 76.674 76.736 76.742 76.758 76.77 76.795 76.813 76.865 76.875 76.876 76.911 77.017 77.035 77.062 77.093 77.093 77.151 77.204 77.273 77.338 77.352 77.398 77.414 77.424 77.45 77.612 77.64 77.657 77.675 77.679 77.691 77.726 77.773 77.811 77.813 77.823 77.875 77.886 77.889 77.891 77.904 78.003 78.05 78.076 78.1 78.174 78.194 78.208 78.266 78.313 78.5 78.505 78.559 78.563 78.577 78.703 78.729 78.757 78.845 78.901 79.058 79.077 79.11 79.154 79.23 79.236 79.27 79.323 79.333 79.36 79.376 79.389 79.391 79.404 79.437 79.448 79.46 79.465 79.485 79.509 79.539 79.607 79.621 79.729 79.828 79.912 79.931 79.946 79.952 79.961 80.048 80.086 80.113 80.124 80.178 80.206 80.246 80.31 80.363 80.437 80.533 80.534 80.557 80.602 80.604 80.71 80.72 80.762 80.804 80.844 80.852 80.868 80.92 80.988 81.012 81.105 81.222 81.255 81.325 81.341 81.426 81.465 81.693 81.736 81.81 81.81 81.978 81.987 81.994 82.009 82.047 82.187 82.195 82.211 82.229 82.311 82.334 82.391 82.438 82.444 82.54 82.671 82.768 82.798 82.892 82.907 82.911 82.954 83.031 83.097 83.126 83.167 83.195 83.328 83.418 83.426 83.575 83.688 83.799 83.846 84.041 84.143 84.356 84.362 84.55 84.559 84.584 84.933 85.506 85.526 86.22 86.818 86.987 87.109 87.281 87.341 87.369 87.381 87.474 87.578 87.75 87.76 87.764 87.993 88.054 88.124 88.139 88.293 88.362 88.55 88.725 88.887 89.077 89.117 89.173 89.474 89.518 89.617 89.651 89.929 89.975 90.023 90.131 90.306 90.453 90.617 90.667 90.948 91 91.07 91.108 91.35 91.419 91.498 91.765 91.916 92.197 92.244 92.32 92.392 92.522 92.584 92.599 92.889 92.949 93.001 93.01 93.012 93.101 93.352 93.69 93.715 93.79 93.983 94.021 94.068 94.124 94.267 94.375 94.389 94.417 94.539 94.544 94.657 94.688 94.763 94.765 94.943 94.99 95.019 95.099 95.138 95.184 95.184 95.239 95.289 95.291 95.292 95.33 95.462 95.708 95.753 95.774 95.79 95.811 95.815 95.815 95.833 95.84 95.968 95.976 95.985 95.996 96.237 96.276 96.348 96.507 96.699 96.823 96.855 96.931 97.105 97.304 97.697 97.745 97.973 98.114 98.151 98.524 98.601 98.629 98.962 99.349 99.522 100.21 100.416 100.726 100.729 101.548 101.636 102.689 102.796 102.839 103.942 104.36 104.498 104.697 104.844 106.603 107.074 107.231 107.367 107.765 108.355 110.437 110.84 116.478 117.26 117.332 119.006 121.049 123.191 132.563 238.452 5362.74

Time elapsed stats:
  sum  82970.6 us
  avg  82.9706 us
  max  5362.74 us
  min  67.675 us

Removing top/bottom-5:
  sum  76652.4 us
  avg  77.4267 us
  max  119.006 us
  min  68.345 us

Num files at level --
  0: 9
  1: 19
  2: 12
  3: 0
  4: 0
  5: 0
  6: 0

Stats --
                               Compactions
Level  Files Size(MB) Time(sec) Read(MB) Write(MB)
--------------------------------------------------
  0        9       36         0        0         0
  1       19       36         0        0         0
  2       12       24         0        0         0

SSTables --
--- level 0 ---
 92:4124646['user10046604894068544' @ 9635 : 1 .. 'user971136347768642592' @ 9667 : 1]
 89:4205685['user1005640680888162' @ 8874 : 1 .. 'user960084102193685886' @ 8906 : 1]
 85:4204932['user1005972966029934054' @ 8047 : 1 .. 'user994579075160678783' @ 7972 : 1]
 81:4205504['user1006191281247775937' @ 7456 : 1 .. 'user982188593343599298' @ 7368 : 1]
 78:4205619['user1006532926542074502' @ 6714 : 1 .. 'user99137614613375737' @ 6928 : 1]
 83:4205080['user1018363447847013539' @ 7865 : 1 .. 'user993800799430696452' @ 7820 : 1]
 58:4205091['user1019483368871294435' @ 6367 : 1 .. 'user994360759942836900' @ 6491 : 1]
 91:4205756['user1044594160504054184' @ 9234 : 1 .. 'user95229708324090387' @ 9196 : 1]
 87:4205838['user1050400263547602761' @ 8556 : 1 .. 'user935751586290908468' @ 8619 : 1]
--- level 1 ---
 56:2107550['user1006751241759916385' @ 6221 : 1 .. 'user1498736710723774180' @ 4061 : 1]
 59:2107519['user1499296671235914628' @ 2800 : 1 .. 'user1940937226857796243' @ 3609 : 1]
 60:2107462['user1941497187369936691' @ 3402 : 1 .. 'user2429916395338807701' @ 3442 : 1]
 61:2107602['user2430134710556649584' @ 4885 : 1 .. 'user2893101481598462280' @ 4780 : 1]
 62:2107507['user2895889466863466734' @ 3822 : 1 .. 'user3335631825731085122' @ 5111 : 1]
 63:2107680['user3336191786243225570' @ 5762 : 1 .. 'user3810210802859994972' @ 2664 : 1]
 64:2107439['user3810429118077836855' @ 3175 : 1 .. 'user4256537540501144268' @ 6053 : 1]
 65:2107572['user4257097501013284716' @ 5270 : 1 .. 'user4760135215552099217' @ 2697 : 1]
 66:2107491['user4764821397571366898' @ 2517 : 1 .. 'user5211708095724656642' @ 5413 : 1]
 67:2107613['user5212049741018955207' @ 5233 : 1 .. 'user5623208460573458061' @ 4765 : 1]
 68:2107496['user5623768421085598509' @ 6064 : 1 .. 'user6131835534764733457' @ 4229 : 1]
 69:2107420['user6132395495276873905' @ 5110 : 1 .. 'user6533061929768560501' @ 3508 : 1]
 70:2107414['user65420917376365171' @ 3918 : 1 .. 'user7021699452955273394' @ 6015 : 1]
 71:2107611['user7030293541263826425' @ 5829 : 1 .. 'user7488014169774230992' @ 3403 : 1]
 72:1895765['user7488232484992072875' @ 4916 : 1 .. 'user7891251846139834360' @ 4796 : 1]
 73:2107521['user7900965855472668287' @ 4966 : 1 .. 'user8384575551345814934' @ 3899 : 1]
 74:2107482['user8384917196640113499' @ 2579 : 1 .. 'user8794955995170335457' @ 5853 : 1]
 75:2107295['user8795515955682475905' @ 5104 : 1 .. 'user979960568590735292' @ 3463 : 1]
 76:121025['user982748553855739746' @ 5015 : 1 .. 'user997378877721381023' @ 3797 : 1]
--- level 2 ---
 36:2107527['user1000385178204227360' @ 6 : 1 .. 'user1715321609418666813' @ 1633 : 1]
 45:2107432['user1715539924636508696' @ 2150 : 1 .. 'user2419424110275991443' @ 2320 : 1]
 46:2107346['user2422430410758837780' @ 1503 : 1 .. 'user3111914405046218919' @ 615 : 1]
 47:2107429['user3112132720264060802' @ 104 : 1 .. 'user3832315294009908384' @ 2078 : 1]
 48:2107491['user3835881555004895169' @ 1024 : 1 .. 'user4515091579447301933' @ 169 : 1]
 49:2107419['user4515651539959442381' @ 922 : 1 .. 'user5219194080304626563' @ 398 : 1]
 50:2107468['user5223101986593911913' @ 1398 : 1 .. 'user5911684375074854039' @ 2219 : 1]
 51:2107281['user5912804296099134935' @ 713 : 1 .. 'user6525357629970748697' @ 1972 : 1]
 52:2107377['user6525917590482889145' @ 67 : 1 .. 'user7230580051852354223' @ 1081 : 1]
 53:2107438['user7230798367070196106' @ 1614 : 1 .. 'user789388067335041421' @ 1243 : 1]
 54:2107349['user7908110194758339643' @ 1689 : 1 .. 'user8637323487248424022' @ 309 : 1]
 55:2046806['user8637665132542722587' @ 97 : 1 .. 'user996258956697100127' @ 1207 : 1]
--- level 3 ---
--- level 4 ---
--- level 5 ---
--- level 6 ---

